2024-06-17 02:52:41.887 WARN Main : WARN
2024-06-17 02:52:41.892 ERROR Main : ERROR
2024-06-17 02:52:41.894 FATAL Main : FATAL
2024-06-17 02:52:41.898 INFO osc.OscSynced : creating synced value for /linkConnected
2024-06-17 02:52:41.900 INFO osc.OscSynced : creating synced value for /peers
2024-06-17 02:52:41.900 INFO osc.OscSynced : creating synced value for /bpm
2024-06-17 02:52:41.907 WARN Main : waiting for link to connect
2024-06-17 02:52:42.016 INFO Link : connecting to ableton link...
2024-06-17 02:52:42.465 INFO osc.OscSynced : creating synced value for /composition/groups/1/video/effects/motionextraction/bypassed
2024-06-17 02:52:42.465 INFO osc.OscSynced : creating synced value for /composition/groups/1/video/effects/motionextraction/effect/delay
2024-06-17 02:52:42.465 INFO osc.OscSynced : creating synced value for /resolume/1/motion_extraction/enabled
2024-06-17 02:52:42.465 INFO osc.OscSynced : creating synced value for /composition/groups/1/video/effects/automask/bypassed
2024-06-17 02:52:42.469 INFO osc.OscSynced : creating synced value for /resolume/1/motion_extraction/delay
2024-06-17 02:52:42.472 INFO osc.OscSynced : creating synced value for /resolume/1/auto_mask
2024-06-17 02:52:42.478 INFO osc.OscSynced : creating synced value for /composition/groups/2/video/effects/motionextraction/bypassed
2024-06-17 02:52:42.479 INFO osc.OscSynced : creating synced value for /composition/groups/2/video/effects/motionextraction/effect/delay
2024-06-17 02:52:42.479 INFO osc.OscSynced : creating synced value for /composition/groups/2/video/effects/automask/bypassed
2024-06-17 02:52:42.479 INFO osc.OscSynced : creating synced value for /resolume/2/motion_extraction/enabled
2024-06-17 02:52:42.479 INFO osc.OscSynced : creating synced value for /resolume/2/motion_extraction/delay
2024-06-17 02:52:42.479 INFO osc.OscSynced : creating synced value for /resolume/2/auto_mask
2024-06-17 02:52:42.479 INFO osc.OscSynced : creating synced value for /composition/groups/3/video/effects/motionextraction/bypassed
2024-06-17 02:52:42.479 INFO osc.OscSynced : creating synced value for /composition/groups/3/video/effects/motionextraction/effect/delay
2024-06-17 02:52:42.480 INFO osc.OscSynced : creating synced value for /composition/groups/3/video/effects/automask/bypassed
2024-06-17 02:52:42.480 INFO osc.OscSynced : creating synced value for /resolume/3/motion_extraction/enabled
2024-06-17 02:52:42.480 INFO osc.OscSynced : creating synced value for /resolume/3/motion_extraction/delay
2024-06-17 02:52:42.480 INFO osc.OscSynced : creating synced value for /resolume/3/auto_mask
2024-06-17 02:52:42.480 INFO osc.OscSynced : creating synced value for /composition/groups/4/video/effects/motionextraction/bypassed
2024-06-17 02:52:42.480 INFO osc.OscSynced : creating synced value for /composition/groups/4/video/effects/motionextraction/effect/delay
2024-06-17 02:52:42.480 INFO osc.OscSynced : creating synced value for /composition/groups/4/video/effects/automask/bypassed
2024-06-17 02:52:42.480 INFO osc.OscSynced : creating synced value for /resolume/4/motion_extraction/enabled
2024-06-17 02:52:42.480 INFO osc.OscSynced : creating synced value for /resolume/4/motion_extraction/delay
2024-06-17 02:52:42.481 INFO osc.OscSynced : creating synced value for /resolume/4/auto_mask
2024-06-17 02:52:42.534 INFO osc.OSCUtil : creating buttons for group 1 layer 1 (1)
2024-06-17 02:52:42.536 INFO osc.OscSynced : creating synced value for /composition/layers/1/connectspecificclip
2024-06-17 02:52:42.539 INFO osc.OSCUtil : creating buttons for group 1 layer 2 (2)
2024-06-17 02:52:42.539 INFO osc.OscSynced : creating synced value for /composition/layers/2/connectspecificclip
2024-06-17 02:52:42.540 INFO osc.OscSynced : creating synced value for /composition/layers/3/connectspecificclip
2024-06-17 02:52:42.540 INFO osc.OSCUtil : creating buttons for group 1 layer 3 (3)
2024-06-17 02:52:42.540 INFO osc.OSCUtil : creating buttons for group 2 layer 1 (4)
2024-06-17 02:52:42.540 INFO osc.OSCUtil : resolume group 1 layer 3 connectSpecificClip index -1
2024-06-17 02:52:42.540 INFO osc.OscSynced : creating synced value for /composition/layers/4/connectspecificclip
2024-06-17 02:52:42.540 INFO osc.OSCUtil : resolume group 1 layer 2 connectSpecificClip index -1
2024-06-17 02:52:42.540 INFO osc.OSCUtil : creating buttons for group 2 layer 2 (5)
2024-06-17 02:52:42.540 INFO osc.OSCUtil : resolume group 2 layer 1 connectSpecificClip index -1
2024-06-17 02:52:42.540 INFO osc.OSCUtil : resolume group 1 layer 1 connectSpecificClip index -1
2024-06-17 02:52:42.540 INFO osc.OscSynced : creating synced value for /composition/layers/5/connectspecificclip
2024-06-17 02:52:42.541 INFO osc.OSCUtil : resolume group 2 layer 2 connectSpecificClip index -1
2024-06-17 02:52:42.541 INFO osc.OSCUtil : creating buttons for group 2 layer 3 (6)
2024-06-17 02:52:42.541 INFO osc.OscSynced : creating synced value for /composition/layers/6/connectspecificclip
2024-06-17 02:52:42.541 INFO osc.OSCUtil : creating buttons for group 3 layer 1 (7)
2024-06-17 02:52:42.541 INFO osc.OSCUtil : resolume group 2 layer 3 connectSpecificClip index -1
2024-06-17 02:52:42.542 INFO osc.OSCUtil : resolume group 3 layer 1 connectSpecificClip index -1
2024-06-17 02:52:42.541 INFO osc.OscSynced : creating synced value for /composition/layers/7/connectspecificclip
2024-06-17 02:52:42.542 INFO osc.OscSynced : creating synced value for /composition/layers/8/connectspecificclip
2024-06-17 02:52:42.542 INFO osc.OSCUtil : creating buttons for group 3 layer 2 (8)
2024-06-17 02:52:42.542 INFO osc.OSCUtil : creating buttons for group 3 layer 3 (9)
2024-06-17 02:52:42.542 INFO osc.OscSynced : creating synced value for /composition/layers/9/connectspecificclip
2024-06-17 02:52:42.542 INFO osc.OSCUtil : resolume group 3 layer 3 connectSpecificClip index -1
2024-06-17 02:52:42.542 INFO osc.OSCUtil : resolume group 3 layer 2 connectSpecificClip index -1
2024-06-17 02:52:42.542 INFO osc.OSCUtil : creating buttons for group 4 layer 1 (10)
2024-06-17 02:52:42.542 INFO osc.OscSynced : creating synced value for /composition/layers/10/connectspecificclip
2024-06-17 02:52:42.542 INFO osc.OSCUtil : creating buttons for group 4 layer 2 (11)
2024-06-17 02:52:42.542 INFO osc.OscSynced : creating synced value for /composition/layers/11/connectspecificclip
2024-06-17 02:52:42.543 INFO osc.OSCUtil : resolume group 4 layer 1 connectSpecificClip index -1
2024-06-17 02:52:42.543 INFO osc.OSCUtil : creating buttons for group 4 layer 3 (12)
2024-06-17 02:52:42.543 INFO osc.OSCUtil : resolume group 4 layer 2 connectSpecificClip index -1
2024-06-17 02:52:42.543 INFO osc.OscSynced : creating synced value for /composition/layers/12/connectspecificclip
2024-06-17 02:52:42.543 INFO osc.OSCUtil : creating buttons for group 5 layer 1 (13)
2024-06-17 02:52:42.543 INFO osc.OSCUtil : resolume group 4 layer 3 connectSpecificClip index -1
2024-06-17 02:52:42.543 INFO osc.OscSynced : creating synced value for /composition/layers/13/connectspecificclip
2024-06-17 02:52:42.543 INFO osc.OscSynced : creating synced value for /composition/layers/14/connectspecificclip
2024-06-17 02:52:42.543 INFO osc.OSCUtil : creating buttons for group 5 layer 2 (14)
2024-06-17 02:52:42.543 INFO osc.OSCUtil : creating buttons for group 5 layer 3 (15)
2024-06-17 02:52:42.543 INFO osc.OscSynced : creating synced value for /composition/layers/15/connectspecificclip
2024-06-17 02:52:42.543 INFO osc.OSCUtil : creating buttons for group 5 layer 4 (16)
2024-06-17 02:52:42.543 INFO osc.OscSynced : creating synced value for /composition/layers/16/connectspecificclip
2024-06-17 02:52:42.543 INFO osc.OSCUtil : resolume group 5 layer 1 connectSpecificClip index -1
2024-06-17 02:52:42.543 INFO osc.OscSynced : creating synced value for /composition/layers/17/connectspecificclip
2024-06-17 02:52:42.543 INFO osc.OSCUtil : resolume group 5 layer 2 connectSpecificClip index -1
2024-06-17 02:52:42.543 INFO osc.OSCUtil : creating buttons for group 5 layer 5 (17)
2024-06-17 02:52:42.544 INFO osc.OscSynced : creating synced value for /composition/layers/18/connectspecificclip
2024-06-17 02:52:42.543 INFO osc.OSCUtil : creating buttons for group 6 layer 1 (18)
2024-06-17 02:52:42.544 INFO osc.OSCUtil : creating buttons for group 6 layer 2 (19)
2024-06-17 02:52:42.544 INFO osc.OscSynced : creating synced value for /composition/layers/19/connectspecificclip
2024-06-17 02:52:42.544 INFO osc.OSCUtil : creating buttons for group 6 layer 3 (20)
2024-06-17 02:52:42.544 INFO osc.OscSynced : creating synced value for /composition/layers/20/connectspecificclip
2024-06-17 02:52:42.544 INFO osc.OSCUtil : creating buttons for group 6 layer 4 (21)
2024-06-17 02:52:42.544 INFO osc.OscSynced : creating synced value for /composition/layers/21/connectspecificclip
2024-06-17 02:52:42.544 INFO osc.OSCUtil : creating buttons for group 6 layer 5 (22)
2024-06-17 02:52:42.544 INFO osc.OscSynced : creating synced value for /composition/layers/22/connectspecificclip
2024-06-17 02:52:42.545 INFO osc.OscSynced : creating synced value for /composition/layers/23/connectspecificclip
2024-06-17 02:52:42.545 INFO osc.OSCUtil : creating buttons for group 6 layer 6 (23)
2024-06-17 02:52:42.545 INFO osc.OSCUtil : creating buttons for group 6 layer 7 (24)
2024-06-17 02:52:42.545 INFO osc.OscSynced : creating synced value for /composition/layers/24/connectspecificclip
2024-06-17 02:52:42.545 INFO osc.OSCUtil : creating buttons for group 6 layer 8 (25)
2024-06-17 02:52:42.545 INFO osc.OscSynced : creating synced value for /composition/layers/25/connectspecificclip
2024-06-17 02:52:42.546 INFO osc.OSCUtil : creating buttons for group 6 layer 9 (26)
2024-06-17 02:52:42.546 INFO osc.OscSynced : creating synced value for /composition/layers/26/connectspecificclip
2024-06-17 02:52:42.546 INFO osc.OSCUtil : creating buttons for group 7 layer 1 (27)
2024-06-17 02:52:42.546 INFO osc.OscSynced : creating synced value for /composition/layers/27/connectspecificclip
2024-06-17 02:52:42.548 INFO osc.OSCUtil : resolume group 5 layer 3 connectSpecificClip index -1
2024-06-17 02:52:42.563 INFO osc.OSCUtil : resolume group 5 layer 2 changed to null
2024-06-17 02:52:42.563 INFO osc.OSCUtil : resolume group 5 layer 3 changed to null
2024-06-17 02:52:42.563 INFO osc.OSCUtil : resolume group 4 layer 3 changed to null
2024-06-17 02:52:42.563 INFO osc.OSCUtil : resolume group 4 layer 1 changed to null
2024-06-17 02:52:42.563 INFO osc.OSCUtil : resolume group 5 layer 1 changed to null
2024-06-17 02:52:42.563 INFO osc.OSCUtil : resolume group 5 layer 5 changed to null
2024-06-17 02:52:42.563 INFO osc.OSCUtil : resolume group 5 layer 5 connectSpecificClip index -1
2024-06-17 02:52:42.563 INFO osc.OSCUtil : resolume group 5 layer 4 connectSpecificClip index -1
2024-06-17 02:52:42.563 INFO osc.OSCUtil : resolume group 2 layer 1 changed to null
2024-06-17 02:52:42.563 INFO osc.OSCUtil : resolume group 6 layer 1 changed to null
2024-06-17 02:52:42.563 INFO osc.OSCUtil : resolume group 6 layer 1 connectSpecificClip index -1
2024-06-17 02:52:42.563 INFO osc.OSCUtil : resolume group 6 layer 2 connectSpecificClip index -1
2024-06-17 02:52:42.563 INFO osc.OSCUtil : resolume group 6 layer 2 changed to null
2024-06-17 02:52:42.563 INFO osc.OSCUtil : resolume group 6 layer 3 changed to null
2024-06-17 02:52:42.563 INFO osc.OSCUtil : resolume group 6 layer 3 connectSpecificClip index -1
2024-06-17 02:52:42.564 INFO osc.OSCUtil : resolume group 6 layer 6 changed to null
2024-06-17 02:52:42.563 INFO osc.OSCUtil : resolume group 6 layer 4 changed to null
2024-06-17 02:52:42.564 INFO osc.OSCUtil : resolume group 6 layer 6 connectSpecificClip index -1
2024-06-17 02:52:42.564 INFO osc.OSCUtil : resolume group 6 layer 5 changed to null
2024-06-17 02:52:42.564 INFO osc.OSCUtil : resolume group 6 layer 7 connectSpecificClip index -1
2024-06-17 02:52:42.564 INFO osc.OSCUtil : resolume group 6 layer 4 connectSpecificClip index -1
2024-06-17 02:52:42.564 INFO osc.OSCUtil : resolume group 6 layer 5 connectSpecificClip index -1
2024-06-17 02:52:42.564 INFO osc.OSCUtil : resolume group 6 layer 8 connectSpecificClip index -1
2024-06-17 02:52:42.564 INFO osc.OSCUtil : resolume group 6 layer 9 changed to null
2024-06-17 02:52:42.564 INFO osc.OSCUtil : resolume group 6 layer 9 connectSpecificClip index -1
2024-06-17 02:52:42.564 INFO osc.OSCUtil : resolume group 7 layer 1 changed to null
2024-06-17 02:52:42.564 INFO osc.OSCUtil : resolume group 7 layer 1 connectSpecificClip index -1
2024-06-17 02:52:42.564 INFO osc.OSCUtil : resolume group 6 layer 8 changed to null
2024-06-17 02:52:42.564 INFO osc.OSCUtil : resolume group 4 layer 2 changed to null
2024-06-17 02:52:42.564 INFO osc.OSCUtil : resolume group 6 layer 7 changed to null
2024-06-17 02:52:42.564 INFO osc.OSCUtil : resolume group 3 layer 3 changed to null
2024-06-17 02:52:42.564 INFO osc.OSCUtil : resolume group 1 layer 1 changed to null
2024-06-17 02:52:42.564 INFO osc.OSCUtil : resolume group 3 layer 1 changed to null
2024-06-17 02:52:42.565 INFO osc.OSCUtil : resolume group 2 layer 3 changed to null
2024-06-17 02:52:42.567 INFO osc.OSCUtil : resolume group 5 layer 4 changed to null
2024-06-17 02:52:42.567 INFO osc.OSCUtil : resolume group 2 layer 2 changed to null
2024-06-17 02:52:42.573 INFO osc.OSCUtil : resolume group 1 layer 2 changed to null
2024-06-17 02:52:42.574 INFO osc.OSCUtil : resolume group 3 layer 2 changed to null
2024-06-17 02:52:42.575 INFO osc.OSCUtil : resolume group 1 layer 3 changed to null
2024-06-17 02:52:42.583 INFO osc.OSCUtil : {}
2024-06-17 02:52:43.548 INFO osc.OscSynced : creating synced value for /beats
2024-06-17 02:52:43.549 INFO osc.OscSynced : creating synced value for /beatProgress
2024-06-17 02:52:43.549 INFO osc.OscSynced : creating synced value for /bpmRounded
2024-06-17 02:52:43.562 INFO nestdrop.loadQueuesKt : loading queues from C:\Users\nikky\VJ\NestDropProV2\DefaultUserProfile.xml
2024-06-17 02:52:45.125 INFO Config : loaded Config(beats=64, deck1=DeckConfig(triggerTime=0.75, transitionTime=1.0, presetQueue=PresetQueue(index=12, name=better_nested, autoChange=true, toggles=[]), preset=Preset(autoChange=true), sprite=Sprite(autoChange=false, index=-1, name=unset, toggles=[]), spriteQueue=SpriteQueue(index=0, name=sprites_fg), spoutQueue=SpoutQueue(index=1, name=spout_fg), spout=Spout(index=-1, label=unset), spriteFX=SpriteFX(autoChange=false, blendMode=false, index=0, toggles=[]), bpmSync=BpmSync(enabled=false, multiplier=4), strobe=Strobe(enabled=false)), deck2=DeckConfig(triggerTime=0.25, transitionTime=1.0, presetQueue=PresetQueue(index=6, name=fill_color_calm, autoChange=true, toggles=[]), preset=Preset(autoChange=true), sprite=Sprite(autoChange=false, index=0, name=transpower.png, toggles=[]), spriteQueue=SpriteQueue(index=0, name=sprites_bg), spoutQueue=SpoutQueue(index=1, name=spout_bg), spout=Spout(index=-1, label=unset), spriteFX=SpriteFX(autoChange=false, blendMode=false, index=0, toggles=[]), bpmSync=BpmSync(enabled=false, multiplier=4), strobe=Strobe(enabled=false)))
2024-06-17 02:52:45.130 INFO nestcontrol.deck.DeckConfigKt : loading presets from queue
2024-06-17 02:52:45.133 INFO nestcontrol.deck.DeckConfigKt : loaded deck1 [Preset(index=0, name=transpower.png, effects=84, overlay=false), Preset(index=1, name=estrogen.png, effects=52, overlay=false), Preset(index=2, name=lsd.jpg, effects=52, overlay=false), Preset(index=3, name=psilocybin.jpg, effects=52, overlay=false), Preset(index=4, name=NEST LOGO_4K.jpg, effects=54, overlay=false), Preset(index=5, name=impossible-161955.png, effects=56, overlay=false), Preset(index=6, name=glowing cat.jpg, effects=94, overlay=false), Preset(index=7, name=red eyes.jpg, effects=52, overlay=false), Preset(index=8, name=Recursion Hexagon - Jason Fletcher.png, effects=84, overlay=false), Preset(index=9, name=radiation-646212.png, effects=54, overlay=false), Preset(index=10, name=biohazard-148696.png, effects=52, overlay=false), Preset(index=11, name=under-construction-2408062.png, effects=52, overlay=false), Preset(index=12, name=warning-44458.png, effects=52, overlay=false), Preset(index=13, name=nezulie-icon.png, effects=54, overlay=false), Preset(index=14, name=nezulie-N.png, effects=50, overlay=false), Preset(index=15, name=nezulie-E.png, effects=52, overlay=false), Preset(index=16, name=nezulie-Z.png, effects=94, overlay=false), Preset(index=17, name=nezulie-U.png, effects=52, overlay=false), Preset(index=18, name=nezulie-L.png, effects=95, overlay=false), Preset(index=19, name=chaosdorf_green.png, effects=96, overlay=false), Preset(index=20, name=chaosdorf_monochrome.png, effects=0, overlay=false), Preset(index=21, name=nik_the_dusky.png, effects=56, overlay=false), Preset(index=22, name=tinybrainplayzX4.png, effects=50, overlay=true)]
2024-06-17 02:52:45.135 INFO nestcontrol.deck.DeckConfigKt : loading presets from queue
2024-06-17 02:52:45.135 INFO nestcontrol.deck.DeckConfigKt : loading presets from queue
2024-06-17 02:52:45.136 INFO nestcontrol.deck.DeckConfigKt : loaded deck2 [Preset(index=0, name=transpower.png, effects=94, overlay=false), Preset(index=1, name=estrogen.png, effects=50, overlay=false), Preset(index=2, name=lsd.jpg, effects=50, overlay=false), Preset(index=3, name=psilocybin.jpg, effects=52, overlay=false), Preset(index=4, name=NEST LOGO_4K.jpg, effects=50, overlay=false), Preset(index=5, name=impossible-161955.png, effects=54, overlay=false), Preset(index=6, name=glowing cat.jpg, effects=54, overlay=false), Preset(index=7, name=red eyes.jpg, effects=52, overlay=false), Preset(index=8, name=Recursion Hexagon - Jason Fletcher.png, effects=32, overlay=false), Preset(index=9, name=radiation-646212.png, effects=94, overlay=false), Preset(index=10, name=biohazard-148696.png, effects=94, overlay=false), Preset(index=11, name=under-construction-2408062.png, effects=52, overlay=false), Preset(index=12, name=warning-44458.png, effects=50, overlay=false), Preset(index=13, name=nezulie-icon.png, effects=56, overlay=false), Preset(index=14, name=nezulie-N.png, effects=95, overlay=false), Preset(index=15, name=nezulie-E.png, effects=95, overlay=false), Preset(index=16, name=nezulie-Z.png, effects=52, overlay=false), Preset(index=17, name=nezulie-U.png, effects=95, overlay=false), Preset(index=18, name=nezulie-L.png, effects=52, overlay=false), Preset(index=19, name=chaosdorf_green.png, effects=50, overlay=false), Preset(index=20, name=chaosdorf_monochrome.png, effects=0, overlay=false), Preset(index=21, name=nik_the_dusky.png, effects=50, overlay=false), Preset(index=22, name=tinybrainplayzX4.png, effects=54, overlay=false)]
2024-06-17 02:52:45.136 INFO nestcontrol.deck.DeckConfigKt : loading presets from queue
2024-06-17 02:52:45.637 INFO nestdrop.deck.PresetQueues : initializing preset queues
2024-06-17 02:52:45.638 INFO nestdrop.deck.PresetQueues : queues updated
2024-06-17 02:52:45.641 INFO nestdrop.deck.Deck : initializing deck1
2024-06-17 02:52:45.641 INFO nestdrop.deck.PresetQueues : combining queues with deck switches
2024-06-17 02:52:45.642 INFO nestdrop.deck.PresetQueues : queues updated
2024-06-17 02:52:45.642 INFO nestdrop.deck.PresetQueues : combining queues with deck switches
2024-06-17 02:52:45.642 INFO nestdrop.deck.PresetQueues : queues updated
2024-06-17 02:52:45.642 INFO nestdrop.deck.PresetQueues : combining queues with deck switches
2024-06-17 02:52:45.642 INFO nestdrop.deck.PresetQueues : queues updated
2024-06-17 02:52:45.642 INFO nestdrop.deck.PresetQueues : combining queues with deck switches
2024-06-17 02:52:45.643 INFO nestdrop.deck.PresetQueues : combining queues with deck switches
2024-06-17 02:52:45.643 INFO nestdrop.deck.PresetQueues : queues updated
2024-06-17 02:52:45.642 INFO nestdrop.deck.PresetQueues : queues updated
2024-06-17 02:52:45.644 INFO nestdrop.deck.PresetQueues : combining queues with deck switches
2024-06-17 02:52:45.644 INFO nestdrop.deck.PresetQueues : queues updated
2024-06-17 02:52:45.644 INFO nestdrop.deck.PresetQueues : queues updated
2024-06-17 02:52:45.644 INFO nestdrop.deck.PresetQueues : combining queues with deck switches
2024-06-17 02:52:45.644 INFO nestdrop.deck.PresetQueues : combining queues with deck switches
2024-06-17 02:52:45.644 INFO nestdrop.deck.PresetQueues : queues updated
2024-06-17 02:52:45.664 INFO nestdrop.deck.Deck : initializing deck1 preset queue
2024-06-17 02:52:45.670 INFO nestdrop.deck.Deck : initializing deck1 preset
2024-06-17 02:52:45.670 INFO nestdrop.deck.Deck : deck1 queue: better_nested
2024-06-17 02:52:45.672 INFO nestdrop.deck.Deck : initializing deck1 sprite queues
2024-06-17 02:52:45.674 INFO nestdrop.deck.Deck : initializing deck1 sprite queue
2024-06-17 02:52:45.678 INFO nestdrop.deck.Deck : initializing deck1 sprite
2024-06-17 02:52:45.683 INFO nestdrop.deck.Deck : initializing deck1 sprite fx
2024-06-17 02:52:45.687 INFO nestdrop.deck.Deck : initializing deck1 spout queue
2024-06-17 02:52:45.687 INFO nestdrop.deck.Deck : setting deck1 FX to 0
2024-06-17 02:52:45.690 INFO nestdrop.deck.Deck : initializing deck1 spout
2024-06-17 02:52:45.691 INFO nestdrop.deck.Deck : deck1 spout name null
2024-06-17 02:52:45.692 INFO nestdrop.deck.Deck : initializing deck2
2024-06-17 02:52:45.692 INFO nestdrop.deck.Deck : deck2 queue: null
2024-06-17 02:52:45.692 INFO nestdrop.deck.Deck : initializing deck2 preset queue
2024-06-17 02:52:45.692 INFO nestdrop.deck.Deck : initializing deck2 preset
2024-06-17 02:52:45.692 INFO nestdrop.deck.Deck : initializing deck2 sprite queues
2024-06-17 02:52:45.692 INFO nestdrop.deck.Deck : initializing deck2 sprite queue
2024-06-17 02:52:45.692 INFO nestdrop.deck.Deck : deck2 queue: fill_color_calm
2024-06-17 02:52:45.692 INFO nestdrop.deck.Deck : initializing deck2 sprite
2024-06-17 02:52:45.693 INFO nestdrop.deck.Deck : initializing deck2 sprite fx
2024-06-17 02:52:45.693 INFO nestdrop.deck.Deck : initializing deck2 spout queue
2024-06-17 02:52:45.693 INFO nestdrop.deck.Deck : initializing deck2 spout
2024-06-17 02:52:45.693 INFO nestdrop.deck.Deck : deck2 spout name null
2024-06-17 02:52:45.693 INFO nestdrop.deck.Deck : setting deck2 FX to 0
2024-06-17 02:52:45.695 INFO nestdrop.deck.Deck : spout sync triggered
2024-06-17 02:52:45.695 INFO nestdrop.deck.Deck : spout sync triggered
2024-06-17 02:52:45.695 INFO nestdrop.deck.Deck : deck1 spout index changed: -1
2024-06-17 02:52:45.696 INFO nestdrop.deck.Deck : deck2 spout queue changed: spout_bg
2024-06-17 02:52:45.696 INFO nestdrop.deck.Deck : deck1 spout queue changed: spout_fg
2024-06-17 02:52:45.696 INFO nestdrop.deck.Deck : deck2 spout index changed: -1
2024-06-17 02:52:45.698 INFO nestdrop.deck.loadDeckSettingsKt : loading settings from deck1
2024-06-17 02:52:45.781 INFO nestdrop.deck.loadDeckSettingsKt : DeckSettings(deckPanelsIsOpen=StringValue(value=1,1,0,0,0,1), transitTime=FloatValue(value=3.6), fps=IntValue(value=30), animationSpeed=FloatValue(value=0.5431015), zoomSpeed=FloatValue(value=0.9), ZoomExp=FloatValue(value=1.0), rotationSpeed=FloatValue(value=0.9), wrapSpeed=FloatValue(value=0.8), horizontalMotion=FloatValue(value=0.0), verticalMotion=FloatValue(value=0.0), stretchSpeed=FloatValue(value=1.0), waveMode=FloatValue(value=1.0), negative=FloatValue(value=0.0), red=FloatValue(value=1.0), green=FloatValue(value=1.0), blue=FloatValue(value=1.0), brightness=FloatValue(value=1.0), contrast=FloatValue(value=1.0), gamma=FloatValue(value=1.0), hue=FloatValue(value=0.0), saturation=FloatValue(value=1.0), lumaKey=RangeValue(min=0.0, max=1.0), alpha=FloatValue(value=1.0), strobe=Strobe(effectIndex=14, color=4294967295, effectSpanMin=0.0, effectSpanMax=1.0, triggerIndex=0, speed=0.3, pulseWidth=1.0, waveFormIndex=2), audio=Audio(channel=3, bass=1.0, mid=1.0, treble=1.0), spout=Spout(width=1920, height=1080), videoDeck=VideoDeck(preview=4, topMost=false), outputMonitor=IntValue(value=0), ndi=BooleanValue(value=false))
2024-06-17 02:52:45.781 INFO nestdrop.deck.loadDeckSettingsKt : loading settings from deck2
2024-06-17 02:52:45.796 INFO nestdrop.deck.Deck : deck2 spout change: -1 in spout_bg
2024-06-17 02:52:45.797 INFO nestdrop.deck.Deck : deck1 spout change: -1 in spout_fg
2024-06-17 02:52:45.827 INFO nestdrop.deck.loadDeckSettingsKt : DeckSettings(deckPanelsIsOpen=StringValue(value=1,1,0,0,0,0), transitTime=FloatValue(value=3.2), fps=IntValue(value=30), animationSpeed=FloatValue(value=0.5431015), zoomSpeed=FloatValue(value=1.0), ZoomExp=FloatValue(value=1.0), rotationSpeed=FloatValue(value=1.0), wrapSpeed=FloatValue(value=1.0), horizontalMotion=FloatValue(value=0.0), verticalMotion=FloatValue(value=0.0), stretchSpeed=FloatValue(value=1.0), waveMode=FloatValue(value=0.0), negative=FloatValue(value=0.0), red=FloatValue(value=1.0), green=FloatValue(value=1.0), blue=FloatValue(value=1.0), brightness=FloatValue(value=1.0), contrast=FloatValue(value=1.0), gamma=FloatValue(value=1.0), hue=FloatValue(value=0.0), saturation=FloatValue(value=1.0), lumaKey=RangeValue(min=0.0, max=1.0), alpha=FloatValue(value=1.0), strobe=Strobe(effectIndex=14, color=4294967295, effectSpanMin=0.0, effectSpanMax=1.0, triggerIndex=0, speed=0.3, pulseWidth=1.0, waveFormIndex=2), audio=Audio(channel=3, bass=1.0, mid=1.0, treble=1.0), spout=Spout(width=1920, height=1080), videoDeck=VideoDeck(preview=4, topMost=false), outputMonitor=IntValue(value=0), ndi=BooleanValue(value=false))
2024-06-17 02:52:45.827 INFO Main : initializing OSC
2024-06-17 02:52:46.090 INFO Config : saving config Config(beats=64, deck1=DeckConfig(triggerTime=0.75, transitionTime=1.0, presetQueue=PresetQueue(index=12, name=better_nested, autoChange=true, toggles=[]), preset=Preset(autoChange=true), sprite=Sprite(autoChange=false, index=-1, name=unset, toggles=[]), spriteQueue=SpriteQueue(index=0, name=sprites_fg), spoutQueue=SpoutQueue(index=1, name=spout_fg), spout=Spout(index=-1, label=unset), spriteFX=SpriteFX(autoChange=false, blendMode=false, index=0, toggles=[]), bpmSync=BpmSync(enabled=false, multiplier=4), strobe=Strobe(enabled=false)), deck2=DeckConfig(triggerTime=0.25, transitionTime=1.0, presetQueue=PresetQueue(index=6, name=fill_color_calm, autoChange=true, toggles=[]), preset=Preset(autoChange=true), sprite=Sprite(autoChange=false, index=0, name=transpower.png, toggles=[]), spriteQueue=SpriteQueue(index=0, name=sprites_bg), spoutQueue=SpoutQueue(index=1, name=spout_bg), spout=Spout(index=-1, label=unset), spriteFX=SpriteFX(autoChange=false, blendMode=false, index=0, toggles=[]), bpmSync=BpmSync(enabled=false, multiplier=4), strobe=Strobe(enabled=false)))
2024-06-17 02:52:46.356 INFO Main : re-emitting all values
2024-06-17 02:52:46.359 INFO Main : await application
2024-06-17 02:52:51.410 INFO nestdrop.deck.Deck : triggered at 16.175584769566854, 16.0
2024-06-17 02:52:51.411 INFO nestdrop.deck.Deck : deck2.preset.next()
2024-06-17 02:52:51.411 INFO nestdrop.deck.Deck : deck2.presetQueue.next()
2024-06-17 02:52:51.412 INFO nestdrop.deck.Deck : switching fill_color_calm to 2 'Preset(index=2, name=$$$ Royal - Mashup (220).milk, effects=0, overlay=null)'
