2024-06-16 23:22:47.994 WARN Main : WARN
2024-06-16 23:22:48.001 ERROR Main : ERROR
2024-06-16 23:22:48.002 FATAL Main : FATAL
2024-06-16 23:22:48.006 INFO osc.OscSynced : creating synced value for /linkConnected
2024-06-16 23:22:48.009 INFO osc.OscSynced : creating synced value for /bpm
2024-06-16 23:22:48.009 INFO osc.OscSynced : creating synced value for /peers
2024-06-16 23:22:48.012 WARN Main : waiting for link to connect
2024-06-16 23:22:48.113 INFO Link : connecting to ableton link...
2024-06-16 23:22:48.565 INFO osc.OscSynced : creating synced value for /composition/groups/1/video/effects/motionextraction/bypassed
2024-06-16 23:22:48.565 INFO osc.OscSynced : creating synced value for /composition/groups/1/video/effects/motionextraction/effect/delay
2024-06-16 23:22:48.565 INFO osc.OscSynced : creating synced value for /composition/groups/1/video/effects/automask/bypassed
2024-06-16 23:22:48.567 INFO osc.OscSynced : creating synced value for /resolume/1/motion_extraction/enabled
2024-06-16 23:22:48.572 INFO osc.OscSynced : creating synced value for /resolume/1/motion_extraction/delay
2024-06-16 23:22:48.575 INFO osc.OscSynced : creating synced value for /resolume/1/auto_mask
2024-06-16 23:22:48.581 INFO osc.OscSynced : creating synced value for /composition/groups/2/video/effects/motionextraction/bypassed
2024-06-16 23:22:48.581 INFO osc.OscSynced : creating synced value for /composition/groups/2/video/effects/motionextraction/effect/delay
2024-06-16 23:22:48.581 INFO osc.OscSynced : creating synced value for /composition/groups/2/video/effects/automask/bypassed
2024-06-16 23:22:48.581 INFO osc.OscSynced : creating synced value for /resolume/2/motion_extraction/enabled
2024-06-16 23:22:48.582 INFO osc.OscSynced : creating synced value for /resolume/2/motion_extraction/delay
2024-06-16 23:22:48.582 INFO osc.OscSynced : creating synced value for /resolume/2/auto_mask
2024-06-16 23:22:48.582 INFO osc.OscSynced : creating synced value for /composition/groups/3/video/effects/motionextraction/bypassed
2024-06-16 23:22:48.582 INFO osc.OscSynced : creating synced value for /composition/groups/3/video/effects/motionextraction/effect/delay
2024-06-16 23:22:48.582 INFO osc.OscSynced : creating synced value for /composition/groups/3/video/effects/automask/bypassed
2024-06-16 23:22:48.582 INFO osc.OscSynced : creating synced value for /resolume/3/motion_extraction/enabled
2024-06-16 23:22:48.582 INFO osc.OscSynced : creating synced value for /resolume/3/motion_extraction/delay
2024-06-16 23:22:48.582 INFO osc.OscSynced : creating synced value for /resolume/3/auto_mask
2024-06-16 23:22:48.583 INFO osc.OscSynced : creating synced value for /composition/groups/4/video/effects/motionextraction/bypassed
2024-06-16 23:22:48.583 INFO osc.OscSynced : creating synced value for /composition/groups/4/video/effects/motionextraction/effect/delay
2024-06-16 23:22:48.583 INFO osc.OscSynced : creating synced value for /composition/groups/4/video/effects/automask/bypassed
2024-06-16 23:22:48.583 INFO osc.OscSynced : creating synced value for /resolume/4/motion_extraction/enabled
2024-06-16 23:22:48.583 INFO osc.OscSynced : creating synced value for /resolume/4/motion_extraction/delay
2024-06-16 23:22:48.584 INFO osc.OscSynced : creating synced value for /resolume/4/auto_mask
2024-06-16 23:22:48.628 INFO osc.OSCUtil : creating buttons for group 1 layer 1 (1)
2024-06-16 23:22:48.629 INFO osc.OscSynced : creating synced value for /composition/layers/1/connectspecificclip
2024-06-16 23:22:48.631 INFO osc.OSCUtil : creating buttons for group 1 layer 2 (2)
2024-06-16 23:22:48.631 INFO osc.OscSynced : creating synced value for /composition/layers/2/connectspecificclip
2024-06-16 23:22:48.631 INFO osc.OSCUtil : creating buttons for group 1 layer 3 (3)
2024-06-16 23:22:48.631 INFO osc.OscSynced : creating synced value for /composition/layers/3/connectspecificclip
2024-06-16 23:22:48.633 INFO osc.OscSynced : creating synced value for /composition/layers/5/connectspecificclip
2024-06-16 23:22:48.632 INFO osc.OSCUtil : creating buttons for group 2 layer 1 (4)
2024-06-16 23:22:48.632 INFO osc.OscSynced : creating synced value for /composition/layers/4/connectspecificclip
2024-06-16 23:22:48.633 INFO osc.OSCUtil : creating buttons for group 2 layer 2 (5)
2024-06-16 23:22:48.633 INFO osc.OSCUtil : creating buttons for group 2 layer 3 (6)
2024-06-16 23:22:48.633 INFO osc.OSCUtil : creating buttons for group 3 layer 1 (7)
2024-06-16 23:22:48.633 INFO osc.OscSynced : creating synced value for /composition/layers/6/connectspecificclip
2024-06-16 23:22:48.633 INFO osc.OscSynced : creating synced value for /composition/layers/7/connectspecificclip
2024-06-16 23:22:48.633 INFO osc.OSCUtil : creating buttons for group 3 layer 2 (8)
2024-06-16 23:22:48.633 INFO osc.OscSynced : creating synced value for /composition/layers/8/connectspecificclip
2024-06-16 23:22:48.633 INFO osc.OSCUtil : creating buttons for group 3 layer 3 (9)
2024-06-16 23:22:48.633 INFO osc.OscSynced : creating synced value for /composition/layers/9/connectspecificclip
2024-06-16 23:22:48.634 INFO osc.OSCUtil : creating buttons for group 4 layer 1 (10)
2024-06-16 23:22:48.634 INFO osc.OscSynced : creating synced value for /composition/layers/10/connectspecificclip
2024-06-16 23:22:48.634 INFO osc.OSCUtil : creating buttons for group 4 layer 2 (11)
2024-06-16 23:22:48.634 INFO osc.OscSynced : creating synced value for /composition/layers/11/connectspecificclip
2024-06-16 23:22:48.634 INFO osc.OscSynced : creating synced value for /composition/layers/12/connectspecificclip
2024-06-16 23:22:48.634 INFO osc.OSCUtil : creating buttons for group 4 layer 3 (12)
2024-06-16 23:22:48.634 INFO osc.OSCUtil : creating buttons for group 5 layer 1 (13)
2024-06-16 23:22:48.634 INFO osc.OscSynced : creating synced value for /composition/layers/13/connectspecificclip
2024-06-16 23:22:48.635 INFO osc.OSCUtil : creating buttons for group 5 layer 2 (14)
2024-06-16 23:22:48.635 INFO osc.OscSynced : creating synced value for /composition/layers/14/connectspecificclip
2024-06-16 23:22:48.635 INFO osc.OSCUtil : creating buttons for group 5 layer 3 (15)
2024-06-16 23:22:48.635 INFO osc.OscSynced : creating synced value for /composition/layers/15/connectspecificclip
2024-06-16 23:22:48.635 INFO osc.OSCUtil : creating buttons for group 5 layer 4 (16)
2024-06-16 23:22:48.635 INFO osc.OscSynced : creating synced value for /composition/layers/16/connectspecificclip
2024-06-16 23:22:48.635 INFO osc.OSCUtil : creating buttons for group 5 layer 5 (17)
2024-06-16 23:22:48.635 INFO osc.OscSynced : creating synced value for /composition/layers/17/connectspecificclip
2024-06-16 23:22:48.636 INFO osc.OSCUtil : creating buttons for group 6 layer 1 (18)
2024-06-16 23:22:48.636 INFO osc.OscSynced : creating synced value for /composition/layers/18/connectspecificclip
2024-06-16 23:22:48.636 INFO osc.OSCUtil : creating buttons for group 6 layer 2 (19)
2024-06-16 23:22:48.636 INFO osc.OscSynced : creating synced value for /composition/layers/19/connectspecificclip
2024-06-16 23:22:48.636 INFO osc.OSCUtil : creating buttons for group 6 layer 3 (20)
2024-06-16 23:22:48.636 INFO osc.OscSynced : creating synced value for /composition/layers/20/connectspecificclip
2024-06-16 23:22:48.636 INFO osc.OSCUtil : creating buttons for group 6 layer 4 (21)
2024-06-16 23:22:48.636 INFO osc.OscSynced : creating synced value for /composition/layers/21/connectspecificclip
2024-06-16 23:22:48.637 INFO osc.OSCUtil : creating buttons for group 6 layer 5 (22)
2024-06-16 23:22:48.637 INFO osc.OscSynced : creating synced value for /composition/layers/22/connectspecificclip
2024-06-16 23:22:48.637 INFO osc.OSCUtil : resolume group 3 layer 2 connectSpecificClip index -1
2024-06-16 23:22:48.637 INFO osc.OSCUtil : resolume group 3 layer 1 connectSpecificClip index -1
2024-06-16 23:22:48.637 INFO osc.OSCUtil : resolume group 2 layer 1 connectSpecificClip index -1
2024-06-16 23:22:48.637 INFO osc.OSCUtil : resolume group 2 layer 2 connectSpecificClip index -1
2024-06-16 23:22:48.637 INFO osc.OSCUtil : resolume group 2 layer 3 connectSpecificClip index -1
2024-06-16 23:22:48.637 INFO osc.OSCUtil : resolume group 3 layer 3 connectSpecificClip index -1
2024-06-16 23:22:48.637 INFO osc.OSCUtil : resolume group 4 layer 1 connectSpecificClip index -1
2024-06-16 23:22:48.637 INFO osc.OSCUtil : creating buttons for group 6 layer 6 (23)
2024-06-16 23:22:48.637 INFO osc.OSCUtil : resolume group 4 layer 2 connectSpecificClip index -1
2024-06-16 23:22:48.637 INFO osc.OscSynced : creating synced value for /composition/layers/23/connectspecificclip
2024-06-16 23:22:48.637 INFO osc.OSCUtil : creating buttons for group 6 layer 7 (24)
2024-06-16 23:22:48.637 INFO osc.OscSynced : creating synced value for /composition/layers/24/connectspecificclip
2024-06-16 23:22:48.637 INFO osc.OSCUtil : creating buttons for group 6 layer 8 (25)
2024-06-16 23:22:48.637 INFO osc.OscSynced : creating synced value for /composition/layers/25/connectspecificclip
2024-06-16 23:22:48.638 INFO osc.OSCUtil : creating buttons for group 6 layer 9 (26)
2024-06-16 23:22:48.638 INFO osc.OSCUtil : creating buttons for group 7 layer 1 (27)
2024-06-16 23:22:48.638 INFO osc.OscSynced : creating synced value for /composition/layers/27/connectspecificclip
2024-06-16 23:22:48.638 INFO osc.OscSynced : creating synced value for /composition/layers/26/connectspecificclip
2024-06-16 23:22:48.639 INFO osc.OSCUtil : resolume group 1 layer 1 connectSpecificClip index -1
2024-06-16 23:22:48.639 INFO osc.OSCUtil : resolume group 1 layer 3 connectSpecificClip index -1
2024-06-16 23:22:48.639 INFO osc.OSCUtil : resolume group 4 layer 3 connectSpecificClip index -1
2024-06-16 23:22:48.639 INFO osc.OSCUtil : resolume group 1 layer 2 connectSpecificClip index -1
2024-06-16 23:22:48.639 INFO osc.OSCUtil : resolume group 5 layer 1 connectSpecificClip index -1
2024-06-16 23:22:48.639 INFO osc.OSCUtil : resolume group 5 layer 2 connectSpecificClip index -1
2024-06-16 23:22:48.643 INFO osc.OSCUtil : resolume group 5 layer 3 connectSpecificClip index -1
2024-06-16 23:22:48.655 INFO osc.OSCUtil : resolume group 5 layer 1 changed to null
2024-06-16 23:22:48.655 INFO osc.OSCUtil : resolume group 3 layer 2 changed to null
2024-06-16 23:22:48.655 INFO osc.OSCUtil : resolume group 5 layer 3 changed to null
2024-06-16 23:22:48.656 INFO osc.OSCUtil : resolume group 3 layer 1 changed to null
2024-06-16 23:22:48.656 INFO osc.OSCUtil : resolume group 5 layer 4 connectSpecificClip index -1
2024-06-16 23:22:48.656 INFO osc.OSCUtil : resolume group 5 layer 5 changed to null
2024-06-16 23:22:48.656 INFO osc.OSCUtil : resolume group 5 layer 5 connectSpecificClip index -1
2024-06-16 23:22:48.656 INFO osc.OSCUtil : resolume group 2 layer 3 changed to null
2024-06-16 23:22:48.656 INFO osc.OSCUtil : resolume group 6 layer 1 changed to null
2024-06-16 23:22:48.656 INFO osc.OSCUtil : resolume group 1 layer 3 changed to null
2024-06-16 23:22:48.656 INFO osc.OSCUtil : resolume group 6 layer 1 connectSpecificClip index -1
2024-06-16 23:22:48.656 INFO osc.OSCUtil : resolume group 6 layer 2 connectSpecificClip index -1
2024-06-16 23:22:48.656 INFO osc.OSCUtil : resolume group 6 layer 2 changed to null
2024-06-16 23:22:48.656 INFO osc.OSCUtil : resolume group 6 layer 3 changed to null
2024-06-16 23:22:48.656 INFO osc.OSCUtil : resolume group 5 layer 4 changed to null
2024-06-16 23:22:48.656 INFO osc.OSCUtil : resolume group 4 layer 2 changed to null
2024-06-16 23:22:48.656 INFO osc.OSCUtil : resolume group 6 layer 4 changed to null
2024-06-16 23:22:48.656 INFO osc.OSCUtil : resolume group 6 layer 3 connectSpecificClip index -1
2024-06-16 23:22:48.656 INFO osc.OSCUtil : resolume group 6 layer 4 connectSpecificClip index -1
2024-06-16 23:22:48.656 INFO osc.OSCUtil : resolume group 6 layer 5 changed to null
2024-06-16 23:22:48.656 INFO osc.OSCUtil : resolume group 6 layer 5 connectSpecificClip index -1
2024-06-16 23:22:48.656 INFO osc.OSCUtil : resolume group 5 layer 2 changed to null
2024-06-16 23:22:48.656 INFO osc.OSCUtil : resolume group 6 layer 6 changed to null
2024-06-16 23:22:48.656 INFO osc.OSCUtil : resolume group 6 layer 7 changed to null
2024-06-16 23:22:48.656 INFO osc.OSCUtil : resolume group 6 layer 6 connectSpecificClip index -1
2024-06-16 23:22:48.656 INFO osc.OSCUtil : resolume group 6 layer 8 changed to null
2024-06-16 23:22:48.656 INFO osc.OSCUtil : resolume group 6 layer 7 connectSpecificClip index -1
2024-06-16 23:22:48.656 INFO osc.OSCUtil : resolume group 3 layer 3 changed to null
2024-06-16 23:22:48.656 INFO osc.OSCUtil : resolume group 6 layer 9 connectSpecificClip index -1
2024-06-16 23:22:48.656 INFO osc.OSCUtil : resolume group 6 layer 8 connectSpecificClip index -1
2024-06-16 23:22:48.656 INFO osc.OSCUtil : resolume group 7 layer 1 changed to null
2024-06-16 23:22:48.656 INFO osc.OSCUtil : resolume group 6 layer 9 changed to null
2024-06-16 23:22:48.656 INFO osc.OSCUtil : resolume group 7 layer 1 connectSpecificClip index -1
2024-06-16 23:22:48.656 INFO osc.OSCUtil : resolume group 1 layer 1 changed to null
2024-06-16 23:22:48.656 INFO osc.OSCUtil : resolume group 4 layer 1 changed to null
2024-06-16 23:22:48.656 INFO osc.OSCUtil : resolume group 2 layer 2 changed to null
2024-06-16 23:22:48.656 INFO osc.OSCUtil : resolume group 1 layer 2 changed to null
2024-06-16 23:22:48.667 INFO osc.OSCUtil : resolume group 4 layer 3 changed to null
2024-06-16 23:22:48.667 INFO osc.OSCUtil : resolume group 2 layer 1 changed to null
2024-06-16 23:22:48.678 INFO osc.OSCUtil : {}
2024-06-16 23:22:49.640 INFO osc.OscSynced : creating synced value for /beats
2024-06-16 23:22:49.641 INFO osc.OscSynced : creating synced value for /bpmRounded
2024-06-16 23:22:49.641 INFO osc.OscSynced : creating synced value for /beatProgress
2024-06-16 23:22:49.652 INFO nestdrop.loadQueuesKt : loading queues from C:\Users\nikky\VJ\NestDropProV2\DefaultUserProfile.xml
2024-06-16 23:22:51.113 INFO nestcontrol.deck.DeckConfigKt : preset queue: PresetQueue(index=-1, name=uninitialized, autoChange=false, toggles=[])
2024-06-16 23:22:51.113 INFO nestcontrol.deck.DeckConfigKt : preset queue: PresetQueue(index=-1, name=uninitialized, autoChange=false, toggles=[])
2024-06-16 23:22:51.120 INFO nestcontrol.deck.DeckConfigKt : config: DeckConfig(triggerTime=0.75, transitionTime=1.0, presetQueue=PresetQueue(index=-1, name=uninitialized, autoChange=false, toggles=[]), preset=Preset(autoChange=false), sprite=Sprite(autoChange=false, index=-1, name=null, toggles=[]), spriteQueue=SpriteQueue(index=-1, name=null), spoutQueue=SpoutQueue(index=-1, name=null), spout=Spout(index=-1, label=null), spriteFX=SpriteFX(autoChange=false, blendMode=false, index=-1, toggles=[]), bpmSync=BpmSync(enabled=false, multiplier=4), strobe=Strobe(enabled=false))
2024-06-16 23:22:51.120 INFO nestcontrol.deck.DeckConfigKt : config: DeckConfig(triggerTime=0.75, transitionTime=1.0, presetQueue=PresetQueue(index=-1, name=uninitialized, autoChange=false, toggles=[]), preset=Preset(autoChange=false), sprite=Sprite(autoChange=false, index=-1, name=null, toggles=[]), spriteQueue=SpriteQueue(index=-1, name=null), spoutQueue=SpoutQueue(index=-1, name=null), spout=Spout(index=-1, label=null), spriteFX=SpriteFX(autoChange=false, blendMode=false, index=-1, toggles=[]), bpmSync=BpmSync(enabled=false, multiplier=4), strobe=Strobe(enabled=false))
2024-06-16 23:22:51.121 INFO Config : loaded Config(beats=64, deck1=DeckConfig(triggerTime=0.75, transitionTime=5.0, presetQueue=PresetQueue(index=-1, name=null, autoChange=false, toggles=[]), preset=Preset(autoChange=false), sprite=Sprite(autoChange=false, index=-1, name=null, toggles=[]), spriteQueue=SpriteQueue(index=-1, name=null), spoutQueue=SpoutQueue(index=-1, name=null), spout=Spout(index=-1, label=null), spriteFX=SpriteFX(autoChange=false, blendMode=false, index=-1, toggles=[]), bpmSync=BpmSync(enabled=false, multiplier=4), strobe=Strobe(enabled=false)), deck2=DeckConfig(triggerTime=0.25, transitionTime=5.0, presetQueue=PresetQueue(index=-1, name=null, autoChange=false, toggles=[]), preset=Preset(autoChange=false), sprite=Sprite(autoChange=false, index=-1, name=null, toggles=[]), spriteQueue=SpriteQueue(index=-1, name=null), spoutQueue=SpoutQueue(index=-1, name=null), spout=Spout(index=-1, label=null), spriteFX=SpriteFX(autoChange=false, blendMode=false, index=-1, toggles=[]), bpmSync=BpmSync(enabled=false, multiplier=4), strobe=Strobe(enabled=false)))
2024-06-16 23:22:51.123 INFO nestcontrol.deck.DeckConfigKt : preset = Preset(autoChange=false)
2024-06-16 23:22:51.123 INFO nestcontrol.deck.DeckConfigKt : preset = Preset(autoChange=false)
2024-06-16 23:22:51.163 INFO nestcontrol.deck.DeckConfigKt : loading presets from queue
2024-06-16 23:22:51.163 INFO nestcontrol.deck.DeckConfigKt : loaded deck1 []
2024-06-16 23:22:51.168 INFO nestcontrol.deck.DeckConfigKt : loading presets from queue
2024-06-16 23:22:51.169 INFO nestcontrol.deck.DeckConfigKt : config: DeckConfig(triggerTime=0.25, transitionTime=1.0, presetQueue=PresetQueue(index=-1, name=uninitialized, autoChange=false, toggles=[]), preset=Preset(autoChange=false), sprite=Sprite(autoChange=false, index=-1, name=null, toggles=[]), spriteQueue=SpriteQueue(index=-1, name=null), spoutQueue=SpoutQueue(index=-1, name=null), spout=Spout(index=-1, label=null), spriteFX=SpriteFX(autoChange=false, blendMode=false, index=-1, toggles=[]), bpmSync=BpmSync(enabled=false, multiplier=4), strobe=Strobe(enabled=false))
2024-06-16 23:22:51.169 INFO nestcontrol.deck.DeckConfigKt : preset = Preset(autoChange=false)
2024-06-16 23:22:51.170 INFO nestcontrol.deck.DeckConfigKt : loading presets from queue
2024-06-16 23:22:51.170 INFO nestcontrol.deck.DeckConfigKt : loaded deck2 []
2024-06-16 23:22:51.170 INFO nestcontrol.deck.DeckConfigKt : loading presets from queue
2024-06-16 23:22:51.671 INFO nestdrop.deck.PresetQueues : initializing preset queues
2024-06-16 23:22:51.672 INFO nestdrop.deck.PresetQueues : queues updated
2024-06-16 23:22:51.675 INFO nestdrop.deck.PresetQueues : combining queues with deck switches
2024-06-16 23:22:51.677 INFO nestdrop.deck.PresetQueues : queues updated
2024-06-16 23:22:51.677 INFO nestdrop.deck.Deck : initializing deck1
2024-06-16 23:22:51.677 INFO nestcontrol.deck.DeckConfigKt : preset queue: PresetQueue(index=-1, name=uninitialized, autoChange=false, toggles=[])
2024-06-16 23:22:51.677 INFO nestcontrol.deck.DeckConfigKt : preset queue: PresetQueue(index=-1, name=uninitialized, autoChange=false, toggles=[])
2024-06-16 23:22:51.677 INFO nestcontrol.deck.DeckConfigKt : config: DeckConfig(triggerTime=0.25, transitionTime=1.0, presetQueue=PresetQueue(index=-1, name=uninitialized, autoChange=false, toggles=[]), preset=Preset(autoChange=false), sprite=Sprite(autoChange=false, index=-1, name=null, toggles=[]), spriteQueue=SpriteQueue(index=-1, name=null), spoutQueue=SpoutQueue(index=-1, name=null), spout=Spout(index=-1, label=null), spriteFX=SpriteFX(autoChange=false, blendMode=false, index=-1, toggles=[]), bpmSync=BpmSync(enabled=false, multiplier=4), strobe=Strobe(enabled=false))
2024-06-16 23:22:51.677 INFO nestcontrol.deck.DeckConfigKt : config: DeckConfig(triggerTime=0.75, transitionTime=1.0, presetQueue=PresetQueue(index=-1, name=uninitialized, autoChange=false, toggles=[]), preset=Preset(autoChange=false), sprite=Sprite(autoChange=false, index=-1, name=null, toggles=[]), spriteQueue=SpriteQueue(index=-1, name=null), spoutQueue=SpoutQueue(index=-1, name=null), spout=Spout(index=-1, label=null), spriteFX=SpriteFX(autoChange=false, blendMode=false, index=-1, toggles=[]), bpmSync=BpmSync(enabled=false, multiplier=4), strobe=Strobe(enabled=false))
2024-06-16 23:22:51.677 INFO nestcontrol.deck.DeckConfigKt : preset = Preset(autoChange=false)
2024-06-16 23:22:51.677 INFO nestcontrol.deck.DeckConfigKt : preset = Preset(autoChange=false)
2024-06-16 23:22:51.677 INFO nestdrop.deck.PresetQueues : combining queues with deck switches
2024-06-16 23:22:51.677 INFO nestdrop.deck.PresetQueues : queues updated
2024-06-16 23:22:51.677 INFO nestdrop.deck.PresetQueues : queues updated
2024-06-16 23:22:51.677 INFO nestdrop.deck.PresetQueues : combining queues with deck switches
2024-06-16 23:22:51.678 INFO nestdrop.deck.PresetQueues : queues updated
2024-06-16 23:22:51.678 INFO nestdrop.deck.PresetQueues : combining queues with deck switches
2024-06-16 23:22:51.679 INFO nestdrop.deck.PresetQueues : queues updated
2024-06-16 23:22:51.679 INFO nestdrop.deck.PresetQueues : combining queues with deck switches
2024-06-16 23:22:51.681 INFO nestdrop.deck.PresetQueues : combining queues with deck switches
2024-06-16 23:22:51.681 INFO nestdrop.deck.PresetQueues : queues updated
2024-06-16 23:22:51.681 INFO nestdrop.deck.PresetQueues : queues updated
2024-06-16 23:22:51.681 INFO nestdrop.deck.PresetQueues : combining queues with deck switches
2024-06-16 23:22:51.701 INFO nestdrop.deck.Deck : initializing deck1 preset queue
2024-06-16 23:22:51.705 INFO nestdrop.deck.Deck : initializing deck1 preset
2024-06-16 23:22:51.705 INFO nestdrop.deck.Deck : deck1 queue: null
2024-06-16 23:22:51.705 INFO nestcontrol.deck.DeckConfigKt : preset queue: PresetQueue(index=-1, name=disabled, autoChange=false, toggles=[])
2024-06-16 23:22:51.705 INFO nestcontrol.deck.DeckConfigKt : preset = Preset(autoChange=false)
2024-06-16 23:22:51.705 INFO nestcontrol.deck.DeckConfigKt : config: DeckConfig(triggerTime=0.75, transitionTime=1.0, presetQueue=PresetQueue(index=-1, name=disabled, autoChange=false, toggles=[]), preset=Preset(autoChange=false), sprite=Sprite(autoChange=false, index=-1, name=null, toggles=[]), spriteQueue=SpriteQueue(index=-1, name=null), spoutQueue=SpoutQueue(index=-1, name=null), spout=Spout(index=-1, label=null), spriteFX=SpriteFX(autoChange=false, blendMode=false, index=-1, toggles=[]), bpmSync=BpmSync(enabled=false, multiplier=4), strobe=Strobe(enabled=false))
2024-06-16 23:22:51.708 INFO nestdrop.deck.Deck : initializing deck1 sprite queues
2024-06-16 23:22:51.711 INFO nestdrop.deck.Deck : initializing deck1 sprite queue
2024-06-16 23:22:51.715 INFO nestdrop.deck.Deck : initializing deck1 sprite
2024-06-16 23:22:51.722 INFO nestdrop.deck.Deck : initializing deck1 sprite fx
2024-06-16 23:22:51.725 INFO nestdrop.deck.Deck : initializing deck1 spout queue
2024-06-16 23:22:51.725 INFO nestdrop.deck.Deck : setting deck1 FX to 0
2024-06-16 23:22:51.728 INFO nestdrop.deck.Deck : initializing deck1 spout
2024-06-16 23:22:51.729 INFO nestdrop.deck.Deck : deck1 spout name null
2024-06-16 23:22:51.730 INFO nestdrop.deck.Deck : initializing deck2
2024-06-16 23:22:51.730 INFO nestdrop.deck.Deck : spout sync triggered
2024-06-16 23:22:51.730 INFO nestdrop.deck.Deck : initializing deck2 sprite queues
2024-06-16 23:22:51.730 INFO nestdrop.deck.Deck : initializing deck2 preset
2024-06-16 23:22:51.730 INFO nestdrop.deck.Deck : initializing deck2 preset queue
2024-06-16 23:22:51.730 INFO nestdrop.deck.Deck : deck2 queue: null
2024-06-16 23:22:51.730 INFO nestcontrol.deck.DeckConfigKt : preset queue: PresetQueue(index=-1, name=disabled, autoChange=false, toggles=[])
2024-06-16 23:22:51.730 INFO nestdrop.deck.Deck : initializing deck2 sprite queue
2024-06-16 23:22:51.730 INFO nestdrop.deck.Deck : initializing deck2 sprite
2024-06-16 23:22:51.731 INFO nestdrop.deck.Deck : initializing deck2 sprite fx
2024-06-16 23:22:51.731 INFO nestcontrol.deck.DeckConfigKt : config: DeckConfig(triggerTime=0.25, transitionTime=1.0, presetQueue=PresetQueue(index=-1, name=disabled, autoChange=false, toggles=[]), preset=Preset(autoChange=false), sprite=Sprite(autoChange=false, index=-1, name=null, toggles=[]), spriteQueue=SpriteQueue(index=-1, name=null), spoutQueue=SpoutQueue(index=-1, name=null), spout=Spout(index=-1, label=null), spriteFX=SpriteFX(autoChange=false, blendMode=false, index=-1, toggles=[]), bpmSync=BpmSync(enabled=false, multiplier=4), strobe=Strobe(enabled=false))
2024-06-16 23:22:51.731 INFO nestdrop.deck.Deck : initializing deck2 spout queue
2024-06-16 23:22:51.731 INFO nestcontrol.deck.DeckConfigKt : preset = Preset(autoChange=false)
2024-06-16 23:22:51.731 INFO nestdrop.deck.Deck : initializing deck2 spout
2024-06-16 23:22:51.731 INFO nestdrop.deck.Deck : spout sync triggered
2024-06-16 23:22:51.731 INFO nestdrop.deck.Deck : setting deck2 FX to 0
2024-06-16 23:22:51.731 INFO nestdrop.deck.Deck : deck2 spout name null
2024-06-16 23:22:51.731 INFO nestdrop.deck.Deck : deck2 spout queue changed: null
2024-06-16 23:22:51.732 INFO nestdrop.deck.Deck : deck1 spout queue changed: null
2024-06-16 23:22:51.732 INFO nestdrop.deck.Deck : deck1 spout index changed: -1
2024-06-16 23:22:51.733 INFO nestdrop.deck.Deck : deck2 spout index changed: -1
2024-06-16 23:22:51.736 INFO nestdrop.deck.loadDeckSettingsKt : loading settings from deck1
2024-06-16 23:22:51.804 INFO nestdrop.deck.loadDeckSettingsKt : DeckSettings(deckPanelsIsOpen=StringValue(value=0,0,0,0,0,0), transitTime=FloatValue(value=3.6), fps=IntValue(value=30), animationSpeed=FloatValue(value=0.5190856), zoomSpeed=FloatValue(value=0.9), ZoomExp=FloatValue(value=1.0), rotationSpeed=FloatValue(value=0.9), wrapSpeed=FloatValue(value=0.8), horizontalMotion=FloatValue(value=0.0), verticalMotion=FloatValue(value=0.0), stretchSpeed=FloatValue(value=1.0), waveMode=FloatValue(value=1.0), negative=FloatValue(value=0.0), red=FloatValue(value=1.0), green=FloatValue(value=1.0), blue=FloatValue(value=1.0), brightness=FloatValue(value=1.0), contrast=FloatValue(value=1.0), gamma=FloatValue(value=1.0), hue=FloatValue(value=0.0), saturation=FloatValue(value=1.0), lumaKey=RangeValue(min=0.0, max=1.0), alpha=FloatValue(value=1.0), strobe=Strobe(effectIndex=14, color=4294967295, effectSpanMin=0.0, effectSpanMax=1.0, triggerIndex=0, speed=0.26, pulseWidth=1.0, waveFormIndex=2), audio=Audio(channel=3, bass=1.0, mid=1.0, treble=1.0), spout=Spout(width=1920, height=1080), videoDeck=VideoDeck(preview=4, topMost=false), outputMonitor=IntValue(value=0), ndi=BooleanValue(value=false))
2024-06-16 23:22:51.805 INFO nestdrop.deck.loadDeckSettingsKt : loading settings from deck2
2024-06-16 23:22:51.833 INFO nestdrop.deck.Deck : deck1 spout change: -1 in null
2024-06-16 23:22:51.833 INFO nestdrop.deck.Deck : deck2 spout change: -1 in null
2024-06-16 23:22:51.845 INFO nestdrop.deck.loadDeckSettingsKt : DeckSettings(deckPanelsIsOpen=StringValue(value=0,0,0,0,0,0), transitTime=FloatValue(value=3.2), fps=IntValue(value=30), animationSpeed=FloatValue(value=0.5190856), zoomSpeed=FloatValue(value=1.0), ZoomExp=FloatValue(value=1.0), rotationSpeed=FloatValue(value=1.0), wrapSpeed=FloatValue(value=1.0), horizontalMotion=FloatValue(value=0.0), verticalMotion=FloatValue(value=0.0), stretchSpeed=FloatValue(value=1.0), waveMode=FloatValue(value=0.0), negative=FloatValue(value=0.0), red=FloatValue(value=1.0), green=FloatValue(value=1.0), blue=FloatValue(value=1.0), brightness=FloatValue(value=1.0), contrast=FloatValue(value=1.0), gamma=FloatValue(value=1.0), hue=FloatValue(value=0.0), saturation=FloatValue(value=1.0), lumaKey=RangeValue(min=0.0, max=1.0), alpha=FloatValue(value=1.0), strobe=Strobe(effectIndex=14, color=4294967295, effectSpanMin=0.0, effectSpanMax=1.0, triggerIndex=0, speed=0.26, pulseWidth=1.0, waveFormIndex=2), audio=Audio(channel=3, bass=1.0, mid=1.0, treble=1.0), spout=Spout(width=1920, height=1080), videoDeck=VideoDeck(preview=4, topMost=false), outputMonitor=IntValue(value=0), ndi=BooleanValue(value=false))
2024-06-16 23:22:51.845 INFO Main : initializing OSC
2024-06-16 23:22:52.087 INFO Config : saving config Config(beats=64, deck1=DeckConfig(triggerTime=0.75, transitionTime=5.0, presetQueue=PresetQueue(index=-1, name=null, autoChange=false, toggles=[]), preset=Preset(autoChange=false), sprite=Sprite(autoChange=false, index=-1, name=null, toggles=[]), spriteQueue=SpriteQueue(index=-1, name=null), spoutQueue=SpoutQueue(index=-1, name=null), spout=Spout(index=-1, label=null), spriteFX=SpriteFX(autoChange=false, blendMode=false, index=-1, toggles=[]), bpmSync=BpmSync(enabled=false, multiplier=4), strobe=Strobe(enabled=false)), deck2=DeckConfig(triggerTime=0.25, transitionTime=5.0, presetQueue=PresetQueue(index=-1, name=null, autoChange=false, toggles=[]), preset=Preset(autoChange=false), sprite=Sprite(autoChange=false, index=-1, name=null, toggles=[]), spriteQueue=SpriteQueue(index=-1, name=null), spoutQueue=SpoutQueue(index=-1, name=null), spout=Spout(index=-1, label=null), spriteFX=SpriteFX(autoChange=false, blendMode=false, index=-1, toggles=[]), bpmSync=BpmSync(enabled=false, multiplier=4), strobe=Strobe(enabled=false)))
2024-06-16 23:22:52.377 INFO Main : re-emitting all values
2024-06-16 23:22:52.380 INFO Main : await application
2024-06-16 23:22:55.549 INFO nestcontrol.deck.DeckConfigKt : preset queue: PresetQueue(index=12, name=disabled, autoChange=false, toggles=[])
2024-06-16 23:22:55.549 INFO nestcontrol.deck.DeckConfigKt : config: DeckConfig(triggerTime=0.75, transitionTime=1.0, presetQueue=PresetQueue(index=12, name=disabled, autoChange=false, toggles=[]), preset=Preset(autoChange=false), sprite=Sprite(autoChange=false, index=-1, name=null, toggles=[]), spriteQueue=SpriteQueue(index=-1, name=null), spoutQueue=SpoutQueue(index=-1, name=null), spout=Spout(index=-1, label=null), spriteFX=SpriteFX(autoChange=false, blendMode=false, index=-1, toggles=[]), bpmSync=BpmSync(enabled=false, multiplier=4), strobe=Strobe(enabled=false))
2024-06-16 23:22:55.549 INFO nestdrop.deck.Deck : deck1 queue: better_nested
2024-06-16 23:22:55.549 INFO nestcontrol.deck.DeckConfigKt : preset queue: PresetQueue(index=12, name=better_nested, autoChange=false, toggles=[])
2024-06-16 23:22:55.549 INFO nestcontrol.deck.DeckConfigKt : preset = Preset(autoChange=false)
2024-06-16 23:22:55.549 INFO nestcontrol.deck.DeckConfigKt : preset = Preset(autoChange=false)
2024-06-16 23:22:55.549 INFO nestcontrol.deck.DeckConfigKt : config: DeckConfig(triggerTime=0.75, transitionTime=1.0, presetQueue=PresetQueue(index=12, name=better_nested, autoChange=false, toggles=[]), preset=Preset(autoChange=false), sprite=Sprite(autoChange=false, index=-1, name=null, toggles=[]), spriteQueue=SpriteQueue(index=-1, name=null), spoutQueue=SpoutQueue(index=-1, name=null), spout=Spout(index=-1, label=null), spriteFX=SpriteFX(autoChange=false, blendMode=false, index=-1, toggles=[]), bpmSync=BpmSync(enabled=false, multiplier=4), strobe=Strobe(enabled=false))
2024-06-16 23:22:57.105 INFO nestdrop.deck.Deck : triggered at 16.078290065511073, 16.0
2024-06-16 23:23:11.223 INFO nestdrop.deck.Deck : triggered at 48.07569040145875, 48.0
2024-06-16 23:23:25.429 INFO nestdrop.deck.Deck : triggered at 16.221394404602044, 16.0
2024-06-16 23:23:39.567 INFO nestdrop.deck.Deck : triggered at 48.218860797627784, 48.0
