2024-06-16 17:52:12.967 WARN Main : WARN
2024-06-16 17:52:12.979 ERROR Main : ERROR
2024-06-16 17:52:12.980 FATAL Main : FATAL
2024-06-16 17:52:12.990 WARN Main : waiting for link to connect
2024-06-16 17:52:12.989 INFO osc.OscSynced : creating synced value for /bpm
2024-06-16 17:52:12.988 INFO osc.OscSynced : creating synced value for /linkConnected
2024-06-16 17:52:12.989 INFO osc.OscSynced : creating synced value for /peers
2024-06-16 17:52:13.084 INFO Link : connecting to ableton link...
2024-06-16 17:52:13.514 INFO osc.OscSynced : creating synced value for /sprite_FX/label/0
2024-06-16 17:52:13.514 INFO osc.OscSynced : creating synced value for /sprite_FX/label/1
2024-06-16 17:52:13.515 INFO osc.OscSynced : creating synced value for /sprite_FX/label/4
2024-06-16 17:52:13.515 INFO osc.OscSynced : creating synced value for /sprite_FX/label/5
2024-06-16 17:52:13.515 INFO osc.OscSynced : creating synced value for /sprite_FX/label/7
2024-06-16 17:52:13.515 INFO osc.OscSynced : creating synced value for /sprite_FX/label/3
2024-06-16 17:52:13.515 INFO osc.OscSynced : creating synced value for /sprite_FX/label/2
2024-06-16 17:52:13.515 INFO osc.OscSynced : creating synced value for /sprite_FX/label/6
2024-06-16 17:52:13.515 INFO osc.OscSynced : creating synced value for /sprite_FX/label/8
2024-06-16 17:52:13.515 INFO osc.OscSynced : creating synced value for /sprite_FX/label/9
2024-06-16 17:52:13.515 INFO osc.OscSynced : creating synced value for /sprite_FX/label/10
2024-06-16 17:52:13.520 INFO osc.OscSynced : creating synced value for /sprite_FX/label/12
2024-06-16 17:52:13.520 INFO osc.OscSynced : creating synced value for /sprite_FX/label/11
2024-06-16 17:52:13.520 INFO osc.OscSynced : creating synced value for /sprite_FX/label/15
2024-06-16 17:52:13.520 INFO osc.OscSynced : creating synced value for /sprite_FX/label/14
2024-06-16 17:52:13.520 INFO osc.OscSynced : creating synced value for /sprite_FX/label/13
2024-06-16 17:52:13.521 INFO osc.OscSynced : creating synced value for /sprite_FX/label/16
2024-06-16 17:52:13.521 INFO osc.OscSynced : creating synced value for /sprite_FX/label/17
2024-06-16 17:52:13.521 INFO osc.OscSynced : creating synced value for /sprite_FX/label/18
2024-06-16 17:52:13.521 INFO osc.OscSynced : creating synced value for /sprite_FX/label/19
2024-06-16 17:52:13.521 INFO osc.OscSynced : creating synced value for /sprite_FX/label/20
2024-06-16 17:52:13.521 INFO osc.OscSynced : creating synced value for /sprite_FX/label/21
2024-06-16 17:52:13.521 INFO osc.OscSynced : creating synced value for /sprite_FX/label/22
2024-06-16 17:52:13.522 INFO osc.OscSynced : creating synced value for /sprite_FX/label/25
2024-06-16 17:52:13.523 INFO osc.OscSynced : creating synced value for /sprite_FX/label/26
2024-06-16 17:52:13.521 INFO osc.OscSynced : creating synced value for /sprite_FX/label/24
2024-06-16 17:52:13.521 INFO osc.OscSynced : creating synced value for /sprite_FX/label/23
2024-06-16 17:52:13.523 INFO osc.OscSynced : creating synced value for /sprite_FX/label/27
2024-06-16 17:52:13.528 INFO osc.OscSynced : creating synced value for /sprite_FX/label/29
2024-06-16 17:52:13.528 INFO osc.OscSynced : creating synced value for /sprite_FX/label/28
2024-06-16 17:52:13.528 INFO osc.OscSynced : creating synced value for /sprite_FX/label/30
2024-06-16 17:52:13.529 INFO osc.OscSynced : creating synced value for /sprite_FX/label/31
2024-06-16 17:52:13.529 INFO osc.OscSynced : creating synced value for /sprite_FX/label/32
2024-06-16 17:52:13.529 INFO osc.OscSynced : creating synced value for /sprite_FX/label/33
2024-06-16 17:52:13.529 INFO osc.OscSynced : creating synced value for /sprite_FX/label/34
2024-06-16 17:52:13.529 INFO osc.OscSynced : creating synced value for /sprite_FX/label/35
2024-06-16 17:52:13.530 INFO osc.OscSynced : creating synced value for /sprite_FX/label/37
2024-06-16 17:52:13.530 INFO osc.OscSynced : creating synced value for /sprite_FX/label/38
2024-06-16 17:52:13.529 INFO osc.OscSynced : creating synced value for /sprite_FX/label/36
2024-06-16 17:52:13.530 INFO osc.OscSynced : creating synced value for /sprite_FX/label/39
2024-06-16 17:52:13.530 INFO osc.OscSynced : creating synced value for /sprite_FX/label/40
2024-06-16 17:52:13.530 INFO osc.OscSynced : creating synced value for /sprite_FX/label/41
2024-06-16 17:52:13.530 INFO osc.OscSynced : creating synced value for /sprite_FX/label/42
2024-06-16 17:52:13.530 INFO osc.OscSynced : creating synced value for /sprite_FX/label/43
2024-06-16 17:52:13.530 INFO osc.OscSynced : creating synced value for /sprite_FX/label/44
2024-06-16 17:52:13.530 INFO osc.OscSynced : creating synced value for /sprite_FX/label/45
2024-06-16 17:52:13.530 INFO osc.OscSynced : creating synced value for /sprite_FX/label/46
2024-06-16 17:52:13.530 INFO osc.OscSynced : creating synced value for /sprite_FX/label/47
2024-06-16 17:52:13.530 INFO osc.OscSynced : creating synced value for /sprite_FX/label/48
2024-06-16 17:52:13.530 INFO osc.OscSynced : creating synced value for /sprite_FX/label/49
2024-06-16 17:52:13.530 INFO osc.OscSynced : creating synced value for /sprite_FX/label/50
2024-06-16 17:52:13.530 INFO osc.OscSynced : creating synced value for /sprite_FX/label/51
2024-06-16 17:52:13.530 INFO osc.OscSynced : creating synced value for /sprite_FX/label/52
2024-06-16 17:52:13.530 INFO osc.OscSynced : creating synced value for /sprite_FX/label/53
2024-06-16 17:52:13.530 INFO osc.OscSynced : creating synced value for /sprite_FX/label/54
2024-06-16 17:52:13.530 INFO osc.OscSynced : creating synced value for /sprite_FX/label/55
2024-06-16 17:52:13.530 INFO osc.OscSynced : creating synced value for /sprite_FX/label/56
2024-06-16 17:52:13.530 INFO osc.OscSynced : creating synced value for /sprite_FX/label/57
2024-06-16 17:52:13.531 INFO osc.OscSynced : creating synced value for /sprite_FX/label/58
2024-06-16 17:52:13.531 INFO osc.OscSynced : creating synced value for /sprite_FX/label/59
2024-06-16 17:52:13.531 INFO osc.OscSynced : creating synced value for /sprite_FX/label/60
2024-06-16 17:52:13.531 INFO osc.OscSynced : creating synced value for /sprite_FX/label/61
2024-06-16 17:52:13.531 INFO osc.OscSynced : creating synced value for /sprite_FX/label/62
2024-06-16 17:52:13.531 INFO osc.OscSynced : creating synced value for /sprite_FX/label/63
2024-06-16 17:52:13.531 INFO osc.OscSynced : creating synced value for /sprite_FX/label/65
2024-06-16 17:52:13.531 INFO osc.OscSynced : creating synced value for /sprite_FX/label/64
2024-06-16 17:52:13.531 INFO osc.OscSynced : creating synced value for /sprite_FX/label/66
2024-06-16 17:52:13.531 INFO osc.OscSynced : creating synced value for /sprite_FX/label/67
2024-06-16 17:52:13.531 INFO osc.OscSynced : creating synced value for /sprite_FX/label/68
2024-06-16 17:52:13.531 INFO osc.OscSynced : creating synced value for /sprite_FX/label/69
2024-06-16 17:52:13.533 INFO osc.OscSynced : creating synced value for /sprite_FX/label/70
2024-06-16 17:52:13.533 INFO osc.OscSynced : creating synced value for /sprite_FX/label/71
2024-06-16 17:52:13.533 INFO osc.OscSynced : creating synced value for /sprite_FX/label/72
2024-06-16 17:52:13.533 INFO osc.OscSynced : creating synced value for /sprite_FX/label/73
2024-06-16 17:52:13.533 INFO osc.OscSynced : creating synced value for /sprite_FX/label/74
2024-06-16 17:52:13.533 INFO osc.OscSynced : creating synced value for /sprite_FX/label/75
2024-06-16 17:52:13.533 INFO osc.OscSynced : creating synced value for /sprite_FX/label/76
2024-06-16 17:52:13.533 INFO osc.OscSynced : creating synced value for /sprite_FX/label/77
2024-06-16 17:52:13.533 INFO osc.OscSynced : creating synced value for /sprite_FX/label/79
2024-06-16 17:52:13.533 INFO osc.OscSynced : creating synced value for /sprite_FX/label/78
2024-06-16 17:52:13.533 INFO osc.OscSynced : creating synced value for /sprite_FX/label/80
2024-06-16 17:52:13.533 INFO osc.OscSynced : creating synced value for /sprite_FX/label/81
2024-06-16 17:52:13.533 INFO osc.OscSynced : creating synced value for /sprite_FX/label/82
2024-06-16 17:52:13.533 INFO osc.OscSynced : creating synced value for /sprite_FX/label/83
2024-06-16 17:52:13.533 INFO osc.OscSynced : creating synced value for /sprite_FX/label/84
2024-06-16 17:52:13.533 INFO osc.OscSynced : creating synced value for /sprite_FX/label/85
2024-06-16 17:52:13.534 INFO osc.OscSynced : creating synced value for /sprite_FX/label/86
2024-06-16 17:52:13.534 INFO osc.OscSynced : creating synced value for /sprite_FX/label/87
2024-06-16 17:52:13.534 INFO osc.OscSynced : creating synced value for /sprite_FX/label/89
2024-06-16 17:52:13.534 INFO osc.OscSynced : creating synced value for /sprite_FX/label/88
2024-06-16 17:52:13.534 INFO osc.OscSynced : creating synced value for /sprite_FX/label/90
2024-06-16 17:52:13.534 INFO osc.OscSynced : creating synced value for /sprite_FX/label/91
2024-06-16 17:52:13.534 INFO osc.OscSynced : creating synced value for /sprite_FX/label/92
2024-06-16 17:52:13.534 INFO osc.OscSynced : creating synced value for /sprite_FX/label/93
2024-06-16 17:52:13.534 INFO osc.OscSynced : creating synced value for /sprite_FX/label/94
2024-06-16 17:52:13.534 INFO osc.OscSynced : creating synced value for /sprite_FX/label/95
2024-06-16 17:52:13.534 INFO osc.OscSynced : creating synced value for /sprite_FX/label/96
2024-06-16 17:52:13.534 INFO osc.OscSynced : creating synced value for /sprite_FX/label/97
2024-06-16 17:52:13.534 INFO osc.OscSynced : creating synced value for /sprite_FX/label/99
2024-06-16 17:52:13.534 INFO osc.OscSynced : creating synced value for /sprite_FX/label/98
2024-06-16 17:52:13.602 INFO osc.OscSynced : creating synced value for /composition/groups/1/video/effects/motionextraction/bypassed
2024-06-16 17:52:13.603 INFO osc.OscSynced : creating synced value for /composition/groups/1/video/effects/motionextraction/effect/delay
2024-06-16 17:52:13.603 INFO osc.OscSynced : creating synced value for /composition/groups/1/video/effects/automask/bypassed
2024-06-16 17:52:13.603 INFO osc.OscSynced : creating synced value for /resolume/1/motion_extraction/enabled
2024-06-16 17:52:13.604 DEBUG moe.nikky.nestcontrol.osc.OSCUtil : constructed OSC port
2024-06-16 17:52:13.604 DEBUG moe.nikky.nestcontrol.osc.OSCUtil : constructed OSC port
2024-06-16 17:52:13.605 DEBUG moe.nikky.nestcontrol.osc.OSCUtil : constructed OSC port
2024-06-16 17:52:13.609 INFO osc.OscSynced : creating synced value for /resolume/1/motion_extraction/delay
2024-06-16 17:52:13.612 INFO osc.OscSynced : creating synced value for /resolume/1/auto_mask
2024-06-16 17:52:13.618 INFO osc.OscSynced : creating synced value for /composition/groups/2/video/effects/motionextraction/bypassed
2024-06-16 17:52:13.619 INFO osc.OscSynced : creating synced value for /resolume/2/motion_extraction/enabled
2024-06-16 17:52:13.619 INFO osc.OscSynced : creating synced value for /composition/groups/2/video/effects/automask/bypassed
2024-06-16 17:52:13.618 INFO osc.OscSynced : creating synced value for /composition/groups/2/video/effects/motionextraction/effect/delay
2024-06-16 17:52:13.619 INFO osc.OscSynced : creating synced value for /resolume/2/motion_extraction/delay
2024-06-16 17:52:13.619 INFO osc.OscSynced : creating synced value for /resolume/2/auto_mask
2024-06-16 17:52:13.619 INFO osc.OscSynced : creating synced value for /composition/groups/3/video/effects/motionextraction/effect/delay
2024-06-16 17:52:13.619 INFO osc.OscSynced : creating synced value for /composition/groups/3/video/effects/motionextraction/bypassed
2024-06-16 17:52:13.620 INFO osc.OscSynced : creating synced value for /composition/groups/3/video/effects/automask/bypassed
2024-06-16 17:52:13.620 INFO osc.OscSynced : creating synced value for /resolume/3/motion_extraction/delay
2024-06-16 17:52:13.620 INFO osc.OscSynced : creating synced value for /resolume/3/motion_extraction/enabled
2024-06-16 17:52:13.620 INFO osc.OscSynced : creating synced value for /resolume/3/auto_mask
2024-06-16 17:52:13.620 INFO osc.OscSynced : creating synced value for /composition/groups/4/video/effects/motionextraction/bypassed
2024-06-16 17:52:13.620 INFO osc.OscSynced : creating synced value for /composition/groups/4/video/effects/motionextraction/effect/delay
2024-06-16 17:52:13.620 INFO osc.OscSynced : creating synced value for /composition/groups/4/video/effects/automask/bypassed
2024-06-16 17:52:13.620 INFO osc.OscSynced : creating synced value for /resolume/4/motion_extraction/enabled
2024-06-16 17:52:13.620 INFO osc.OscSynced : creating synced value for /resolume/4/motion_extraction/delay
2024-06-16 17:52:13.620 INFO osc.OscSynced : creating synced value for /resolume/4/auto_mask
2024-06-16 17:52:13.688 INFO moe.nikky.nestcontrol.osc.OSCUtil : creating buttons for group 1 layer 1 (1)
2024-06-16 17:52:13.688 INFO osc.OscSynced : creating synced value for /composition/layers/1/connectspecificclip
2024-06-16 17:52:13.690 INFO osc.OscSynced : creating synced value for /composition/layers/2/connectspecificclip
2024-06-16 17:52:13.690 INFO moe.nikky.nestcontrol.osc.OSCUtil : creating buttons for group 1 layer 2 (2)
2024-06-16 17:52:13.691 INFO moe.nikky.nestcontrol.osc.OSCUtil : creating buttons for group 1 layer 3 (3)
2024-06-16 17:52:13.691 INFO osc.OscSynced : creating synced value for /composition/layers/4/connectspecificclip
2024-06-16 17:52:13.691 INFO moe.nikky.nestcontrol.osc.OSCUtil : resolume group 1 layer 2 connectSpecificClip index -1
2024-06-16 17:52:13.691 INFO osc.OscSynced : creating synced value for /composition/layers/3/connectspecificclip
2024-06-16 17:52:13.691 INFO moe.nikky.nestcontrol.osc.OSCUtil : resolume group 1 layer 1 connectSpecificClip index -1
2024-06-16 17:52:13.691 INFO moe.nikky.nestcontrol.osc.OSCUtil : creating buttons for group 2 layer 2 (5)
2024-06-16 17:52:13.691 INFO moe.nikky.nestcontrol.osc.OSCUtil : resolume group 1 layer 3 connectSpecificClip index -1
2024-06-16 17:52:13.691 INFO moe.nikky.nestcontrol.osc.OSCUtil : creating buttons for group 2 layer 1 (4)
2024-06-16 17:52:13.691 INFO moe.nikky.nestcontrol.osc.OSCUtil : resolume group 2 layer 1 connectSpecificClip index -1
2024-06-16 17:52:13.691 INFO osc.OscSynced : creating synced value for /composition/layers/5/connectspecificclip
2024-06-16 17:52:13.693 INFO moe.nikky.nestcontrol.osc.OSCUtil : creating buttons for group 2 layer 3 (6)
2024-06-16 17:52:13.693 INFO osc.OscSynced : creating synced value for /composition/layers/6/connectspecificclip
2024-06-16 17:52:13.693 INFO moe.nikky.nestcontrol.osc.OSCUtil : creating buttons for group 3 layer 2 (8)
2024-06-16 17:52:13.693 INFO osc.OscSynced : creating synced value for /composition/layers/8/connectspecificclip
2024-06-16 17:52:13.693 INFO moe.nikky.nestcontrol.osc.OSCUtil : resolume group 3 layer 1 connectSpecificClip index -1
2024-06-16 17:52:13.693 INFO moe.nikky.nestcontrol.osc.OSCUtil : creating buttons for group 3 layer 3 (9)
2024-06-16 17:52:13.693 INFO moe.nikky.nestcontrol.osc.OSCUtil : resolume group 3 layer 2 connectSpecificClip index -1
2024-06-16 17:52:13.693 INFO osc.OscSynced : creating synced value for /composition/layers/9/connectspecificclip
2024-06-16 17:52:13.693 INFO moe.nikky.nestcontrol.osc.OSCUtil : creating buttons for group 4 layer 1 (10)
2024-06-16 17:52:13.693 INFO osc.OscSynced : creating synced value for /composition/layers/10/connectspecificclip
2024-06-16 17:52:13.693 INFO moe.nikky.nestcontrol.osc.OSCUtil : resolume group 3 layer 3 connectSpecificClip index -1
2024-06-16 17:52:13.693 INFO moe.nikky.nestcontrol.osc.OSCUtil : resolume group 2 layer 3 connectSpecificClip index -1
2024-06-16 17:52:13.693 INFO moe.nikky.nestcontrol.osc.OSCUtil : creating buttons for group 4 layer 2 (11)
2024-06-16 17:52:13.694 INFO osc.OscSynced : creating synced value for /composition/layers/11/connectspecificclip
2024-06-16 17:52:13.694 INFO moe.nikky.nestcontrol.osc.OSCUtil : resolume group 4 layer 1 connectSpecificClip index -1
2024-06-16 17:52:13.694 INFO moe.nikky.nestcontrol.osc.OSCUtil : creating buttons for group 4 layer 3 (12)
2024-06-16 17:52:13.694 INFO osc.OscSynced : creating synced value for /composition/layers/12/connectspecificclip
2024-06-16 17:52:13.694 INFO moe.nikky.nestcontrol.osc.OSCUtil : resolume group 4 layer 2 connectSpecificClip index -1
2024-06-16 17:52:13.693 INFO moe.nikky.nestcontrol.osc.OSCUtil : resolume group 2 layer 2 connectSpecificClip index -1
2024-06-16 17:52:13.693 INFO moe.nikky.nestcontrol.osc.OSCUtil : creating buttons for group 3 layer 1 (7)
2024-06-16 17:52:13.693 INFO osc.OscSynced : creating synced value for /composition/layers/7/connectspecificclip
2024-06-16 17:52:13.694 INFO moe.nikky.nestcontrol.osc.OSCUtil : creating buttons for group 5 layer 1 (13)
2024-06-16 17:52:13.694 INFO osc.OscSynced : creating synced value for /composition/layers/13/connectspecificclip
2024-06-16 17:52:13.694 INFO moe.nikky.nestcontrol.osc.OSCUtil : creating buttons for group 5 layer 2 (14)
2024-06-16 17:52:13.694 INFO osc.OscSynced : creating synced value for /composition/layers/14/connectspecificclip
2024-06-16 17:52:13.694 INFO moe.nikky.nestcontrol.osc.OSCUtil : creating buttons for group 5 layer 3 (15)
2024-06-16 17:52:13.694 INFO osc.OscSynced : creating synced value for /composition/layers/15/connectspecificclip
2024-06-16 17:52:13.695 INFO moe.nikky.nestcontrol.osc.OSCUtil : creating buttons for group 5 layer 4 (16)
2024-06-16 17:52:13.695 INFO osc.OscSynced : creating synced value for /composition/layers/16/connectspecificclip
2024-06-16 17:52:13.695 INFO moe.nikky.nestcontrol.osc.OSCUtil : creating buttons for group 5 layer 5 (17)
2024-06-16 17:52:13.695 INFO moe.nikky.nestcontrol.osc.OSCUtil : creating buttons for group 6 layer 1 (18)
2024-06-16 17:52:13.695 INFO moe.nikky.nestcontrol.osc.OSCUtil : resolume group 4 layer 3 connectSpecificClip index -1
2024-06-16 17:52:13.695 INFO osc.OscSynced : creating synced value for /composition/layers/17/connectspecificclip
2024-06-16 17:52:13.695 INFO osc.OscSynced : creating synced value for /composition/layers/19/connectspecificclip
2024-06-16 17:52:13.695 INFO osc.OscSynced : creating synced value for /composition/layers/18/connectspecificclip
2024-06-16 17:52:13.695 INFO moe.nikky.nestcontrol.osc.OSCUtil : resolume group 5 layer 1 connectSpecificClip index -1
2024-06-16 17:52:13.695 INFO moe.nikky.nestcontrol.osc.OSCUtil : creating buttons for group 6 layer 2 (19)
2024-06-16 17:52:13.695 INFO moe.nikky.nestcontrol.osc.OSCUtil : creating buttons for group 6 layer 3 (20)
2024-06-16 17:52:13.695 INFO osc.OscSynced : creating synced value for /composition/layers/20/connectspecificclip
2024-06-16 17:52:13.695 INFO moe.nikky.nestcontrol.osc.OSCUtil : creating buttons for group 6 layer 4 (21)
2024-06-16 17:52:13.695 INFO osc.OscSynced : creating synced value for /composition/layers/21/connectspecificclip
2024-06-16 17:52:13.696 INFO moe.nikky.nestcontrol.osc.OSCUtil : creating buttons for group 6 layer 5 (22)
2024-06-16 17:52:13.696 INFO osc.OscSynced : creating synced value for /composition/layers/23/connectspecificclip
2024-06-16 17:52:13.696 INFO moe.nikky.nestcontrol.osc.OSCUtil : creating buttons for group 6 layer 7 (24)
2024-06-16 17:52:13.696 INFO osc.OscSynced : creating synced value for /composition/layers/24/connectspecificclip
2024-06-16 17:52:13.696 INFO osc.OscSynced : creating synced value for /composition/layers/22/connectspecificclip
2024-06-16 17:52:13.696 INFO moe.nikky.nestcontrol.osc.OSCUtil : creating buttons for group 6 layer 6 (23)
2024-06-16 17:52:13.696 INFO moe.nikky.nestcontrol.osc.OSCUtil : resolume group 5 layer 2 connectSpecificClip index -1
2024-06-16 17:52:13.696 INFO osc.OscSynced : creating synced value for /composition/layers/25/connectspecificclip
2024-06-16 17:52:13.696 INFO moe.nikky.nestcontrol.osc.OSCUtil : creating buttons for group 6 layer 8 (25)
2024-06-16 17:52:13.696 INFO moe.nikky.nestcontrol.osc.OSCUtil : creating buttons for group 6 layer 9 (26)
2024-06-16 17:52:13.696 INFO osc.OscSynced : creating synced value for /composition/layers/26/connectspecificclip
2024-06-16 17:52:13.696 INFO moe.nikky.nestcontrol.osc.OSCUtil : creating buttons for group 7 layer 1 (27)
2024-06-16 17:52:13.696 INFO osc.OscSynced : creating synced value for /composition/layers/27/connectspecificclip
2024-06-16 17:52:13.697 INFO moe.nikky.nestcontrol.osc.OSCUtil : resolume group 5 layer 3 connectSpecificClip index -1
2024-06-16 17:52:13.709 INFO moe.nikky.nestcontrol.osc.OSCUtil : resolume group 5 layer 3 changed to null
2024-06-16 17:52:13.709 INFO moe.nikky.nestcontrol.osc.OSCUtil : resolume group 2 layer 2 changed to null
2024-06-16 17:52:13.709 INFO moe.nikky.nestcontrol.osc.OSCUtil : resolume group 5 layer 4 connectSpecificClip index -1
2024-06-16 17:52:13.709 INFO moe.nikky.nestcontrol.osc.OSCUtil : resolume group 3 layer 2 changed to null
2024-06-16 17:52:13.709 INFO moe.nikky.nestcontrol.osc.OSCUtil : resolume group 5 layer 5 connectSpecificClip index -1
2024-06-16 17:52:13.709 INFO moe.nikky.nestcontrol.osc.OSCUtil : resolume group 5 layer 5 changed to null
2024-06-16 17:52:13.709 INFO moe.nikky.nestcontrol.osc.OSCUtil : resolume group 6 layer 1 changed to null
2024-06-16 17:52:13.709 INFO moe.nikky.nestcontrol.osc.OSCUtil : resolume group 6 layer 1 connectSpecificClip index -1
2024-06-16 17:52:13.709 INFO moe.nikky.nestcontrol.osc.OSCUtil : resolume group 5 layer 1 changed to null
2024-06-16 17:52:13.709 INFO moe.nikky.nestcontrol.osc.OSCUtil : resolume group 5 layer 2 changed to null
2024-06-16 17:52:13.709 INFO moe.nikky.nestcontrol.osc.OSCUtil : resolume group 6 layer 2 changed to null
2024-06-16 17:52:13.709 INFO moe.nikky.nestcontrol.osc.OSCUtil : resolume group 6 layer 2 connectSpecificClip index -1
2024-06-16 17:52:13.709 INFO moe.nikky.nestcontrol.osc.OSCUtil : resolume group 3 layer 1 changed to null
2024-06-16 17:52:13.709 INFO moe.nikky.nestcontrol.osc.OSCUtil : resolume group 6 layer 3 connectSpecificClip index -1
2024-06-16 17:52:13.709 INFO moe.nikky.nestcontrol.osc.OSCUtil : resolume group 6 layer 3 changed to null
2024-06-16 17:52:13.710 INFO moe.nikky.nestcontrol.osc.OSCUtil : resolume group 6 layer 5 changed to null
2024-06-16 17:52:13.710 INFO moe.nikky.nestcontrol.osc.OSCUtil : resolume group 6 layer 4 connectSpecificClip index -1
2024-06-16 17:52:13.710 INFO moe.nikky.nestcontrol.osc.OSCUtil : resolume group 5 layer 4 changed to null
2024-06-16 17:52:13.710 INFO moe.nikky.nestcontrol.osc.OSCUtil : resolume group 6 layer 4 changed to null
2024-06-16 17:52:13.710 INFO moe.nikky.nestcontrol.osc.OSCUtil : resolume group 6 layer 5 connectSpecificClip index -1
2024-06-16 17:52:13.710 INFO moe.nikky.nestcontrol.osc.OSCUtil : resolume group 6 layer 6 changed to null
2024-06-16 17:52:13.710 INFO moe.nikky.nestcontrol.osc.OSCUtil : resolume group 6 layer 7 changed to null
2024-06-16 17:52:13.710 INFO moe.nikky.nestcontrol.osc.OSCUtil : resolume group 6 layer 6 connectSpecificClip index -1
2024-06-16 17:52:13.710 INFO moe.nikky.nestcontrol.osc.OSCUtil : resolume group 6 layer 9 changed to null
2024-06-16 17:52:13.710 INFO moe.nikky.nestcontrol.osc.OSCUtil : resolume group 6 layer 8 connectSpecificClip index -1
2024-06-16 17:52:13.710 INFO moe.nikky.nestcontrol.osc.OSCUtil : resolume group 6 layer 7 connectSpecificClip index -1
2024-06-16 17:52:13.710 INFO moe.nikky.nestcontrol.osc.OSCUtil : resolume group 6 layer 9 connectSpecificClip index -1
2024-06-16 17:52:13.710 INFO moe.nikky.nestcontrol.osc.OSCUtil : resolume group 6 layer 8 changed to null
2024-06-16 17:52:13.710 INFO moe.nikky.nestcontrol.osc.OSCUtil : resolume group 4 layer 2 changed to null
2024-06-16 17:52:13.710 INFO moe.nikky.nestcontrol.osc.OSCUtil : resolume group 7 layer 1 connectSpecificClip index -1
2024-06-16 17:52:13.710 INFO moe.nikky.nestcontrol.osc.OSCUtil : resolume group 4 layer 1 changed to null
2024-06-16 17:52:13.710 INFO moe.nikky.nestcontrol.osc.OSCUtil : resolume group 7 layer 1 changed to null
2024-06-16 17:52:13.710 INFO moe.nikky.nestcontrol.osc.OSCUtil : resolume group 4 layer 3 changed to null
2024-06-16 17:52:13.710 INFO moe.nikky.nestcontrol.osc.OSCUtil : resolume group 2 layer 3 changed to null
2024-06-16 17:52:13.710 INFO moe.nikky.nestcontrol.osc.OSCUtil : resolume group 2 layer 1 changed to null
2024-06-16 17:52:13.710 INFO moe.nikky.nestcontrol.osc.OSCUtil : resolume group 3 layer 3 changed to null
2024-06-16 17:52:13.710 INFO moe.nikky.nestcontrol.osc.OSCUtil : resolume group 1 layer 3 changed to null
2024-06-16 17:52:13.712 INFO moe.nikky.nestcontrol.osc.OSCUtil : resolume group 1 layer 1 changed to null
2024-06-16 17:52:13.711 INFO moe.nikky.nestcontrol.osc.OSCUtil : resolume group 1 layer 2 changed to null
2024-06-16 17:52:13.737 INFO moe.nikky.nestcontrol.osc.OSCUtil : {}
2024-06-16 17:52:14.698 INFO osc.OscSynced : creating synced value for /beats
2024-06-16 17:52:14.699 INFO osc.OscSynced : creating synced value for /beatProgress
2024-06-16 17:52:14.699 INFO osc.OscSynced : creating synced value for /bpmRounded
2024-06-16 17:52:14.713 INFO nestdrop.loadQueuesKt : loading queues from C:\Users\nikky\VJ\NestDropProV2\DefaultUserProfile.xml
2024-06-16 17:52:16.506 INFO moe.nikky.nestcontrol.Config : loaded Config(beats=64, deck1=DeckConfig(triggerTime=0.75, transitionTime=5.0, presetQueue=PresetQueue(index=-1, name=null, autoChange=false, toggles=[]), preset=Preset(autoChange=false), sprite=Sprite(autoChange=false, index=-1, name=null, toggles=[]), spriteQueue=SpriteQueue(index=-1, name=null), spoutQueue=SpoutQueue(index=-1, name=null), spout=Spout(index=-1, label=null), spriteFX=SpriteFX(autoChange=false, blendMode=false, index=-1, toggles=[]), bpmSync=BpmSync(enabled=false, multiplier=4), strobe=Strobe(enabled=false)), deck2=DeckConfig(triggerTime=0.25, transitionTime=5.0, presetQueue=PresetQueue(index=-1, name=null, autoChange=false, toggles=[]), preset=Preset(autoChange=false), sprite=Sprite(autoChange=false, index=-1, name=null, toggles=[]), spriteQueue=SpriteQueue(index=-1, name=null), spoutQueue=SpoutQueue(index=-1, name=null), spout=Spout(index=-1, label=null), spriteFX=SpriteFX(autoChange=false, blendMode=false, index=-1, toggles=[]), bpmSync=BpmSync(enabled=false, multiplier=4), strobe=Strobe(enabled=false)))
2024-06-16 17:52:16.521 DEBUG moe.nikky.nestcontrol.moe.nikky.nestcontrol.deck.DeckConfig : [Queue(index=4, name=sprites_fg, type=Sprite, open=true, deck=1, presets=[Preset(index=0, name=transpower.png, effects=84, overlay=false), Preset(index=1, name=estrogen.png, effects=52, overlay=false), Preset(index=2, name=lsd.jpg, effects=52, overlay=false), Preset(index=3, name=psilocybin.jpg, effects=52, overlay=false), Preset(index=4, name=NEST LOGO_4K.jpg, effects=54, overlay=false), Preset(index=5, name=impossible-161955.png, effects=56, overlay=false), Preset(index=6, name=glowing cat.jpg, effects=94, overlay=false), Preset(index=7, name=red eyes.jpg, effects=52, overlay=false), Preset(index=8, name=Recursion Hexagon - Jason Fletcher.png, effects=84, overlay=false), Preset(index=9, name=radiation-646212.png, effects=54, overlay=false), Preset(index=10, name=biohazard-148696.png, effects=52, overlay=false), Preset(index=11, name=under-construction-2408062.png, effects=52, overlay=false), Preset(index=12, name=warning-44458.png, effects=52, overlay=false), Preset(index=13, name=nezulie-icon.png, effects=54, overlay=false), Preset(index=14, name=nezulie-N.png, effects=50, overlay=false), Preset(index=15, name=nezulie-E.png, effects=52, overlay=false), Preset(index=16, name=nezulie-Z.png, effects=94, overlay=false), Preset(index=17, name=nezulie-U.png, effects=52, overlay=false), Preset(index=18, name=nezulie-L.png, effects=95, overlay=false), Preset(index=19, name=chaosdorf_green.png, effects=96, overlay=false), Preset(index=20, name=chaosdorf_monochrome.png, effects=0, overlay=false), Preset(index=21, name=nik_the_dusky.png, effects=56, overlay=false), Preset(index=22, name=tinybrainplayzX4.png, effects=50, overlay=true)]), Queue(index=5, name=spout_fg, type=Sprite, open=true, deck=1, presets=[Preset(index=0, name=NestDrop Deck 2, effects=0, overlay=false), Preset(index=1, name=Group1, effects=0, overlay=false), Preset(index=2, name=Group2, effects=0, overlay=false), Preset(index=3, name=Group3, effects=0, overlay=false), Preset(index=4, name=Group4, effects=0, overlay=false), Preset(index=5, name=Group1, effects=51, overlay=false), Preset(index=6, name=Group2, effects=51, overlay=false), Preset(index=7, name=Group3, effects=51, overlay=false), Preset(index=8, name=Group4, effects=51, overlay=false), Preset(index=9, name=Arena - 1, effects=0, overlay=false), Preset(index=10, name=Arena - 2, effects=0, overlay=false), Preset(index=11, name=Arena - 3, effects=0, overlay=false), Preset(index=12, name=Arena - 4, effects=0, overlay=false), Preset(index=13, name=Arena - 1, effects=51, overlay=false), Preset(index=14, name=Arena - 2, effects=51, overlay=false), Preset(index=15, name=Arena - 3, effects=51, overlay=false), Preset(index=16, name=Arena - 4, effects=51, overlay=false)])]
2024-06-16 17:52:16.523 INFO moe.nikky.nestcontrol.moe.nikky.nestcontrol.deck.DeckConfig : loading presets from queue
2024-06-16 17:52:16.524 INFO moe.nikky.nestcontrol.moe.nikky.nestcontrol.deck.DeckConfig : loaded deck1 []
2024-06-16 17:52:16.525 DEBUG moe.nikky.nestcontrol.moe.nikky.nestcontrol.deck.DeckConfig : loading spout queue null from [Queue(index=4, name=sprites_fg, type=Sprite, open=true, deck=1, presets=[Preset(index=0, name=transpower.png, effects=84, overlay=false), Preset(index=1, name=estrogen.png, effects=52, overlay=false), Preset(index=2, name=lsd.jpg, effects=52, overlay=false), Preset(index=3, name=psilocybin.jpg, effects=52, overlay=false), Preset(index=4, name=NEST LOGO_4K.jpg, effects=54, overlay=false), Preset(index=5, name=impossible-161955.png, effects=56, overlay=false), Preset(index=6, name=glowing cat.jpg, effects=94, overlay=false), Preset(index=7, name=red eyes.jpg, effects=52, overlay=false), Preset(index=8, name=Recursion Hexagon - Jason Fletcher.png, effects=84, overlay=false), Preset(index=9, name=radiation-646212.png, effects=54, overlay=false), Preset(index=10, name=biohazard-148696.png, effects=52, overlay=false), Preset(index=11, name=under-construction-2408062.png, effects=52, overlay=false), Preset(index=12, name=warning-44458.png, effects=52, overlay=false), Preset(index=13, name=nezulie-icon.png, effects=54, overlay=false), Preset(index=14, name=nezulie-N.png, effects=50, overlay=false), Preset(index=15, name=nezulie-E.png, effects=52, overlay=false), Preset(index=16, name=nezulie-Z.png, effects=94, overlay=false), Preset(index=17, name=nezulie-U.png, effects=52, overlay=false), Preset(index=18, name=nezulie-L.png, effects=95, overlay=false), Preset(index=19, name=chaosdorf_green.png, effects=96, overlay=false), Preset(index=20, name=chaosdorf_monochrome.png, effects=0, overlay=false), Preset(index=21, name=nik_the_dusky.png, effects=56, overlay=false), Preset(index=22, name=tinybrainplayzX4.png, effects=50, overlay=true)]), Queue(index=5, name=spout_fg, type=Sprite, open=true, deck=1, presets=[Preset(index=0, name=NestDrop Deck 2, effects=0, overlay=false), Preset(index=1, name=Group1, effects=0, overlay=false), Preset(index=2, name=Group2, effects=0, overlay=false), Preset(index=3, name=Group3, effects=0, overlay=false), Preset(index=4, name=Group4, effects=0, overlay=false), Preset(index=5, name=Group1, effects=51, overlay=false), Preset(index=6, name=Group2, effects=51, overlay=false), Preset(index=7, name=Group3, effects=51, overlay=false), Preset(index=8, name=Group4, effects=51, overlay=false), Preset(index=9, name=Arena - 1, effects=0, overlay=false), Preset(index=10, name=Arena - 2, effects=0, overlay=false), Preset(index=11, name=Arena - 3, effects=0, overlay=false), Preset(index=12, name=Arena - 4, effects=0, overlay=false), Preset(index=13, name=Arena - 1, effects=51, overlay=false), Preset(index=14, name=Arena - 2, effects=51, overlay=false), Preset(index=15, name=Arena - 3, effects=51, overlay=false), Preset(index=16, name=Arena - 4, effects=51, overlay=false)])]
2024-06-16 17:52:16.527 INFO moe.nikky.nestcontrol.moe.nikky.nestcontrol.deck.DeckConfig : loading presets from queue
2024-06-16 17:52:16.528 DEBUG moe.nikky.nestcontrol.moe.nikky.nestcontrol.deck.DeckConfig : [Queue(index=6, name=sprites_bg, type=Sprite, open=true, deck=2, presets=[Preset(index=0, name=transpower.png, effects=94, overlay=false), Preset(index=1, name=estrogen.png, effects=50, overlay=false), Preset(index=2, name=lsd.jpg, effects=50, overlay=false), Preset(index=3, name=psilocybin.jpg, effects=52, overlay=false), Preset(index=4, name=NEST LOGO_4K.jpg, effects=50, overlay=false), Preset(index=5, name=impossible-161955.png, effects=54, overlay=false), Preset(index=6, name=glowing cat.jpg, effects=54, overlay=false), Preset(index=7, name=red eyes.jpg, effects=52, overlay=false), Preset(index=8, name=Recursion Hexagon - Jason Fletcher.png, effects=32, overlay=false), Preset(index=9, name=radiation-646212.png, effects=94, overlay=false), Preset(index=10, name=biohazard-148696.png, effects=94, overlay=false), Preset(index=11, name=under-construction-2408062.png, effects=52, overlay=false), Preset(index=12, name=warning-44458.png, effects=50, overlay=false), Preset(index=13, name=nezulie-icon.png, effects=56, overlay=false), Preset(index=14, name=nezulie-N.png, effects=95, overlay=false), Preset(index=15, name=nezulie-E.png, effects=95, overlay=false), Preset(index=16, name=nezulie-Z.png, effects=52, overlay=false), Preset(index=17, name=nezulie-U.png, effects=95, overlay=false), Preset(index=18, name=nezulie-L.png, effects=52, overlay=false), Preset(index=19, name=chaosdorf_green.png, effects=50, overlay=false), Preset(index=20, name=chaosdorf_monochrome.png, effects=0, overlay=false), Preset(index=21, name=nik_the_dusky.png, effects=50, overlay=false), Preset(index=22, name=tinybrainplayzX4.png, effects=54, overlay=false)]), Queue(index=7, name=spout_bg, type=Sprite, open=true, deck=2, presets=[Preset(index=0, name=NestDrop Deck 1, effects=0, overlay=false), Preset(index=1, name=Group1, effects=0, overlay=false), Preset(index=2, name=Group2, effects=0, overlay=false), Preset(index=3, name=Group3, effects=0, overlay=false), Preset(index=4, name=Group4, effects=0, overlay=false), Preset(index=5, name=Group1, effects=51, overlay=false), Preset(index=6, name=Group2, effects=51, overlay=false), Preset(index=7, name=Group3, effects=51, overlay=false), Preset(index=8, name=Group4, effects=51, overlay=false), Preset(index=9, name=Arena - 1, effects=0, overlay=false), Preset(index=10, name=Arena - 2, effects=0, overlay=false), Preset(index=11, name=Arena - 3, effects=0, overlay=false), Preset(index=12, name=Arena - 4, effects=0, overlay=false), Preset(index=13, name=Arena - 1, effects=51, overlay=false), Preset(index=14, name=Arena - 2, effects=51, overlay=false), Preset(index=15, name=Arena - 3, effects=51, overlay=false), Preset(index=16, name=Arena - 4, effects=51, overlay=false)])]
2024-06-16 17:52:16.528 INFO moe.nikky.nestcontrol.moe.nikky.nestcontrol.deck.DeckConfig : loaded deck2 []
2024-06-16 17:52:16.528 INFO moe.nikky.nestcontrol.moe.nikky.nestcontrol.deck.DeckConfig : loading presets from queue
2024-06-16 17:52:16.528 DEBUG moe.nikky.nestcontrol.moe.nikky.nestcontrol.deck.DeckConfig : loading spout queue null from [Queue(index=6, name=sprites_bg, type=Sprite, open=true, deck=2, presets=[Preset(index=0, name=transpower.png, effects=94, overlay=false), Preset(index=1, name=estrogen.png, effects=50, overlay=false), Preset(index=2, name=lsd.jpg, effects=50, overlay=false), Preset(index=3, name=psilocybin.jpg, effects=52, overlay=false), Preset(index=4, name=NEST LOGO_4K.jpg, effects=50, overlay=false), Preset(index=5, name=impossible-161955.png, effects=54, overlay=false), Preset(index=6, name=glowing cat.jpg, effects=54, overlay=false), Preset(index=7, name=red eyes.jpg, effects=52, overlay=false), Preset(index=8, name=Recursion Hexagon - Jason Fletcher.png, effects=32, overlay=false), Preset(index=9, name=radiation-646212.png, effects=94, overlay=false), Preset(index=10, name=biohazard-148696.png, effects=94, overlay=false), Preset(index=11, name=under-construction-2408062.png, effects=52, overlay=false), Preset(index=12, name=warning-44458.png, effects=50, overlay=false), Preset(index=13, name=nezulie-icon.png, effects=56, overlay=false), Preset(index=14, name=nezulie-N.png, effects=95, overlay=false), Preset(index=15, name=nezulie-E.png, effects=95, overlay=false), Preset(index=16, name=nezulie-Z.png, effects=52, overlay=false), Preset(index=17, name=nezulie-U.png, effects=95, overlay=false), Preset(index=18, name=nezulie-L.png, effects=52, overlay=false), Preset(index=19, name=chaosdorf_green.png, effects=50, overlay=false), Preset(index=20, name=chaosdorf_monochrome.png, effects=0, overlay=false), Preset(index=21, name=nik_the_dusky.png, effects=50, overlay=false), Preset(index=22, name=tinybrainplayzX4.png, effects=54, overlay=false)]), Queue(index=7, name=spout_bg, type=Sprite, open=true, deck=2, presets=[Preset(index=0, name=NestDrop Deck 1, effects=0, overlay=false), Preset(index=1, name=Group1, effects=0, overlay=false), Preset(index=2, name=Group2, effects=0, overlay=false), Preset(index=3, name=Group3, effects=0, overlay=false), Preset(index=4, name=Group4, effects=0, overlay=false), Preset(index=5, name=Group1, effects=51, overlay=false), Preset(index=6, name=Group2, effects=51, overlay=false), Preset(index=7, name=Group3, effects=51, overlay=false), Preset(index=8, name=Group4, effects=51, overlay=false), Preset(index=9, name=Arena - 1, effects=0, overlay=false), Preset(index=10, name=Arena - 2, effects=0, overlay=false), Preset(index=11, name=Arena - 3, effects=0, overlay=false), Preset(index=12, name=Arena - 4, effects=0, overlay=false), Preset(index=13, name=Arena - 1, effects=51, overlay=false), Preset(index=14, name=Arena - 2, effects=51, overlay=false), Preset(index=15, name=Arena - 3, effects=51, overlay=false), Preset(index=16, name=Arena - 4, effects=51, overlay=false)])]
2024-06-16 17:52:16.528 INFO moe.nikky.nestcontrol.moe.nikky.nestcontrol.deck.DeckConfig : loading presets from queue
2024-06-16 17:52:17.029 INFO nestdrop.deck.PresetQueues : initializing preset queues
2024-06-16 17:52:17.032 INFO nestdrop.deck.PresetQueues : queues updated
2024-06-16 17:52:17.039 INFO nestdrop.deck.PresetQueues : combining queues with deck switches
2024-06-16 17:52:17.040 INFO nestdrop.deck.PresetQueues : queues updated
2024-06-16 17:52:17.041 INFO nestdrop.deck.PresetQueues : combining queues with deck switches
2024-06-16 17:52:17.041 INFO nestdrop.deck.PresetQueues : queues updated
2024-06-16 17:52:17.041 INFO nestdrop.deck.PresetQueues : queues updated
2024-06-16 17:52:17.041 INFO nestdrop.deck.PresetQueues : combining queues with deck switches
2024-06-16 17:52:17.043 INFO nestdrop.deck.PresetQueues : queues updated
2024-06-16 17:52:17.043 INFO nestdrop.deck.PresetQueues : combining queues with deck switches
2024-06-16 17:52:17.043 INFO nestdrop.deck.PresetQueues : queues updated
2024-06-16 17:52:17.043 INFO nestdrop.deck.PresetQueues : combining queues with deck switches
2024-06-16 17:52:17.044 INFO nestdrop.deck.PresetQueues : queues updated
2024-06-16 17:52:17.044 INFO nestdrop.deck.PresetQueues : combining queues with deck switches
2024-06-16 17:52:17.044 INFO nestdrop.deck.PresetQueues : queues updated
2024-06-16 17:52:17.044 INFO nestdrop.deck.Deck : initializing deck1
2024-06-16 17:52:17.043 INFO nestdrop.deck.PresetQueues : combining queues with deck switches
2024-06-16 17:52:17.044 INFO nestdrop.deck.PresetQueues : queues updated
2024-06-16 17:52:17.044 INFO nestdrop.deck.PresetQueues : combining queues with deck switches
2024-06-16 17:52:17.044 INFO nestdrop.deck.PresetQueues : queues updated
2024-06-16 17:52:17.044 INFO nestdrop.deck.PresetQueues : combining queues with deck switches
2024-06-16 17:52:17.044 INFO nestdrop.deck.PresetQueues : queues updated
2024-06-16 17:52:17.044 INFO nestdrop.deck.PresetQueues : combining queues with deck switches
2024-06-16 17:52:17.044 INFO nestdrop.deck.PresetQueues : queues updated
2024-06-16 17:52:17.044 INFO nestdrop.deck.PresetQueues : combining queues with deck switches
2024-06-16 17:52:17.045 INFO nestdrop.deck.PresetQueues : combining queues with deck switches
2024-06-16 17:52:17.045 INFO nestdrop.deck.PresetQueues : queues updated
2024-06-16 17:52:17.045 INFO nestdrop.deck.PresetQueues : combining queues with deck switches
2024-06-16 17:52:17.045 INFO nestdrop.deck.PresetQueues : combining queues with deck switches
2024-06-16 17:52:17.045 INFO nestdrop.deck.PresetQueues : queues updated
2024-06-16 17:52:17.045 INFO nestdrop.deck.PresetQueues : queues updated
2024-06-16 17:52:17.045 INFO nestdrop.deck.PresetQueues : queues updated
2024-06-16 17:52:17.045 INFO nestdrop.deck.PresetQueues : combining queues with deck switches
2024-06-16 17:52:17.073 INFO nestdrop.deck.Deck : initializing deck1 preset queue
2024-06-16 17:52:17.077 INFO nestdrop.deck.Deck : initializing deck1 preset
2024-06-16 17:52:17.077 INFO nestdrop.deck.Deck : deck1 queue: null
2024-06-16 17:52:17.080 INFO nestdrop.deck.Deck : initializing deck1 sprite queues
2024-06-16 17:52:17.082 INFO nestdrop.deck.Deck : initializing deck1 sprite queue
2024-06-16 17:52:17.089 INFO nestdrop.deck.Deck : initializing deck1 sprite
2024-06-16 17:52:17.101 INFO nestdrop.deck.Deck : initializing deck1 sprite fx
2024-06-16 17:52:17.105 INFO nestdrop.deck.Deck : initializing deck1 spout queue
2024-06-16 17:52:17.106 INFO nestdrop.deck.Deck : setting deck1 FX to 0
2024-06-16 17:52:17.113 INFO nestdrop.deck.Deck : initializing deck1 spout
2024-06-16 17:52:17.118 INFO nestdrop.deck.Deck : deck1 spout name null
2024-06-16 17:52:17.123 INFO nestdrop.deck.Deck : initializing deck2
2024-06-16 17:52:17.124 INFO nestdrop.deck.Deck : initializing deck2 preset queue
2024-06-16 17:52:17.125 INFO nestdrop.deck.Deck : initializing deck2 sprite fx
2024-06-16 17:52:17.124 INFO nestdrop.deck.Deck : initializing deck2 preset
2024-06-16 17:52:17.124 INFO nestdrop.deck.Deck : initializing deck2 sprite queues
2024-06-16 17:52:17.124 INFO nestdrop.deck.Deck : deck2 queue: null
2024-06-16 17:52:17.124 INFO nestdrop.deck.Deck : initializing deck2 sprite queue
2024-06-16 17:52:17.124 INFO nestdrop.deck.Deck : initializing deck2 sprite
2024-06-16 17:52:17.125 INFO nestdrop.deck.Deck : initializing deck2 spout queue
2024-06-16 17:52:17.125 INFO nestdrop.deck.Deck : initializing deck2 spout
2024-06-16 17:52:17.125 INFO nestdrop.deck.Deck : setting deck2 FX to 0
2024-06-16 17:52:17.125 INFO nestdrop.deck.Deck : deck2 spout name null
2024-06-16 17:52:17.125 INFO nestdrop.deck.Deck : spout sync triggered
2024-06-16 17:52:17.125 INFO nestdrop.deck.Deck : spout sync triggered
2024-06-16 17:52:17.126 INFO nestdrop.deck.Deck : deck1 spout queue changed: null
2024-06-16 17:52:17.127 INFO nestdrop.deck.Deck : deck2 spout index changed: -1
2024-06-16 17:52:17.127 INFO nestdrop.deck.Deck : deck2 spout queue changed: null
2024-06-16 17:52:17.127 INFO nestdrop.deck.Deck : deck1 spout index changed: -1
2024-06-16 17:52:17.130 INFO nestdrop.deck.loadDeckSettingsKt : loading settings from deck1
2024-06-16 17:52:17.150 DEBUG moe.nikky.nestcontrol.nestdrop.NestdropSpriteQueue : not switching after initializing program
2024-06-16 17:52:17.176 DEBUG moe.nikky.nestcontrol.nestdrop.NestdropSpriteQueue : not switching after initializing program
2024-06-16 17:52:17.206 INFO nestdrop.deck.loadDeckSettingsKt : DeckSettings(deckPanelsIsOpen=StringValue(value=0,0,0,0,0,0), transitTime=FloatValue(value=3.6), fps=IntValue(value=30), animationSpeed=FloatValue(value=0.5217391), zoomSpeed=FloatValue(value=0.9), ZoomExp=FloatValue(value=1.0), rotationSpeed=FloatValue(value=0.9), wrapSpeed=FloatValue(value=0.8), horizontalMotion=FloatValue(value=0.0), verticalMotion=FloatValue(value=0.0), stretchSpeed=FloatValue(value=1.0), waveMode=FloatValue(value=1.0), negative=FloatValue(value=0.0), red=FloatValue(value=1.0), green=FloatValue(value=1.0), blue=FloatValue(value=1.0), brightness=FloatValue(value=1.0), contrast=FloatValue(value=1.160816), gamma=FloatValue(value=1.210332), hue=FloatValue(value=0.0), saturation=FloatValue(value=1.0), lumaKey=RangeValue(min=0.0, max=1.0), alpha=FloatValue(value=1.0), strobe=Strobe(effectIndex=14, color=4294967295, effectSpanMin=0.0, effectSpanMax=1.0, triggerIndex=0, speed=0.26, pulseWidth=1.0, waveFormIndex=2), audio=Audio(channel=3, bass=1.0, mid=1.0, treble=1.0), spout=Spout(width=1920, height=1080), videoDeck=VideoDeck(preview=4, topMost=false), outputMonitor=IntValue(value=0), ndi=BooleanValue(value=false))
2024-06-16 17:52:17.206 INFO nestdrop.deck.loadDeckSettingsKt : loading settings from deck2
2024-06-16 17:52:17.227 INFO nestdrop.deck.Deck : deck2 spout change: -1 in null
2024-06-16 17:52:17.227 INFO nestdrop.deck.Deck : deck1 spout change: -1 in null
2024-06-16 17:52:17.227 DEBUG moe.nikky.nestcontrol.nestdrop.NestdropSpriteQueue : not switching after initializing program
2024-06-16 17:52:17.227 DEBUG moe.nikky.nestcontrol.nestdrop.NestdropSpriteQueue : not switching after initializing program
2024-06-16 17:52:17.253 INFO nestdrop.deck.loadDeckSettingsKt : DeckSettings(deckPanelsIsOpen=StringValue(value=0,0,0,0,0,0), transitTime=FloatValue(value=3.2), fps=IntValue(value=30), animationSpeed=FloatValue(value=0.5217391), zoomSpeed=FloatValue(value=1.0), ZoomExp=FloatValue(value=1.0), rotationSpeed=FloatValue(value=1.0), wrapSpeed=FloatValue(value=1.0), horizontalMotion=FloatValue(value=0.0), verticalMotion=FloatValue(value=0.0), stretchSpeed=FloatValue(value=1.0), waveMode=FloatValue(value=0.0), negative=FloatValue(value=0.0), red=FloatValue(value=1.0), green=FloatValue(value=1.0), blue=FloatValue(value=1.0), brightness=FloatValue(value=1.0), contrast=FloatValue(value=1.236419), gamma=FloatValue(value=1.085513), hue=FloatValue(value=0.0), saturation=FloatValue(value=1.0), lumaKey=RangeValue(min=0.0, max=1.0), alpha=FloatValue(value=1.0), strobe=Strobe(effectIndex=14, color=4294967295, effectSpanMin=0.0, effectSpanMax=1.0, triggerIndex=0, speed=0.26, pulseWidth=1.0, waveFormIndex=2), audio=Audio(channel=3, bass=1.0, mid=1.0, treble=1.0), spout=Spout(width=1920, height=1080), videoDeck=VideoDeck(preview=4, topMost=false), outputMonitor=IntValue(value=0), ndi=BooleanValue(value=false))
2024-06-16 17:52:17.254 INFO Main : initializing OSC
2024-06-16 17:52:17.470 DEBUG moe.nikky.nestcontrol.Config : saving config Config(beats=64, deck1=DeckConfig(triggerTime=0.75, transitionTime=5.0, presetQueue=PresetQueue(index=-1, name=null, autoChange=false, toggles=[]), preset=Preset(autoChange=false), sprite=Sprite(autoChange=false, index=-1, name=null, toggles=[]), spriteQueue=SpriteQueue(index=-1, name=null), spoutQueue=SpoutQueue(index=-1, name=null), spout=Spout(index=-1, label=null), spriteFX=SpriteFX(autoChange=false, blendMode=false, index=-1, toggles=[]), bpmSync=BpmSync(enabled=false, multiplier=4), strobe=Strobe(enabled=false)), deck2=DeckConfig(triggerTime=0.25, transitionTime=5.0, presetQueue=PresetQueue(index=-1, name=null, autoChange=false, toggles=[]), preset=Preset(autoChange=false), sprite=Sprite(autoChange=false, index=-1, name=null, toggles=[]), spriteQueue=SpriteQueue(index=-1, name=null), spoutQueue=SpoutQueue(index=-1, name=null), spout=Spout(index=-1, label=null), spriteFX=SpriteFX(autoChange=false, blendMode=false, index=-1, toggles=[]), bpmSync=BpmSync(enabled=false, multiplier=4), strobe=Strobe(enabled=false)))
2024-06-16 17:52:17.786 INFO Main : re-emitting all values
2024-06-16 17:52:17.788 INFO Main : await application
2024-06-16 17:52:24.355 INFO nestdrop.deck.Deck : triggered at 16.14199999999998, 16.0
2024-06-16 17:52:40.355 INFO nestdrop.deck.Deck : triggered at 48.000000000000135, 48.0
2024-06-16 17:52:56.459 INFO nestdrop.deck.Deck : triggered at 16.042000000000293, 16.0
2024-06-16 17:53:12.560 INFO nestdrop.deck.Deck : triggered at 48.098000000000425, 48.0
2024-06-16 17:53:28.657 INFO nestdrop.deck.Deck : triggered at 16.15000000000059, 16.0
2024-06-16 17:53:44.746 INFO nestdrop.deck.Deck : triggered at 48.190000000000744, 48.0
2024-06-16 17:54:00.746 INFO nestdrop.deck.Deck : triggered at 16.058000000000856, 16.0
2024-06-16 17:54:16.843 INFO nestdrop.deck.Deck : triggered at 48.110000000001, 48.0
2024-06-16 17:54:32.933 INFO nestdrop.deck.Deck : triggered at 16.150000000001146, 16.0
2024-06-16 17:54:48.925 INFO nestdrop.deck.Deck : triggered at 48.00800000000126, 48.0
2024-06-16 17:55:05.021 INFO nestdrop.deck.Deck : triggered at 16.054000000001427, 16.0
2024-06-16 17:55:21.119 INFO nestdrop.deck.Deck : triggered at 48.12400000000153, 48.0
2024-06-16 17:55:37.209 INFO nestdrop.deck.Deck : triggered at 16.174000000001662, 16.0
