2024-06-16 17:39:24.235 WARN Main : WARN
2024-06-16 17:39:24.247 ERROR Main : ERROR
2024-06-16 17:39:24.248 FATAL Main : FATAL
2024-06-16 17:39:24.262 INFO osc.OscSynced : creating synced value for /bpm
2024-06-16 17:39:24.258 INFO osc.OscSynced : creating synced value for /linkConnected
2024-06-16 17:39:24.265 WARN Main : waiting for link to connect
2024-06-16 17:39:24.263 INFO osc.OscSynced : creating synced value for /peers
2024-06-16 17:39:24.361 INFO Link : connecting to ableton link...
2024-06-16 17:39:24.789 INFO osc.OscSynced : creating synced value for /sprite_FX/label/0
2024-06-16 17:39:24.790 INFO osc.OscSynced : creating synced value for /sprite_FX/label/1
2024-06-16 17:39:24.791 INFO osc.OscSynced : creating synced value for /sprite_FX/label/2
2024-06-16 17:39:24.791 INFO osc.OscSynced : creating synced value for /sprite_FX/label/3
2024-06-16 17:39:24.798 INFO osc.OscSynced : creating synced value for /sprite_FX/label/4
2024-06-16 17:39:24.800 INFO osc.OscSynced : creating synced value for /sprite_FX/label/5
2024-06-16 17:39:24.800 INFO osc.OscSynced : creating synced value for /sprite_FX/label/6
2024-06-16 17:39:24.802 INFO osc.OscSynced : creating synced value for /sprite_FX/label/7
2024-06-16 17:39:24.803 INFO osc.OscSynced : creating synced value for /sprite_FX/label/8
2024-06-16 17:39:24.803 INFO osc.OscSynced : creating synced value for /sprite_FX/label/9
2024-06-16 17:39:24.804 INFO osc.OscSynced : creating synced value for /sprite_FX/label/10
2024-06-16 17:39:24.805 INFO osc.OscSynced : creating synced value for /sprite_FX/label/11
2024-06-16 17:39:24.807 INFO osc.OscSynced : creating synced value for /sprite_FX/label/12
2024-06-16 17:39:24.808 INFO osc.OscSynced : creating synced value for /sprite_FX/label/13
2024-06-16 17:39:24.808 INFO osc.OscSynced : creating synced value for /sprite_FX/label/14
2024-06-16 17:39:24.810 INFO osc.OscSynced : creating synced value for /sprite_FX/label/15
2024-06-16 17:39:24.811 INFO osc.OscSynced : creating synced value for /sprite_FX/label/16
2024-06-16 17:39:24.812 INFO osc.OscSynced : creating synced value for /sprite_FX/label/17
2024-06-16 17:39:24.813 INFO osc.OscSynced : creating synced value for /sprite_FX/label/18
2024-06-16 17:39:24.813 INFO osc.OscSynced : creating synced value for /sprite_FX/label/19
2024-06-16 17:39:24.814 INFO osc.OscSynced : creating synced value for /sprite_FX/label/20
2024-06-16 17:39:24.815 INFO osc.OscSynced : creating synced value for /sprite_FX/label/21
2024-06-16 17:39:24.816 INFO osc.OscSynced : creating synced value for /sprite_FX/label/22
2024-06-16 17:39:24.816 INFO osc.OscSynced : creating synced value for /sprite_FX/label/23
2024-06-16 17:39:24.818 INFO osc.OscSynced : creating synced value for /sprite_FX/label/24
2024-06-16 17:39:24.818 INFO osc.OscSynced : creating synced value for /sprite_FX/label/25
2024-06-16 17:39:24.819 INFO osc.OscSynced : creating synced value for /sprite_FX/label/26
2024-06-16 17:39:24.819 INFO osc.OscSynced : creating synced value for /sprite_FX/label/27
2024-06-16 17:39:24.820 INFO osc.OscSynced : creating synced value for /sprite_FX/label/28
2024-06-16 17:39:24.823 INFO osc.OscSynced : creating synced value for /sprite_FX/label/29
2024-06-16 17:39:24.824 INFO osc.OscSynced : creating synced value for /sprite_FX/label/30
2024-06-16 17:39:24.825 INFO osc.OscSynced : creating synced value for /sprite_FX/label/31
2024-06-16 17:39:24.827 INFO osc.OscSynced : creating synced value for /sprite_FX/label/32
2024-06-16 17:39:24.828 INFO osc.OscSynced : creating synced value for /sprite_FX/label/33
2024-06-16 17:39:24.828 INFO osc.OscSynced : creating synced value for /sprite_FX/label/34
2024-06-16 17:39:24.829 INFO osc.OscSynced : creating synced value for /sprite_FX/label/35
2024-06-16 17:39:24.830 INFO osc.OscSynced : creating synced value for /sprite_FX/label/36
2024-06-16 17:39:24.830 INFO osc.OscSynced : creating synced value for /sprite_FX/label/37
2024-06-16 17:39:24.831 INFO osc.OscSynced : creating synced value for /sprite_FX/label/38
2024-06-16 17:39:24.832 INFO osc.OscSynced : creating synced value for /sprite_FX/label/39
2024-06-16 17:39:24.833 INFO osc.OscSynced : creating synced value for /sprite_FX/label/40
2024-06-16 17:39:24.834 INFO osc.OscSynced : creating synced value for /sprite_FX/label/41
2024-06-16 17:39:24.834 INFO osc.OscSynced : creating synced value for /sprite_FX/label/42
2024-06-16 17:39:24.835 INFO osc.OscSynced : creating synced value for /sprite_FX/label/43
2024-06-16 17:39:24.837 INFO osc.OscSynced : creating synced value for /sprite_FX/label/44
2024-06-16 17:39:24.838 INFO osc.OscSynced : creating synced value for /sprite_FX/label/45
2024-06-16 17:39:24.838 INFO osc.OscSynced : creating synced value for /sprite_FX/label/46
2024-06-16 17:39:24.839 INFO osc.OscSynced : creating synced value for /sprite_FX/label/47
2024-06-16 17:39:24.840 INFO osc.OscSynced : creating synced value for /sprite_FX/label/48
2024-06-16 17:39:24.840 INFO osc.OscSynced : creating synced value for /sprite_FX/label/49
2024-06-16 17:39:24.841 INFO osc.OscSynced : creating synced value for /sprite_FX/label/50
2024-06-16 17:39:24.842 INFO osc.OscSynced : creating synced value for /sprite_FX/label/51
2024-06-16 17:39:24.843 INFO osc.OscSynced : creating synced value for /sprite_FX/label/52
2024-06-16 17:39:24.843 INFO osc.OscSynced : creating synced value for /sprite_FX/label/53
2024-06-16 17:39:24.844 INFO osc.OscSynced : creating synced value for /sprite_FX/label/54
2024-06-16 17:39:24.845 INFO osc.OscSynced : creating synced value for /sprite_FX/label/55
2024-06-16 17:39:24.847 INFO osc.OscSynced : creating synced value for /sprite_FX/label/56
2024-06-16 17:39:24.847 INFO osc.OscSynced : creating synced value for /sprite_FX/label/57
2024-06-16 17:39:24.848 INFO osc.OscSynced : creating synced value for /sprite_FX/label/58
2024-06-16 17:39:24.848 INFO osc.OscSynced : creating synced value for /sprite_FX/label/59
2024-06-16 17:39:24.849 INFO osc.OscSynced : creating synced value for /sprite_FX/label/60
2024-06-16 17:39:24.849 INFO osc.OscSynced : creating synced value for /sprite_FX/label/61
2024-06-16 17:39:24.850 INFO osc.OscSynced : creating synced value for /sprite_FX/label/62
2024-06-16 17:39:24.851 INFO osc.OscSynced : creating synced value for /sprite_FX/label/63
2024-06-16 17:39:24.852 INFO osc.OscSynced : creating synced value for /sprite_FX/label/64
2024-06-16 17:39:24.853 INFO osc.OscSynced : creating synced value for /sprite_FX/label/65
2024-06-16 17:39:24.854 INFO osc.OscSynced : creating synced value for /sprite_FX/label/66
2024-06-16 17:39:24.856 INFO osc.OscSynced : creating synced value for /sprite_FX/label/67
2024-06-16 17:39:24.856 INFO osc.OscSynced : creating synced value for /sprite_FX/label/68
2024-06-16 17:39:24.857 INFO osc.OscSynced : creating synced value for /sprite_FX/label/69
2024-06-16 17:39:24.859 INFO osc.OscSynced : creating synced value for /sprite_FX/label/70
2024-06-16 17:39:24.859 INFO osc.OscSynced : creating synced value for /sprite_FX/label/71
2024-06-16 17:39:24.860 INFO osc.OscSynced : creating synced value for /sprite_FX/label/72
2024-06-16 17:39:24.860 INFO osc.OscSynced : creating synced value for /sprite_FX/label/73
2024-06-16 17:39:24.861 INFO osc.OscSynced : creating synced value for /sprite_FX/label/74
2024-06-16 17:39:24.862 INFO osc.OscSynced : creating synced value for /sprite_FX/label/75
2024-06-16 17:39:24.862 INFO osc.OscSynced : creating synced value for /sprite_FX/label/76
2024-06-16 17:39:24.863 INFO osc.OscSynced : creating synced value for /sprite_FX/label/77
2024-06-16 17:39:24.864 INFO osc.OscSynced : creating synced value for /sprite_FX/label/78
2024-06-16 17:39:24.866 INFO osc.OscSynced : creating synced value for /sprite_FX/label/79
2024-06-16 17:39:24.867 INFO osc.OscSynced : creating synced value for /sprite_FX/label/80
2024-06-16 17:39:24.868 INFO osc.OscSynced : creating synced value for /sprite_FX/label/81
2024-06-16 17:39:24.868 INFO osc.OscSynced : creating synced value for /sprite_FX/label/82
2024-06-16 17:39:24.870 INFO osc.OscSynced : creating synced value for /sprite_FX/label/83
2024-06-16 17:39:24.871 INFO osc.OscSynced : creating synced value for /sprite_FX/label/84
2024-06-16 17:39:24.871 INFO osc.OscSynced : creating synced value for /sprite_FX/label/85
2024-06-16 17:39:24.872 INFO osc.OscSynced : creating synced value for /sprite_FX/label/86
2024-06-16 17:39:24.873 INFO osc.OscSynced : creating synced value for /sprite_FX/label/87
2024-06-16 17:39:24.874 INFO osc.OscSynced : creating synced value for /sprite_FX/label/88
2024-06-16 17:39:24.875 INFO osc.OscSynced : creating synced value for /sprite_FX/label/89
2024-06-16 17:39:24.876 INFO osc.OscSynced : creating synced value for /sprite_FX/label/90
2024-06-16 17:39:24.876 INFO osc.OscSynced : creating synced value for /sprite_FX/label/91
2024-06-16 17:39:24.877 INFO osc.OscSynced : creating synced value for /sprite_FX/label/92
2024-06-16 17:39:24.878 INFO osc.OscSynced : creating synced value for /sprite_FX/label/93
2024-06-16 17:39:24.879 INFO osc.OscSynced : creating synced value for /sprite_FX/label/94
2024-06-16 17:39:24.880 INFO osc.OscSynced : creating synced value for /sprite_FX/label/95
2024-06-16 17:39:24.880 INFO osc.OscSynced : creating synced value for /sprite_FX/label/96
2024-06-16 17:39:24.880 INFO osc.OscSynced : creating synced value for /sprite_FX/label/97
2024-06-16 17:39:24.881 INFO osc.OscSynced : creating synced value for /sprite_FX/label/98
2024-06-16 17:39:24.882 INFO osc.OscSynced : creating synced value for /sprite_FX/label/99
2024-06-16 17:39:24.929 INFO osc.OscSynced : creating synced value for /composition/groups/1/video/effects/motionextraction/bypassed
2024-06-16 17:39:24.929 INFO osc.OscSynced : creating synced value for /composition/groups/1/video/effects/motionextraction/effect/delay
2024-06-16 17:39:24.931 INFO osc.OscSynced : creating synced value for /composition/groups/1/video/effects/automask/bypassed
2024-06-16 17:39:24.931 INFO osc.OscSynced : creating synced value for /resolume/1/motion_extraction/enabled
2024-06-16 17:39:24.934 INFO osc.OscSynced : creating synced value for /resolume/1/motion_extraction/delay
2024-06-16 17:39:24.937 INFO osc.OscSynced : creating synced value for /resolume/1/auto_mask
2024-06-16 17:39:24.944 INFO osc.OscSynced : creating synced value for /composition/groups/2/video/effects/motionextraction/bypassed
2024-06-16 17:39:24.945 INFO osc.OscSynced : creating synced value for /composition/groups/2/video/effects/motionextraction/effect/delay
2024-06-16 17:39:24.946 INFO osc.OscSynced : creating synced value for /composition/groups/2/video/effects/automask/bypassed
2024-06-16 17:39:24.947 INFO osc.OscSynced : creating synced value for /resolume/2/motion_extraction/enabled
2024-06-16 17:39:24.948 INFO osc.OscSynced : creating synced value for /resolume/2/motion_extraction/delay
2024-06-16 17:39:24.949 INFO osc.OscSynced : creating synced value for /resolume/2/auto_mask
2024-06-16 17:39:24.950 INFO osc.OscSynced : creating synced value for /composition/groups/3/video/effects/motionextraction/bypassed
2024-06-16 17:39:24.951 INFO osc.OscSynced : creating synced value for /composition/groups/3/video/effects/motionextraction/effect/delay
2024-06-16 17:39:24.953 INFO osc.OscSynced : creating synced value for /composition/groups/3/video/effects/automask/bypassed
2024-06-16 17:39:24.954 INFO osc.OscSynced : creating synced value for /resolume/3/motion_extraction/enabled
2024-06-16 17:39:24.955 INFO osc.OscSynced : creating synced value for /resolume/3/motion_extraction/delay
2024-06-16 17:39:24.958 INFO osc.OscSynced : creating synced value for /composition/groups/4/video/effects/motionextraction/bypassed
2024-06-16 17:39:24.957 INFO osc.OscSynced : creating synced value for /resolume/3/auto_mask
2024-06-16 17:39:24.958 DEBUG moe.nikky.nestcontrol.osc.OSCUtil : constructed OSC port
2024-06-16 17:39:24.959 DEBUG moe.nikky.nestcontrol.osc.OSCUtil : constructed OSC port
2024-06-16 17:39:24.959 DEBUG moe.nikky.nestcontrol.osc.OSCUtil : constructed OSC port
2024-06-16 17:39:24.960 INFO osc.OscSynced : creating synced value for /composition/groups/4/video/effects/motionextraction/effect/delay
2024-06-16 17:39:24.960 INFO osc.OscSynced : creating synced value for /composition/groups/4/video/effects/automask/bypassed
2024-06-16 17:39:24.961 INFO osc.OscSynced : creating synced value for /resolume/4/motion_extraction/enabled
2024-06-16 17:39:24.965 INFO osc.OscSynced : creating synced value for /resolume/4/auto_mask
2024-06-16 17:39:24.964 INFO osc.OscSynced : creating synced value for /resolume/4/motion_extraction/delay
2024-06-16 17:39:25.062 INFO moe.nikky.nestcontrol.osc.OSCUtil : creating buttons for group 1 layer 1 (1)
2024-06-16 17:39:25.065 INFO osc.OscSynced : creating synced value for /composition/layers/1/connectspecificclip
2024-06-16 17:39:25.071 INFO moe.nikky.nestcontrol.osc.OSCUtil : creating buttons for group 1 layer 2 (2)
2024-06-16 17:39:25.071 INFO osc.OscSynced : creating synced value for /composition/layers/2/connectspecificclip
2024-06-16 17:39:25.072 INFO moe.nikky.nestcontrol.osc.OSCUtil : resolume group 1 layer 1 connectSpecificClip index -1
2024-06-16 17:39:25.072 INFO moe.nikky.nestcontrol.osc.OSCUtil : resolume group 1 layer 2 connectSpecificClip index -1
2024-06-16 17:39:25.072 INFO moe.nikky.nestcontrol.osc.OSCUtil : creating buttons for group 1 layer 3 (3)
2024-06-16 17:39:25.073 INFO osc.OscSynced : creating synced value for /composition/layers/3/connectspecificclip
2024-06-16 17:39:25.074 INFO moe.nikky.nestcontrol.osc.OSCUtil : resolume group 1 layer 3 connectSpecificClip index -1
2024-06-16 17:39:25.075 INFO moe.nikky.nestcontrol.osc.OSCUtil : creating buttons for group 2 layer 1 (4)
2024-06-16 17:39:25.076 INFO osc.OscSynced : creating synced value for /composition/layers/4/connectspecificclip
2024-06-16 17:39:25.077 INFO moe.nikky.nestcontrol.osc.OSCUtil : resolume group 2 layer 1 connectSpecificClip index -1
2024-06-16 17:39:25.077 INFO moe.nikky.nestcontrol.osc.OSCUtil : creating buttons for group 2 layer 2 (5)
2024-06-16 17:39:25.078 INFO osc.OscSynced : creating synced value for /composition/layers/5/connectspecificclip
2024-06-16 17:39:25.080 INFO moe.nikky.nestcontrol.osc.OSCUtil : creating buttons for group 2 layer 3 (6)
2024-06-16 17:39:25.080 INFO moe.nikky.nestcontrol.osc.OSCUtil : resolume group 2 layer 2 connectSpecificClip index -1
2024-06-16 17:39:25.081 INFO osc.OscSynced : creating synced value for /composition/layers/6/connectspecificclip
2024-06-16 17:39:25.082 INFO moe.nikky.nestcontrol.osc.OSCUtil : resolume group 2 layer 3 connectSpecificClip index -1
2024-06-16 17:39:25.082 INFO moe.nikky.nestcontrol.osc.OSCUtil : creating buttons for group 3 layer 1 (7)
2024-06-16 17:39:25.083 INFO osc.OscSynced : creating synced value for /composition/layers/7/connectspecificclip
2024-06-16 17:39:25.084 INFO moe.nikky.nestcontrol.osc.OSCUtil : resolume group 3 layer 1 connectSpecificClip index -1
2024-06-16 17:39:25.084 INFO moe.nikky.nestcontrol.osc.OSCUtil : creating buttons for group 3 layer 2 (8)
2024-06-16 17:39:25.085 INFO osc.OscSynced : creating synced value for /composition/layers/8/connectspecificclip
2024-06-16 17:39:25.087 INFO moe.nikky.nestcontrol.osc.OSCUtil : resolume group 3 layer 2 connectSpecificClip index -1
2024-06-16 17:39:25.087 INFO moe.nikky.nestcontrol.osc.OSCUtil : creating buttons for group 3 layer 3 (9)
2024-06-16 17:39:25.089 INFO moe.nikky.nestcontrol.osc.OSCUtil : resolume group 2 layer 1 changed to null
2024-06-16 17:39:25.089 INFO moe.nikky.nestcontrol.osc.OSCUtil : resolume group 2 layer 3 changed to null
2024-06-16 17:39:25.089 INFO osc.OscSynced : creating synced value for /composition/layers/9/connectspecificclip
2024-06-16 17:39:25.089 INFO moe.nikky.nestcontrol.osc.OSCUtil : resolume group 3 layer 2 changed to null
2024-06-16 17:39:25.089 INFO moe.nikky.nestcontrol.osc.OSCUtil : resolume group 1 layer 3 changed to null
2024-06-16 17:39:25.089 INFO moe.nikky.nestcontrol.osc.OSCUtil : resolume group 3 layer 1 changed to null
2024-06-16 17:39:25.089 INFO moe.nikky.nestcontrol.osc.OSCUtil : resolume group 2 layer 2 changed to null
2024-06-16 17:39:25.089 INFO moe.nikky.nestcontrol.osc.OSCUtil : resolume group 1 layer 1 changed to null
2024-06-16 17:39:25.090 INFO moe.nikky.nestcontrol.osc.OSCUtil : resolume group 3 layer 3 connectSpecificClip index -1
2024-06-16 17:39:25.090 INFO moe.nikky.nestcontrol.osc.OSCUtil : resolume group 3 layer 3 changed to null
2024-06-16 17:39:25.090 INFO moe.nikky.nestcontrol.osc.OSCUtil : creating buttons for group 4 layer 1 (10)
2024-06-16 17:39:25.091 INFO osc.OscSynced : creating synced value for /composition/layers/10/connectspecificclip
2024-06-16 17:39:25.091 INFO moe.nikky.nestcontrol.osc.OSCUtil : resolume group 1 layer 2 changed to null
2024-06-16 17:39:25.092 INFO moe.nikky.nestcontrol.osc.OSCUtil : resolume group 4 layer 1 connectSpecificClip index -1
2024-06-16 17:39:25.092 INFO moe.nikky.nestcontrol.osc.OSCUtil : resolume group 4 layer 1 changed to null
2024-06-16 17:39:25.092 INFO moe.nikky.nestcontrol.osc.OSCUtil : creating buttons for group 4 layer 2 (11)
2024-06-16 17:39:25.093 INFO osc.OscSynced : creating synced value for /composition/layers/11/connectspecificclip
2024-06-16 17:39:25.094 INFO moe.nikky.nestcontrol.osc.OSCUtil : creating buttons for group 4 layer 3 (12)
2024-06-16 17:39:25.094 INFO moe.nikky.nestcontrol.osc.OSCUtil : resolume group 4 layer 2 changed to null
2024-06-16 17:39:25.094 INFO moe.nikky.nestcontrol.osc.OSCUtil : resolume group 4 layer 2 connectSpecificClip index -1
2024-06-16 17:39:25.095 INFO osc.OscSynced : creating synced value for /composition/layers/12/connectspecificclip
2024-06-16 17:39:25.096 INFO moe.nikky.nestcontrol.osc.OSCUtil : resolume group 4 layer 3 changed to null
2024-06-16 17:39:25.096 INFO moe.nikky.nestcontrol.osc.OSCUtil : resolume group 4 layer 3 connectSpecificClip index -1
2024-06-16 17:39:25.097 INFO moe.nikky.nestcontrol.osc.OSCUtil : creating buttons for group 5 layer 1 (13)
2024-06-16 17:39:25.098 INFO osc.OscSynced : creating synced value for /composition/layers/13/connectspecificclip
2024-06-16 17:39:25.098 INFO moe.nikky.nestcontrol.osc.OSCUtil : resolume group 5 layer 1 changed to null
2024-06-16 17:39:25.098 INFO moe.nikky.nestcontrol.osc.OSCUtil : resolume group 5 layer 1 connectSpecificClip index -1
2024-06-16 17:39:25.098 INFO moe.nikky.nestcontrol.osc.OSCUtil : creating buttons for group 5 layer 2 (14)
2024-06-16 17:39:25.099 INFO osc.OscSynced : creating synced value for /composition/layers/14/connectspecificclip
2024-06-16 17:39:25.100 INFO moe.nikky.nestcontrol.osc.OSCUtil : resolume group 5 layer 2 changed to null
2024-06-16 17:39:25.100 INFO moe.nikky.nestcontrol.osc.OSCUtil : resolume group 5 layer 2 connectSpecificClip index -1
2024-06-16 17:39:25.100 INFO moe.nikky.nestcontrol.osc.OSCUtil : creating buttons for group 5 layer 3 (15)
2024-06-16 17:39:25.101 INFO osc.OscSynced : creating synced value for /composition/layers/15/connectspecificclip
2024-06-16 17:39:25.102 INFO moe.nikky.nestcontrol.osc.OSCUtil : resolume group 5 layer 3 changed to null
2024-06-16 17:39:25.102 INFO moe.nikky.nestcontrol.osc.OSCUtil : resolume group 5 layer 3 connectSpecificClip index -1
2024-06-16 17:39:25.102 INFO moe.nikky.nestcontrol.osc.OSCUtil : creating buttons for group 5 layer 4 (16)
2024-06-16 17:39:25.103 INFO osc.OscSynced : creating synced value for /composition/layers/16/connectspecificclip
2024-06-16 17:39:25.104 INFO moe.nikky.nestcontrol.osc.OSCUtil : resolume group 5 layer 4 changed to null
2024-06-16 17:39:25.104 INFO moe.nikky.nestcontrol.osc.OSCUtil : creating buttons for group 5 layer 5 (17)
2024-06-16 17:39:25.104 INFO moe.nikky.nestcontrol.osc.OSCUtil : resolume group 5 layer 4 connectSpecificClip index -1
2024-06-16 17:39:25.105 INFO osc.OscSynced : creating synced value for /composition/layers/17/connectspecificclip
2024-06-16 17:39:25.106 INFO moe.nikky.nestcontrol.osc.OSCUtil : resolume group 5 layer 5 connectSpecificClip index -1
2024-06-16 17:39:25.106 INFO moe.nikky.nestcontrol.osc.OSCUtil : creating buttons for group 6 layer 1 (18)
2024-06-16 17:39:25.106 INFO moe.nikky.nestcontrol.osc.OSCUtil : resolume group 5 layer 5 changed to null
2024-06-16 17:39:25.107 INFO osc.OscSynced : creating synced value for /composition/layers/18/connectspecificclip
2024-06-16 17:39:25.108 INFO moe.nikky.nestcontrol.osc.OSCUtil : creating buttons for group 6 layer 2 (19)
2024-06-16 17:39:25.110 INFO moe.nikky.nestcontrol.osc.OSCUtil : resolume group 6 layer 1 connectSpecificClip index -1
2024-06-16 17:39:25.110 INFO moe.nikky.nestcontrol.osc.OSCUtil : resolume group 6 layer 1 changed to null
2024-06-16 17:39:25.112 INFO osc.OscSynced : creating synced value for /composition/layers/19/connectspecificclip
2024-06-16 17:39:25.113 INFO moe.nikky.nestcontrol.osc.OSCUtil : resolume group 6 layer 2 connectSpecificClip index -1
2024-06-16 17:39:25.113 INFO moe.nikky.nestcontrol.osc.OSCUtil : creating buttons for group 6 layer 3 (20)
2024-06-16 17:39:25.113 INFO moe.nikky.nestcontrol.osc.OSCUtil : resolume group 6 layer 2 changed to null
2024-06-16 17:39:25.114 INFO osc.OscSynced : creating synced value for /composition/layers/20/connectspecificclip
2024-06-16 17:39:25.116 INFO moe.nikky.nestcontrol.osc.OSCUtil : creating buttons for group 6 layer 4 (21)
2024-06-16 17:39:25.116 INFO moe.nikky.nestcontrol.osc.OSCUtil : resolume group 6 layer 3 connectSpecificClip index -1
2024-06-16 17:39:25.116 INFO moe.nikky.nestcontrol.osc.OSCUtil : resolume group 6 layer 3 changed to null
2024-06-16 17:39:25.118 INFO osc.OscSynced : creating synced value for /composition/layers/21/connectspecificclip
2024-06-16 17:39:25.118 INFO moe.nikky.nestcontrol.osc.OSCUtil : {}
2024-06-16 17:39:25.119 INFO moe.nikky.nestcontrol.osc.OSCUtil : creating buttons for group 6 layer 5 (22)
2024-06-16 17:39:25.119 INFO moe.nikky.nestcontrol.osc.OSCUtil : resolume group 6 layer 4 changed to null
2024-06-16 17:39:25.120 INFO moe.nikky.nestcontrol.osc.OSCUtil : resolume group 6 layer 4 connectSpecificClip index -1
2024-06-16 17:39:25.121 INFO osc.OscSynced : creating synced value for /composition/layers/22/connectspecificclip
2024-06-16 17:39:25.122 INFO moe.nikky.nestcontrol.osc.OSCUtil : resolume group 6 layer 5 changed to null
2024-06-16 17:39:25.122 INFO moe.nikky.nestcontrol.osc.OSCUtil : resolume group 6 layer 5 connectSpecificClip index -1
2024-06-16 17:39:25.123 INFO moe.nikky.nestcontrol.osc.OSCUtil : creating buttons for group 6 layer 6 (23)
2024-06-16 17:39:25.123 INFO osc.OscSynced : creating synced value for /composition/layers/23/connectspecificclip
2024-06-16 17:39:25.124 INFO moe.nikky.nestcontrol.osc.OSCUtil : resolume group 6 layer 6 changed to null
2024-06-16 17:39:25.124 INFO moe.nikky.nestcontrol.osc.OSCUtil : resolume group 6 layer 6 connectSpecificClip index -1
2024-06-16 17:39:25.125 INFO moe.nikky.nestcontrol.osc.OSCUtil : creating buttons for group 6 layer 7 (24)
2024-06-16 17:39:25.126 INFO osc.OscSynced : creating synced value for /composition/layers/24/connectspecificclip
2024-06-16 17:39:25.127 INFO moe.nikky.nestcontrol.osc.OSCUtil : creating buttons for group 6 layer 8 (25)
2024-06-16 17:39:25.128 INFO moe.nikky.nestcontrol.osc.OSCUtil : resolume group 6 layer 7 connectSpecificClip index -1
2024-06-16 17:39:25.129 INFO osc.OscSynced : creating synced value for /composition/layers/25/connectspecificclip
2024-06-16 17:39:25.130 INFO moe.nikky.nestcontrol.osc.OSCUtil : resolume group 6 layer 7 changed to null
2024-06-16 17:39:25.131 INFO moe.nikky.nestcontrol.osc.OSCUtil : resolume group 6 layer 8 connectSpecificClip index -1
2024-06-16 17:39:25.131 INFO moe.nikky.nestcontrol.osc.OSCUtil : resolume group 6 layer 8 changed to null
2024-06-16 17:39:25.132 INFO moe.nikky.nestcontrol.osc.OSCUtil : creating buttons for group 6 layer 9 (26)
2024-06-16 17:39:25.133 INFO osc.OscSynced : creating synced value for /composition/layers/26/connectspecificclip
2024-06-16 17:39:25.135 INFO moe.nikky.nestcontrol.osc.OSCUtil : resolume group 6 layer 9 connectSpecificClip index -1
2024-06-16 17:39:25.136 INFO moe.nikky.nestcontrol.osc.OSCUtil : resolume group 6 layer 9 changed to null
2024-06-16 17:39:25.138 INFO moe.nikky.nestcontrol.osc.OSCUtil : creating buttons for group 7 layer 1 (27)
2024-06-16 17:39:25.139 INFO osc.OscSynced : creating synced value for /composition/layers/27/connectspecificclip
2024-06-16 17:39:25.140 INFO moe.nikky.nestcontrol.osc.OSCUtil : resolume group 7 layer 1 connectSpecificClip index -1
2024-06-16 17:39:25.140 INFO moe.nikky.nestcontrol.osc.OSCUtil : resolume group 7 layer 1 changed to null
2024-06-16 17:39:26.141 INFO osc.OscSynced : creating synced value for /beats
2024-06-16 17:39:26.142 INFO osc.OscSynced : creating synced value for /beatProgress
2024-06-16 17:39:26.143 INFO osc.OscSynced : creating synced value for /bpmRounded
2024-06-16 17:39:26.158 INFO nestdrop.loadQueuesKt : loading queues from C:\Users\nikky\VJ\NestDropProV2\DefaultUserProfile.xml
2024-06-16 17:39:27.915 ERROR nestdrop.loadQueuesKt : failed to parse queue 24
nl.adaptivity.xmlutil.serialization.UnknownXmlFieldException: Could not find a field for name (nestdrop.XmlDataClasses.Preset) Preset/Type (Attribute)
  candidates: Name (Attribute), Effects (Attribute), Overlay (Attribute), Sprite0 (Attribute), Sprite1 (Attribute), Sprite2 (Attribute), HotKey (Attribute), SettingCapture (Attribute), SettingCaptureValues (Attribute) at position Line number = 3
Column number = 38
System Id = null
Public Id = null
Location Uri= null
CharacterOffset = 167

	at nl.adaptivity.xmlutil.serialization.XmlConfig.DEFAULT_UNKNOWN_CHILD_HANDLER$lambda$2(XmlConfig.kt:433)
	at nl.adaptivity.xmlutil.serialization.DefaultXmlSerializationPolicy.handleUnknownContentRecovering(XmlSerializationPolicy.kt:609)
	at nl.adaptivity.xmlutil.serialization.XmlDecoderBase$TagDecoderBase.indexOf(XMLDecoder.kt:769)
	at nl.adaptivity.xmlutil.serialization.XmlDecoderBase$TagDecoderBase.decodeElementIndex(XMLDecoder.kt:935)
	at nestdrop.XmlDataClasses$Preset$$serializer.deserialize(XmlDataClasses.kt:75)
	at nestdrop.XmlDataClasses$Preset$$serializer.deserialize(XmlDataClasses.kt:75)
	at nl.adaptivity.xmlutil.serialization.XmlDecoderBase$AnonymousListDecoder.decodeSerializableElement(XMLDecoder.kt:1356)
	at kotlinx.serialization.encoding.CompositeDecoder$DefaultImpls.decodeSerializableElement$default(Decoding.kt:538)
	at kotlinx.serialization.internal.CollectionLikeSerializer.readElement(CollectionSerializers.kt:80)
	at kotlinx.serialization.internal.AbstractCollectionSerializer.readElement$default(CollectionSerializers.kt:51)
	at kotlinx.serialization.internal.AbstractCollectionSerializer.merge(CollectionSerializers.kt:36)
	at nl.adaptivity.xmlutil.serialization.XmlDecoderBase$TagDecoderBase.decodeSerializableElement(XMLDecoder.kt:629)
	at nestdrop.XmlDataClasses$Presets$$serializer.deserialize(XmlDataClasses.kt:68)
	at nestdrop.XmlDataClasses$Presets$$serializer.deserialize(XmlDataClasses.kt:68)
	at nl.adaptivity.xmlutil.serialization.XmlDecoderBase$TagDecoderBase.decodeSerializableElement(XMLDecoder.kt:631)
	at nestdrop.XmlDataClasses$QueueWindow$$serializer.deserialize(XmlDataClasses.kt:41)
	at nestdrop.XmlDataClasses$QueueWindow$$serializer.deserialize(XmlDataClasses.kt:41)
	at nl.adaptivity.xmlutil.serialization.XmlDecoderBase$XmlDecoder.decodeSerializableValue(XMLDecoder.kt:254)
	at nl.adaptivity.xmlutil.serialization.XML.decodeFromReader(XML.kt:441)
	at nl.adaptivity.xmlutil.serialization.XML.decodeFromReader$default(XML.kt:407)
	at nl.adaptivity.xmlutil.serialization.XML.decodeFromString(XML.kt:354)
	at nestdrop.LoadQueuesKt.loadQueue(loadQueues.kt:48)
	at nestdrop.LoadQueuesKt.loadQueues(loadQueues.kt:30)
	at Main$main$1$1.invokeSuspend(main.kt:482)
	at kotlin.coroutines.jvm.internal.BaseContinuationImpl.resumeWith(ContinuationImpl.kt:33)
	at kotlinx.coroutines.DispatchedTaskKt.resume(DispatchedTask.kt:231)
	at kotlinx.coroutines.DispatchedTaskKt.dispatch(DispatchedTask.kt:164)
	at kotlinx.coroutines.CancellableContinuationImpl.dispatchResume(CancellableContinuationImpl.kt:470)
	at kotlinx.coroutines.CancellableContinuationImpl.resumeImpl(CancellableContinuationImpl.kt:504)
	at kotlinx.coroutines.CancellableContinuationImpl.resumeImpl$default(CancellableContinuationImpl.kt:493)
	at kotlinx.coroutines.CancellableContinuationImpl.resumeUndispatched(CancellableContinuationImpl.kt:591)
	at kotlinx.coroutines.EventLoopImplBase$DelayedResumeTask.run(EventLoop.common.kt:490)
	at kotlinx.coroutines.EventLoopImplBase.processNextEvent(EventLoop.common.kt:277)
	at kotlinx.coroutines.BlockingCoroutine.joinBlocking(Builders.kt:95)
	at kotlinx.coroutines.BuildersKt__BuildersKt.runBlocking(Builders.kt:69)
	at kotlinx.coroutines.BuildersKt.runBlocking(Unknown Source)
	at kotlinx.coroutines.BuildersKt__BuildersKt.runBlocking$default(Builders.kt:48)
	at kotlinx.coroutines.BuildersKt.runBlocking$default(Unknown Source)
	at Main$main$1.invokeSuspend(main.kt:74)
	at kotlin.coroutines.jvm.internal.BaseContinuationImpl.resumeWith(ContinuationImpl.kt:33)
	at kotlinx.coroutines.DispatchedTask.run(DispatchedTask.kt:104)
	at kotlinx.coroutines.EventLoopImplBase.processNextEvent(EventLoop.common.kt:277)
	at kotlinx.coroutines.BlockingCoroutine.joinBlocking(Builders.kt:95)
	at kotlinx.coroutines.BuildersKt__BuildersKt.runBlocking(Builders.kt:69)
	at kotlinx.coroutines.BuildersKt.runBlocking(Unknown Source)
	at kotlinx.coroutines.BuildersKt__BuildersKt.runBlocking$default(Builders.kt:48)
	at kotlinx.coroutines.BuildersKt.runBlocking$default(Unknown Source)
	at Main.main(main.kt:69)

2024-06-16 17:39:28.171 INFO moe.nikky.nestcontrol.Config : loaded Config(beats=64, deck1=DeckConfig(triggerTime=0.75, transitionTime=5.0, presetQueue=PresetQueue(index=-1, name=null, autoChange=false, toggles=[]), preset=Preset(autoChange=false), sprite=Sprite(autoChange=false, index=-1, name=null, toggles=[]), spriteQueue=SpriteQueue(index=-1, name=null), spoutQueue=SpoutQueue(index=-1, name=null), spout=Spout(index=-1, label=null), spriteFX=SpriteFX(autoChange=false, blendMode=false, index=-1, toggles=[]), bpmSync=BpmSync(enabled=false, multiplier=4), strobe=Strobe(enabled=false)), deck2=DeckConfig(triggerTime=0.25, transitionTime=5.0, presetQueue=PresetQueue(index=-1, name=null, autoChange=false, toggles=[]), preset=Preset(autoChange=false), sprite=Sprite(autoChange=false, index=-1, name=null, toggles=[]), spriteQueue=SpriteQueue(index=-1, name=null), spoutQueue=SpoutQueue(index=-1, name=null), spout=Spout(index=-1, label=null), spriteFX=SpriteFX(autoChange=false, blendMode=false, index=-1, toggles=[]), bpmSync=BpmSync(enabled=false, multiplier=4), strobe=Strobe(enabled=false)))
2024-06-16 17:39:28.180 DEBUG .(DeckConfig.kt:46) : [Queue(index=4, name=sprites_fg, type=Sprite, open=true, deck=1, presets=[Preset(index=0, name=transpower.png, effects=84, overlay=false), Preset(index=1, name=estrogen.png, effects=52, overlay=false), Preset(index=2, name=lsd.jpg, effects=52, overlay=false), Preset(index=3, name=psilocybin.jpg, effects=52, overlay=false), Preset(index=4, name=NEST LOGO_4K.jpg, effects=54, overlay=false), Preset(index=5, name=impossible-161955.png, effects=56, overlay=false), Preset(index=6, name=glowing cat.jpg, effects=94, overlay=false), Preset(index=7, name=red eyes.jpg, effects=52, overlay=false), Preset(index=8, name=Recursion Hexagon - Jason Fletcher.png, effects=84, overlay=false), Preset(index=9, name=radiation-646212.png, effects=54, overlay=false), Preset(index=10, name=biohazard-148696.png, effects=52, overlay=false), Preset(index=11, name=under-construction-2408062.png, effects=52, overlay=false), Preset(index=12, name=warning-44458.png, effects=52, overlay=false), Preset(index=13, name=nezulie-icon.png, effects=54, overlay=false), Preset(index=14, name=nezulie-N.png, effects=50, overlay=false), Preset(index=15, name=nezulie-E.png, effects=52, overlay=false), Preset(index=16, name=nezulie-Z.png, effects=94, overlay=false), Preset(index=17, name=nezulie-U.png, effects=52, overlay=false), Preset(index=18, name=nezulie-L.png, effects=95, overlay=false), Preset(index=19, name=chaosdorf_green.png, effects=96, overlay=false), Preset(index=20, name=chaosdorf_monochrome.png, effects=0, overlay=false), Preset(index=21, name=nik_the_dusky.png, effects=56, overlay=false), Preset(index=22, name=tinybrainplayzX4.png, effects=50, overlay=true)]), Queue(index=5, name=spout_fg, type=Sprite, open=true, deck=1, presets=[Preset(index=0, name=NestDrop Deck 2, effects=0, overlay=false), Preset(index=1, name=Group1, effects=0, overlay=false), Preset(index=2, name=Group2, effects=0, overlay=false), Preset(index=3, name=Group3, effects=0, overlay=false), Preset(index=4, name=Group4, effects=0, overlay=false), Preset(index=5, name=Group1, effects=51, overlay=false), Preset(index=6, name=Group2, effects=51, overlay=false), Preset(index=7, name=Group3, effects=51, overlay=false), Preset(index=8, name=Group4, effects=51, overlay=false), Preset(index=9, name=Arena - 1, effects=0, overlay=false), Preset(index=10, name=Arena - 2, effects=0, overlay=false), Preset(index=11, name=Arena - 3, effects=0, overlay=false), Preset(index=12, name=Arena - 4, effects=0, overlay=false), Preset(index=13, name=Arena - 1, effects=51, overlay=false), Preset(index=14, name=Arena - 2, effects=51, overlay=false), Preset(index=15, name=Arena - 3, effects=51, overlay=false), Preset(index=16, name=Arena - 4, effects=51, overlay=false)])]
2024-06-16 17:39:28.182 INFO .(DeckConfig.kt:59) : loading presets from queue
2024-06-16 17:39:28.183 INFO .(DeckConfig.kt:62) : loaded deck1 []
2024-06-16 17:39:28.184 DEBUG .(DeckConfig.kt:74) : loading spout queue null from [Queue(index=4, name=sprites_fg, type=Sprite, open=true, deck=1, presets=[Preset(index=0, name=transpower.png, effects=84, overlay=false), Preset(index=1, name=estrogen.png, effects=52, overlay=false), Preset(index=2, name=lsd.jpg, effects=52, overlay=false), Preset(index=3, name=psilocybin.jpg, effects=52, overlay=false), Preset(index=4, name=NEST LOGO_4K.jpg, effects=54, overlay=false), Preset(index=5, name=impossible-161955.png, effects=56, overlay=false), Preset(index=6, name=glowing cat.jpg, effects=94, overlay=false), Preset(index=7, name=red eyes.jpg, effects=52, overlay=false), Preset(index=8, name=Recursion Hexagon - Jason Fletcher.png, effects=84, overlay=false), Preset(index=9, name=radiation-646212.png, effects=54, overlay=false), Preset(index=10, name=biohazard-148696.png, effects=52, overlay=false), Preset(index=11, name=under-construction-2408062.png, effects=52, overlay=false), Preset(index=12, name=warning-44458.png, effects=52, overlay=false), Preset(index=13, name=nezulie-icon.png, effects=54, overlay=false), Preset(index=14, name=nezulie-N.png, effects=50, overlay=false), Preset(index=15, name=nezulie-E.png, effects=52, overlay=false), Preset(index=16, name=nezulie-Z.png, effects=94, overlay=false), Preset(index=17, name=nezulie-U.png, effects=52, overlay=false), Preset(index=18, name=nezulie-L.png, effects=95, overlay=false), Preset(index=19, name=chaosdorf_green.png, effects=96, overlay=false), Preset(index=20, name=chaosdorf_monochrome.png, effects=0, overlay=false), Preset(index=21, name=nik_the_dusky.png, effects=56, overlay=false), Preset(index=22, name=tinybrainplayzX4.png, effects=50, overlay=true)]), Queue(index=5, name=spout_fg, type=Sprite, open=true, deck=1, presets=[Preset(index=0, name=NestDrop Deck 2, effects=0, overlay=false), Preset(index=1, name=Group1, effects=0, overlay=false), Preset(index=2, name=Group2, effects=0, overlay=false), Preset(index=3, name=Group3, effects=0, overlay=false), Preset(index=4, name=Group4, effects=0, overlay=false), Preset(index=5, name=Group1, effects=51, overlay=false), Preset(index=6, name=Group2, effects=51, overlay=false), Preset(index=7, name=Group3, effects=51, overlay=false), Preset(index=8, name=Group4, effects=51, overlay=false), Preset(index=9, name=Arena - 1, effects=0, overlay=false), Preset(index=10, name=Arena - 2, effects=0, overlay=false), Preset(index=11, name=Arena - 3, effects=0, overlay=false), Preset(index=12, name=Arena - 4, effects=0, overlay=false), Preset(index=13, name=Arena - 1, effects=51, overlay=false), Preset(index=14, name=Arena - 2, effects=51, overlay=false), Preset(index=15, name=Arena - 3, effects=51, overlay=false), Preset(index=16, name=Arena - 4, effects=51, overlay=false)])]
2024-06-16 17:39:28.185 INFO .(DeckConfig.kt:79) : loading presets from queue
2024-06-16 17:39:28.186 DEBUG .(DeckConfig.kt:46) : [Queue(index=6, name=sprites_bg, type=Sprite, open=true, deck=2, presets=[Preset(index=0, name=transpower.png, effects=94, overlay=false), Preset(index=1, name=estrogen.png, effects=50, overlay=false), Preset(index=2, name=lsd.jpg, effects=50, overlay=false), Preset(index=3, name=psilocybin.jpg, effects=52, overlay=false), Preset(index=4, name=NEST LOGO_4K.jpg, effects=50, overlay=false), Preset(index=5, name=impossible-161955.png, effects=54, overlay=false), Preset(index=6, name=glowing cat.jpg, effects=54, overlay=false), Preset(index=7, name=red eyes.jpg, effects=52, overlay=false), Preset(index=8, name=Recursion Hexagon - Jason Fletcher.png, effects=32, overlay=false), Preset(index=9, name=radiation-646212.png, effects=94, overlay=false), Preset(index=10, name=biohazard-148696.png, effects=94, overlay=false), Preset(index=11, name=under-construction-2408062.png, effects=52, overlay=false), Preset(index=12, name=warning-44458.png, effects=50, overlay=false), Preset(index=13, name=nezulie-icon.png, effects=56, overlay=false), Preset(index=14, name=nezulie-N.png, effects=95, overlay=false), Preset(index=15, name=nezulie-E.png, effects=95, overlay=false), Preset(index=16, name=nezulie-Z.png, effects=52, overlay=false), Preset(index=17, name=nezulie-U.png, effects=95, overlay=false), Preset(index=18, name=nezulie-L.png, effects=52, overlay=false), Preset(index=19, name=chaosdorf_green.png, effects=50, overlay=false), Preset(index=20, name=chaosdorf_monochrome.png, effects=0, overlay=false), Preset(index=21, name=nik_the_dusky.png, effects=50, overlay=false), Preset(index=22, name=tinybrainplayzX4.png, effects=54, overlay=false)]), Queue(index=7, name=spout_bg, type=Sprite, open=true, deck=2, presets=[Preset(index=0, name=NestDrop Deck 1, effects=0, overlay=false), Preset(index=1, name=Group1, effects=0, overlay=false), Preset(index=2, name=Group2, effects=0, overlay=false), Preset(index=3, name=Group3, effects=0, overlay=false), Preset(index=4, name=Group4, effects=0, overlay=false), Preset(index=5, name=Group1, effects=51, overlay=false), Preset(index=6, name=Group2, effects=51, overlay=false), Preset(index=7, name=Group3, effects=51, overlay=false), Preset(index=8, name=Group4, effects=51, overlay=false), Preset(index=9, name=Arena - 1, effects=0, overlay=false), Preset(index=10, name=Arena - 2, effects=0, overlay=false), Preset(index=11, name=Arena - 3, effects=0, overlay=false), Preset(index=12, name=Arena - 4, effects=0, overlay=false), Preset(index=13, name=Arena - 1, effects=51, overlay=false), Preset(index=14, name=Arena - 2, effects=51, overlay=false), Preset(index=15, name=Arena - 3, effects=51, overlay=false), Preset(index=16, name=Arena - 4, effects=51, overlay=false)])]
2024-06-16 17:39:28.186 INFO .(DeckConfig.kt:59) : loading presets from queue
2024-06-16 17:39:28.187 INFO .(DeckConfig.kt:62) : loaded deck2 []
2024-06-16 17:39:28.187 DEBUG .(DeckConfig.kt:74) : loading spout queue null from [Queue(index=6, name=sprites_bg, type=Sprite, open=true, deck=2, presets=[Preset(index=0, name=transpower.png, effects=94, overlay=false), Preset(index=1, name=estrogen.png, effects=50, overlay=false), Preset(index=2, name=lsd.jpg, effects=50, overlay=false), Preset(index=3, name=psilocybin.jpg, effects=52, overlay=false), Preset(index=4, name=NEST LOGO_4K.jpg, effects=50, overlay=false), Preset(index=5, name=impossible-161955.png, effects=54, overlay=false), Preset(index=6, name=glowing cat.jpg, effects=54, overlay=false), Preset(index=7, name=red eyes.jpg, effects=52, overlay=false), Preset(index=8, name=Recursion Hexagon - Jason Fletcher.png, effects=32, overlay=false), Preset(index=9, name=radiation-646212.png, effects=94, overlay=false), Preset(index=10, name=biohazard-148696.png, effects=94, overlay=false), Preset(index=11, name=under-construction-2408062.png, effects=52, overlay=false), Preset(index=12, name=warning-44458.png, effects=50, overlay=false), Preset(index=13, name=nezulie-icon.png, effects=56, overlay=false), Preset(index=14, name=nezulie-N.png, effects=95, overlay=false), Preset(index=15, name=nezulie-E.png, effects=95, overlay=false), Preset(index=16, name=nezulie-Z.png, effects=52, overlay=false), Preset(index=17, name=nezulie-U.png, effects=95, overlay=false), Preset(index=18, name=nezulie-L.png, effects=52, overlay=false), Preset(index=19, name=chaosdorf_green.png, effects=50, overlay=false), Preset(index=20, name=chaosdorf_monochrome.png, effects=0, overlay=false), Preset(index=21, name=nik_the_dusky.png, effects=50, overlay=false), Preset(index=22, name=tinybrainplayzX4.png, effects=54, overlay=false)]), Queue(index=7, name=spout_bg, type=Sprite, open=true, deck=2, presets=[Preset(index=0, name=NestDrop Deck 1, effects=0, overlay=false), Preset(index=1, name=Group1, effects=0, overlay=false), Preset(index=2, name=Group2, effects=0, overlay=false), Preset(index=3, name=Group3, effects=0, overlay=false), Preset(index=4, name=Group4, effects=0, overlay=false), Preset(index=5, name=Group1, effects=51, overlay=false), Preset(index=6, name=Group2, effects=51, overlay=false), Preset(index=7, name=Group3, effects=51, overlay=false), Preset(index=8, name=Group4, effects=51, overlay=false), Preset(index=9, name=Arena - 1, effects=0, overlay=false), Preset(index=10, name=Arena - 2, effects=0, overlay=false), Preset(index=11, name=Arena - 3, effects=0, overlay=false), Preset(index=12, name=Arena - 4, effects=0, overlay=false), Preset(index=13, name=Arena - 1, effects=51, overlay=false), Preset(index=14, name=Arena - 2, effects=51, overlay=false), Preset(index=15, name=Arena - 3, effects=51, overlay=false), Preset(index=16, name=Arena - 4, effects=51, overlay=false)])]
2024-06-16 17:39:28.187 INFO .(DeckConfig.kt:79) : loading presets from queue
2024-06-16 17:39:28.688 INFO nestdrop.deck.PresetQueues : initializing preset queues
2024-06-16 17:39:28.689 INFO nestdrop.deck.PresetQueues : queues updated
2024-06-16 17:39:28.695 INFO nestdrop.deck.Deck : initializing deck1
2024-06-16 17:39:28.696 INFO nestdrop.deck.PresetQueues : combining queues with deck switches
2024-06-16 17:39:28.698 INFO nestdrop.deck.PresetQueues : queues updated
2024-06-16 17:39:28.699 INFO nestdrop.deck.PresetQueues : combining queues with deck switches
2024-06-16 17:39:28.700 INFO nestdrop.deck.PresetQueues : combining queues with deck switches
2024-06-16 17:39:28.700 INFO nestdrop.deck.PresetQueues : queues updated
2024-06-16 17:39:28.701 INFO nestdrop.deck.PresetQueues : queues updated
2024-06-16 17:39:28.701 INFO nestdrop.deck.PresetQueues : combining queues with deck switches
2024-06-16 17:39:28.701 INFO nestdrop.deck.PresetQueues : queues updated
2024-06-16 17:39:28.702 INFO nestdrop.deck.PresetQueues : combining queues with deck switches
2024-06-16 17:39:28.702 INFO nestdrop.deck.PresetQueues : queues updated
2024-06-16 17:39:28.725 INFO nestdrop.deck.Deck : initializing deck1 preset queue
2024-06-16 17:39:28.735 INFO nestdrop.deck.Deck : initializing deck1 preset
2024-06-16 17:39:28.736 INFO nestdrop.deck.Deck : deck1 queue: null
2024-06-16 17:39:28.741 INFO nestdrop.deck.Deck : initializing deck1 sprite queues
2024-06-16 17:39:28.745 INFO nestdrop.deck.Deck : initializing deck1 sprite queue
2024-06-16 17:39:28.750 INFO nestdrop.deck.Deck : initializing deck1 sprite
2024-06-16 17:39:28.755 INFO nestdrop.deck.Deck : initializing deck1 sprite fx
2024-06-16 17:39:28.759 INFO nestdrop.deck.Deck : initializing deck1 spout queue
2024-06-16 17:39:28.760 INFO nestdrop.deck.Deck : setting deck1 FX to 0
2024-06-16 17:39:28.763 INFO nestdrop.deck.Deck : initializing deck1 spout
2024-06-16 17:39:28.768 INFO nestdrop.deck.Deck : deck1 spout name null
2024-06-16 17:39:28.768 INFO nestdrop.deck.Deck : initializing deck2
2024-06-16 17:39:28.770 INFO nestdrop.deck.Deck : initializing deck2 preset queue
2024-06-16 17:39:28.770 INFO nestdrop.deck.Deck : deck2 queue: null
2024-06-16 17:39:28.771 INFO nestdrop.deck.Deck : initializing deck2 preset
2024-06-16 17:39:28.771 INFO nestdrop.deck.Deck : spout sync triggered
2024-06-16 17:39:28.771 INFO nestdrop.deck.Deck : initializing deck2 sprite queues
2024-06-16 17:39:28.772 INFO nestdrop.deck.Deck : deck1 spout queue changed: null
2024-06-16 17:39:28.772 INFO nestdrop.deck.Deck : initializing deck2 sprite queue
2024-06-16 17:39:28.772 INFO nestdrop.deck.Deck : deck1 spout index changed: -1
2024-06-16 17:39:28.772 INFO nestdrop.deck.Deck : initializing deck2 sprite
2024-06-16 17:39:28.773 INFO nestdrop.deck.Deck : initializing deck2 sprite fx
2024-06-16 17:39:28.773 INFO nestdrop.deck.Deck : initializing deck2 spout queue
2024-06-16 17:39:28.775 INFO nestdrop.deck.Deck : setting deck2 FX to 0
2024-06-16 17:39:28.775 INFO nestdrop.deck.Deck : initializing deck2 spout
2024-06-16 17:39:28.776 INFO nestdrop.deck.Deck : spout sync triggered
2024-06-16 17:39:28.776 INFO nestdrop.deck.Deck : deck2 spout name null
2024-06-16 17:39:28.776 INFO nestdrop.deck.Deck : deck2 spout queue changed: null
2024-06-16 17:39:28.777 INFO nestdrop.deck.Deck : deck2 spout index changed: -1
2024-06-16 17:39:28.778 INFO nestdrop.deck.loadDeckSettingsKt : loading settings from deck1
2024-06-16 17:39:28.805 DEBUG .(NestdropSpriteQueue.kt:122) : not switching after initializing program
2024-06-16 17:39:28.824 DEBUG .(NestdropSpriteQueue.kt:122) : not switching after initializing program
2024-06-16 17:39:28.862 INFO nestdrop.deck.loadDeckSettingsKt : DeckSettings(deckPanelsIsOpen=StringValue(value=0,0,0,0,0,0), transitTime=FloatValue(value=3.6), fps=IntValue(value=30), animationSpeed=FloatValue(value=0.5217391), zoomSpeed=FloatValue(value=0.9), ZoomExp=FloatValue(value=1.0), rotationSpeed=FloatValue(value=0.9), wrapSpeed=FloatValue(value=0.8), horizontalMotion=FloatValue(value=0.0), verticalMotion=FloatValue(value=0.0), stretchSpeed=FloatValue(value=1.0), waveMode=FloatValue(value=1.0), negative=FloatValue(value=0.0), red=FloatValue(value=1.0), green=FloatValue(value=1.0), blue=FloatValue(value=1.0), brightness=FloatValue(value=1.0), contrast=FloatValue(value=1.160816), gamma=FloatValue(value=1.210332), hue=FloatValue(value=0.0), saturation=FloatValue(value=1.0), lumaKey=RangeValue(min=0.0, max=1.0), alpha=FloatValue(value=1.0), strobe=Strobe(effectIndex=14, color=4294967295, effectSpanMin=0.0, effectSpanMax=1.0, triggerIndex=0, speed=0.26, pulseWidth=1.0, waveFormIndex=2), audio=Audio(channel=3, bass=1.0, mid=1.0, treble=1.0), spout=Spout(width=1920, height=1080), videoDeck=VideoDeck(preview=4, topMost=false), outputMonitor=IntValue(value=0), ndi=BooleanValue(value=false))
2024-06-16 17:39:28.863 INFO nestdrop.deck.loadDeckSettingsKt : loading settings from deck2
2024-06-16 17:39:28.874 INFO nestdrop.deck.Deck : deck1 spout change: -1 in null
2024-06-16 17:39:28.875 DEBUG .(NestdropSpriteQueue.kt:122) : not switching after initializing program
2024-06-16 17:39:28.876 INFO nestdrop.deck.Deck : deck2 spout change: -1 in null
2024-06-16 17:39:28.876 DEBUG .(NestdropSpriteQueue.kt:122) : not switching after initializing program
2024-06-16 17:39:28.920 INFO nestdrop.deck.loadDeckSettingsKt : DeckSettings(deckPanelsIsOpen=StringValue(value=0,0,0,0,0,0), transitTime=FloatValue(value=3.2), fps=IntValue(value=30), animationSpeed=FloatValue(value=0.5217391), zoomSpeed=FloatValue(value=1.0), ZoomExp=FloatValue(value=1.0), rotationSpeed=FloatValue(value=1.0), wrapSpeed=FloatValue(value=1.0), horizontalMotion=FloatValue(value=0.0), verticalMotion=FloatValue(value=0.0), stretchSpeed=FloatValue(value=1.0), waveMode=FloatValue(value=0.0), negative=FloatValue(value=0.0), red=FloatValue(value=1.0), green=FloatValue(value=1.0), blue=FloatValue(value=1.0), brightness=FloatValue(value=1.0), contrast=FloatValue(value=1.236419), gamma=FloatValue(value=1.085513), hue=FloatValue(value=0.0), saturation=FloatValue(value=1.0), lumaKey=RangeValue(min=0.0, max=1.0), alpha=FloatValue(value=1.0), strobe=Strobe(effectIndex=14, color=4294967295, effectSpanMin=0.0, effectSpanMax=1.0, triggerIndex=0, speed=0.26, pulseWidth=1.0, waveFormIndex=2), audio=Audio(channel=3, bass=1.0, mid=1.0, treble=1.0), spout=Spout(width=1920, height=1080), videoDeck=VideoDeck(preview=4, topMost=false), outputMonitor=IntValue(value=0), ndi=BooleanValue(value=false))
2024-06-16 17:39:28.921 INFO Main : initializing OSC
2024-06-16 17:39:29.132 DEBUG moe.nikky.nestcontrol.Config : saving config Config(beats=64, deck1=DeckConfig(triggerTime=0.75, transitionTime=5.0, presetQueue=PresetQueue(index=-1, name=null, autoChange=false, toggles=[]), preset=Preset(autoChange=false), sprite=Sprite(autoChange=false, index=-1, name=null, toggles=[]), spriteQueue=SpriteQueue(index=-1, name=null), spoutQueue=SpoutQueue(index=-1, name=null), spout=Spout(index=-1, label=null), spriteFX=SpriteFX(autoChange=false, blendMode=false, index=-1, toggles=[]), bpmSync=BpmSync(enabled=false, multiplier=4), strobe=Strobe(enabled=false)), deck2=DeckConfig(triggerTime=0.25, transitionTime=5.0, presetQueue=PresetQueue(index=-1, name=null, autoChange=false, toggles=[]), preset=Preset(autoChange=false), sprite=Sprite(autoChange=false, index=-1, name=null, toggles=[]), spriteQueue=SpriteQueue(index=-1, name=null), spoutQueue=SpoutQueue(index=-1, name=null), spout=Spout(index=-1, label=null), spriteFX=SpriteFX(autoChange=false, blendMode=false, index=-1, toggles=[]), bpmSync=BpmSync(enabled=false, multiplier=4), strobe=Strobe(enabled=false)))
2024-06-16 17:39:29.458 INFO Main : re-emitting all values
2024-06-16 17:39:36.004 INFO nestdrop.deck.Deck : triggered at 16.08799999999998, 16.0
2024-06-16 17:39:52.101 INFO nestdrop.deck.Deck : triggered at 48.14600000000013, 48.0
2024-06-16 17:40:08.199 INFO nestdrop.deck.Deck : triggered at 16.192000000000277, 16.0
2024-06-16 17:40:24.215 INFO nestdrop.deck.Deck : triggered at 48.06400000000043, 48.0
2024-06-16 17:40:40.309 INFO nestdrop.deck.Deck : triggered at 16.106000000000595, 16.0
2024-06-16 17:40:56.410 INFO nestdrop.deck.Deck : triggered at 48.168000000000745, 48.0
2024-06-16 17:41:12.407 INFO nestdrop.deck.Deck : triggered at 16.022000000000887, 16.0
