2024-06-16 17:35:27.150 WARN Main : WARN
2024-06-16 17:35:27.157 ERROR Main : ERROR
2024-06-16 17:35:27.159 FATAL Main : FATAL
2024-06-16 17:35:27.165 INFO osc.OscSynced : creating synced value for /linkConnected
2024-06-16 17:35:27.168 INFO osc.OscSynced : creating synced value for /bpm
2024-06-16 17:35:27.169 INFO osc.OscSynced : creating synced value for /peers
2024-06-16 17:35:27.178 WARN Main : waiting for link to connect
2024-06-16 17:35:27.275 INFO Link : connecting to ableton link...
2024-06-16 17:35:27.698 INFO osc.OscSynced : creating synced value for /sprite_FX/label/0
2024-06-16 17:35:27.700 INFO osc.OscSynced : creating synced value for /sprite_FX/label/1
2024-06-16 17:35:27.701 INFO osc.OscSynced : creating synced value for /sprite_FX/label/2
2024-06-16 17:35:27.702 INFO osc.OscSynced : creating synced value for /sprite_FX/label/3
2024-06-16 17:35:27.703 INFO osc.OscSynced : creating synced value for /sprite_FX/label/4
2024-06-16 17:35:27.704 INFO osc.OscSynced : creating synced value for /sprite_FX/label/5
2024-06-16 17:35:27.705 INFO osc.OscSynced : creating synced value for /sprite_FX/label/6
2024-06-16 17:35:27.706 INFO osc.OscSynced : creating synced value for /sprite_FX/label/7
2024-06-16 17:35:27.708 INFO osc.OscSynced : creating synced value for /sprite_FX/label/8
2024-06-16 17:35:27.710 INFO osc.OscSynced : creating synced value for /sprite_FX/label/9
2024-06-16 17:35:27.711 INFO osc.OscSynced : creating synced value for /sprite_FX/label/10
2024-06-16 17:35:27.712 INFO osc.OscSynced : creating synced value for /sprite_FX/label/11
2024-06-16 17:35:27.713 INFO osc.OscSynced : creating synced value for /sprite_FX/label/12
2024-06-16 17:35:27.714 INFO osc.OscSynced : creating synced value for /sprite_FX/label/13
2024-06-16 17:35:27.715 INFO osc.OscSynced : creating synced value for /sprite_FX/label/14
2024-06-16 17:35:27.716 INFO osc.OscSynced : creating synced value for /sprite_FX/label/15
2024-06-16 17:35:27.718 INFO osc.OscSynced : creating synced value for /sprite_FX/label/16
2024-06-16 17:35:27.720 INFO osc.OscSynced : creating synced value for /sprite_FX/label/17
2024-06-16 17:35:27.721 INFO osc.OscSynced : creating synced value for /sprite_FX/label/18
2024-06-16 17:35:27.722 INFO osc.OscSynced : creating synced value for /sprite_FX/label/19
2024-06-16 17:35:27.723 INFO osc.OscSynced : creating synced value for /sprite_FX/label/20
2024-06-16 17:35:27.724 INFO osc.OscSynced : creating synced value for /sprite_FX/label/21
2024-06-16 17:35:27.725 INFO osc.OscSynced : creating synced value for /sprite_FX/label/22
2024-06-16 17:35:27.727 INFO osc.OscSynced : creating synced value for /sprite_FX/label/23
2024-06-16 17:35:27.728 INFO osc.OscSynced : creating synced value for /sprite_FX/label/25
2024-06-16 17:35:27.730 INFO osc.OscSynced : creating synced value for /sprite_FX/label/26
2024-06-16 17:35:27.731 INFO osc.OscSynced : creating synced value for /sprite_FX/label/27
2024-06-16 17:35:27.727 INFO osc.OscSynced : creating synced value for /sprite_FX/label/24
2024-06-16 17:35:27.731 INFO osc.OscSynced : creating synced value for /sprite_FX/label/28
2024-06-16 17:35:27.733 INFO osc.OscSynced : creating synced value for /sprite_FX/label/29
2024-06-16 17:35:27.734 INFO osc.OscSynced : creating synced value for /sprite_FX/label/30
2024-06-16 17:35:27.735 INFO osc.OscSynced : creating synced value for /sprite_FX/label/31
2024-06-16 17:35:27.736 INFO osc.OscSynced : creating synced value for /sprite_FX/label/32
2024-06-16 17:35:27.736 INFO osc.OscSynced : creating synced value for /sprite_FX/label/33
2024-06-16 17:35:27.738 INFO osc.OscSynced : creating synced value for /sprite_FX/label/34
2024-06-16 17:35:27.739 INFO osc.OscSynced : creating synced value for /sprite_FX/label/35
2024-06-16 17:35:27.740 INFO osc.OscSynced : creating synced value for /sprite_FX/label/36
2024-06-16 17:35:27.741 INFO osc.OscSynced : creating synced value for /sprite_FX/label/37
2024-06-16 17:35:27.742 INFO osc.OscSynced : creating synced value for /sprite_FX/label/38
2024-06-16 17:35:27.742 INFO osc.OscSynced : creating synced value for /sprite_FX/label/39
2024-06-16 17:35:27.744 INFO osc.OscSynced : creating synced value for /sprite_FX/label/40
2024-06-16 17:35:27.745 INFO osc.OscSynced : creating synced value for /sprite_FX/label/41
2024-06-16 17:35:27.746 INFO osc.OscSynced : creating synced value for /sprite_FX/label/42
2024-06-16 17:35:27.747 INFO osc.OscSynced : creating synced value for /sprite_FX/label/43
2024-06-16 17:35:27.748 INFO osc.OscSynced : creating synced value for /sprite_FX/label/44
2024-06-16 17:35:27.749 INFO osc.OscSynced : creating synced value for /sprite_FX/label/45
2024-06-16 17:35:27.750 INFO osc.OscSynced : creating synced value for /sprite_FX/label/46
2024-06-16 17:35:27.751 INFO osc.OscSynced : creating synced value for /sprite_FX/label/47
2024-06-16 17:35:27.751 INFO osc.OscSynced : creating synced value for /sprite_FX/label/48
2024-06-16 17:35:27.753 INFO osc.OscSynced : creating synced value for /sprite_FX/label/49
2024-06-16 17:35:27.754 INFO osc.OscSynced : creating synced value for /sprite_FX/label/50
2024-06-16 17:35:27.755 INFO osc.OscSynced : creating synced value for /sprite_FX/label/51
2024-06-16 17:35:27.756 INFO osc.OscSynced : creating synced value for /sprite_FX/label/52
2024-06-16 17:35:27.756 INFO osc.OscSynced : creating synced value for /sprite_FX/label/53
2024-06-16 17:35:27.758 INFO osc.OscSynced : creating synced value for /sprite_FX/label/54
2024-06-16 17:35:27.759 INFO osc.OscSynced : creating synced value for /sprite_FX/label/55
2024-06-16 17:35:27.760 INFO osc.OscSynced : creating synced value for /sprite_FX/label/56
2024-06-16 17:35:27.761 INFO osc.OscSynced : creating synced value for /sprite_FX/label/57
2024-06-16 17:35:27.762 INFO osc.OscSynced : creating synced value for /sprite_FX/label/58
2024-06-16 17:35:27.763 INFO osc.OscSynced : creating synced value for /sprite_FX/label/59
2024-06-16 17:35:27.764 INFO osc.OscSynced : creating synced value for /sprite_FX/label/60
2024-06-16 17:35:27.764 INFO osc.OscSynced : creating synced value for /sprite_FX/label/61
2024-06-16 17:35:27.765 INFO osc.OscSynced : creating synced value for /sprite_FX/label/62
2024-06-16 17:35:27.766 INFO osc.OscSynced : creating synced value for /sprite_FX/label/63
2024-06-16 17:35:27.768 INFO osc.OscSynced : creating synced value for /sprite_FX/label/64
2024-06-16 17:35:27.768 INFO osc.OscSynced : creating synced value for /sprite_FX/label/65
2024-06-16 17:35:27.769 INFO osc.OscSynced : creating synced value for /sprite_FX/label/66
2024-06-16 17:35:27.771 INFO osc.OscSynced : creating synced value for /sprite_FX/label/67
2024-06-16 17:35:27.771 INFO osc.OscSynced : creating synced value for /sprite_FX/label/68
2024-06-16 17:35:27.772 INFO osc.OscSynced : creating synced value for /sprite_FX/label/69
2024-06-16 17:35:27.773 INFO osc.OscSynced : creating synced value for /sprite_FX/label/70
2024-06-16 17:35:27.774 INFO osc.OscSynced : creating synced value for /sprite_FX/label/71
2024-06-16 17:35:27.775 INFO osc.OscSynced : creating synced value for /sprite_FX/label/72
2024-06-16 17:35:27.776 INFO osc.OscSynced : creating synced value for /sprite_FX/label/73
2024-06-16 17:35:27.778 INFO osc.OscSynced : creating synced value for /sprite_FX/label/74
2024-06-16 17:35:27.779 INFO osc.OscSynced : creating synced value for /sprite_FX/label/75
2024-06-16 17:35:27.780 INFO osc.OscSynced : creating synced value for /sprite_FX/label/76
2024-06-16 17:35:27.781 INFO osc.OscSynced : creating synced value for /sprite_FX/label/77
2024-06-16 17:35:27.783 INFO osc.OscSynced : creating synced value for /sprite_FX/label/78
2024-06-16 17:35:27.783 INFO osc.OscSynced : creating synced value for /sprite_FX/label/79
2024-06-16 17:35:27.784 INFO osc.OscSynced : creating synced value for /sprite_FX/label/80
2024-06-16 17:35:27.785 INFO osc.OscSynced : creating synced value for /sprite_FX/label/81
2024-06-16 17:35:27.786 INFO osc.OscSynced : creating synced value for /sprite_FX/label/82
2024-06-16 17:35:27.787 INFO osc.OscSynced : creating synced value for /sprite_FX/label/83
2024-06-16 17:35:27.788 INFO osc.OscSynced : creating synced value for /sprite_FX/label/84
2024-06-16 17:35:27.791 INFO osc.OscSynced : creating synced value for /sprite_FX/label/85
2024-06-16 17:35:27.792 INFO osc.OscSynced : creating synced value for /sprite_FX/label/86
2024-06-16 17:35:27.793 INFO osc.OscSynced : creating synced value for /sprite_FX/label/87
2024-06-16 17:35:27.794 INFO osc.OscSynced : creating synced value for /sprite_FX/label/88
2024-06-16 17:35:27.795 INFO osc.OscSynced : creating synced value for /sprite_FX/label/89
2024-06-16 17:35:27.796 INFO osc.OscSynced : creating synced value for /sprite_FX/label/90
2024-06-16 17:35:27.797 INFO osc.OscSynced : creating synced value for /sprite_FX/label/91
2024-06-16 17:35:27.798 INFO osc.OscSynced : creating synced value for /sprite_FX/label/92
2024-06-16 17:35:27.799 INFO osc.OscSynced : creating synced value for /sprite_FX/label/93
2024-06-16 17:35:27.800 INFO osc.OscSynced : creating synced value for /sprite_FX/label/94
2024-06-16 17:35:27.801 INFO osc.OscSynced : creating synced value for /sprite_FX/label/95
2024-06-16 17:35:27.803 INFO osc.OscSynced : creating synced value for /sprite_FX/label/96
2024-06-16 17:35:27.805 INFO osc.OscSynced : creating synced value for /sprite_FX/label/97
2024-06-16 17:35:27.806 INFO osc.OscSynced : creating synced value for /sprite_FX/label/98
2024-06-16 17:35:27.807 INFO osc.OscSynced : creating synced value for /sprite_FX/label/99
2024-06-16 17:35:27.904 DEBUG moe.nikky.nestcontrol.osc.OSCUtil : constructed OSC port
2024-06-16 17:35:27.904 DEBUG moe.nikky.nestcontrol.osc.OSCUtil : constructed OSC port
2024-06-16 17:35:27.904 DEBUG moe.nikky.nestcontrol.osc.OSCUtil : constructed OSC port
2024-06-16 17:35:27.920 INFO osc.OscSynced : creating synced value for /composition/groups/1/video/effects/motionextraction/bypassed
2024-06-16 17:35:27.921 INFO osc.OscSynced : creating synced value for /composition/groups/1/video/effects/motionextraction/effect/delay
2024-06-16 17:35:27.922 INFO osc.OscSynced : creating synced value for /composition/groups/1/video/effects/automask/bypassed
2024-06-16 17:35:27.922 INFO osc.OscSynced : creating synced value for /resolume/1/motion_extraction/enabled
2024-06-16 17:35:27.930 INFO osc.OscSynced : creating synced value for /resolume/1/motion_extraction/delay
2024-06-16 17:35:27.936 INFO osc.OscSynced : creating synced value for /resolume/1/auto_mask
2024-06-16 17:35:27.944 INFO osc.OscSynced : creating synced value for /composition/groups/2/video/effects/motionextraction/bypassed
2024-06-16 17:35:27.945 INFO osc.OscSynced : creating synced value for /composition/groups/2/video/effects/motionextraction/effect/delay
2024-06-16 17:35:27.945 INFO osc.OscSynced : creating synced value for /composition/groups/2/video/effects/automask/bypassed
2024-06-16 17:35:27.947 INFO osc.OscSynced : creating synced value for /resolume/2/motion_extraction/enabled
2024-06-16 17:35:27.948 INFO osc.OscSynced : creating synced value for /resolume/2/motion_extraction/delay
2024-06-16 17:35:27.948 INFO osc.OscSynced : creating synced value for /resolume/2/auto_mask
2024-06-16 17:35:27.949 INFO osc.OscSynced : creating synced value for /composition/groups/3/video/effects/motionextraction/bypassed
2024-06-16 17:35:27.950 INFO osc.OscSynced : creating synced value for /composition/groups/3/video/effects/motionextraction/effect/delay
2024-06-16 17:35:27.951 INFO osc.OscSynced : creating synced value for /composition/groups/3/video/effects/automask/bypassed
2024-06-16 17:35:27.952 INFO osc.OscSynced : creating synced value for /resolume/3/motion_extraction/enabled
2024-06-16 17:35:27.954 INFO osc.OscSynced : creating synced value for /resolume/3/motion_extraction/delay
2024-06-16 17:35:27.955 INFO osc.OscSynced : creating synced value for /resolume/3/auto_mask
2024-06-16 17:35:27.957 INFO osc.OscSynced : creating synced value for /composition/groups/4/video/effects/motionextraction/effect/delay
2024-06-16 17:35:27.956 INFO osc.OscSynced : creating synced value for /composition/groups/4/video/effects/motionextraction/bypassed
2024-06-16 17:35:27.958 INFO osc.OscSynced : creating synced value for /composition/groups/4/video/effects/automask/bypassed
2024-06-16 17:35:27.958 INFO osc.OscSynced : creating synced value for /resolume/4/motion_extraction/enabled
2024-06-16 17:35:27.959 INFO osc.OscSynced : creating synced value for /resolume/4/motion_extraction/delay
2024-06-16 17:35:27.960 INFO osc.OscSynced : creating synced value for /resolume/4/auto_mask
2024-06-16 17:35:28.050 INFO moe.nikky.nestcontrol.osc.OSCUtil : creating buttons for group 1 layer 1 (1)
2024-06-16 17:35:28.052 INFO osc.OscSynced : creating synced value for /composition/layers/1/connectspecificclip
2024-06-16 17:35:28.060 INFO moe.nikky.nestcontrol.osc.OSCUtil : creating buttons for group 1 layer 2 (2)
2024-06-16 17:35:28.062 INFO osc.OscSynced : creating synced value for /composition/layers/2/connectspecificclip
2024-06-16 17:35:28.063 INFO moe.nikky.nestcontrol.osc.OSCUtil : creating buttons for group 1 layer 3 (3)
2024-06-16 17:35:28.064 INFO osc.OscSynced : creating synced value for /composition/layers/3/connectspecificclip
2024-06-16 17:35:28.064 INFO moe.nikky.nestcontrol.osc.OSCUtil : resolume group 1 layer 1 connectSpecificClip index -1
2024-06-16 17:35:28.064 INFO moe.nikky.nestcontrol.osc.OSCUtil : resolume group 1 layer 2 connectSpecificClip index -1
2024-06-16 17:35:28.065 INFO moe.nikky.nestcontrol.osc.OSCUtil : resolume group 1 layer 3 connectSpecificClip index -1
2024-06-16 17:35:28.065 INFO moe.nikky.nestcontrol.osc.OSCUtil : creating buttons for group 2 layer 1 (4)
2024-06-16 17:35:28.066 INFO osc.OscSynced : creating synced value for /composition/layers/4/connectspecificclip
2024-06-16 17:35:28.067 INFO moe.nikky.nestcontrol.osc.OSCUtil : creating buttons for group 2 layer 2 (5)
2024-06-16 17:35:28.067 INFO moe.nikky.nestcontrol.osc.OSCUtil : resolume group 2 layer 1 connectSpecificClip index -1
2024-06-16 17:35:28.068 INFO osc.OscSynced : creating synced value for /composition/layers/5/connectspecificclip
2024-06-16 17:35:28.069 INFO moe.nikky.nestcontrol.osc.OSCUtil : resolume group 2 layer 2 connectSpecificClip index -1
2024-06-16 17:35:28.070 INFO moe.nikky.nestcontrol.osc.OSCUtil : creating buttons for group 2 layer 3 (6)
2024-06-16 17:35:28.071 INFO osc.OscSynced : creating synced value for /composition/layers/6/connectspecificclip
2024-06-16 17:35:28.072 INFO moe.nikky.nestcontrol.osc.OSCUtil : resolume group 2 layer 3 connectSpecificClip index -1
2024-06-16 17:35:28.072 INFO moe.nikky.nestcontrol.osc.OSCUtil : creating buttons for group 3 layer 1 (7)
2024-06-16 17:35:28.073 INFO osc.OscSynced : creating synced value for /composition/layers/7/connectspecificclip
2024-06-16 17:35:28.075 INFO moe.nikky.nestcontrol.osc.OSCUtil : resolume group 3 layer 1 connectSpecificClip index -1
2024-06-16 17:35:28.075 INFO moe.nikky.nestcontrol.osc.OSCUtil : creating buttons for group 3 layer 2 (8)
2024-06-16 17:35:28.076 INFO osc.OscSynced : creating synced value for /composition/layers/8/connectspecificclip
2024-06-16 17:35:28.078 INFO moe.nikky.nestcontrol.osc.OSCUtil : creating buttons for group 3 layer 3 (9)
2024-06-16 17:35:28.078 INFO moe.nikky.nestcontrol.osc.OSCUtil : resolume group 3 layer 2 connectSpecificClip index -1
2024-06-16 17:35:28.079 INFO osc.OscSynced : creating synced value for /composition/layers/9/connectspecificclip
2024-06-16 17:35:28.081 INFO moe.nikky.nestcontrol.osc.OSCUtil : resolume group 3 layer 3 connectSpecificClip index -1
2024-06-16 17:35:28.081 INFO moe.nikky.nestcontrol.osc.OSCUtil : creating buttons for group 4 layer 1 (10)
2024-06-16 17:35:28.081 INFO moe.nikky.nestcontrol.osc.OSCUtil : resolume group 2 layer 1 changed to null
2024-06-16 17:35:28.081 INFO moe.nikky.nestcontrol.osc.OSCUtil : resolume group 1 layer 2 changed to null
2024-06-16 17:35:28.081 INFO moe.nikky.nestcontrol.osc.OSCUtil : resolume group 2 layer 3 changed to null
2024-06-16 17:35:28.081 INFO moe.nikky.nestcontrol.osc.OSCUtil : resolume group 3 layer 1 changed to null
2024-06-16 17:35:28.081 INFO moe.nikky.nestcontrol.osc.OSCUtil : resolume group 3 layer 2 changed to null
2024-06-16 17:35:28.081 INFO moe.nikky.nestcontrol.osc.OSCUtil : resolume group 1 layer 1 changed to null
2024-06-16 17:35:28.081 INFO moe.nikky.nestcontrol.osc.OSCUtil : resolume group 3 layer 3 changed to null
2024-06-16 17:35:28.081 INFO moe.nikky.nestcontrol.osc.OSCUtil : resolume group 1 layer 3 changed to null
2024-06-16 17:35:28.081 INFO osc.OscSynced : creating synced value for /composition/layers/10/connectspecificclip
2024-06-16 17:35:28.081 INFO moe.nikky.nestcontrol.osc.OSCUtil : resolume group 2 layer 2 changed to null
2024-06-16 17:35:28.082 INFO moe.nikky.nestcontrol.osc.OSCUtil : resolume group 4 layer 1 changed to null
2024-06-16 17:35:28.082 INFO moe.nikky.nestcontrol.osc.OSCUtil : creating buttons for group 4 layer 2 (11)
2024-06-16 17:35:28.082 INFO moe.nikky.nestcontrol.osc.OSCUtil : resolume group 4 layer 1 connectSpecificClip index -1
2024-06-16 17:35:28.083 INFO osc.OscSynced : creating synced value for /composition/layers/11/connectspecificclip
2024-06-16 17:35:28.084 INFO moe.nikky.nestcontrol.osc.OSCUtil : creating buttons for group 4 layer 3 (12)
2024-06-16 17:35:28.084 INFO moe.nikky.nestcontrol.osc.OSCUtil : resolume group 4 layer 2 changed to null
2024-06-16 17:35:28.084 INFO moe.nikky.nestcontrol.osc.OSCUtil : resolume group 4 layer 2 connectSpecificClip index -1
2024-06-16 17:35:28.085 INFO osc.OscSynced : creating synced value for /composition/layers/12/connectspecificclip
2024-06-16 17:35:28.087 INFO moe.nikky.nestcontrol.osc.OSCUtil : resolume group 4 layer 3 changed to null
2024-06-16 17:35:28.087 INFO moe.nikky.nestcontrol.osc.OSCUtil : creating buttons for group 5 layer 1 (13)
2024-06-16 17:35:28.087 INFO moe.nikky.nestcontrol.osc.OSCUtil : resolume group 4 layer 3 connectSpecificClip index -1
2024-06-16 17:35:28.087 INFO osc.OscSynced : creating synced value for /composition/layers/13/connectspecificclip
2024-06-16 17:35:28.088 INFO moe.nikky.nestcontrol.osc.OSCUtil : creating buttons for group 5 layer 2 (14)
2024-06-16 17:35:28.088 INFO moe.nikky.nestcontrol.osc.OSCUtil : resolume group 5 layer 1 connectSpecificClip index -1
2024-06-16 17:35:28.088 INFO moe.nikky.nestcontrol.osc.OSCUtil : resolume group 5 layer 1 changed to null
2024-06-16 17:35:28.089 INFO osc.OscSynced : creating synced value for /composition/layers/14/connectspecificclip
2024-06-16 17:35:28.090 INFO moe.nikky.nestcontrol.osc.OSCUtil : creating buttons for group 5 layer 3 (15)
2024-06-16 17:35:28.090 INFO moe.nikky.nestcontrol.osc.OSCUtil : resolume group 5 layer 2 changed to null
2024-06-16 17:35:28.090 INFO moe.nikky.nestcontrol.osc.OSCUtil : resolume group 5 layer 2 connectSpecificClip index -1
2024-06-16 17:35:28.091 INFO osc.OscSynced : creating synced value for /composition/layers/15/connectspecificclip
2024-06-16 17:35:28.092 INFO moe.nikky.nestcontrol.osc.OSCUtil : creating buttons for group 5 layer 4 (16)
2024-06-16 17:35:28.092 INFO moe.nikky.nestcontrol.osc.OSCUtil : resolume group 5 layer 3 changed to null
2024-06-16 17:35:28.092 INFO moe.nikky.nestcontrol.osc.OSCUtil : resolume group 5 layer 3 connectSpecificClip index -1
2024-06-16 17:35:28.093 INFO osc.OscSynced : creating synced value for /composition/layers/16/connectspecificclip
2024-06-16 17:35:28.094 INFO moe.nikky.nestcontrol.osc.OSCUtil : creating buttons for group 5 layer 5 (17)
2024-06-16 17:35:28.094 INFO moe.nikky.nestcontrol.osc.OSCUtil : resolume group 5 layer 4 connectSpecificClip index -1
2024-06-16 17:35:28.094 INFO moe.nikky.nestcontrol.osc.OSCUtil : resolume group 5 layer 4 changed to null
2024-06-16 17:35:28.095 INFO osc.OscSynced : creating synced value for /composition/layers/17/connectspecificclip
2024-06-16 17:35:28.096 INFO moe.nikky.nestcontrol.osc.OSCUtil : resolume group 5 layer 5 connectSpecificClip index -1
2024-06-16 17:35:28.096 INFO moe.nikky.nestcontrol.osc.OSCUtil : resolume group 5 layer 5 changed to null
2024-06-16 17:35:28.096 INFO moe.nikky.nestcontrol.osc.OSCUtil : creating buttons for group 6 layer 1 (18)
2024-06-16 17:35:28.097 INFO moe.nikky.nestcontrol.osc.OSCUtil : {}
2024-06-16 17:35:28.098 INFO osc.OscSynced : creating synced value for /composition/layers/18/connectspecificclip
2024-06-16 17:35:28.098 INFO moe.nikky.nestcontrol.osc.OSCUtil : resolume group 6 layer 1 connectSpecificClip index -1
2024-06-16 17:35:28.098 INFO moe.nikky.nestcontrol.osc.OSCUtil : resolume group 6 layer 1 changed to null
2024-06-16 17:35:28.098 INFO moe.nikky.nestcontrol.osc.OSCUtil : creating buttons for group 6 layer 2 (19)
2024-06-16 17:35:28.099 INFO osc.OscSynced : creating synced value for /composition/layers/19/connectspecificclip
2024-06-16 17:35:28.100 INFO moe.nikky.nestcontrol.osc.OSCUtil : resolume group 6 layer 2 connectSpecificClip index -1
2024-06-16 17:35:28.100 INFO moe.nikky.nestcontrol.osc.OSCUtil : resolume group 6 layer 2 changed to null
2024-06-16 17:35:28.100 INFO moe.nikky.nestcontrol.osc.OSCUtil : creating buttons for group 6 layer 3 (20)
2024-06-16 17:35:28.101 INFO osc.OscSynced : creating synced value for /composition/layers/20/connectspecificclip
2024-06-16 17:35:28.103 INFO moe.nikky.nestcontrol.osc.OSCUtil : creating buttons for group 6 layer 4 (21)
2024-06-16 17:35:28.103 INFO moe.nikky.nestcontrol.osc.OSCUtil : resolume group 6 layer 3 connectSpecificClip index -1
2024-06-16 17:35:28.103 INFO moe.nikky.nestcontrol.osc.OSCUtil : resolume group 6 layer 3 changed to null
2024-06-16 17:35:28.104 INFO osc.OscSynced : creating synced value for /composition/layers/21/connectspecificclip
2024-06-16 17:35:28.104 INFO moe.nikky.nestcontrol.osc.OSCUtil : resolume group 6 layer 4 changed to null
2024-06-16 17:35:28.104 INFO moe.nikky.nestcontrol.osc.OSCUtil : resolume group 6 layer 4 connectSpecificClip index -1
2024-06-16 17:35:28.105 INFO moe.nikky.nestcontrol.osc.OSCUtil : creating buttons for group 6 layer 5 (22)
2024-06-16 17:35:28.105 INFO osc.OscSynced : creating synced value for /composition/layers/22/connectspecificclip
2024-06-16 17:35:28.106 INFO moe.nikky.nestcontrol.osc.OSCUtil : resolume group 6 layer 5 connectSpecificClip index -1
2024-06-16 17:35:28.106 INFO moe.nikky.nestcontrol.osc.OSCUtil : creating buttons for group 6 layer 6 (23)
2024-06-16 17:35:28.107 INFO moe.nikky.nestcontrol.osc.OSCUtil : resolume group 6 layer 5 changed to null
2024-06-16 17:35:28.108 INFO osc.OscSynced : creating synced value for /composition/layers/23/connectspecificclip
2024-06-16 17:35:28.108 INFO moe.nikky.nestcontrol.osc.OSCUtil : resolume group 6 layer 6 connectSpecificClip index -1
2024-06-16 17:35:28.108 INFO moe.nikky.nestcontrol.osc.OSCUtil : creating buttons for group 6 layer 7 (24)
2024-06-16 17:35:28.108 INFO moe.nikky.nestcontrol.osc.OSCUtil : resolume group 6 layer 6 changed to null
2024-06-16 17:35:28.109 INFO osc.OscSynced : creating synced value for /composition/layers/24/connectspecificclip
2024-06-16 17:35:28.111 INFO moe.nikky.nestcontrol.osc.OSCUtil : creating buttons for group 6 layer 8 (25)
2024-06-16 17:35:28.111 INFO moe.nikky.nestcontrol.osc.OSCUtil : resolume group 6 layer 7 changed to null
2024-06-16 17:35:28.111 INFO moe.nikky.nestcontrol.osc.OSCUtil : resolume group 6 layer 7 connectSpecificClip index -1
2024-06-16 17:35:28.112 INFO osc.OscSynced : creating synced value for /composition/layers/25/connectspecificclip
2024-06-16 17:35:28.112 INFO moe.nikky.nestcontrol.osc.OSCUtil : resolume group 6 layer 8 changed to null
2024-06-16 17:35:28.112 INFO moe.nikky.nestcontrol.osc.OSCUtil : resolume group 6 layer 8 connectSpecificClip index -1
2024-06-16 17:35:28.113 INFO moe.nikky.nestcontrol.osc.OSCUtil : creating buttons for group 6 layer 9 (26)
2024-06-16 17:35:28.114 INFO osc.OscSynced : creating synced value for /composition/layers/26/connectspecificclip
2024-06-16 17:35:28.115 INFO moe.nikky.nestcontrol.osc.OSCUtil : creating buttons for group 7 layer 1 (27)
2024-06-16 17:35:28.114 INFO moe.nikky.nestcontrol.osc.OSCUtil : resolume group 6 layer 9 changed to null
2024-06-16 17:35:28.115 INFO moe.nikky.nestcontrol.osc.OSCUtil : resolume group 6 layer 9 connectSpecificClip index -1
2024-06-16 17:35:28.116 INFO osc.OscSynced : creating synced value for /composition/layers/27/connectspecificclip
2024-06-16 17:35:28.117 INFO moe.nikky.nestcontrol.osc.OSCUtil : resolume group 7 layer 1 connectSpecificClip index -1
2024-06-16 17:35:28.117 INFO moe.nikky.nestcontrol.osc.OSCUtil : resolume group 7 layer 1 changed to null
2024-06-16 17:35:29.118 INFO osc.OscSynced : creating synced value for /beats
2024-06-16 17:35:29.118 INFO osc.OscSynced : creating synced value for /beatProgress
2024-06-16 17:35:29.119 INFO osc.OscSynced : creating synced value for /bpmRounded
2024-06-16 17:35:29.129 INFO nestdrop.loadQueuesKt : loading queues from C:\Users\nikky\VJ\NestDropProV2\DefaultUserProfile.xml
