2024-06-16 23:18:46.015 WARN Main : WARN
2024-06-16 23:18:46.022 ERROR Main : ERROR
2024-06-16 23:18:46.024 FATAL Main : FATAL
2024-06-16 23:18:46.027 INFO osc.OscSynced : creating synced value for /linkConnected
2024-06-16 23:18:46.030 INFO osc.OscSynced : creating synced value for /bpm
2024-06-16 23:18:46.030 INFO osc.OscSynced : creating synced value for /peers
2024-06-16 23:18:46.036 WARN Main : waiting for link to connect
2024-06-16 23:18:46.129 INFO Link : connecting to ableton link...
2024-06-16 23:18:46.588 INFO osc.OscSynced : creating synced value for /composition/groups/1/video/effects/motionextraction/bypassed
2024-06-16 23:18:46.588 INFO osc.OscSynced : creating synced value for /composition/groups/1/video/effects/motionextraction/effect/delay
2024-06-16 23:18:46.589 INFO osc.OscSynced : creating synced value for /resolume/1/motion_extraction/enabled
2024-06-16 23:18:46.589 INFO osc.OscSynced : creating synced value for /composition/groups/1/video/effects/automask/bypassed
2024-06-16 23:18:46.594 INFO osc.OscSynced : creating synced value for /resolume/1/motion_extraction/delay
2024-06-16 23:18:46.596 INFO osc.OscSynced : creating synced value for /resolume/1/auto_mask
2024-06-16 23:18:46.602 INFO osc.OscSynced : creating synced value for /composition/groups/2/video/effects/motionextraction/effect/delay
2024-06-16 23:18:46.602 INFO osc.OscSynced : creating synced value for /composition/groups/2/video/effects/motionextraction/bypassed
2024-06-16 23:18:46.602 INFO osc.OscSynced : creating synced value for /resolume/2/motion_extraction/enabled
2024-06-16 23:18:46.603 INFO osc.OscSynced : creating synced value for /resolume/2/motion_extraction/delay
2024-06-16 23:18:46.602 INFO osc.OscSynced : creating synced value for /composition/groups/2/video/effects/automask/bypassed
2024-06-16 23:18:46.604 INFO osc.OscSynced : creating synced value for /resolume/2/auto_mask
2024-06-16 23:18:46.605 INFO osc.OscSynced : creating synced value for /resolume/3/motion_extraction/delay
2024-06-16 23:18:46.605 INFO osc.OscSynced : creating synced value for /resolume/3/motion_extraction/enabled
2024-06-16 23:18:46.605 INFO osc.OscSynced : creating synced value for /composition/groups/3/video/effects/motionextraction/bypassed
2024-06-16 23:18:46.605 INFO osc.OscSynced : creating synced value for /composition/groups/3/video/effects/motionextraction/effect/delay
2024-06-16 23:18:46.605 INFO osc.OscSynced : creating synced value for /composition/groups/3/video/effects/automask/bypassed
2024-06-16 23:18:46.605 INFO osc.OscSynced : creating synced value for /resolume/4/motion_extraction/enabled
2024-06-16 23:18:46.605 INFO osc.OscSynced : creating synced value for /resolume/4/motion_extraction/delay
2024-06-16 23:18:46.605 INFO osc.OscSynced : creating synced value for /composition/groups/4/video/effects/automask/bypassed
2024-06-16 23:18:46.606 INFO osc.OscSynced : creating synced value for /resolume/4/auto_mask
2024-06-16 23:18:46.605 INFO osc.OscSynced : creating synced value for /resolume/3/auto_mask
2024-06-16 23:18:46.605 INFO osc.OscSynced : creating synced value for /composition/groups/4/video/effects/motionextraction/bypassed
2024-06-16 23:18:46.605 INFO osc.OscSynced : creating synced value for /composition/groups/4/video/effects/motionextraction/effect/delay
2024-06-16 23:18:46.647 INFO osc.OSCUtil : creating buttons for group 1 layer 1 (1)
2024-06-16 23:18:46.648 INFO osc.OscSynced : creating synced value for /composition/layers/1/connectspecificclip
2024-06-16 23:18:46.652 INFO osc.OSCUtil : creating buttons for group 1 layer 2 (2)
2024-06-16 23:18:46.652 INFO osc.OSCUtil : creating buttons for group 1 layer 3 (3)
2024-06-16 23:18:46.652 INFO osc.OscSynced : creating synced value for /composition/layers/2/connectspecificclip
2024-06-16 23:18:46.652 INFO osc.OscSynced : creating synced value for /composition/layers/3/connectspecificclip
2024-06-16 23:18:46.652 INFO osc.OSCUtil : creating buttons for group 2 layer 1 (4)
2024-06-16 23:18:46.654 INFO osc.OSCUtil : resolume group 1 layer 3 connectSpecificClip index -1
2024-06-16 23:18:46.654 INFO osc.OscSynced : creating synced value for /composition/layers/4/connectspecificclip
2024-06-16 23:18:46.654 INFO osc.OSCUtil : creating buttons for group 2 layer 2 (5)
2024-06-16 23:18:46.654 INFO osc.OSCUtil : resolume group 2 layer 1 connectSpecificClip index -1
2024-06-16 23:18:46.654 INFO osc.OscSynced : creating synced value for /composition/layers/5/connectspecificclip
2024-06-16 23:18:46.654 INFO osc.OSCUtil : creating buttons for group 2 layer 3 (6)
2024-06-16 23:18:46.654 INFO osc.OSCUtil : resolume group 2 layer 2 connectSpecificClip index -1
2024-06-16 23:18:46.654 INFO osc.OscSynced : creating synced value for /composition/layers/6/connectspecificclip
2024-06-16 23:18:46.655 INFO osc.OSCUtil : resolume group 2 layer 3 connectSpecificClip index -1
2024-06-16 23:18:46.655 INFO osc.OSCUtil : creating buttons for group 3 layer 1 (7)
2024-06-16 23:18:46.655 INFO osc.OscSynced : creating synced value for /composition/layers/7/connectspecificclip
2024-06-16 23:18:46.655 INFO osc.OscSynced : creating synced value for /composition/layers/8/connectspecificclip
2024-06-16 23:18:46.655 INFO osc.OSCUtil : creating buttons for group 3 layer 2 (8)
2024-06-16 23:18:46.655 INFO osc.OSCUtil : resolume group 3 layer 1 connectSpecificClip index -1
2024-06-16 23:18:46.655 INFO osc.OscSynced : creating synced value for /composition/layers/9/connectspecificclip
2024-06-16 23:18:46.655 INFO osc.OSCUtil : creating buttons for group 3 layer 3 (9)
2024-06-16 23:18:46.655 INFO osc.OSCUtil : resolume group 3 layer 2 connectSpecificClip index -1
2024-06-16 23:18:46.656 INFO osc.OSCUtil : resolume group 3 layer 3 connectSpecificClip index -1
2024-06-16 23:18:46.655 INFO osc.OSCUtil : creating buttons for group 4 layer 1 (10)
2024-06-16 23:18:46.656 INFO osc.OscSynced : creating synced value for /composition/layers/10/connectspecificclip
2024-06-16 23:18:46.656 INFO osc.OSCUtil : creating buttons for group 4 layer 2 (11)
2024-06-16 23:18:46.656 INFO osc.OSCUtil : resolume group 4 layer 1 connectSpecificClip index -1
2024-06-16 23:18:46.656 INFO osc.OscSynced : creating synced value for /composition/layers/11/connectspecificclip
2024-06-16 23:18:46.656 INFO osc.OSCUtil : resolume group 1 layer 1 connectSpecificClip index -1
2024-06-16 23:18:46.656 INFO osc.OSCUtil : creating buttons for group 4 layer 3 (12)
2024-06-16 23:18:46.656 INFO osc.OSCUtil : resolume group 1 layer 2 connectSpecificClip index -1
2024-06-16 23:18:46.656 INFO osc.OSCUtil : resolume group 4 layer 2 connectSpecificClip index -1
2024-06-16 23:18:46.656 INFO osc.OscSynced : creating synced value for /composition/layers/12/connectspecificclip
2024-06-16 23:18:46.656 INFO osc.OSCUtil : creating buttons for group 5 layer 1 (13)
2024-06-16 23:18:46.656 INFO osc.OSCUtil : resolume group 4 layer 3 connectSpecificClip index -1
2024-06-16 23:18:46.656 INFO osc.OscSynced : creating synced value for /composition/layers/13/connectspecificclip
2024-06-16 23:18:46.656 INFO osc.OSCUtil : creating buttons for group 5 layer 2 (14)
2024-06-16 23:18:46.656 INFO osc.OscSynced : creating synced value for /composition/layers/14/connectspecificclip
2024-06-16 23:18:46.656 INFO osc.OSCUtil : creating buttons for group 5 layer 3 (15)
2024-06-16 23:18:46.656 INFO osc.OSCUtil : resolume group 5 layer 1 connectSpecificClip index -1
2024-06-16 23:18:46.656 INFO osc.OscSynced : creating synced value for /composition/layers/15/connectspecificclip
2024-06-16 23:18:46.656 INFO osc.OSCUtil : resolume group 5 layer 2 connectSpecificClip index -1
2024-06-16 23:18:46.657 INFO osc.OSCUtil : creating buttons for group 5 layer 4 (16)
2024-06-16 23:18:46.657 INFO osc.OscSynced : creating synced value for /composition/layers/16/connectspecificclip
2024-06-16 23:18:46.657 INFO osc.OSCUtil : creating buttons for group 5 layer 5 (17)
2024-06-16 23:18:46.657 INFO osc.OscSynced : creating synced value for /composition/layers/17/connectspecificclip
2024-06-16 23:18:46.657 INFO osc.OSCUtil : creating buttons for group 6 layer 1 (18)
2024-06-16 23:18:46.657 INFO osc.OSCUtil : resolume group 5 layer 3 connectSpecificClip index -1
2024-06-16 23:18:46.657 INFO osc.OscSynced : creating synced value for /composition/layers/18/connectspecificclip
2024-06-16 23:18:46.658 INFO osc.OSCUtil : creating buttons for group 6 layer 2 (19)
2024-06-16 23:18:46.658 INFO osc.OscSynced : creating synced value for /composition/layers/19/connectspecificclip
2024-06-16 23:18:46.658 INFO osc.OSCUtil : creating buttons for group 6 layer 3 (20)
2024-06-16 23:18:46.658 INFO osc.OscSynced : creating synced value for /composition/layers/20/connectspecificclip
2024-06-16 23:18:46.658 INFO osc.OSCUtil : creating buttons for group 6 layer 4 (21)
2024-06-16 23:18:46.658 INFO osc.OscSynced : creating synced value for /composition/layers/21/connectspecificclip
2024-06-16 23:18:46.658 INFO osc.OSCUtil : creating buttons for group 6 layer 5 (22)
2024-06-16 23:18:46.658 INFO osc.OscSynced : creating synced value for /composition/layers/22/connectspecificclip
2024-06-16 23:18:46.659 INFO osc.OSCUtil : creating buttons for group 6 layer 6 (23)
2024-06-16 23:18:46.659 INFO osc.OscSynced : creating synced value for /composition/layers/23/connectspecificclip
2024-06-16 23:18:46.659 INFO osc.OSCUtil : creating buttons for group 6 layer 7 (24)
2024-06-16 23:18:46.659 INFO osc.OscSynced : creating synced value for /composition/layers/24/connectspecificclip
2024-06-16 23:18:46.659 INFO osc.OSCUtil : creating buttons for group 6 layer 8 (25)
2024-06-16 23:18:46.659 INFO osc.OscSynced : creating synced value for /composition/layers/25/connectspecificclip
2024-06-16 23:18:46.659 INFO osc.OSCUtil : creating buttons for group 6 layer 9 (26)
2024-06-16 23:18:46.660 INFO osc.OscSynced : creating synced value for /composition/layers/26/connectspecificclip
2024-06-16 23:18:46.660 INFO osc.OSCUtil : creating buttons for group 7 layer 1 (27)
2024-06-16 23:18:46.660 INFO osc.OscSynced : creating synced value for /composition/layers/27/connectspecificclip
2024-06-16 23:18:46.674 INFO osc.OSCUtil : resolume group 3 layer 3 changed to null
2024-06-16 23:18:46.674 INFO osc.OSCUtil : resolume group 5 layer 3 changed to null
2024-06-16 23:18:46.674 INFO osc.OSCUtil : resolume group 4 layer 3 changed to null
2024-06-16 23:18:46.674 INFO osc.OSCUtil : resolume group 5 layer 4 changed to null
2024-06-16 23:18:46.674 INFO osc.OSCUtil : resolume group 5 layer 1 changed to null
2024-06-16 23:18:46.674 INFO osc.OSCUtil : resolume group 5 layer 5 changed to null
2024-06-16 23:18:46.674 INFO osc.OSCUtil : resolume group 5 layer 4 connectSpecificClip index -1
2024-06-16 23:18:46.674 INFO osc.OSCUtil : resolume group 5 layer 5 connectSpecificClip index -1
2024-06-16 23:18:46.674 INFO osc.OSCUtil : resolume group 3 layer 1 changed to null
2024-06-16 23:18:46.675 INFO osc.OSCUtil : resolume group 2 layer 2 changed to null
2024-06-16 23:18:46.675 INFO osc.OSCUtil : resolume group 6 layer 2 changed to null
2024-06-16 23:18:46.675 INFO osc.OSCUtil : resolume group 6 layer 1 connectSpecificClip index -1
2024-06-16 23:18:46.675 INFO osc.OSCUtil : resolume group 6 layer 1 changed to null
2024-06-16 23:18:46.675 INFO osc.OSCUtil : resolume group 6 layer 2 connectSpecificClip index -1
2024-06-16 23:18:46.675 INFO osc.OSCUtil : resolume group 4 layer 2 changed to null
2024-06-16 23:18:46.675 INFO osc.OSCUtil : resolume group 6 layer 3 changed to null
2024-06-16 23:18:46.675 INFO osc.OSCUtil : resolume group 3 layer 2 changed to null
2024-06-16 23:18:46.675 INFO osc.OSCUtil : resolume group 6 layer 3 connectSpecificClip index -1
2024-06-16 23:18:46.675 INFO osc.OSCUtil : resolume group 2 layer 3 changed to null
2024-06-16 23:18:46.675 INFO osc.OSCUtil : resolume group 6 layer 4 connectSpecificClip index -1
2024-06-16 23:18:46.675 INFO osc.OSCUtil : resolume group 6 layer 5 changed to null
2024-06-16 23:18:46.675 INFO osc.OSCUtil : resolume group 6 layer 4 changed to null
2024-06-16 23:18:46.675 INFO osc.OSCUtil : resolume group 1 layer 1 changed to null
2024-06-16 23:18:46.675 INFO osc.OSCUtil : resolume group 6 layer 5 connectSpecificClip index -1
2024-06-16 23:18:46.675 INFO osc.OSCUtil : resolume group 6 layer 6 changed to null
2024-06-16 23:18:46.675 INFO osc.OSCUtil : resolume group 6 layer 6 connectSpecificClip index -1
2024-06-16 23:18:46.675 INFO osc.OSCUtil : resolume group 5 layer 2 changed to null
2024-06-16 23:18:46.675 INFO osc.OSCUtil : resolume group 6 layer 7 changed to null
2024-06-16 23:18:46.675 INFO osc.OSCUtil : resolume group 2 layer 1 changed to null
2024-06-16 23:18:46.675 INFO osc.OSCUtil : resolume group 6 layer 8 changed to null
2024-06-16 23:18:46.675 INFO osc.OSCUtil : resolume group 4 layer 1 changed to null
2024-06-16 23:18:46.675 INFO osc.OSCUtil : resolume group 6 layer 7 connectSpecificClip index -1
2024-06-16 23:18:46.675 INFO osc.OSCUtil : resolume group 6 layer 9 connectSpecificClip index -1
2024-06-16 23:18:46.675 INFO osc.OSCUtil : resolume group 7 layer 1 connectSpecificClip index -1
2024-06-16 23:18:46.675 INFO osc.OSCUtil : resolume group 7 layer 1 changed to null
2024-06-16 23:18:46.675 INFO osc.OSCUtil : resolume group 6 layer 8 connectSpecificClip index -1
2024-06-16 23:18:46.675 INFO osc.OSCUtil : resolume group 6 layer 9 changed to null
2024-06-16 23:18:46.676 INFO osc.OSCUtil : resolume group 1 layer 2 changed to null
2024-06-16 23:18:46.684 INFO osc.OSCUtil : resolume group 1 layer 3 changed to null
2024-06-16 23:18:46.699 INFO osc.OSCUtil : {}
2024-06-16 23:18:47.664 INFO osc.OscSynced : creating synced value for /beats
2024-06-16 23:18:47.664 INFO osc.OscSynced : creating synced value for /bpmRounded
2024-06-16 23:18:47.664 INFO osc.OscSynced : creating synced value for /beatProgress
2024-06-16 23:18:47.676 INFO nestdrop.loadQueuesKt : loading queues from C:\Users\nikky\VJ\NestDropProV2\DefaultUserProfile.xml
2024-06-16 23:18:49.111 INFO nestcontrol.deck.DeckConfigKt : preset queue: PresetQueue(index=-1, name=uninitialized, autoChange=false, toggles=[])
2024-06-16 23:18:49.111 INFO nestcontrol.deck.DeckConfigKt : preset queue: PresetQueue(index=-1, name=uninitialized, autoChange=false, toggles=[])
2024-06-16 23:18:49.121 INFO Config : loaded Config(beats=64, deck1=DeckConfig(triggerTime=0.75, transitionTime=5.0, presetQueue=PresetQueue(index=-1, name=null, autoChange=false, toggles=[]), preset=Preset(autoChange=false), sprite=Sprite(autoChange=false, index=-1, name=null, toggles=[]), spriteQueue=SpriteQueue(index=-1, name=null), spoutQueue=SpoutQueue(index=-1, name=null), spout=Spout(index=-1, label=null), spriteFX=SpriteFX(autoChange=false, blendMode=false, index=-1, toggles=[]), bpmSync=BpmSync(enabled=false, multiplier=4), strobe=Strobe(enabled=false)), deck2=DeckConfig(triggerTime=0.25, transitionTime=5.0, presetQueue=PresetQueue(index=-1, name=null, autoChange=false, toggles=[]), preset=Preset(autoChange=false), sprite=Sprite(autoChange=false, index=-1, name=null, toggles=[]), spriteQueue=SpriteQueue(index=-1, name=null), spoutQueue=SpoutQueue(index=-1, name=null), spout=Spout(index=-1, label=null), spriteFX=SpriteFX(autoChange=false, blendMode=false, index=-1, toggles=[]), bpmSync=BpmSync(enabled=false, multiplier=4), strobe=Strobe(enabled=false)))
2024-06-16 23:18:49.124 INFO nestcontrol.deck.DeckConfigKt : loading presets from queue
2024-06-16 23:18:49.125 INFO nestcontrol.deck.DeckConfigKt : loaded deck1 []
2024-06-16 23:18:49.126 INFO nestcontrol.deck.DeckConfigKt : loading presets from queue
2024-06-16 23:18:49.127 INFO nestcontrol.deck.DeckConfigKt : loaded deck2 []
2024-06-16 23:18:49.127 INFO nestcontrol.deck.DeckConfigKt : loading presets from queue
2024-06-16 23:18:49.127 INFO nestcontrol.deck.DeckConfigKt : loading presets from queue
2024-06-16 23:18:49.628 INFO nestdrop.deck.PresetQueues : initializing preset queues
2024-06-16 23:18:49.629 INFO nestdrop.deck.PresetQueues : queues updated
2024-06-16 23:18:49.631 INFO nestdrop.deck.PresetQueues : combining queues with deck switches
2024-06-16 23:18:49.632 INFO nestdrop.deck.PresetQueues : queues updated
2024-06-16 23:18:49.633 INFO nestcontrol.deck.DeckConfigKt : preset queue: PresetQueue(index=-1, name=uninitialized, autoChange=false, toggles=[])
2024-06-16 23:18:49.633 INFO nestcontrol.deck.DeckConfigKt : preset queue: PresetQueue(index=-1, name=uninitialized, autoChange=false, toggles=[])
2024-06-16 23:18:49.633 INFO nestdrop.deck.PresetQueues : queues updated
2024-06-16 23:18:49.633 INFO nestdrop.deck.PresetQueues : queues updated
2024-06-16 23:18:49.633 INFO nestdrop.deck.PresetQueues : combining queues with deck switches
2024-06-16 23:18:49.633 INFO nestdrop.deck.PresetQueues : combining queues with deck switches
2024-06-16 23:18:49.634 INFO nestdrop.deck.Deck : initializing deck1
2024-06-16 23:18:49.638 INFO nestdrop.deck.PresetQueues : combining queues with deck switches
2024-06-16 23:18:49.638 INFO nestdrop.deck.PresetQueues : queues updated
2024-06-16 23:18:49.638 INFO nestdrop.deck.PresetQueues : combining queues with deck switches
2024-06-16 23:18:49.638 INFO nestdrop.deck.PresetQueues : queues updated
2024-06-16 23:18:49.638 INFO nestdrop.deck.PresetQueues : queues updated
2024-06-16 23:18:49.638 INFO nestdrop.deck.PresetQueues : combining queues with deck switches
2024-06-16 23:18:49.651 INFO nestdrop.deck.Deck : initializing deck1 preset queue
2024-06-16 23:18:49.657 INFO nestdrop.deck.Deck : initializing deck1 preset
2024-06-16 23:18:49.657 INFO nestdrop.deck.Deck : deck1 queue: null
2024-06-16 23:18:49.657 INFO nestcontrol.deck.DeckConfigKt : preset queue: PresetQueue(index=-1, name=disabled, autoChange=false, toggles=[])
2024-06-16 23:18:49.659 INFO nestdrop.deck.Deck : initializing deck1 sprite queues
2024-06-16 23:18:49.661 INFO nestdrop.deck.Deck : initializing deck1 sprite queue
2024-06-16 23:18:49.664 INFO nestdrop.deck.Deck : initializing deck1 sprite
2024-06-16 23:18:49.669 INFO nestdrop.deck.Deck : initializing deck1 sprite fx
2024-06-16 23:18:49.672 INFO nestdrop.deck.Deck : setting deck1 FX to 0
2024-06-16 23:18:49.672 INFO nestdrop.deck.Deck : initializing deck1 spout queue
2024-06-16 23:18:49.673 INFO nestdrop.deck.Deck : initializing deck1 spout
2024-06-16 23:18:49.674 INFO nestdrop.deck.Deck : deck1 spout name null
2024-06-16 23:18:49.675 INFO nestdrop.deck.Deck : initializing deck2
2024-06-16 23:18:49.676 INFO nestdrop.deck.Deck : spout sync triggered
2024-06-16 23:18:49.676 INFO nestdrop.deck.Deck : initializing deck2 preset queue
2024-06-16 23:18:49.676 INFO nestcontrol.deck.DeckConfigKt : preset queue: PresetQueue(index=-1, name=disabled, autoChange=false, toggles=[])
2024-06-16 23:18:49.676 INFO nestdrop.deck.Deck : initializing deck2 sprite
2024-06-16 23:18:49.676 INFO nestdrop.deck.Deck : initializing deck2 preset
2024-06-16 23:18:49.676 INFO nestdrop.deck.Deck : initializing deck2 spout queue
2024-06-16 23:18:49.676 INFO nestdrop.deck.Deck : deck2 queue: null
2024-06-16 23:18:49.676 INFO nestdrop.deck.Deck : initializing deck2 sprite queues
2024-06-16 23:18:49.676 INFO nestdrop.deck.Deck : initializing deck2 sprite queue
2024-06-16 23:18:49.676 INFO nestdrop.deck.Deck : initializing deck2 spout
2024-06-16 23:18:49.676 INFO nestdrop.deck.Deck : initializing deck2 sprite fx
2024-06-16 23:18:49.678 INFO nestdrop.deck.Deck : setting deck2 FX to 0
2024-06-16 23:18:49.678 INFO nestdrop.deck.Deck : spout sync triggered
2024-06-16 23:18:49.678 INFO nestdrop.deck.Deck : deck2 spout name null
2024-06-16 23:18:49.678 INFO nestdrop.deck.Deck : deck2 spout index changed: -1
2024-06-16 23:18:49.678 INFO nestdrop.deck.Deck : deck1 spout index changed: -1
2024-06-16 23:18:49.679 INFO nestdrop.deck.Deck : deck1 spout queue changed: null
2024-06-16 23:18:49.679 INFO nestdrop.deck.Deck : deck2 spout queue changed: null
2024-06-16 23:18:49.681 INFO nestdrop.deck.loadDeckSettingsKt : loading settings from deck1
2024-06-16 23:18:49.749 INFO nestdrop.deck.loadDeckSettingsKt : loading settings from deck2
2024-06-16 23:18:49.748 INFO nestdrop.deck.loadDeckSettingsKt : DeckSettings(deckPanelsIsOpen=StringValue(value=0,0,0,0,0,0), transitTime=FloatValue(value=3.6), fps=IntValue(value=30), animationSpeed=FloatValue(value=0.5190856), zoomSpeed=FloatValue(value=0.9), ZoomExp=FloatValue(value=1.0), rotationSpeed=FloatValue(value=0.9), wrapSpeed=FloatValue(value=0.8), horizontalMotion=FloatValue(value=0.0), verticalMotion=FloatValue(value=0.0), stretchSpeed=FloatValue(value=1.0), waveMode=FloatValue(value=1.0), negative=FloatValue(value=0.0), red=FloatValue(value=1.0), green=FloatValue(value=1.0), blue=FloatValue(value=1.0), brightness=FloatValue(value=1.0), contrast=FloatValue(value=1.0), gamma=FloatValue(value=1.0), hue=FloatValue(value=0.0), saturation=FloatValue(value=1.0), lumaKey=RangeValue(min=0.0, max=1.0), alpha=FloatValue(value=1.0), strobe=Strobe(effectIndex=14, color=4294967295, effectSpanMin=0.0, effectSpanMax=1.0, triggerIndex=0, speed=0.26, pulseWidth=1.0, waveFormIndex=2), audio=Audio(channel=3, bass=1.0, mid=1.0, treble=1.0), spout=Spout(width=1920, height=1080), videoDeck=VideoDeck(preview=4, topMost=false), outputMonitor=IntValue(value=0), ndi=BooleanValue(value=false))
2024-06-16 23:18:49.779 INFO nestdrop.deck.Deck : deck1 spout change: -1 in null
2024-06-16 23:18:49.779 INFO nestdrop.deck.Deck : deck2 spout change: -1 in null
2024-06-16 23:18:49.789 INFO nestdrop.deck.loadDeckSettingsKt : DeckSettings(deckPanelsIsOpen=StringValue(value=0,0,0,0,0,0), transitTime=FloatValue(value=3.2), fps=IntValue(value=30), animationSpeed=FloatValue(value=0.5190856), zoomSpeed=FloatValue(value=1.0), ZoomExp=FloatValue(value=1.0), rotationSpeed=FloatValue(value=1.0), wrapSpeed=FloatValue(value=1.0), horizontalMotion=FloatValue(value=0.0), verticalMotion=FloatValue(value=0.0), stretchSpeed=FloatValue(value=1.0), waveMode=FloatValue(value=0.0), negative=FloatValue(value=0.0), red=FloatValue(value=1.0), green=FloatValue(value=1.0), blue=FloatValue(value=1.0), brightness=FloatValue(value=1.0), contrast=FloatValue(value=1.0), gamma=FloatValue(value=1.0), hue=FloatValue(value=0.0), saturation=FloatValue(value=1.0), lumaKey=RangeValue(min=0.0, max=1.0), alpha=FloatValue(value=1.0), strobe=Strobe(effectIndex=14, color=4294967295, effectSpanMin=0.0, effectSpanMax=1.0, triggerIndex=0, speed=0.26, pulseWidth=1.0, waveFormIndex=2), audio=Audio(channel=3, bass=1.0, mid=1.0, treble=1.0), spout=Spout(width=1920, height=1080), videoDeck=VideoDeck(preview=4, topMost=false), outputMonitor=IntValue(value=0), ndi=BooleanValue(value=false))
2024-06-16 23:18:49.790 INFO Main : initializing OSC
2024-06-16 23:18:50.092 INFO Config : saving config Config(beats=64, deck1=DeckConfig(triggerTime=0.75, transitionTime=5.0, presetQueue=PresetQueue(index=-1, name=null, autoChange=false, toggles=[]), preset=Preset(autoChange=false), sprite=Sprite(autoChange=false, index=-1, name=null, toggles=[]), spriteQueue=SpriteQueue(index=-1, name=null), spoutQueue=SpoutQueue(index=-1, name=null), spout=Spout(index=-1, label=null), spriteFX=SpriteFX(autoChange=false, blendMode=false, index=-1, toggles=[]), bpmSync=BpmSync(enabled=false, multiplier=4), strobe=Strobe(enabled=false)), deck2=DeckConfig(triggerTime=0.25, transitionTime=5.0, presetQueue=PresetQueue(index=-1, name=null, autoChange=false, toggles=[]), preset=Preset(autoChange=false), sprite=Sprite(autoChange=false, index=-1, name=null, toggles=[]), spriteQueue=SpriteQueue(index=-1, name=null), spoutQueue=SpoutQueue(index=-1, name=null), spout=Spout(index=-1, label=null), spriteFX=SpriteFX(autoChange=false, blendMode=false, index=-1, toggles=[]), bpmSync=BpmSync(enabled=false, multiplier=4), strobe=Strobe(enabled=false)))
2024-06-16 23:18:50.327 INFO Main : re-emitting all values
2024-06-16 23:18:50.331 INFO Main : await application
2024-06-16 23:18:53.518 INFO nestcontrol.deck.DeckConfigKt : preset queue: PresetQueue(index=12, name=disabled, autoChange=false, toggles=[])
2024-06-16 23:18:53.518 INFO nestdrop.deck.Deck : deck1 queue: better_nested
2024-06-16 23:18:53.518 INFO nestcontrol.deck.DeckConfigKt : preset queue: PresetQueue(index=12, name=better_nested, autoChange=false, toggles=[])
2024-06-16 23:18:55.121 INFO nestdrop.deck.Deck : triggered at 16.16415336736042, 16.0
2024-06-16 23:19:09.813 INFO nestdrop.deck.Deck : triggered at 48.039373478190065, 48.0
2024-06-16 23:19:24.540 INFO nestdrop.deck.Deck : triggered at 16.006300068918886, 16.0
