2024-06-16 17:38:10.797 WARN Main : WARN
2024-06-16 17:38:10.803 ERROR Main : ERROR
2024-06-16 17:38:10.805 FATAL Main : FATAL
2024-06-16 17:38:10.821 INFO osc.OscSynced : creating synced value for /bpm
2024-06-16 17:38:10.818 INFO osc.OscSynced : creating synced value for /linkConnected
2024-06-16 17:38:10.825 WARN Main : waiting for link to connect
2024-06-16 17:38:10.822 INFO osc.OscSynced : creating synced value for /peers
2024-06-16 17:38:10.915 INFO Link : connecting to ableton link...
2024-06-16 17:38:11.344 INFO osc.OscSynced : creating synced value for /sprite_FX/label/0
2024-06-16 17:38:11.345 INFO osc.OscSynced : creating synced value for /sprite_FX/label/1
2024-06-16 17:38:11.346 INFO osc.OscSynced : creating synced value for /sprite_FX/label/2
2024-06-16 17:38:11.348 INFO osc.OscSynced : creating synced value for /sprite_FX/label/3
2024-06-16 17:38:11.348 INFO osc.OscSynced : creating synced value for /sprite_FX/label/4
2024-06-16 17:38:11.349 INFO osc.OscSynced : creating synced value for /sprite_FX/label/5
2024-06-16 17:38:11.350 INFO osc.OscSynced : creating synced value for /sprite_FX/label/6
2024-06-16 17:38:11.351 INFO osc.OscSynced : creating synced value for /sprite_FX/label/7
2024-06-16 17:38:11.353 INFO osc.OscSynced : creating synced value for /sprite_FX/label/8
2024-06-16 17:38:11.354 INFO osc.OscSynced : creating synced value for /sprite_FX/label/9
2024-06-16 17:38:11.354 INFO osc.OscSynced : creating synced value for /sprite_FX/label/10
2024-06-16 17:38:11.356 INFO osc.OscSynced : creating synced value for /sprite_FX/label/11
2024-06-16 17:38:11.358 INFO osc.OscSynced : creating synced value for /sprite_FX/label/12
2024-06-16 17:38:11.359 INFO osc.OscSynced : creating synced value for /sprite_FX/label/13
2024-06-16 17:38:11.360 INFO osc.OscSynced : creating synced value for /sprite_FX/label/14
2024-06-16 17:38:11.361 INFO osc.OscSynced : creating synced value for /sprite_FX/label/15
2024-06-16 17:38:11.362 INFO osc.OscSynced : creating synced value for /sprite_FX/label/16
2024-06-16 17:38:11.363 INFO osc.OscSynced : creating synced value for /sprite_FX/label/17
2024-06-16 17:38:11.364 INFO osc.OscSynced : creating synced value for /sprite_FX/label/18
2024-06-16 17:38:11.366 INFO osc.OscSynced : creating synced value for /sprite_FX/label/19
2024-06-16 17:38:11.366 INFO osc.OscSynced : creating synced value for /sprite_FX/label/20
2024-06-16 17:38:11.368 INFO osc.OscSynced : creating synced value for /sprite_FX/label/21
2024-06-16 17:38:11.369 INFO osc.OscSynced : creating synced value for /sprite_FX/label/22
2024-06-16 17:38:11.371 INFO osc.OscSynced : creating synced value for /sprite_FX/label/23
2024-06-16 17:38:11.371 INFO osc.OscSynced : creating synced value for /sprite_FX/label/24
2024-06-16 17:38:11.373 INFO osc.OscSynced : creating synced value for /sprite_FX/label/25
2024-06-16 17:38:11.373 INFO osc.OscSynced : creating synced value for /sprite_FX/label/26
2024-06-16 17:38:11.374 INFO osc.OscSynced : creating synced value for /sprite_FX/label/27
2024-06-16 17:38:11.375 INFO osc.OscSynced : creating synced value for /sprite_FX/label/28
2024-06-16 17:38:11.376 INFO osc.OscSynced : creating synced value for /sprite_FX/label/29
2024-06-16 17:38:11.377 INFO osc.OscSynced : creating synced value for /sprite_FX/label/30
2024-06-16 17:38:11.378 INFO osc.OscSynced : creating synced value for /sprite_FX/label/31
2024-06-16 17:38:11.379 INFO osc.OscSynced : creating synced value for /sprite_FX/label/32
2024-06-16 17:38:11.380 INFO osc.OscSynced : creating synced value for /sprite_FX/label/33
2024-06-16 17:38:11.381 INFO osc.OscSynced : creating synced value for /sprite_FX/label/34
2024-06-16 17:38:11.381 INFO osc.OscSynced : creating synced value for /sprite_FX/label/35
2024-06-16 17:38:11.382 INFO osc.OscSynced : creating synced value for /sprite_FX/label/36
2024-06-16 17:38:11.383 INFO osc.OscSynced : creating synced value for /sprite_FX/label/37
2024-06-16 17:38:11.384 INFO osc.OscSynced : creating synced value for /sprite_FX/label/38
2024-06-16 17:38:11.385 INFO osc.OscSynced : creating synced value for /sprite_FX/label/39
2024-06-16 17:38:11.387 INFO osc.OscSynced : creating synced value for /sprite_FX/label/40
2024-06-16 17:38:11.388 INFO osc.OscSynced : creating synced value for /sprite_FX/label/41
2024-06-16 17:38:11.389 INFO osc.OscSynced : creating synced value for /sprite_FX/label/42
2024-06-16 17:38:11.390 INFO osc.OscSynced : creating synced value for /sprite_FX/label/43
2024-06-16 17:38:11.390 INFO osc.OscSynced : creating synced value for /sprite_FX/label/44
2024-06-16 17:38:11.392 INFO osc.OscSynced : creating synced value for /sprite_FX/label/45
2024-06-16 17:38:11.393 INFO osc.OscSynced : creating synced value for /sprite_FX/label/46
2024-06-16 17:38:11.394 INFO osc.OscSynced : creating synced value for /sprite_FX/label/47
2024-06-16 17:38:11.395 INFO osc.OscSynced : creating synced value for /sprite_FX/label/48
2024-06-16 17:38:11.396 INFO osc.OscSynced : creating synced value for /sprite_FX/label/49
2024-06-16 17:38:11.398 INFO osc.OscSynced : creating synced value for /sprite_FX/label/50
2024-06-16 17:38:11.398 INFO osc.OscSynced : creating synced value for /sprite_FX/label/51
2024-06-16 17:38:11.399 INFO osc.OscSynced : creating synced value for /sprite_FX/label/52
2024-06-16 17:38:11.400 INFO osc.OscSynced : creating synced value for /sprite_FX/label/53
2024-06-16 17:38:11.401 INFO osc.OscSynced : creating synced value for /sprite_FX/label/54
2024-06-16 17:38:11.402 INFO osc.OscSynced : creating synced value for /sprite_FX/label/55
2024-06-16 17:38:11.403 INFO osc.OscSynced : creating synced value for /sprite_FX/label/56
2024-06-16 17:38:11.404 INFO osc.OscSynced : creating synced value for /sprite_FX/label/57
2024-06-16 17:38:11.405 INFO osc.OscSynced : creating synced value for /sprite_FX/label/58
2024-06-16 17:38:11.406 INFO osc.OscSynced : creating synced value for /sprite_FX/label/59
2024-06-16 17:38:11.408 INFO osc.OscSynced : creating synced value for /sprite_FX/label/60
2024-06-16 17:38:11.408 INFO osc.OscSynced : creating synced value for /sprite_FX/label/61
2024-06-16 17:38:11.409 INFO osc.OscSynced : creating synced value for /sprite_FX/label/62
2024-06-16 17:38:11.410 INFO osc.OscSynced : creating synced value for /sprite_FX/label/63
2024-06-16 17:38:11.411 INFO osc.OscSynced : creating synced value for /sprite_FX/label/64
2024-06-16 17:38:11.413 INFO osc.OscSynced : creating synced value for /sprite_FX/label/65
2024-06-16 17:38:11.414 INFO osc.OscSynced : creating synced value for /sprite_FX/label/66
2024-06-16 17:38:11.415 INFO osc.OscSynced : creating synced value for /sprite_FX/label/67
2024-06-16 17:38:11.416 INFO osc.OscSynced : creating synced value for /sprite_FX/label/68
2024-06-16 17:38:11.417 INFO osc.OscSynced : creating synced value for /sprite_FX/label/69
2024-06-16 17:38:11.417 INFO osc.OscSynced : creating synced value for /sprite_FX/label/70
2024-06-16 17:38:11.418 INFO osc.OscSynced : creating synced value for /sprite_FX/label/71
2024-06-16 17:38:11.420 INFO osc.OscSynced : creating synced value for /sprite_FX/label/72
2024-06-16 17:38:11.421 INFO osc.OscSynced : creating synced value for /sprite_FX/label/73
2024-06-16 17:38:11.422 INFO osc.OscSynced : creating synced value for /sprite_FX/label/74
2024-06-16 17:38:11.423 INFO osc.OscSynced : creating synced value for /sprite_FX/label/75
2024-06-16 17:38:11.423 INFO osc.OscSynced : creating synced value for /sprite_FX/label/76
2024-06-16 17:38:11.424 INFO osc.OscSynced : creating synced value for /sprite_FX/label/77
2024-06-16 17:38:11.425 INFO osc.OscSynced : creating synced value for /sprite_FX/label/78
2024-06-16 17:38:11.426 INFO osc.OscSynced : creating synced value for /sprite_FX/label/79
2024-06-16 17:38:11.427 INFO osc.OscSynced : creating synced value for /sprite_FX/label/80
2024-06-16 17:38:11.428 INFO osc.OscSynced : creating synced value for /sprite_FX/label/81
2024-06-16 17:38:11.429 INFO osc.OscSynced : creating synced value for /sprite_FX/label/82
2024-06-16 17:38:11.429 INFO osc.OscSynced : creating synced value for /sprite_FX/label/83
2024-06-16 17:38:11.430 INFO osc.OscSynced : creating synced value for /sprite_FX/label/84
2024-06-16 17:38:11.431 INFO osc.OscSynced : creating synced value for /sprite_FX/label/85
2024-06-16 17:38:11.433 INFO osc.OscSynced : creating synced value for /sprite_FX/label/86
2024-06-16 17:38:11.434 INFO osc.OscSynced : creating synced value for /sprite_FX/label/87
2024-06-16 17:38:11.434 INFO osc.OscSynced : creating synced value for /sprite_FX/label/88
2024-06-16 17:38:11.435 INFO osc.OscSynced : creating synced value for /sprite_FX/label/89
2024-06-16 17:38:11.436 INFO osc.OscSynced : creating synced value for /sprite_FX/label/90
2024-06-16 17:38:11.437 INFO osc.OscSynced : creating synced value for /sprite_FX/label/91
2024-06-16 17:38:11.437 INFO osc.OscSynced : creating synced value for /sprite_FX/label/92
2024-06-16 17:38:11.438 INFO osc.OscSynced : creating synced value for /sprite_FX/label/93
2024-06-16 17:38:11.438 INFO osc.OscSynced : creating synced value for /sprite_FX/label/94
2024-06-16 17:38:11.439 INFO osc.OscSynced : creating synced value for /sprite_FX/label/95
2024-06-16 17:38:11.440 INFO osc.OscSynced : creating synced value for /sprite_FX/label/96
2024-06-16 17:38:11.442 INFO osc.OscSynced : creating synced value for /sprite_FX/label/97
2024-06-16 17:38:11.442 INFO osc.OscSynced : creating synced value for /sprite_FX/label/98
2024-06-16 17:38:11.443 INFO osc.OscSynced : creating synced value for /sprite_FX/label/99
2024-06-16 17:38:11.506 DEBUG moe.nikky.nestcontrol.osc.OSCUtil : constructed OSC port
2024-06-16 17:38:11.506 DEBUG moe.nikky.nestcontrol.osc.OSCUtil : constructed OSC port
2024-06-16 17:38:11.506 DEBUG moe.nikky.nestcontrol.osc.OSCUtil : constructed OSC port
2024-06-16 17:38:11.515 INFO osc.OscSynced : creating synced value for /composition/groups/1/video/effects/motionextraction/bypassed
2024-06-16 17:38:11.516 INFO osc.OscSynced : creating synced value for /composition/groups/1/video/effects/motionextraction/effect/delay
2024-06-16 17:38:11.517 INFO osc.OscSynced : creating synced value for /composition/groups/1/video/effects/automask/bypassed
2024-06-16 17:38:11.517 INFO osc.OscSynced : creating synced value for /resolume/1/motion_extraction/enabled
2024-06-16 17:38:11.522 INFO osc.OscSynced : creating synced value for /resolume/1/motion_extraction/delay
2024-06-16 17:38:11.527 INFO osc.OscSynced : creating synced value for /resolume/1/auto_mask
2024-06-16 17:38:11.533 INFO osc.OscSynced : creating synced value for /composition/groups/2/video/effects/motionextraction/bypassed
2024-06-16 17:38:11.534 INFO osc.OscSynced : creating synced value for /composition/groups/2/video/effects/motionextraction/effect/delay
2024-06-16 17:38:11.536 INFO osc.OscSynced : creating synced value for /composition/groups/2/video/effects/automask/bypassed
2024-06-16 17:38:11.536 INFO osc.OscSynced : creating synced value for /resolume/2/motion_extraction/enabled
2024-06-16 17:38:11.537 INFO osc.OscSynced : creating synced value for /resolume/2/motion_extraction/delay
2024-06-16 17:38:11.538 INFO osc.OscSynced : creating synced value for /resolume/2/auto_mask
2024-06-16 17:38:11.538 INFO osc.OscSynced : creating synced value for /composition/groups/3/video/effects/motionextraction/bypassed
2024-06-16 17:38:11.540 INFO osc.OscSynced : creating synced value for /composition/groups/3/video/effects/motionextraction/effect/delay
2024-06-16 17:38:11.540 INFO osc.OscSynced : creating synced value for /composition/groups/3/video/effects/automask/bypassed
2024-06-16 17:38:11.541 INFO osc.OscSynced : creating synced value for /resolume/3/motion_extraction/enabled
2024-06-16 17:38:11.543 INFO osc.OscSynced : creating synced value for /resolume/3/motion_extraction/delay
2024-06-16 17:38:11.545 INFO osc.OscSynced : creating synced value for /resolume/3/auto_mask
2024-06-16 17:38:11.546 INFO osc.OscSynced : creating synced value for /composition/groups/4/video/effects/motionextraction/bypassed
2024-06-16 17:38:11.547 INFO osc.OscSynced : creating synced value for /composition/groups/4/video/effects/motionextraction/effect/delay
2024-06-16 17:38:11.548 INFO osc.OscSynced : creating synced value for /composition/groups/4/video/effects/automask/bypassed
2024-06-16 17:38:11.548 INFO osc.OscSynced : creating synced value for /resolume/4/motion_extraction/enabled
2024-06-16 17:38:11.550 INFO osc.OscSynced : creating synced value for /resolume/4/auto_mask
2024-06-16 17:38:11.549 INFO osc.OscSynced : creating synced value for /resolume/4/motion_extraction/delay
2024-06-16 17:38:11.703 INFO moe.nikky.nestcontrol.osc.OSCUtil : creating buttons for group 1 layer 1 (1)
2024-06-16 17:38:11.706 INFO osc.OscSynced : creating synced value for /composition/layers/1/connectspecificclip
2024-06-16 17:38:11.717 INFO moe.nikky.nestcontrol.osc.OSCUtil : creating buttons for group 1 layer 2 (2)
2024-06-16 17:38:11.718 INFO osc.OscSynced : creating synced value for /composition/layers/2/connectspecificclip
2024-06-16 17:38:11.719 INFO moe.nikky.nestcontrol.osc.OSCUtil : creating buttons for group 1 layer 3 (3)
2024-06-16 17:38:11.720 INFO moe.nikky.nestcontrol.osc.OSCUtil : resolume group 1 layer 2 connectSpecificClip index -1
2024-06-16 17:38:11.720 INFO moe.nikky.nestcontrol.osc.OSCUtil : resolume group 1 layer 1 connectSpecificClip index -1
2024-06-16 17:38:11.721 INFO osc.OscSynced : creating synced value for /composition/layers/3/connectspecificclip
2024-06-16 17:38:11.721 INFO moe.nikky.nestcontrol.osc.OSCUtil : resolume group 1 layer 3 connectSpecificClip index -1
2024-06-16 17:38:11.722 INFO moe.nikky.nestcontrol.osc.OSCUtil : creating buttons for group 2 layer 1 (4)
2024-06-16 17:38:11.722 INFO osc.OscSynced : creating synced value for /composition/layers/4/connectspecificclip
2024-06-16 17:38:11.723 INFO moe.nikky.nestcontrol.osc.OSCUtil : creating buttons for group 2 layer 2 (5)
2024-06-16 17:38:11.724 INFO moe.nikky.nestcontrol.osc.OSCUtil : resolume group 2 layer 1 connectSpecificClip index -1
2024-06-16 17:38:11.724 INFO osc.OscSynced : creating synced value for /composition/layers/5/connectspecificclip
2024-06-16 17:38:11.725 INFO moe.nikky.nestcontrol.osc.OSCUtil : resolume group 2 layer 2 connectSpecificClip index -1
2024-06-16 17:38:11.726 INFO moe.nikky.nestcontrol.osc.OSCUtil : creating buttons for group 2 layer 3 (6)
2024-06-16 17:38:11.727 INFO osc.OscSynced : creating synced value for /composition/layers/6/connectspecificclip
2024-06-16 17:38:11.728 INFO moe.nikky.nestcontrol.osc.OSCUtil : resolume group 2 layer 3 connectSpecificClip index -1
2024-06-16 17:38:11.728 INFO moe.nikky.nestcontrol.osc.OSCUtil : creating buttons for group 3 layer 1 (7)
2024-06-16 17:38:11.729 INFO osc.OscSynced : creating synced value for /composition/layers/7/connectspecificclip
2024-06-16 17:38:11.730 INFO moe.nikky.nestcontrol.osc.OSCUtil : resolume group 3 layer 1 connectSpecificClip index -1
2024-06-16 17:38:11.730 INFO moe.nikky.nestcontrol.osc.OSCUtil : creating buttons for group 3 layer 2 (8)
2024-06-16 17:38:11.731 INFO osc.OscSynced : creating synced value for /composition/layers/8/connectspecificclip
2024-06-16 17:38:11.732 INFO moe.nikky.nestcontrol.osc.OSCUtil : resolume group 3 layer 2 connectSpecificClip index -1
2024-06-16 17:38:11.732 INFO moe.nikky.nestcontrol.osc.OSCUtil : creating buttons for group 3 layer 3 (9)
2024-06-16 17:38:11.734 INFO osc.OscSynced : creating synced value for /composition/layers/9/connectspecificclip
2024-06-16 17:38:11.735 INFO moe.nikky.nestcontrol.osc.OSCUtil : creating buttons for group 4 layer 1 (10)
2024-06-16 17:38:11.735 INFO moe.nikky.nestcontrol.osc.OSCUtil : resolume group 3 layer 3 connectSpecificClip index -1
2024-06-16 17:38:11.736 INFO osc.OscSynced : creating synced value for /composition/layers/10/connectspecificclip
2024-06-16 17:38:11.737 INFO moe.nikky.nestcontrol.osc.OSCUtil : creating buttons for group 4 layer 2 (11)
2024-06-16 17:38:11.737 INFO moe.nikky.nestcontrol.osc.OSCUtil : resolume group 2 layer 2 changed to null
2024-06-16 17:38:11.737 INFO moe.nikky.nestcontrol.osc.OSCUtil : resolume group 4 layer 1 connectSpecificClip index -1
2024-06-16 17:38:11.737 INFO moe.nikky.nestcontrol.osc.OSCUtil : resolume group 3 layer 1 changed to null
2024-06-16 17:38:11.737 INFO moe.nikky.nestcontrol.osc.OSCUtil : resolume group 1 layer 3 changed to null
2024-06-16 17:38:11.737 INFO moe.nikky.nestcontrol.osc.OSCUtil : resolume group 3 layer 2 changed to null
2024-06-16 17:38:11.737 INFO moe.nikky.nestcontrol.osc.OSCUtil : resolume group 4 layer 1 changed to null
2024-06-16 17:38:11.738 INFO moe.nikky.nestcontrol.osc.OSCUtil : resolume group 2 layer 3 changed to null
2024-06-16 17:38:11.737 INFO moe.nikky.nestcontrol.osc.OSCUtil : resolume group 3 layer 3 changed to null
2024-06-16 17:38:11.738 INFO moe.nikky.nestcontrol.osc.OSCUtil : resolume group 1 layer 2 changed to null
2024-06-16 17:38:11.739 INFO osc.OscSynced : creating synced value for /composition/layers/11/connectspecificclip
2024-06-16 17:38:11.739 INFO moe.nikky.nestcontrol.osc.OSCUtil : resolume group 1 layer 1 changed to null
2024-06-16 17:38:11.740 INFO moe.nikky.nestcontrol.osc.OSCUtil : resolume group 4 layer 2 changed to null
2024-06-16 17:38:11.740 INFO moe.nikky.nestcontrol.osc.OSCUtil : creating buttons for group 4 layer 3 (12)
2024-06-16 17:38:11.740 INFO moe.nikky.nestcontrol.osc.OSCUtil : resolume group 4 layer 2 connectSpecificClip index -1
2024-06-16 17:38:11.741 INFO osc.OscSynced : creating synced value for /composition/layers/12/connectspecificclip
2024-06-16 17:38:11.742 INFO moe.nikky.nestcontrol.osc.OSCUtil : resolume group 4 layer 3 connectSpecificClip index -1
2024-06-16 17:38:11.742 INFO moe.nikky.nestcontrol.osc.OSCUtil : resolume group 4 layer 3 changed to null
2024-06-16 17:38:11.742 INFO moe.nikky.nestcontrol.osc.OSCUtil : creating buttons for group 5 layer 1 (13)
2024-06-16 17:38:11.743 INFO osc.OscSynced : creating synced value for /composition/layers/13/connectspecificclip
2024-06-16 17:38:11.744 INFO moe.nikky.nestcontrol.osc.OSCUtil : resolume group 2 layer 1 changed to null
2024-06-16 17:38:11.744 INFO moe.nikky.nestcontrol.osc.OSCUtil : resolume group 5 layer 1 connectSpecificClip index -1
2024-06-16 17:38:11.744 INFO moe.nikky.nestcontrol.osc.OSCUtil : creating buttons for group 5 layer 2 (14)
2024-06-16 17:38:11.744 INFO moe.nikky.nestcontrol.osc.OSCUtil : resolume group 5 layer 1 changed to null
2024-06-16 17:38:11.745 INFO osc.OscSynced : creating synced value for /composition/layers/14/connectspecificclip
2024-06-16 17:38:11.746 INFO moe.nikky.nestcontrol.osc.OSCUtil : resolume group 5 layer 2 changed to null
2024-06-16 17:38:11.746 INFO moe.nikky.nestcontrol.osc.OSCUtil : resolume group 5 layer 2 connectSpecificClip index -1
2024-06-16 17:38:11.746 INFO moe.nikky.nestcontrol.osc.OSCUtil : creating buttons for group 5 layer 3 (15)
2024-06-16 17:38:11.747 INFO osc.OscSynced : creating synced value for /composition/layers/15/connectspecificclip
2024-06-16 17:38:11.748 INFO moe.nikky.nestcontrol.osc.OSCUtil : resolume group 5 layer 3 changed to null
2024-06-16 17:38:11.748 INFO moe.nikky.nestcontrol.osc.OSCUtil : resolume group 5 layer 3 connectSpecificClip index -1
2024-06-16 17:38:11.748 INFO moe.nikky.nestcontrol.osc.OSCUtil : creating buttons for group 5 layer 4 (16)
2024-06-16 17:38:11.749 INFO moe.nikky.nestcontrol.osc.OSCUtil : {}
2024-06-16 17:38:11.750 INFO osc.OscSynced : creating synced value for /composition/layers/16/connectspecificclip
2024-06-16 17:38:11.750 INFO moe.nikky.nestcontrol.osc.OSCUtil : resolume group 5 layer 4 changed to null
2024-06-16 17:38:11.751 INFO moe.nikky.nestcontrol.osc.OSCUtil : creating buttons for group 5 layer 5 (17)
2024-06-16 17:38:11.751 INFO moe.nikky.nestcontrol.osc.OSCUtil : resolume group 5 layer 4 connectSpecificClip index -1
2024-06-16 17:38:11.752 INFO osc.OscSynced : creating synced value for /composition/layers/17/connectspecificclip
2024-06-16 17:38:11.753 INFO moe.nikky.nestcontrol.osc.OSCUtil : resolume group 5 layer 5 connectSpecificClip index -1
2024-06-16 17:38:11.753 INFO moe.nikky.nestcontrol.osc.OSCUtil : resolume group 5 layer 5 changed to null
2024-06-16 17:38:11.753 INFO moe.nikky.nestcontrol.osc.OSCUtil : creating buttons for group 6 layer 1 (18)
2024-06-16 17:38:11.754 INFO osc.OscSynced : creating synced value for /composition/layers/18/connectspecificclip
2024-06-16 17:38:11.755 INFO moe.nikky.nestcontrol.osc.OSCUtil : resolume group 6 layer 1 connectSpecificClip index -1
2024-06-16 17:38:11.755 INFO moe.nikky.nestcontrol.osc.OSCUtil : creating buttons for group 6 layer 2 (19)
2024-06-16 17:38:11.755 INFO moe.nikky.nestcontrol.osc.OSCUtil : resolume group 6 layer 1 changed to null
2024-06-16 17:38:11.756 INFO osc.OscSynced : creating synced value for /composition/layers/19/connectspecificclip
2024-06-16 17:38:11.757 INFO moe.nikky.nestcontrol.osc.OSCUtil : resolume group 6 layer 2 changed to null
2024-06-16 17:38:11.757 INFO moe.nikky.nestcontrol.osc.OSCUtil : resolume group 6 layer 2 connectSpecificClip index -1
2024-06-16 17:38:11.757 INFO moe.nikky.nestcontrol.osc.OSCUtil : creating buttons for group 6 layer 3 (20)
2024-06-16 17:38:11.759 INFO osc.OscSynced : creating synced value for /composition/layers/20/connectspecificclip
2024-06-16 17:38:11.759 INFO moe.nikky.nestcontrol.osc.OSCUtil : resolume group 6 layer 3 connectSpecificClip index -1
2024-06-16 17:38:11.760 INFO moe.nikky.nestcontrol.osc.OSCUtil : creating buttons for group 6 layer 4 (21)
2024-06-16 17:38:11.760 INFO moe.nikky.nestcontrol.osc.OSCUtil : resolume group 6 layer 3 changed to null
2024-06-16 17:38:11.760 INFO osc.OscSynced : creating synced value for /composition/layers/21/connectspecificclip
2024-06-16 17:38:11.761 INFO moe.nikky.nestcontrol.osc.OSCUtil : creating buttons for group 6 layer 5 (22)
2024-06-16 17:38:11.761 INFO moe.nikky.nestcontrol.osc.OSCUtil : resolume group 6 layer 4 connectSpecificClip index -1
2024-06-16 17:38:11.761 INFO moe.nikky.nestcontrol.osc.OSCUtil : resolume group 6 layer 4 changed to null
2024-06-16 17:38:11.762 INFO osc.OscSynced : creating synced value for /composition/layers/22/connectspecificclip
2024-06-16 17:38:11.763 INFO moe.nikky.nestcontrol.osc.OSCUtil : resolume group 6 layer 5 changed to null
2024-06-16 17:38:11.763 INFO moe.nikky.nestcontrol.osc.OSCUtil : resolume group 6 layer 5 connectSpecificClip index -1
2024-06-16 17:38:11.763 INFO moe.nikky.nestcontrol.osc.OSCUtil : creating buttons for group 6 layer 6 (23)
2024-06-16 17:38:11.764 INFO osc.OscSynced : creating synced value for /composition/layers/23/connectspecificclip
2024-06-16 17:38:11.765 INFO moe.nikky.nestcontrol.osc.OSCUtil : resolume group 6 layer 6 connectSpecificClip index -1
2024-06-16 17:38:11.765 INFO moe.nikky.nestcontrol.osc.OSCUtil : resolume group 6 layer 6 changed to null
2024-06-16 17:38:11.765 INFO moe.nikky.nestcontrol.osc.OSCUtil : creating buttons for group 6 layer 7 (24)
2024-06-16 17:38:11.766 INFO osc.OscSynced : creating synced value for /composition/layers/24/connectspecificclip
2024-06-16 17:38:11.768 INFO moe.nikky.nestcontrol.osc.OSCUtil : resolume group 6 layer 7 connectSpecificClip index -1
2024-06-16 17:38:11.768 INFO moe.nikky.nestcontrol.osc.OSCUtil : resolume group 6 layer 7 changed to null
2024-06-16 17:38:11.768 INFO moe.nikky.nestcontrol.osc.OSCUtil : creating buttons for group 6 layer 8 (25)
2024-06-16 17:38:11.769 INFO osc.OscSynced : creating synced value for /composition/layers/25/connectspecificclip
2024-06-16 17:38:11.769 INFO moe.nikky.nestcontrol.osc.OSCUtil : resolume group 6 layer 8 connectSpecificClip index -1
2024-06-16 17:38:11.769 INFO moe.nikky.nestcontrol.osc.OSCUtil : resolume group 6 layer 8 changed to null
2024-06-16 17:38:11.769 INFO moe.nikky.nestcontrol.osc.OSCUtil : creating buttons for group 6 layer 9 (26)
2024-06-16 17:38:11.770 INFO osc.OscSynced : creating synced value for /composition/layers/26/connectspecificclip
2024-06-16 17:38:11.772 INFO moe.nikky.nestcontrol.osc.OSCUtil : creating buttons for group 7 layer 1 (27)
2024-06-16 17:38:11.772 INFO moe.nikky.nestcontrol.osc.OSCUtil : resolume group 6 layer 9 changed to null
2024-06-16 17:38:11.772 INFO moe.nikky.nestcontrol.osc.OSCUtil : resolume group 6 layer 9 connectSpecificClip index -1
2024-06-16 17:38:11.773 INFO osc.OscSynced : creating synced value for /composition/layers/27/connectspecificclip
2024-06-16 17:38:11.773 INFO moe.nikky.nestcontrol.osc.OSCUtil : resolume group 7 layer 1 changed to null
2024-06-16 17:38:11.773 INFO moe.nikky.nestcontrol.osc.OSCUtil : resolume group 7 layer 1 connectSpecificClip index -1
2024-06-16 17:38:12.774 INFO osc.OscSynced : creating synced value for /beats
2024-06-16 17:38:12.775 INFO osc.OscSynced : creating synced value for /beatProgress
2024-06-16 17:38:12.775 INFO osc.OscSynced : creating synced value for /bpmRounded
2024-06-16 17:38:12.786 INFO nestdrop.loadQueuesKt : loading queues from C:\Users\nikky\VJ\NestDropProV2\DefaultUserProfile.xml
