2024-06-16 23:06:48.471 WARN Main : WARN
2024-06-16 23:06:48.475 ERROR Main : ERROR
2024-06-16 23:06:48.477 FATAL Main : FATAL
2024-06-16 23:06:48.480 INFO osc.OscSynced : creating synced value for /linkConnected
2024-06-16 23:06:48.483 INFO osc.OscSynced : creating synced value for /bpm
2024-06-16 23:06:48.483 INFO osc.OscSynced : creating synced value for /peers
2024-06-16 23:06:48.486 WARN Main : waiting for link to connect
2024-06-16 23:06:48.578 INFO Link : connecting to ableton link...
2024-06-16 23:06:49.008 INFO osc.OscSynced : creating synced value for /sprite_FX/label/0
2024-06-16 23:06:49.008 INFO osc.OscSynced : creating synced value for /sprite_FX/label/1
2024-06-16 23:06:49.008 INFO osc.OscSynced : creating synced value for /sprite_FX/label/2
2024-06-16 23:06:49.008 INFO osc.OscSynced : creating synced value for /sprite_FX/label/3
2024-06-16 23:06:49.008 INFO osc.OscSynced : creating synced value for /sprite_FX/label/4
2024-06-16 23:06:49.008 INFO osc.OscSynced : creating synced value for /sprite_FX/label/5
2024-06-16 23:06:49.008 INFO osc.OscSynced : creating synced value for /sprite_FX/label/6
2024-06-16 23:06:49.008 INFO osc.OscSynced : creating synced value for /sprite_FX/label/8
2024-06-16 23:06:49.008 INFO osc.OscSynced : creating synced value for /sprite_FX/label/7
2024-06-16 23:06:49.008 INFO osc.OscSynced : creating synced value for /sprite_FX/label/9
2024-06-16 23:06:49.008 INFO osc.OscSynced : creating synced value for /sprite_FX/label/10
2024-06-16 23:06:49.008 INFO osc.OscSynced : creating synced value for /sprite_FX/label/11
2024-06-16 23:06:49.008 INFO osc.OscSynced : creating synced value for /sprite_FX/label/12
2024-06-16 23:06:49.009 INFO osc.OscSynced : creating synced value for /sprite_FX/label/13
2024-06-16 23:06:49.009 INFO osc.OscSynced : creating synced value for /sprite_FX/label/14
2024-06-16 23:06:49.009 INFO osc.OscSynced : creating synced value for /sprite_FX/label/15
2024-06-16 23:06:49.009 INFO osc.OscSynced : creating synced value for /sprite_FX/label/16
2024-06-16 23:06:49.009 INFO osc.OscSynced : creating synced value for /sprite_FX/label/17
2024-06-16 23:06:49.009 INFO osc.OscSynced : creating synced value for /sprite_FX/label/18
2024-06-16 23:06:49.009 INFO osc.OscSynced : creating synced value for /sprite_FX/label/19
2024-06-16 23:06:49.009 INFO osc.OscSynced : creating synced value for /sprite_FX/label/20
2024-06-16 23:06:49.010 INFO osc.OscSynced : creating synced value for /sprite_FX/label/21
2024-06-16 23:06:49.010 INFO osc.OscSynced : creating synced value for /sprite_FX/label/22
2024-06-16 23:06:49.010 INFO osc.OscSynced : creating synced value for /sprite_FX/label/25
2024-06-16 23:06:49.010 INFO osc.OscSynced : creating synced value for /sprite_FX/label/26
2024-06-16 23:06:49.010 INFO osc.OscSynced : creating synced value for /sprite_FX/label/23
2024-06-16 23:06:49.010 INFO osc.OscSynced : creating synced value for /sprite_FX/label/24
2024-06-16 23:06:49.010 INFO osc.OscSynced : creating synced value for /sprite_FX/label/27
2024-06-16 23:06:49.016 INFO osc.OscSynced : creating synced value for /sprite_FX/label/28
2024-06-16 23:06:49.016 INFO osc.OscSynced : creating synced value for /sprite_FX/label/29
2024-06-16 23:06:49.016 INFO osc.OscSynced : creating synced value for /sprite_FX/label/30
2024-06-16 23:06:49.017 INFO osc.OscSynced : creating synced value for /sprite_FX/label/31
2024-06-16 23:06:49.017 INFO osc.OscSynced : creating synced value for /sprite_FX/label/32
2024-06-16 23:06:49.017 INFO osc.OscSynced : creating synced value for /sprite_FX/label/33
2024-06-16 23:06:49.017 INFO osc.OscSynced : creating synced value for /sprite_FX/label/34
2024-06-16 23:06:49.017 INFO osc.OscSynced : creating synced value for /sprite_FX/label/35
2024-06-16 23:06:49.017 INFO osc.OscSynced : creating synced value for /sprite_FX/label/36
2024-06-16 23:06:49.017 INFO osc.OscSynced : creating synced value for /sprite_FX/label/37
2024-06-16 23:06:49.017 INFO osc.OscSynced : creating synced value for /sprite_FX/label/38
2024-06-16 23:06:49.017 INFO osc.OscSynced : creating synced value for /sprite_FX/label/39
2024-06-16 23:06:49.019 INFO osc.OscSynced : creating synced value for /sprite_FX/label/40
2024-06-16 23:06:49.019 INFO osc.OscSynced : creating synced value for /sprite_FX/label/41
2024-06-16 23:06:49.019 INFO osc.OscSynced : creating synced value for /sprite_FX/label/43
2024-06-16 23:06:49.019 INFO osc.OscSynced : creating synced value for /sprite_FX/label/42
2024-06-16 23:06:49.019 INFO osc.OscSynced : creating synced value for /sprite_FX/label/44
2024-06-16 23:06:49.019 INFO osc.OscSynced : creating synced value for /sprite_FX/label/46
2024-06-16 23:06:49.019 INFO osc.OscSynced : creating synced value for /sprite_FX/label/45
2024-06-16 23:06:49.019 INFO osc.OscSynced : creating synced value for /sprite_FX/label/47
2024-06-16 23:06:49.019 INFO osc.OscSynced : creating synced value for /sprite_FX/label/48
2024-06-16 23:06:49.019 INFO osc.OscSynced : creating synced value for /sprite_FX/label/49
2024-06-16 23:06:49.020 INFO osc.OscSynced : creating synced value for /sprite_FX/label/50
2024-06-16 23:06:49.020 INFO osc.OscSynced : creating synced value for /sprite_FX/label/51
2024-06-16 23:06:49.020 INFO osc.OscSynced : creating synced value for /sprite_FX/label/52
2024-06-16 23:06:49.020 INFO osc.OscSynced : creating synced value for /sprite_FX/label/53
2024-06-16 23:06:49.020 INFO osc.OscSynced : creating synced value for /sprite_FX/label/55
2024-06-16 23:06:49.020 INFO osc.OscSynced : creating synced value for /sprite_FX/label/54
2024-06-16 23:06:49.021 INFO osc.OscSynced : creating synced value for /sprite_FX/label/56
2024-06-16 23:06:49.021 INFO osc.OscSynced : creating synced value for /sprite_FX/label/57
2024-06-16 23:06:49.021 INFO osc.OscSynced : creating synced value for /sprite_FX/label/58
2024-06-16 23:06:49.021 INFO osc.OscSynced : creating synced value for /sprite_FX/label/59
2024-06-16 23:06:49.021 INFO osc.OscSynced : creating synced value for /sprite_FX/label/60
2024-06-16 23:06:49.021 INFO osc.OscSynced : creating synced value for /sprite_FX/label/61
2024-06-16 23:06:49.021 INFO osc.OscSynced : creating synced value for /sprite_FX/label/62
2024-06-16 23:06:49.022 INFO osc.OscSynced : creating synced value for /sprite_FX/label/63
2024-06-16 23:06:49.022 INFO osc.OscSynced : creating synced value for /sprite_FX/label/64
2024-06-16 23:06:49.022 INFO osc.OscSynced : creating synced value for /sprite_FX/label/65
2024-06-16 23:06:49.022 INFO osc.OscSynced : creating synced value for /sprite_FX/label/66
2024-06-16 23:06:49.022 INFO osc.OscSynced : creating synced value for /sprite_FX/label/67
2024-06-16 23:06:49.023 INFO osc.OscSynced : creating synced value for /sprite_FX/label/68
2024-06-16 23:06:49.023 INFO osc.OscSynced : creating synced value for /sprite_FX/label/69
2024-06-16 23:06:49.023 INFO osc.OscSynced : creating synced value for /sprite_FX/label/70
2024-06-16 23:06:49.023 INFO osc.OscSynced : creating synced value for /sprite_FX/label/71
2024-06-16 23:06:49.023 INFO osc.OscSynced : creating synced value for /sprite_FX/label/72
2024-06-16 23:06:49.024 INFO osc.OscSynced : creating synced value for /sprite_FX/label/75
2024-06-16 23:06:49.023 INFO osc.OscSynced : creating synced value for /sprite_FX/label/73
2024-06-16 23:06:49.024 INFO osc.OscSynced : creating synced value for /sprite_FX/label/76
2024-06-16 23:06:49.024 INFO osc.OscSynced : creating synced value for /sprite_FX/label/77
2024-06-16 23:06:49.023 INFO osc.OscSynced : creating synced value for /sprite_FX/label/74
2024-06-16 23:06:49.024 INFO osc.OscSynced : creating synced value for /sprite_FX/label/78
2024-06-16 23:06:49.024 INFO osc.OscSynced : creating synced value for /sprite_FX/label/79
2024-06-16 23:06:49.024 INFO osc.OscSynced : creating synced value for /sprite_FX/label/80
2024-06-16 23:06:49.024 INFO osc.OscSynced : creating synced value for /sprite_FX/label/81
2024-06-16 23:06:49.024 INFO osc.OscSynced : creating synced value for /sprite_FX/label/82
2024-06-16 23:06:49.024 INFO osc.OscSynced : creating synced value for /sprite_FX/label/83
2024-06-16 23:06:49.024 INFO osc.OscSynced : creating synced value for /sprite_FX/label/84
2024-06-16 23:06:49.024 INFO osc.OscSynced : creating synced value for /sprite_FX/label/86
2024-06-16 23:06:49.024 INFO osc.OscSynced : creating synced value for /sprite_FX/label/85
2024-06-16 23:06:49.024 INFO osc.OscSynced : creating synced value for /sprite_FX/label/87
2024-06-16 23:06:49.024 INFO osc.OscSynced : creating synced value for /sprite_FX/label/88
2024-06-16 23:06:49.025 INFO osc.OscSynced : creating synced value for /sprite_FX/label/89
2024-06-16 23:06:49.025 INFO osc.OscSynced : creating synced value for /sprite_FX/label/90
2024-06-16 23:06:49.025 INFO osc.OscSynced : creating synced value for /sprite_FX/label/91
2024-06-16 23:06:49.025 INFO osc.OscSynced : creating synced value for /sprite_FX/label/92
2024-06-16 23:06:49.025 INFO osc.OscSynced : creating synced value for /sprite_FX/label/94
2024-06-16 23:06:49.025 INFO osc.OscSynced : creating synced value for /sprite_FX/label/93
2024-06-16 23:06:49.025 INFO osc.OscSynced : creating synced value for /sprite_FX/label/95
2024-06-16 23:06:49.025 INFO osc.OscSynced : creating synced value for /sprite_FX/label/96
2024-06-16 23:06:49.025 INFO osc.OscSynced : creating synced value for /sprite_FX/label/97
2024-06-16 23:06:49.025 INFO osc.OscSynced : creating synced value for /sprite_FX/label/98
2024-06-16 23:06:49.025 INFO osc.OscSynced : creating synced value for /sprite_FX/label/99
2024-06-16 23:06:49.081 INFO osc.OscSynced : creating synced value for /composition/groups/1/video/effects/motionextraction/bypassed
2024-06-16 23:06:49.081 INFO osc.OscSynced : creating synced value for /composition/groups/1/video/effects/motionextraction/effect/delay
2024-06-16 23:06:49.081 INFO osc.OscSynced : creating synced value for /composition/groups/1/video/effects/automask/bypassed
2024-06-16 23:06:49.082 INFO osc.OscSynced : creating synced value for /resolume/1/motion_extraction/enabled
2024-06-16 23:06:49.086 INFO osc.OscSynced : creating synced value for /resolume/1/motion_extraction/delay
2024-06-16 23:06:49.090 INFO osc.OscSynced : creating synced value for /resolume/1/auto_mask
2024-06-16 23:06:49.097 INFO osc.OscSynced : creating synced value for /composition/groups/2/video/effects/motionextraction/bypassed
2024-06-16 23:06:49.097 INFO osc.OscSynced : creating synced value for /composition/groups/2/video/effects/motionextraction/effect/delay
2024-06-16 23:06:49.098 INFO osc.OscSynced : creating synced value for /composition/groups/2/video/effects/automask/bypassed
2024-06-16 23:06:49.098 INFO osc.OscSynced : creating synced value for /resolume/2/motion_extraction/enabled
2024-06-16 23:06:49.098 INFO osc.OscSynced : creating synced value for /resolume/2/motion_extraction/delay
2024-06-16 23:06:49.098 INFO osc.OscSynced : creating synced value for /resolume/2/auto_mask
2024-06-16 23:06:49.098 INFO osc.OscSynced : creating synced value for /composition/groups/3/video/effects/motionextraction/bypassed
2024-06-16 23:06:49.099 INFO osc.OscSynced : creating synced value for /composition/groups/3/video/effects/motionextraction/effect/delay
2024-06-16 23:06:49.099 INFO osc.OscSynced : creating synced value for /composition/groups/3/video/effects/automask/bypassed
2024-06-16 23:06:49.099 INFO osc.OscSynced : creating synced value for /resolume/3/motion_extraction/enabled
2024-06-16 23:06:49.099 INFO osc.OscSynced : creating synced value for /resolume/3/motion_extraction/delay
2024-06-16 23:06:49.100 INFO osc.OscSynced : creating synced value for /resolume/3/auto_mask
2024-06-16 23:06:49.100 INFO osc.OscSynced : creating synced value for /composition/groups/4/video/effects/motionextraction/bypassed
2024-06-16 23:06:49.100 INFO osc.OscSynced : creating synced value for /composition/groups/4/video/effects/motionextraction/effect/delay
2024-06-16 23:06:49.100 INFO osc.OscSynced : creating synced value for /composition/groups/4/video/effects/automask/bypassed
2024-06-16 23:06:49.100 INFO osc.OscSynced : creating synced value for /resolume/4/motion_extraction/enabled
2024-06-16 23:06:49.100 INFO osc.OscSynced : creating synced value for /resolume/4/motion_extraction/delay
2024-06-16 23:06:49.100 INFO osc.OscSynced : creating synced value for /resolume/4/auto_mask
2024-06-16 23:06:49.153 INFO osc.OSCUtil : creating buttons for group 1 layer 1 (1)
2024-06-16 23:06:49.154 INFO osc.OscSynced : creating synced value for /composition/layers/1/connectspecificclip
2024-06-16 23:06:49.156 INFO osc.OscSynced : creating synced value for /composition/layers/2/connectspecificclip
2024-06-16 23:06:49.156 INFO osc.OSCUtil : creating buttons for group 1 layer 2 (2)
2024-06-16 23:06:49.156 INFO osc.OSCUtil : creating buttons for group 1 layer 3 (3)
2024-06-16 23:06:49.156 INFO osc.OscSynced : creating synced value for /composition/layers/3/connectspecificclip
2024-06-16 23:06:49.157 INFO osc.OSCUtil : creating buttons for group 2 layer 2 (5)
2024-06-16 23:06:49.157 INFO osc.OSCUtil : resolume group 2 layer 1 connectSpecificClip index -1
2024-06-16 23:06:49.157 INFO osc.OSCUtil : creating buttons for group 2 layer 1 (4)
2024-06-16 23:06:49.157 INFO osc.OSCUtil : resolume group 1 layer 2 connectSpecificClip index -1
2024-06-16 23:06:49.157 INFO osc.OSCUtil : resolume group 1 layer 3 connectSpecificClip index -1
2024-06-16 23:06:49.157 INFO osc.OscSynced : creating synced value for /composition/layers/4/connectspecificclip
2024-06-16 23:06:49.157 INFO osc.OscSynced : creating synced value for /composition/layers/7/connectspecificclip
2024-06-16 23:06:49.157 INFO osc.OscSynced : creating synced value for /composition/layers/5/connectspecificclip
2024-06-16 23:06:49.157 INFO osc.OSCUtil : creating buttons for group 2 layer 3 (6)
2024-06-16 23:06:49.157 INFO osc.OscSynced : creating synced value for /composition/layers/6/connectspecificclip
2024-06-16 23:06:49.157 INFO osc.OSCUtil : creating buttons for group 3 layer 1 (7)
2024-06-16 23:06:49.157 INFO osc.OSCUtil : resolume group 1 layer 1 connectSpecificClip index -1
2024-06-16 23:06:49.157 INFO osc.OSCUtil : creating buttons for group 3 layer 2 (8)
2024-06-16 23:06:49.157 INFO osc.OscSynced : creating synced value for /composition/layers/8/connectspecificclip
2024-06-16 23:06:49.157 INFO osc.OSCUtil : creating buttons for group 3 layer 3 (9)
2024-06-16 23:06:49.158 INFO osc.OscSynced : creating synced value for /composition/layers/9/connectspecificclip
2024-06-16 23:06:49.158 INFO osc.OSCUtil : resolume group 2 layer 2 connectSpecificClip index -1
2024-06-16 23:06:49.158 INFO osc.OSCUtil : resolume group 2 layer 3 connectSpecificClip index -1
2024-06-16 23:06:49.158 INFO osc.OSCUtil : creating buttons for group 4 layer 1 (10)
2024-06-16 23:06:49.158 INFO osc.OSCUtil : resolume group 3 layer 1 connectSpecificClip index -1
2024-06-16 23:06:49.158 INFO osc.OscSynced : creating synced value for /composition/layers/10/connectspecificclip
2024-06-16 23:06:49.158 INFO osc.OSCUtil : creating buttons for group 4 layer 2 (11)
2024-06-16 23:06:49.158 INFO osc.OscSynced : creating synced value for /composition/layers/11/connectspecificclip
2024-06-16 23:06:49.159 INFO osc.OSCUtil : creating buttons for group 4 layer 3 (12)
2024-06-16 23:06:49.159 INFO osc.OscSynced : creating synced value for /composition/layers/12/connectspecificclip
2024-06-16 23:06:49.158 INFO osc.OSCUtil : resolume group 3 layer 2 connectSpecificClip index -1
2024-06-16 23:06:49.158 INFO osc.OSCUtil : resolume group 3 layer 3 connectSpecificClip index -1
2024-06-16 23:06:49.159 INFO osc.OSCUtil : resolume group 4 layer 1 connectSpecificClip index -1
2024-06-16 23:06:49.159 INFO osc.OSCUtil : resolume group 4 layer 2 connectSpecificClip index -1
2024-06-16 23:06:49.159 INFO osc.OSCUtil : creating buttons for group 5 layer 1 (13)
2024-06-16 23:06:49.159 INFO osc.OSCUtil : resolume group 4 layer 3 connectSpecificClip index -1
2024-06-16 23:06:49.159 INFO osc.OscSynced : creating synced value for /composition/layers/13/connectspecificclip
2024-06-16 23:06:49.159 INFO osc.OSCUtil : creating buttons for group 5 layer 2 (14)
2024-06-16 23:06:49.160 INFO osc.OscSynced : creating synced value for /composition/layers/14/connectspecificclip
2024-06-16 23:06:49.160 INFO osc.OSCUtil : creating buttons for group 5 layer 3 (15)
2024-06-16 23:06:49.160 INFO osc.OscSynced : creating synced value for /composition/layers/15/connectspecificclip
2024-06-16 23:06:49.160 INFO osc.OSCUtil : creating buttons for group 5 layer 4 (16)
2024-06-16 23:06:49.160 INFO osc.OscSynced : creating synced value for /composition/layers/16/connectspecificclip
2024-06-16 23:06:49.160 INFO osc.OSCUtil : resolume group 5 layer 1 connectSpecificClip index -1
2024-06-16 23:06:49.160 INFO osc.OSCUtil : creating buttons for group 6 layer 1 (18)
2024-06-16 23:06:49.160 INFO osc.OSCUtil : resolume group 5 layer 2 connectSpecificClip index -1
2024-06-16 23:06:49.160 INFO osc.OscSynced : creating synced value for /composition/layers/17/connectspecificclip
2024-06-16 23:06:49.160 INFO osc.OSCUtil : creating buttons for group 5 layer 5 (17)
2024-06-16 23:06:49.161 INFO osc.OscSynced : creating synced value for /composition/layers/18/connectspecificclip
2024-06-16 23:06:49.161 INFO osc.OSCUtil : creating buttons for group 6 layer 2 (19)
2024-06-16 23:06:49.161 INFO osc.OscSynced : creating synced value for /composition/layers/19/connectspecificclip
2024-06-16 23:06:49.161 INFO osc.OSCUtil : creating buttons for group 6 layer 3 (20)
2024-06-16 23:06:49.161 INFO osc.OSCUtil : creating buttons for group 6 layer 4 (21)
2024-06-16 23:06:49.161 INFO osc.OscSynced : creating synced value for /composition/layers/20/connectspecificclip
2024-06-16 23:06:49.161 INFO osc.OscSynced : creating synced value for /composition/layers/21/connectspecificclip
2024-06-16 23:06:49.162 INFO osc.OSCUtil : creating buttons for group 6 layer 5 (22)
2024-06-16 23:06:49.162 INFO osc.OscSynced : creating synced value for /composition/layers/22/connectspecificclip
2024-06-16 23:06:49.162 INFO osc.OscSynced : creating synced value for /composition/layers/23/connectspecificclip
2024-06-16 23:06:49.162 INFO osc.OSCUtil : creating buttons for group 6 layer 6 (23)
2024-06-16 23:06:49.162 INFO osc.OSCUtil : creating buttons for group 6 layer 7 (24)
2024-06-16 23:06:49.162 INFO osc.OscSynced : creating synced value for /composition/layers/24/connectspecificclip
2024-06-16 23:06:49.162 INFO osc.OSCUtil : resolume group 5 layer 3 connectSpecificClip index -1
2024-06-16 23:06:49.162 INFO osc.OSCUtil : creating buttons for group 6 layer 8 (25)
2024-06-16 23:06:49.162 INFO osc.OscSynced : creating synced value for /composition/layers/25/connectspecificclip
2024-06-16 23:06:49.162 INFO osc.OSCUtil : creating buttons for group 6 layer 9 (26)
2024-06-16 23:06:49.162 INFO osc.OscSynced : creating synced value for /composition/layers/26/connectspecificclip
2024-06-16 23:06:49.162 INFO osc.OSCUtil : creating buttons for group 7 layer 1 (27)
2024-06-16 23:06:49.162 INFO osc.OscSynced : creating synced value for /composition/layers/27/connectspecificclip
2024-06-16 23:06:49.177 INFO osc.OSCUtil : resolume group 3 layer 1 changed to null
2024-06-16 23:06:49.177 INFO osc.OSCUtil : resolume group 2 layer 1 changed to null
2024-06-16 23:06:49.177 INFO osc.OSCUtil : resolume group 4 layer 3 changed to null
2024-06-16 23:06:49.177 INFO osc.OSCUtil : resolume group 4 layer 1 changed to null
2024-06-16 23:06:49.177 INFO osc.OSCUtil : resolume group 5 layer 5 changed to null
2024-06-16 23:06:49.177 INFO osc.OSCUtil : resolume group 4 layer 2 changed to null
2024-06-16 23:06:49.177 INFO osc.OSCUtil : resolume group 5 layer 5 connectSpecificClip index -1
2024-06-16 23:06:49.177 INFO osc.OSCUtil : resolume group 5 layer 4 connectSpecificClip index -1
2024-06-16 23:06:49.177 INFO osc.OSCUtil : resolume group 6 layer 1 changed to null
2024-06-16 23:06:49.177 INFO osc.OSCUtil : resolume group 6 layer 2 changed to null
2024-06-16 23:06:49.177 INFO osc.OSCUtil : resolume group 6 layer 2 connectSpecificClip index -1
2024-06-16 23:06:49.177 INFO osc.OSCUtil : resolume group 6 layer 1 connectSpecificClip index -1
2024-06-16 23:06:49.177 INFO osc.OSCUtil : resolume group 6 layer 3 changed to null
2024-06-16 23:06:49.177 INFO osc.OSCUtil : resolume group 6 layer 3 connectSpecificClip index -1
2024-06-16 23:06:49.177 INFO osc.OSCUtil : resolume group 6 layer 4 changed to null
2024-06-16 23:06:49.177 INFO osc.OSCUtil : resolume group 6 layer 4 connectSpecificClip index -1
2024-06-16 23:06:49.177 INFO osc.OSCUtil : resolume group 6 layer 5 changed to null
2024-06-16 23:06:49.177 INFO osc.OSCUtil : resolume group 6 layer 5 connectSpecificClip index -1
2024-06-16 23:06:49.177 INFO osc.OSCUtil : resolume group 6 layer 6 connectSpecificClip index -1
2024-06-16 23:06:49.177 INFO osc.OSCUtil : resolume group 6 layer 6 changed to null
2024-06-16 23:06:49.177 INFO osc.OSCUtil : resolume group 6 layer 7 changed to null
2024-06-16 23:06:49.177 INFO osc.OSCUtil : resolume group 6 layer 7 connectSpecificClip index -1
2024-06-16 23:06:49.177 INFO osc.OSCUtil : resolume group 6 layer 8 connectSpecificClip index -1
2024-06-16 23:06:49.177 INFO osc.OSCUtil : resolume group 6 layer 8 changed to null
2024-06-16 23:06:49.178 INFO osc.OSCUtil : resolume group 6 layer 9 connectSpecificClip index -1
2024-06-16 23:06:49.178 INFO osc.OSCUtil : resolume group 6 layer 9 changed to null
2024-06-16 23:06:49.178 INFO osc.OSCUtil : resolume group 7 layer 1 connectSpecificClip index -1
2024-06-16 23:06:49.178 INFO osc.OSCUtil : resolume group 7 layer 1 changed to null
2024-06-16 23:06:49.178 INFO osc.OSCUtil : resolume group 5 layer 4 changed to null
2024-06-16 23:06:49.178 INFO osc.OSCUtil : resolume group 5 layer 1 changed to null
2024-06-16 23:06:49.178 INFO osc.OSCUtil : resolume group 1 layer 3 changed to null
2024-06-16 23:06:49.179 INFO osc.OSCUtil : resolume group 2 layer 2 changed to null
2024-06-16 23:06:49.179 INFO osc.OSCUtil : resolume group 5 layer 2 changed to null
2024-06-16 23:06:49.184 INFO osc.OSCUtil : resolume group 3 layer 3 changed to null
2024-06-16 23:06:49.184 INFO osc.OSCUtil : resolume group 1 layer 2 changed to null
2024-06-16 23:06:49.184 INFO osc.OSCUtil : resolume group 3 layer 2 changed to null
2024-06-16 23:06:49.184 INFO osc.OSCUtil : resolume group 5 layer 3 changed to null
2024-06-16 23:06:49.185 INFO osc.OSCUtil : resolume group 1 layer 1 changed to null
2024-06-16 23:06:49.188 INFO osc.OSCUtil : resolume group 2 layer 3 changed to null
2024-06-16 23:06:49.203 INFO osc.OSCUtil : {}
2024-06-16 23:06:50.165 INFO osc.OscSynced : creating synced value for /beats
2024-06-16 23:06:50.166 INFO osc.OscSynced : creating synced value for /bpmRounded
2024-06-16 23:06:50.166 INFO osc.OscSynced : creating synced value for /beatProgress
2024-06-16 23:06:50.176 INFO nestdrop.loadQueuesKt : loading queues from C:\Users\nikky\VJ\NestDropProV2\DefaultUserProfile.xml
2024-06-16 23:06:51.582 INFO Config : loaded Config(beats=64, deck1=DeckConfig(triggerTime=0.75, transitionTime=5.0, presetQueue=PresetQueue(index=-1, name=null, autoChange=false, toggles=[]), preset=Preset(autoChange=false), sprite=Sprite(autoChange=false, index=-1, name=null, toggles=[]), spriteQueue=SpriteQueue(index=-1, name=null), spoutQueue=SpoutQueue(index=-1, name=null), spout=Spout(index=-1, label=null), spriteFX=SpriteFX(autoChange=false, blendMode=false, index=-1, toggles=[]), bpmSync=BpmSync(enabled=false, multiplier=4), strobe=Strobe(enabled=false)), deck2=DeckConfig(triggerTime=0.25, transitionTime=5.0, presetQueue=PresetQueue(index=-1, name=null, autoChange=false, toggles=[]), preset=Preset(autoChange=false), sprite=Sprite(autoChange=false, index=-1, name=null, toggles=[]), spriteQueue=SpriteQueue(index=-1, name=null), spoutQueue=SpoutQueue(index=-1, name=null), spout=Spout(index=-1, label=null), spriteFX=SpriteFX(autoChange=false, blendMode=false, index=-1, toggles=[]), bpmSync=BpmSync(enabled=false, multiplier=4), strobe=Strobe(enabled=false)))
2024-06-16 23:06:51.586 INFO nestcontrol.deck.DeckConfig : loading presets from queue
2024-06-16 23:06:51.586 INFO nestcontrol.deck.DeckConfig : loaded deck1 []
2024-06-16 23:06:51.587 INFO nestcontrol.deck.DeckConfig : loading presets from queue
2024-06-16 23:06:51.587 INFO nestcontrol.deck.DeckConfig : loaded deck2 []
2024-06-16 23:06:51.587 INFO nestcontrol.deck.DeckConfig : loading presets from queue
2024-06-16 23:06:51.587 INFO nestcontrol.deck.DeckConfig : loading presets from queue
2024-06-16 23:06:52.089 INFO nestdrop.deck.PresetQueues : initializing preset queues
2024-06-16 23:06:52.090 INFO nestdrop.deck.PresetQueues : queues updated
2024-06-16 23:06:52.093 INFO nestdrop.deck.PresetQueues : combining queues with deck switches
2024-06-16 23:06:52.094 INFO nestdrop.deck.PresetQueues : queues updated
2024-06-16 23:06:52.094 INFO nestdrop.deck.PresetQueues : combining queues with deck switches
2024-06-16 23:06:52.094 INFO nestdrop.deck.PresetQueues : queues updated
2024-06-16 23:06:52.094 INFO nestdrop.deck.PresetQueues : combining queues with deck switches
2024-06-16 23:06:52.094 INFO nestdrop.deck.PresetQueues : queues updated
2024-06-16 23:06:52.095 INFO nestdrop.deck.PresetQueues : queues updated
2024-06-16 23:06:52.095 INFO nestdrop.deck.PresetQueues : combining queues with deck switches
2024-06-16 23:06:52.095 INFO nestdrop.deck.PresetQueues : combining queues with deck switches
2024-06-16 23:06:52.095 INFO nestdrop.deck.PresetQueues : queues updated
2024-06-16 23:06:52.095 INFO nestdrop.deck.PresetQueues : combining queues with deck switches
2024-06-16 23:06:52.095 INFO nestdrop.deck.PresetQueues : queues updated
2024-06-16 23:06:52.096 INFO nestdrop.deck.PresetQueues : combining queues with deck switches
2024-06-16 23:06:52.096 INFO nestdrop.deck.PresetQueues : queues updated
2024-06-16 23:06:52.096 INFO nestdrop.deck.PresetQueues : combining queues with deck switches
2024-06-16 23:06:52.096 INFO nestdrop.deck.PresetQueues : queues updated
2024-06-16 23:06:52.096 INFO nestdrop.deck.Deck : initializing deck1
2024-06-16 23:06:52.096 INFO nestdrop.deck.PresetQueues : combining queues with deck switches
2024-06-16 23:06:52.096 INFO nestdrop.deck.PresetQueues : queues updated
2024-06-16 23:06:52.097 INFO nestdrop.deck.PresetQueues : combining queues with deck switches
2024-06-16 23:06:52.097 INFO nestdrop.deck.PresetQueues : queues updated
2024-06-16 23:06:52.097 INFO nestdrop.deck.PresetQueues : combining queues with deck switches
2024-06-16 23:06:52.097 INFO nestdrop.deck.PresetQueues : queues updated
2024-06-16 23:06:52.097 INFO nestdrop.deck.PresetQueues : combining queues with deck switches
2024-06-16 23:06:52.097 INFO nestdrop.deck.PresetQueues : queues updated
2024-06-16 23:06:52.097 INFO nestdrop.deck.PresetQueues : combining queues with deck switches
2024-06-16 23:06:52.097 INFO nestdrop.deck.PresetQueues : queues updated
2024-06-16 23:06:52.125 INFO nestdrop.deck.Deck : initializing deck1 preset queue
2024-06-16 23:06:52.129 INFO nestdrop.deck.Deck : initializing deck1 preset
2024-06-16 23:06:52.129 INFO nestdrop.deck.Deck : deck1 queue: null
2024-06-16 23:06:52.132 INFO nestdrop.deck.Deck : initializing deck1 sprite queues
2024-06-16 23:06:52.134 INFO nestdrop.deck.Deck : initializing deck1 sprite queue
2024-06-16 23:06:52.139 INFO nestdrop.deck.Deck : initializing deck1 sprite
2024-06-16 23:06:52.148 INFO nestdrop.deck.Deck : initializing deck1 sprite fx
2024-06-16 23:06:52.155 INFO nestdrop.deck.Deck : initializing deck1 spout queue
2024-06-16 23:06:52.155 INFO nestdrop.deck.Deck : setting deck1 FX to 0
2024-06-16 23:06:52.159 INFO nestdrop.deck.Deck : initializing deck1 spout
2024-06-16 23:06:52.160 INFO nestdrop.deck.Deck : deck1 spout name null
2024-06-16 23:06:52.163 INFO nestdrop.deck.Deck : initializing deck2
2024-06-16 23:06:52.163 INFO nestdrop.deck.Deck : spout sync triggered
2024-06-16 23:06:52.163 INFO nestdrop.deck.Deck : initializing deck2 preset queue
2024-06-16 23:06:52.163 INFO nestdrop.deck.Deck : initializing deck2 sprite
2024-06-16 23:06:52.163 INFO nestdrop.deck.Deck : initializing deck2 preset
2024-06-16 23:06:52.163 INFO nestdrop.deck.Deck : initializing deck2 spout queue
2024-06-16 23:06:52.163 INFO nestdrop.deck.Deck : initializing deck2 sprite queues
2024-06-16 23:06:52.163 INFO nestdrop.deck.Deck : deck2 queue: null
2024-06-16 23:06:52.163 INFO nestdrop.deck.Deck : initializing deck2 sprite queue
2024-06-16 23:06:52.164 INFO nestdrop.deck.Deck : initializing deck2 spout
2024-06-16 23:06:52.163 INFO nestdrop.deck.Deck : initializing deck2 sprite fx
2024-06-16 23:06:52.164 INFO nestdrop.deck.Deck : setting deck2 FX to 0
2024-06-16 23:06:52.164 INFO nestdrop.deck.Deck : spout sync triggered
2024-06-16 23:06:52.164 INFO nestdrop.deck.Deck : deck2 spout name null
2024-06-16 23:06:52.164 INFO nestdrop.deck.Deck : deck2 spout queue changed: null
2024-06-16 23:06:52.164 INFO nestdrop.deck.Deck : deck1 spout queue changed: null
2024-06-16 23:06:52.166 INFO nestdrop.deck.Deck : deck1 spout index changed: -1
2024-06-16 23:06:52.166 INFO nestdrop.deck.Deck : deck2 spout index changed: -1
2024-06-16 23:06:52.169 INFO nestdrop.deck.loadDeckSettingsKt : loading settings from deck1
2024-06-16 23:06:52.243 INFO nestdrop.deck.loadDeckSettingsKt : DeckSettings(deckPanelsIsOpen=StringValue(value=0,0,0,0,0,0), transitTime=FloatValue(value=3.6), fps=IntValue(value=30), animationSpeed=FloatValue(value=0.5190856), zoomSpeed=FloatValue(value=0.9), ZoomExp=FloatValue(value=1.0), rotationSpeed=FloatValue(value=0.9), wrapSpeed=FloatValue(value=0.8), horizontalMotion=FloatValue(value=0.0), verticalMotion=FloatValue(value=0.0), stretchSpeed=FloatValue(value=1.0), waveMode=FloatValue(value=1.0), negative=FloatValue(value=0.0), red=FloatValue(value=1.0), green=FloatValue(value=1.0), blue=FloatValue(value=1.0), brightness=FloatValue(value=1.0), contrast=FloatValue(value=1.0), gamma=FloatValue(value=1.0), hue=FloatValue(value=0.0), saturation=FloatValue(value=1.0), lumaKey=RangeValue(min=0.0, max=1.0), alpha=FloatValue(value=1.0), strobe=Strobe(effectIndex=14, color=4294967295, effectSpanMin=0.0, effectSpanMax=1.0, triggerIndex=0, speed=0.26, pulseWidth=1.0, waveFormIndex=2), audio=Audio(channel=3, bass=1.0, mid=1.0, treble=1.0), spout=Spout(width=1920, height=1080), videoDeck=VideoDeck(preview=4, topMost=false), outputMonitor=IntValue(value=0), ndi=BooleanValue(value=false))
2024-06-16 23:06:52.244 INFO nestdrop.deck.loadDeckSettingsKt : loading settings from deck2
2024-06-16 23:06:52.267 INFO nestdrop.deck.Deck : deck1 spout change: -1 in null
2024-06-16 23:06:52.267 INFO nestdrop.deck.Deck : deck2 spout change: -1 in null
2024-06-16 23:06:52.287 INFO nestdrop.deck.loadDeckSettingsKt : DeckSettings(deckPanelsIsOpen=StringValue(value=0,0,0,0,0,0), transitTime=FloatValue(value=3.2), fps=IntValue(value=30), animationSpeed=FloatValue(value=0.5190856), zoomSpeed=FloatValue(value=1.0), ZoomExp=FloatValue(value=1.0), rotationSpeed=FloatValue(value=1.0), wrapSpeed=FloatValue(value=1.0), horizontalMotion=FloatValue(value=0.0), verticalMotion=FloatValue(value=0.0), stretchSpeed=FloatValue(value=1.0), waveMode=FloatValue(value=0.0), negative=FloatValue(value=0.0), red=FloatValue(value=1.0), green=FloatValue(value=1.0), blue=FloatValue(value=1.0), brightness=FloatValue(value=1.0), contrast=FloatValue(value=1.0), gamma=FloatValue(value=1.0), hue=FloatValue(value=0.0), saturation=FloatValue(value=1.0), lumaKey=RangeValue(min=0.0, max=1.0), alpha=FloatValue(value=1.0), strobe=Strobe(effectIndex=14, color=4294967295, effectSpanMin=0.0, effectSpanMax=1.0, triggerIndex=0, speed=0.26, pulseWidth=1.0, waveFormIndex=2), audio=Audio(channel=3, bass=1.0, mid=1.0, treble=1.0), spout=Spout(width=1920, height=1080), videoDeck=VideoDeck(preview=4, topMost=false), outputMonitor=IntValue(value=0), ndi=BooleanValue(value=false))
2024-06-16 23:06:52.288 INFO Main : initializing OSC
2024-06-16 23:06:52.827 INFO Main : re-emitting all values
2024-06-16 23:06:52.830 INFO Main : await application
2024-06-16 23:06:58.423 INFO nestdrop.deck.Deck : triggered at 16.017887349192286, 16.0
2024-06-16 23:07:02.193 INFO nestdrop.deck.Deck : deck1 queue: Queue1
2024-06-16 23:07:04.358 INFO nestdrop.deck.Deck : deck1 queue: red_orange
2024-06-16 23:07:06.382 INFO nestdrop.deck.Deck : deck1 queue: Queue1
2024-06-16 23:07:10.821 INFO nestdrop.deck.PresetQueues : combining queues with deck switches
2024-06-16 23:07:10.822 INFO nestdrop.deck.PresetQueues : queues updated
2024-06-16 23:07:12.417 INFO nestdrop.deck.PresetQueues : combining queues with deck switches
2024-06-16 23:07:12.417 INFO nestdrop.deck.PresetQueues : queues updated
2024-06-16 23:07:13.428 INFO nestdrop.deck.Deck : deck1 queue: better_nested
2024-06-16 23:07:14.237 INFO nestdrop.deck.Deck : deck2 queue: motion_bg
2024-06-16 23:07:14.926 INFO nestdrop.deck.Deck : triggered at 48.03662321955361, 48.0
2024-06-16 23:07:31.490 INFO nestdrop.deck.Deck : triggered at 16.12879403851825, 16.0
