2024-06-16 23:01:59.440 WARN Main : WARN
2024-06-16 23:01:59.447 ERROR Main : ERROR
2024-06-16 23:01:59.448 FATAL Main : FATAL
2024-06-16 23:01:59.450 INFO osc.OscSynced : creating synced value for /linkConnected
2024-06-16 23:01:59.450 INFO osc.OscSynced : creating synced value for /bpm
2024-06-16 23:01:59.450 INFO osc.OscSynced : creating synced value for /peers
2024-06-16 23:01:59.454 WARN Main : waiting for link to connect
2024-06-16 23:01:59.545 INFO Link : connecting to ableton link...
2024-06-16 23:01:59.974 INFO osc.OscSynced : creating synced value for /sprite_FX/label/0
2024-06-16 23:01:59.974 INFO osc.OscSynced : creating synced value for /sprite_FX/label/1
2024-06-16 23:01:59.974 INFO osc.OscSynced : creating synced value for /sprite_FX/label/3
2024-06-16 23:01:59.974 INFO osc.OscSynced : creating synced value for /sprite_FX/label/4
2024-06-16 23:01:59.975 INFO osc.OscSynced : creating synced value for /sprite_FX/label/6
2024-06-16 23:01:59.974 INFO osc.OscSynced : creating synced value for /sprite_FX/label/5
2024-06-16 23:01:59.974 INFO osc.OscSynced : creating synced value for /sprite_FX/label/2
2024-06-16 23:01:59.975 INFO osc.OscSynced : creating synced value for /sprite_FX/label/7
2024-06-16 23:01:59.975 INFO osc.OscSynced : creating synced value for /sprite_FX/label/8
2024-06-16 23:01:59.975 INFO osc.OscSynced : creating synced value for /sprite_FX/label/9
2024-06-16 23:01:59.975 INFO osc.OscSynced : creating synced value for /sprite_FX/label/10
2024-06-16 23:01:59.975 INFO osc.OscSynced : creating synced value for /sprite_FX/label/11
2024-06-16 23:01:59.975 INFO osc.OscSynced : creating synced value for /sprite_FX/label/12
2024-06-16 23:01:59.976 INFO osc.OscSynced : creating synced value for /sprite_FX/label/13
2024-06-16 23:01:59.976 INFO osc.OscSynced : creating synced value for /sprite_FX/label/14
2024-06-16 23:01:59.976 INFO osc.OscSynced : creating synced value for /sprite_FX/label/15
2024-06-16 23:01:59.976 INFO osc.OscSynced : creating synced value for /sprite_FX/label/16
2024-06-16 23:01:59.976 INFO osc.OscSynced : creating synced value for /sprite_FX/label/17
2024-06-16 23:01:59.976 INFO osc.OscSynced : creating synced value for /sprite_FX/label/18
2024-06-16 23:01:59.976 INFO osc.OscSynced : creating synced value for /sprite_FX/label/19
2024-06-16 23:01:59.976 INFO osc.OscSynced : creating synced value for /sprite_FX/label/21
2024-06-16 23:01:59.976 INFO osc.OscSynced : creating synced value for /sprite_FX/label/22
2024-06-16 23:01:59.976 INFO osc.OscSynced : creating synced value for /sprite_FX/label/20
2024-06-16 23:01:59.976 INFO osc.OscSynced : creating synced value for /sprite_FX/label/23
2024-06-16 23:01:59.976 INFO osc.OscSynced : creating synced value for /sprite_FX/label/24
2024-06-16 23:01:59.976 INFO osc.OscSynced : creating synced value for /sprite_FX/label/26
2024-06-16 23:01:59.976 INFO osc.OscSynced : creating synced value for /sprite_FX/label/27
2024-06-16 23:01:59.976 INFO osc.OscSynced : creating synced value for /sprite_FX/label/25
2024-06-16 23:01:59.976 INFO osc.OscSynced : creating synced value for /sprite_FX/label/28
2024-06-16 23:01:59.981 INFO osc.OscSynced : creating synced value for /sprite_FX/label/29
2024-06-16 23:01:59.982 INFO osc.OscSynced : creating synced value for /sprite_FX/label/30
2024-06-16 23:01:59.982 INFO osc.OscSynced : creating synced value for /sprite_FX/label/31
2024-06-16 23:01:59.982 INFO osc.OscSynced : creating synced value for /sprite_FX/label/33
2024-06-16 23:01:59.982 INFO osc.OscSynced : creating synced value for /sprite_FX/label/32
2024-06-16 23:01:59.982 INFO osc.OscSynced : creating synced value for /sprite_FX/label/34
2024-06-16 23:01:59.982 INFO osc.OscSynced : creating synced value for /sprite_FX/label/35
2024-06-16 23:01:59.982 INFO osc.OscSynced : creating synced value for /sprite_FX/label/36
2024-06-16 23:01:59.982 INFO osc.OscSynced : creating synced value for /sprite_FX/label/37
2024-06-16 23:01:59.982 INFO osc.OscSynced : creating synced value for /sprite_FX/label/38
2024-06-16 23:01:59.982 INFO osc.OscSynced : creating synced value for /sprite_FX/label/39
2024-06-16 23:01:59.982 INFO osc.OscSynced : creating synced value for /sprite_FX/label/40
2024-06-16 23:01:59.982 INFO osc.OscSynced : creating synced value for /sprite_FX/label/43
2024-06-16 23:01:59.982 INFO osc.OscSynced : creating synced value for /sprite_FX/label/41
2024-06-16 23:01:59.983 INFO osc.OscSynced : creating synced value for /sprite_FX/label/44
2024-06-16 23:01:59.982 INFO osc.OscSynced : creating synced value for /sprite_FX/label/42
2024-06-16 23:01:59.983 INFO osc.OscSynced : creating synced value for /sprite_FX/label/45
2024-06-16 23:01:59.983 INFO osc.OscSynced : creating synced value for /sprite_FX/label/46
2024-06-16 23:01:59.983 INFO osc.OscSynced : creating synced value for /sprite_FX/label/47
2024-06-16 23:01:59.983 INFO osc.OscSynced : creating synced value for /sprite_FX/label/48
2024-06-16 23:01:59.983 INFO osc.OscSynced : creating synced value for /sprite_FX/label/49
2024-06-16 23:01:59.983 INFO osc.OscSynced : creating synced value for /sprite_FX/label/50
2024-06-16 23:01:59.983 INFO osc.OscSynced : creating synced value for /sprite_FX/label/51
2024-06-16 23:01:59.983 INFO osc.OscSynced : creating synced value for /sprite_FX/label/52
2024-06-16 23:01:59.983 INFO osc.OscSynced : creating synced value for /sprite_FX/label/53
2024-06-16 23:01:59.983 INFO osc.OscSynced : creating synced value for /sprite_FX/label/54
2024-06-16 23:01:59.983 INFO osc.OscSynced : creating synced value for /sprite_FX/label/55
2024-06-16 23:01:59.984 INFO osc.OscSynced : creating synced value for /sprite_FX/label/56
2024-06-16 23:01:59.984 INFO osc.OscSynced : creating synced value for /sprite_FX/label/57
2024-06-16 23:01:59.984 INFO osc.OscSynced : creating synced value for /sprite_FX/label/58
2024-06-16 23:01:59.984 INFO osc.OscSynced : creating synced value for /sprite_FX/label/59
2024-06-16 23:01:59.984 INFO osc.OscSynced : creating synced value for /sprite_FX/label/60
2024-06-16 23:01:59.984 INFO osc.OscSynced : creating synced value for /sprite_FX/label/62
2024-06-16 23:01:59.984 INFO osc.OscSynced : creating synced value for /sprite_FX/label/61
2024-06-16 23:01:59.984 INFO osc.OscSynced : creating synced value for /sprite_FX/label/64
2024-06-16 23:01:59.984 INFO osc.OscSynced : creating synced value for /sprite_FX/label/63
2024-06-16 23:01:59.984 INFO osc.OscSynced : creating synced value for /sprite_FX/label/65
2024-06-16 23:01:59.986 INFO osc.OscSynced : creating synced value for /sprite_FX/label/66
2024-06-16 23:01:59.986 INFO osc.OscSynced : creating synced value for /sprite_FX/label/67
2024-06-16 23:01:59.986 INFO osc.OscSynced : creating synced value for /sprite_FX/label/69
2024-06-16 23:01:59.986 INFO osc.OscSynced : creating synced value for /sprite_FX/label/70
2024-06-16 23:01:59.986 INFO osc.OscSynced : creating synced value for /sprite_FX/label/68
2024-06-16 23:01:59.986 INFO osc.OscSynced : creating synced value for /sprite_FX/label/71
2024-06-16 23:01:59.986 INFO osc.OscSynced : creating synced value for /sprite_FX/label/72
2024-06-16 23:01:59.986 INFO osc.OscSynced : creating synced value for /sprite_FX/label/73
2024-06-16 23:01:59.986 INFO osc.OscSynced : creating synced value for /sprite_FX/label/74
2024-06-16 23:01:59.987 INFO osc.OscSynced : creating synced value for /sprite_FX/label/75
2024-06-16 23:01:59.987 INFO osc.OscSynced : creating synced value for /sprite_FX/label/76
2024-06-16 23:01:59.987 INFO osc.OscSynced : creating synced value for /sprite_FX/label/77
2024-06-16 23:01:59.987 INFO osc.OscSynced : creating synced value for /sprite_FX/label/78
2024-06-16 23:01:59.987 INFO osc.OscSynced : creating synced value for /sprite_FX/label/79
2024-06-16 23:01:59.987 INFO osc.OscSynced : creating synced value for /sprite_FX/label/80
2024-06-16 23:01:59.987 INFO osc.OscSynced : creating synced value for /sprite_FX/label/81
2024-06-16 23:01:59.987 INFO osc.OscSynced : creating synced value for /sprite_FX/label/82
2024-06-16 23:01:59.987 INFO osc.OscSynced : creating synced value for /sprite_FX/label/83
2024-06-16 23:01:59.987 INFO osc.OscSynced : creating synced value for /sprite_FX/label/84
2024-06-16 23:01:59.988 INFO osc.OscSynced : creating synced value for /sprite_FX/label/85
2024-06-16 23:01:59.988 INFO osc.OscSynced : creating synced value for /sprite_FX/label/86
2024-06-16 23:01:59.988 INFO osc.OscSynced : creating synced value for /sprite_FX/label/87
2024-06-16 23:01:59.988 INFO osc.OscSynced : creating synced value for /sprite_FX/label/88
2024-06-16 23:01:59.988 INFO osc.OscSynced : creating synced value for /sprite_FX/label/89
2024-06-16 23:01:59.988 INFO osc.OscSynced : creating synced value for /sprite_FX/label/91
2024-06-16 23:01:59.988 INFO osc.OscSynced : creating synced value for /sprite_FX/label/90
2024-06-16 23:01:59.988 INFO osc.OscSynced : creating synced value for /sprite_FX/label/92
2024-06-16 23:01:59.988 INFO osc.OscSynced : creating synced value for /sprite_FX/label/93
2024-06-16 23:01:59.988 INFO osc.OscSynced : creating synced value for /sprite_FX/label/94
2024-06-16 23:01:59.989 INFO osc.OscSynced : creating synced value for /sprite_FX/label/95
2024-06-16 23:01:59.992 INFO osc.OscSynced : creating synced value for /sprite_FX/label/96
2024-06-16 23:01:59.992 INFO osc.OscSynced : creating synced value for /sprite_FX/label/97
2024-06-16 23:01:59.992 INFO osc.OscSynced : creating synced value for /sprite_FX/label/98
2024-06-16 23:01:59.992 INFO osc.OscSynced : creating synced value for /sprite_FX/label/99
2024-06-16 23:02:00.047 INFO osc.OscSynced : creating synced value for /composition/groups/1/video/effects/motionextraction/bypassed
2024-06-16 23:02:00.047 INFO osc.OscSynced : creating synced value for /composition/groups/1/video/effects/motionextraction/effect/delay
2024-06-16 23:02:00.047 INFO osc.OscSynced : creating synced value for /composition/groups/1/video/effects/automask/bypassed
2024-06-16 23:02:00.047 INFO osc.OscSynced : creating synced value for /resolume/1/motion_extraction/enabled
2024-06-16 23:02:00.053 INFO osc.OscSynced : creating synced value for /resolume/1/motion_extraction/delay
2024-06-16 23:02:00.057 INFO osc.OscSynced : creating synced value for /resolume/1/auto_mask
2024-06-16 23:02:00.064 INFO osc.OscSynced : creating synced value for /composition/groups/2/video/effects/motionextraction/bypassed
2024-06-16 23:02:00.064 INFO osc.OscSynced : creating synced value for /composition/groups/2/video/effects/motionextraction/effect/delay
2024-06-16 23:02:00.066 INFO osc.OscSynced : creating synced value for /resolume/2/motion_extraction/delay
2024-06-16 23:02:00.064 INFO osc.OscSynced : creating synced value for /composition/groups/2/video/effects/automask/bypassed
2024-06-16 23:02:00.064 INFO osc.OscSynced : creating synced value for /resolume/2/motion_extraction/enabled
2024-06-16 23:02:00.066 INFO osc.OscSynced : creating synced value for /resolume/2/auto_mask
2024-06-16 23:02:00.066 INFO osc.OscSynced : creating synced value for /composition/groups/3/video/effects/motionextraction/bypassed
2024-06-16 23:02:00.066 INFO osc.OscSynced : creating synced value for /composition/groups/3/video/effects/motionextraction/effect/delay
2024-06-16 23:02:00.066 INFO osc.OscSynced : creating synced value for /composition/groups/3/video/effects/automask/bypassed
2024-06-16 23:02:00.066 INFO osc.OscSynced : creating synced value for /resolume/3/motion_extraction/enabled
2024-06-16 23:02:00.067 INFO osc.OscSynced : creating synced value for /resolume/3/motion_extraction/delay
2024-06-16 23:02:00.067 INFO osc.OscSynced : creating synced value for /resolume/3/auto_mask
2024-06-16 23:02:00.067 INFO osc.OscSynced : creating synced value for /composition/groups/4/video/effects/motionextraction/bypassed
2024-06-16 23:02:00.067 INFO osc.OscSynced : creating synced value for /composition/groups/4/video/effects/motionextraction/effect/delay
2024-06-16 23:02:00.067 INFO osc.OscSynced : creating synced value for /composition/groups/4/video/effects/automask/bypassed
2024-06-16 23:02:00.067 INFO osc.OscSynced : creating synced value for /resolume/4/motion_extraction/enabled
2024-06-16 23:02:00.067 INFO osc.OscSynced : creating synced value for /resolume/4/motion_extraction/delay
2024-06-16 23:02:00.067 INFO osc.OscSynced : creating synced value for /resolume/4/auto_mask
2024-06-16 23:02:00.122 INFO osc.OSCUtil : creating buttons for group 1 layer 1 (1)
2024-06-16 23:02:00.124 INFO osc.OscSynced : creating synced value for /composition/layers/1/connectspecificclip
2024-06-16 23:02:00.129 INFO osc.OSCUtil : creating buttons for group 1 layer 2 (2)
2024-06-16 23:02:00.129 INFO osc.OscSynced : creating synced value for /composition/layers/2/connectspecificclip
2024-06-16 23:02:00.129 INFO osc.OSCUtil : creating buttons for group 1 layer 3 (3)
2024-06-16 23:02:00.129 INFO osc.OscSynced : creating synced value for /composition/layers/3/connectspecificclip
2024-06-16 23:02:00.130 INFO osc.OSCUtil : creating buttons for group 2 layer 1 (4)
2024-06-16 23:02:00.130 INFO osc.OscSynced : creating synced value for /composition/layers/4/connectspecificclip
2024-06-16 23:02:00.130 INFO osc.OSCUtil : creating buttons for group 2 layer 2 (5)
2024-06-16 23:02:00.130 INFO osc.OscSynced : creating synced value for /composition/layers/5/connectspecificclip
2024-06-16 23:02:00.130 INFO osc.OSCUtil : resolume group 2 layer 2 connectSpecificClip index -1
2024-06-16 23:02:00.130 INFO osc.OSCUtil : creating buttons for group 2 layer 3 (6)
2024-06-16 23:02:00.130 INFO osc.OSCUtil : creating buttons for group 3 layer 1 (7)
2024-06-16 23:02:00.130 INFO osc.OscSynced : creating synced value for /composition/layers/7/connectspecificclip
2024-06-16 23:02:00.130 INFO osc.OSCUtil : resolume group 1 layer 1 connectSpecificClip index -1
2024-06-16 23:02:00.130 INFO osc.OSCUtil : resolume group 2 layer 1 connectSpecificClip index -1
2024-06-16 23:02:00.130 INFO osc.OscSynced : creating synced value for /composition/layers/6/connectspecificclip
2024-06-16 23:02:00.130 INFO osc.OSCUtil : resolume group 2 layer 3 connectSpecificClip index -1
2024-06-16 23:02:00.130 INFO osc.OSCUtil : creating buttons for group 3 layer 2 (8)
2024-06-16 23:02:00.131 INFO osc.OscSynced : creating synced value for /composition/layers/8/connectspecificclip
2024-06-16 23:02:00.131 INFO osc.OSCUtil : resolume group 3 layer 1 connectSpecificClip index -1
2024-06-16 23:02:00.131 INFO osc.OSCUtil : creating buttons for group 3 layer 3 (9)
2024-06-16 23:02:00.131 INFO osc.OSCUtil : resolume group 3 layer 2 connectSpecificClip index -1
2024-06-16 23:02:00.131 INFO osc.OSCUtil : creating buttons for group 4 layer 1 (10)
2024-06-16 23:02:00.131 INFO osc.OscSynced : creating synced value for /composition/layers/9/connectspecificclip
2024-06-16 23:02:00.131 INFO osc.OSCUtil : resolume group 1 layer 3 connectSpecificClip index -1
2024-06-16 23:02:00.131 INFO osc.OSCUtil : resolume group 1 layer 2 connectSpecificClip index -1
2024-06-16 23:02:00.131 INFO osc.OscSynced : creating synced value for /composition/layers/10/connectspecificclip
2024-06-16 23:02:00.131 INFO osc.OSCUtil : resolume group 3 layer 3 connectSpecificClip index -1
2024-06-16 23:02:00.131 INFO osc.OSCUtil : creating buttons for group 4 layer 2 (11)
2024-06-16 23:02:00.131 INFO osc.OSCUtil : resolume group 4 layer 1 connectSpecificClip index -1
2024-06-16 23:02:00.131 INFO osc.OscSynced : creating synced value for /composition/layers/11/connectspecificclip
2024-06-16 23:02:00.131 INFO osc.OSCUtil : resolume group 4 layer 2 connectSpecificClip index -1
2024-06-16 23:02:00.131 INFO osc.OSCUtil : creating buttons for group 4 layer 3 (12)
2024-06-16 23:02:00.131 INFO osc.OscSynced : creating synced value for /composition/layers/12/connectspecificclip
2024-06-16 23:02:00.132 INFO osc.OscSynced : creating synced value for /composition/layers/13/connectspecificclip
2024-06-16 23:02:00.132 INFO osc.OSCUtil : creating buttons for group 5 layer 1 (13)
2024-06-16 23:02:00.132 INFO osc.OSCUtil : resolume group 4 layer 3 connectSpecificClip index -1
2024-06-16 23:02:00.132 INFO osc.OscSynced : creating synced value for /composition/layers/15/connectspecificclip
2024-06-16 23:02:00.132 INFO osc.OSCUtil : creating buttons for group 5 layer 2 (14)
2024-06-16 23:02:00.132 INFO osc.OscSynced : creating synced value for /composition/layers/14/connectspecificclip
2024-06-16 23:02:00.132 INFO osc.OSCUtil : creating buttons for group 5 layer 3 (15)
2024-06-16 23:02:00.132 INFO osc.OSCUtil : resolume group 5 layer 1 connectSpecificClip index -1
2024-06-16 23:02:00.132 INFO osc.OSCUtil : creating buttons for group 5 layer 4 (16)
2024-06-16 23:02:00.132 INFO osc.OSCUtil : resolume group 5 layer 2 connectSpecificClip index -1
2024-06-16 23:02:00.132 INFO osc.OscSynced : creating synced value for /composition/layers/16/connectspecificclip
2024-06-16 23:02:00.132 INFO osc.OSCUtil : creating buttons for group 5 layer 5 (17)
2024-06-16 23:02:00.132 INFO osc.OscSynced : creating synced value for /composition/layers/17/connectspecificclip
2024-06-16 23:02:00.132 INFO osc.OSCUtil : creating buttons for group 6 layer 1 (18)
2024-06-16 23:02:00.134 INFO osc.OscSynced : creating synced value for /composition/layers/20/connectspecificclip
2024-06-16 23:02:00.132 INFO osc.OscSynced : creating synced value for /composition/layers/18/connectspecificclip
2024-06-16 23:02:00.134 INFO osc.OSCUtil : creating buttons for group 6 layer 2 (19)
2024-06-16 23:02:00.134 INFO osc.OSCUtil : resolume group 5 layer 3 connectSpecificClip index -1
2024-06-16 23:02:00.134 INFO osc.OscSynced : creating synced value for /composition/layers/19/connectspecificclip
2024-06-16 23:02:00.134 INFO osc.OSCUtil : creating buttons for group 6 layer 3 (20)
2024-06-16 23:02:00.134 INFO osc.OSCUtil : creating buttons for group 6 layer 4 (21)
2024-06-16 23:02:00.134 INFO osc.OscSynced : creating synced value for /composition/layers/21/connectspecificclip
2024-06-16 23:02:00.134 INFO osc.OSCUtil : creating buttons for group 6 layer 5 (22)
2024-06-16 23:02:00.134 INFO osc.OscSynced : creating synced value for /composition/layers/22/connectspecificclip
2024-06-16 23:02:00.134 INFO osc.OscSynced : creating synced value for /composition/layers/23/connectspecificclip
2024-06-16 23:02:00.134 INFO osc.OSCUtil : creating buttons for group 6 layer 6 (23)
2024-06-16 23:02:00.134 INFO osc.OSCUtil : creating buttons for group 6 layer 7 (24)
2024-06-16 23:02:00.134 INFO osc.OscSynced : creating synced value for /composition/layers/24/connectspecificclip
2024-06-16 23:02:00.135 INFO osc.OSCUtil : creating buttons for group 6 layer 8 (25)
2024-06-16 23:02:00.135 INFO osc.OSCUtil : creating buttons for group 6 layer 9 (26)
2024-06-16 23:02:00.135 INFO osc.OscSynced : creating synced value for /composition/layers/25/connectspecificclip
2024-06-16 23:02:00.135 INFO osc.OscSynced : creating synced value for /composition/layers/26/connectspecificclip
2024-06-16 23:02:00.135 INFO osc.OSCUtil : creating buttons for group 7 layer 1 (27)
2024-06-16 23:02:00.135 INFO osc.OscSynced : creating synced value for /composition/layers/27/connectspecificclip
2024-06-16 23:02:00.150 INFO osc.OSCUtil : resolume group 5 layer 1 changed to null
2024-06-16 23:02:00.150 INFO osc.OSCUtil : resolume group 5 layer 2 changed to null
2024-06-16 23:02:00.150 INFO osc.OSCUtil : resolume group 5 layer 3 changed to null
2024-06-16 23:02:00.150 INFO osc.OSCUtil : resolume group 5 layer 4 connectSpecificClip index -1
2024-06-16 23:02:00.150 INFO osc.OSCUtil : resolume group 5 layer 5 connectSpecificClip index -1
2024-06-16 23:02:00.150 INFO osc.OSCUtil : resolume group 6 layer 1 connectSpecificClip index -1
2024-06-16 23:02:00.150 INFO osc.OSCUtil : resolume group 5 layer 5 changed to null
2024-06-16 23:02:00.150 INFO osc.OSCUtil : resolume group 6 layer 1 changed to null
2024-06-16 23:02:00.150 INFO osc.OSCUtil : resolume group 6 layer 2 changed to null
2024-06-16 23:02:00.150 INFO osc.OSCUtil : resolume group 6 layer 2 connectSpecificClip index -1
2024-06-16 23:02:00.150 INFO osc.OSCUtil : resolume group 6 layer 3 changed to null
2024-06-16 23:02:00.150 INFO osc.OSCUtil : resolume group 5 layer 4 changed to null
2024-06-16 23:02:00.150 INFO osc.OSCUtil : resolume group 6 layer 3 connectSpecificClip index -1
2024-06-16 23:02:00.150 INFO osc.OSCUtil : resolume group 6 layer 4 changed to null
2024-06-16 23:02:00.151 INFO osc.OSCUtil : resolume group 6 layer 4 connectSpecificClip index -1
2024-06-16 23:02:00.151 INFO osc.OSCUtil : resolume group 1 layer 2 changed to null
2024-06-16 23:02:00.151 INFO osc.OSCUtil : resolume group 6 layer 5 changed to null
2024-06-16 23:02:00.151 INFO osc.OSCUtil : resolume group 6 layer 5 connectSpecificClip index -1
2024-06-16 23:02:00.151 INFO osc.OSCUtil : resolume group 6 layer 6 changed to null
2024-06-16 23:02:00.151 INFO osc.OSCUtil : resolume group 1 layer 3 changed to null
2024-06-16 23:02:00.151 INFO osc.OSCUtil : resolume group 6 layer 6 connectSpecificClip index -1
2024-06-16 23:02:00.151 INFO osc.OSCUtil : resolume group 6 layer 7 changed to null
2024-06-16 23:02:00.151 INFO osc.OSCUtil : resolume group 6 layer 7 connectSpecificClip index -1
2024-06-16 23:02:00.151 INFO osc.OSCUtil : resolume group 6 layer 8 connectSpecificClip index -1
2024-06-16 23:02:00.151 INFO osc.OSCUtil : resolume group 6 layer 9 changed to null
2024-06-16 23:02:00.151 INFO osc.OSCUtil : resolume group 6 layer 8 changed to null
2024-06-16 23:02:00.151 INFO osc.OSCUtil : resolume group 6 layer 9 connectSpecificClip index -1
2024-06-16 23:02:00.151 INFO osc.OSCUtil : resolume group 7 layer 1 changed to null
2024-06-16 23:02:00.151 INFO osc.OSCUtil : resolume group 7 layer 1 connectSpecificClip index -1
2024-06-16 23:02:00.151 INFO osc.OSCUtil : resolume group 4 layer 3 changed to null
2024-06-16 23:02:00.151 INFO osc.OSCUtil : resolume group 3 layer 2 changed to null
2024-06-16 23:02:00.152 INFO osc.OSCUtil : resolume group 2 layer 3 changed to null
2024-06-16 23:02:00.152 INFO osc.OSCUtil : resolume group 3 layer 1 changed to null
2024-06-16 23:02:00.152 INFO osc.OSCUtil : resolume group 4 layer 2 changed to null
2024-06-16 23:02:00.152 INFO osc.OSCUtil : resolume group 4 layer 1 changed to null
2024-06-16 23:02:00.153 INFO osc.OSCUtil : resolume group 2 layer 1 changed to null
2024-06-16 23:02:00.153 INFO osc.OSCUtil : resolume group 3 layer 3 changed to null
2024-06-16 23:02:00.159 INFO osc.OSCUtil : resolume group 1 layer 1 changed to null
2024-06-16 23:02:00.159 INFO osc.OSCUtil : resolume group 2 layer 2 changed to null
2024-06-16 23:02:00.172 INFO osc.OSCUtil : {}
2024-06-16 23:02:01.136 INFO osc.OscSynced : creating synced value for /beats
2024-06-16 23:02:01.137 INFO osc.OscSynced : creating synced value for /bpmRounded
2024-06-16 23:02:01.137 INFO osc.OscSynced : creating synced value for /beatProgress
2024-06-16 23:02:01.150 INFO nestdrop.loadQueuesKt : loading queues from C:\Users\nikky\VJ\NestDropProV2\DefaultUserProfile.xml
2024-06-16 23:02:02.628 INFO Config : loaded Config(beats=64, deck1=DeckConfig(triggerTime=0.75, transitionTime=5.0, presetQueue=PresetQueue(index=-1, name=null, autoChange=false, toggles=[]), preset=Preset(autoChange=false), sprite=Sprite(autoChange=false, index=-1, name=null, toggles=[]), spriteQueue=SpriteQueue(index=-1, name=null), spoutQueue=SpoutQueue(index=-1, name=null), spout=Spout(index=-1, label=null), spriteFX=SpriteFX(autoChange=false, blendMode=false, index=-1, toggles=[]), bpmSync=BpmSync(enabled=false, multiplier=4), strobe=Strobe(enabled=false)), deck2=DeckConfig(triggerTime=0.25, transitionTime=5.0, presetQueue=PresetQueue(index=-1, name=null, autoChange=false, toggles=[]), preset=Preset(autoChange=false), sprite=Sprite(autoChange=false, index=-1, name=null, toggles=[]), spriteQueue=SpriteQueue(index=-1, name=null), spoutQueue=SpoutQueue(index=-1, name=null), spout=Spout(index=-1, label=null), spriteFX=SpriteFX(autoChange=false, blendMode=false, index=-1, toggles=[]), bpmSync=BpmSync(enabled=false, multiplier=4), strobe=Strobe(enabled=false)))
2024-06-16 23:02:02.630 INFO nestcontrol.deck.DeckConfig : loading presets from queue
2024-06-16 23:02:02.631 INFO nestcontrol.deck.DeckConfig : loaded deck1 []
2024-06-16 23:02:02.634 INFO nestcontrol.deck.DeckConfig : loading presets from queue
2024-06-16 23:02:02.634 INFO nestcontrol.deck.DeckConfig : loaded deck2 []
2024-06-16 23:02:02.634 INFO nestcontrol.deck.DeckConfig : loading presets from queue
2024-06-16 23:02:02.634 INFO nestcontrol.deck.DeckConfig : loading presets from queue
2024-06-16 23:02:03.135 INFO nestdrop.deck.PresetQueues : initializing preset queues
2024-06-16 23:02:03.136 INFO nestdrop.deck.PresetQueues : queues updated
2024-06-16 23:02:03.138 INFO nestdrop.deck.PresetQueues : combining queues with deck switches
2024-06-16 23:02:03.138 INFO nestdrop.deck.PresetQueues : queues updated
2024-06-16 23:02:03.138 INFO nestdrop.deck.PresetQueues : combining queues with deck switches
2024-06-16 23:02:03.139 INFO nestdrop.deck.PresetQueues : queues updated
2024-06-16 23:02:03.139 INFO nestdrop.deck.PresetQueues : combining queues with deck switches
2024-06-16 23:02:03.139 INFO nestdrop.deck.PresetQueues : queues updated
2024-06-16 23:02:03.139 INFO nestdrop.deck.PresetQueues : combining queues with deck switches
2024-06-16 23:02:03.139 INFO nestdrop.deck.PresetQueues : queues updated
2024-06-16 23:02:03.139 INFO nestdrop.deck.PresetQueues : queues updated
2024-06-16 23:02:03.139 INFO nestdrop.deck.PresetQueues : combining queues with deck switches
2024-06-16 23:02:03.143 INFO nestdrop.deck.PresetQueues : combining queues with deck switches
2024-06-16 23:02:03.144 INFO nestdrop.deck.PresetQueues : queues updated
2024-06-16 23:02:03.144 INFO nestdrop.deck.PresetQueues : combining queues with deck switches
2024-06-16 23:02:03.144 INFO nestdrop.deck.PresetQueues : queues updated
2024-06-16 23:02:03.144 INFO nestdrop.deck.PresetQueues : combining queues with deck switches
2024-06-16 23:02:03.144 INFO nestdrop.deck.PresetQueues : queues updated
2024-06-16 23:02:03.141 INFO nestdrop.deck.Deck : initializing deck1
2024-06-16 23:02:03.143 INFO nestdrop.deck.PresetQueues : combining queues with deck switches
2024-06-16 23:02:03.143 INFO nestdrop.deck.PresetQueues : queues updated
2024-06-16 23:02:03.143 INFO nestdrop.deck.PresetQueues : combining queues with deck switches
2024-06-16 23:02:03.143 INFO nestdrop.deck.PresetQueues : queues updated
2024-06-16 23:02:03.143 INFO nestdrop.deck.PresetQueues : combining queues with deck switches
2024-06-16 23:02:03.143 INFO nestdrop.deck.PresetQueues : queues updated
2024-06-16 23:02:03.143 INFO nestdrop.deck.PresetQueues : combining queues with deck switches
2024-06-16 23:02:03.143 INFO nestdrop.deck.PresetQueues : queues updated
2024-06-16 23:02:03.145 INFO nestdrop.deck.PresetQueues : queues updated
2024-06-16 23:02:03.145 INFO nestdrop.deck.PresetQueues : combining queues with deck switches
2024-06-16 23:02:03.145 INFO nestdrop.deck.PresetQueues : combining queues with deck switches
2024-06-16 23:02:03.145 INFO nestdrop.deck.PresetQueues : queues updated
2024-06-16 23:02:03.169 INFO nestdrop.deck.Deck : initializing deck1 preset queue
2024-06-16 23:02:03.173 INFO nestdrop.deck.Deck : deck1 queue: null
2024-06-16 23:02:03.173 INFO nestdrop.deck.Deck : initializing deck1 preset
2024-06-16 23:02:03.173 INFO nestdrop.deck.Deck : initializing deck1 sprite queues
2024-06-16 23:02:03.175 INFO nestdrop.deck.Deck : initializing deck1 sprite queue
2024-06-16 23:02:03.176 INFO nestdrop.deck.Deck : initializing deck1 sprite
2024-06-16 23:02:03.180 INFO nestdrop.deck.Deck : initializing deck1 sprite fx
2024-06-16 23:02:03.182 INFO nestdrop.deck.Deck : initializing deck1 spout queue
2024-06-16 23:02:03.182 INFO nestdrop.deck.Deck : setting deck1 FX to 0
2024-06-16 23:02:03.183 INFO nestdrop.deck.Deck : initializing deck1 spout
2024-06-16 23:02:03.185 INFO nestdrop.deck.Deck : deck1 spout name null
2024-06-16 23:02:03.185 INFO nestdrop.deck.Deck : initializing deck2
2024-06-16 23:02:03.186 INFO nestdrop.deck.Deck : initializing deck2 preset queue
2024-06-16 23:02:03.187 INFO nestdrop.deck.Deck : initializing deck2 preset
2024-06-16 23:02:03.187 INFO nestdrop.deck.Deck : initializing deck2 sprite queues
2024-06-16 23:02:03.187 INFO nestdrop.deck.Deck : initializing deck2 sprite
2024-06-16 23:02:03.187 INFO nestdrop.deck.Deck : initializing deck2 sprite queue
2024-06-16 23:02:03.187 INFO nestdrop.deck.Deck : initializing deck2 spout queue
2024-06-16 23:02:03.187 INFO nestdrop.deck.Deck : deck2 queue: null
2024-06-16 23:02:03.187 INFO nestdrop.deck.Deck : initializing deck2 sprite fx
2024-06-16 23:02:03.187 INFO nestdrop.deck.Deck : initializing deck2 spout
2024-06-16 23:02:03.187 INFO nestdrop.deck.Deck : setting deck2 FX to 0
2024-06-16 23:02:03.187 INFO nestdrop.deck.Deck : deck2 spout name null
2024-06-16 23:02:03.188 INFO nestdrop.deck.Deck : spout sync triggered
2024-06-16 23:02:03.188 INFO nestdrop.deck.Deck : spout sync triggered
2024-06-16 23:02:03.188 INFO nestdrop.deck.Deck : deck2 spout index changed: -1
2024-06-16 23:02:03.189 INFO nestdrop.deck.Deck : deck2 spout queue changed: null
2024-06-16 23:02:03.189 INFO nestdrop.deck.Deck : deck1 spout index changed: -1
2024-06-16 23:02:03.189 INFO nestdrop.deck.Deck : deck1 spout queue changed: null
2024-06-16 23:02:03.191 INFO nestdrop.deck.loadDeckSettingsKt : loading settings from deck1
2024-06-16 23:02:03.266 INFO nestdrop.deck.loadDeckSettingsKt : DeckSettings(deckPanelsIsOpen=StringValue(value=0,0,0,0,0,0), transitTime=FloatValue(value=3.6), fps=IntValue(value=30), animationSpeed=FloatValue(value=0.5190856), zoomSpeed=FloatValue(value=0.9), ZoomExp=FloatValue(value=1.0), rotationSpeed=FloatValue(value=0.9), wrapSpeed=FloatValue(value=0.8), horizontalMotion=FloatValue(value=0.0), verticalMotion=FloatValue(value=0.0), stretchSpeed=FloatValue(value=1.0), waveMode=FloatValue(value=1.0), negative=FloatValue(value=0.0), red=FloatValue(value=1.0), green=FloatValue(value=1.0), blue=FloatValue(value=1.0), brightness=FloatValue(value=1.0), contrast=FloatValue(value=1.0), gamma=FloatValue(value=1.0), hue=FloatValue(value=0.0), saturation=FloatValue(value=1.0), lumaKey=RangeValue(min=0.0, max=1.0), alpha=FloatValue(value=1.0), strobe=Strobe(effectIndex=14, color=4294967295, effectSpanMin=0.0, effectSpanMax=1.0, triggerIndex=0, speed=0.26, pulseWidth=1.0, waveFormIndex=2), audio=Audio(channel=3, bass=1.0, mid=1.0, treble=1.0), spout=Spout(width=1920, height=1080), videoDeck=VideoDeck(preview=4, topMost=false), outputMonitor=IntValue(value=0), ndi=BooleanValue(value=false))
2024-06-16 23:02:03.267 INFO nestdrop.deck.loadDeckSettingsKt : loading settings from deck2
2024-06-16 23:02:03.289 INFO nestdrop.deck.Deck : deck2 spout change: -1 in null
2024-06-16 23:02:03.289 INFO nestdrop.deck.Deck : deck1 spout change: -1 in null
2024-06-16 23:02:03.309 INFO nestdrop.deck.loadDeckSettingsKt : DeckSettings(deckPanelsIsOpen=StringValue(value=0,0,0,0,0,0), transitTime=FloatValue(value=3.2), fps=IntValue(value=30), animationSpeed=FloatValue(value=0.5190856), zoomSpeed=FloatValue(value=1.0), ZoomExp=FloatValue(value=1.0), rotationSpeed=FloatValue(value=1.0), wrapSpeed=FloatValue(value=1.0), horizontalMotion=FloatValue(value=0.0), verticalMotion=FloatValue(value=0.0), stretchSpeed=FloatValue(value=1.0), waveMode=FloatValue(value=0.0), negative=FloatValue(value=0.0), red=FloatValue(value=1.0), green=FloatValue(value=1.0), blue=FloatValue(value=1.0), brightness=FloatValue(value=1.0), contrast=FloatValue(value=1.0), gamma=FloatValue(value=1.0), hue=FloatValue(value=0.0), saturation=FloatValue(value=1.0), lumaKey=RangeValue(min=0.0, max=1.0), alpha=FloatValue(value=1.0), strobe=Strobe(effectIndex=14, color=4294967295, effectSpanMin=0.0, effectSpanMax=1.0, triggerIndex=0, speed=0.26, pulseWidth=1.0, waveFormIndex=2), audio=Audio(channel=3, bass=1.0, mid=1.0, treble=1.0), spout=Spout(width=1920, height=1080), videoDeck=VideoDeck(preview=4, topMost=false), outputMonitor=IntValue(value=0), ndi=BooleanValue(value=false))
2024-06-16 23:02:03.310 INFO Main : initializing OSC
2024-06-16 23:02:03.844 INFO Main : re-emitting all values
2024-06-16 23:02:03.849 INFO Main : await application
2024-06-16 23:02:09.415 INFO nestdrop.deck.Deck : triggered at 16.03164648513794, 16.0
2024-06-16 23:02:25.950 INFO nestdrop.deck.Deck : triggered at 48.092519143040995, 48.0
2024-06-16 23:02:42.483 INFO nestdrop.deck.Deck : triggered at 16.120467418034895, 16.0
2024-06-16 23:02:52.928 INFO nestdrop.deck.PresetQueues : combining queues with deck switches
2024-06-16 23:02:52.928 INFO nestdrop.deck.PresetQueues : queues updated
2024-06-16 23:02:58.950 INFO nestdrop.deck.Deck : triggered at 48.05840018882759, 48.0
2024-06-16 23:03:15.442 INFO nestdrop.deck.Deck : triggered at 16.10387183799749, 16.0
2024-06-16 23:03:31.918 INFO nestdrop.deck.Deck : triggered at 48.08145759315495, 48.0
2024-06-16 23:03:48.445 INFO nestdrop.deck.Deck : triggered at 16.01939803988145, 16.0
2024-06-16 23:03:59.325 INFO nestdrop.deck.Deck : deck1 queue: better_nested
2024-06-16 23:04:03.762 INFO nestdrop.deck.Deck : deck2 queue: motion_bg
2024-06-16 23:04:04.981 INFO nestdrop.deck.Deck : triggered at 48.07835886802683, 48.0
2024-06-16 23:04:21.504 INFO nestdrop.deck.Deck : triggered at 16.16705048650116, 16.0
2024-06-16 23:04:37.938 INFO nestdrop.deck.Deck : triggered at 48.13925448315949, 48.0
2024-06-16 23:04:54.372 INFO nestdrop.deck.Deck : triggered at 16.02424236437492, 16.0
2024-06-16 23:05:10.889 INFO nestdrop.deck.Deck : triggered at 48.001411628850434, 48.0
2024-06-16 23:05:27.437 INFO nestdrop.deck.Deck : triggered at 16.05918949050917, 16.0
2024-06-16 23:05:43.970 INFO nestdrop.deck.Deck : triggered at 48.14125714365662, 48.0
2024-06-16 23:06:00.428 INFO nestdrop.deck.Deck : triggered at 16.092720156987706, 16.0
2024-06-16 23:06:16.908 INFO nestdrop.deck.Deck : triggered at 48.01720897102374, 48.0
2024-06-16 23:06:33.464 INFO nestdrop.deck.Deck : triggered at 16.138573178227894, 16.0
