2024-06-16 23:54:45.980 WARN Main : WARN
2024-06-16 23:54:45.985 ERROR Main : ERROR
2024-06-16 23:54:45.987 FATAL Main : FATAL
2024-06-16 23:54:45.994 WARN Main : waiting for link to connect
2024-06-16 23:54:45.989 INFO osc.OscSynced : creating synced value for /linkConnected
2024-06-16 23:54:45.992 INFO osc.OscSynced : creating synced value for /peers
2024-06-16 23:54:45.992 INFO osc.OscSynced : creating synced value for /bpm
2024-06-16 23:54:46.083 INFO Link : connecting to ableton link...
2024-06-16 23:54:46.550 INFO osc.OscSynced : creating synced value for /composition/groups/1/video/effects/motionextraction/effect/delay
2024-06-16 23:54:46.550 INFO osc.OscSynced : creating synced value for /composition/groups/1/video/effects/motionextraction/bypassed
2024-06-16 23:54:46.550 INFO osc.OscSynced : creating synced value for /composition/groups/1/video/effects/automask/bypassed
2024-06-16 23:54:46.550 INFO osc.OscSynced : creating synced value for /resolume/1/motion_extraction/enabled
2024-06-16 23:54:46.557 INFO osc.OscSynced : creating synced value for /resolume/1/motion_extraction/delay
2024-06-16 23:54:46.560 INFO osc.OscSynced : creating synced value for /resolume/1/auto_mask
2024-06-16 23:54:46.565 INFO osc.OscSynced : creating synced value for /composition/groups/2/video/effects/motionextraction/bypassed
2024-06-16 23:54:46.565 INFO osc.OscSynced : creating synced value for /composition/groups/2/video/effects/motionextraction/effect/delay
2024-06-16 23:54:46.565 INFO osc.OscSynced : creating synced value for /composition/groups/2/video/effects/automask/bypassed
2024-06-16 23:54:46.565 INFO osc.OscSynced : creating synced value for /resolume/2/motion_extraction/enabled
2024-06-16 23:54:46.566 INFO osc.OscSynced : creating synced value for /resolume/2/motion_extraction/delay
2024-06-16 23:54:46.566 INFO osc.OscSynced : creating synced value for /composition/groups/3/video/effects/motionextraction/bypassed
2024-06-16 23:54:46.566 INFO osc.OscSynced : creating synced value for /resolume/2/auto_mask
2024-06-16 23:54:46.566 INFO osc.OscSynced : creating synced value for /composition/groups/3/video/effects/motionextraction/effect/delay
2024-06-16 23:54:46.566 INFO osc.OscSynced : creating synced value for /composition/groups/3/video/effects/automask/bypassed
2024-06-16 23:54:46.566 INFO osc.OscSynced : creating synced value for /resolume/3/motion_extraction/enabled
2024-06-16 23:54:46.566 INFO osc.OscSynced : creating synced value for /resolume/3/motion_extraction/delay
2024-06-16 23:54:46.566 INFO osc.OscSynced : creating synced value for /resolume/3/auto_mask
2024-06-16 23:54:46.567 INFO osc.OscSynced : creating synced value for /composition/groups/4/video/effects/motionextraction/bypassed
2024-06-16 23:54:46.567 INFO osc.OscSynced : creating synced value for /composition/groups/4/video/effects/motionextraction/effect/delay
2024-06-16 23:54:46.567 INFO osc.OscSynced : creating synced value for /composition/groups/4/video/effects/automask/bypassed
2024-06-16 23:54:46.567 INFO osc.OscSynced : creating synced value for /resolume/4/motion_extraction/delay
2024-06-16 23:54:46.567 INFO osc.OscSynced : creating synced value for /resolume/4/motion_extraction/enabled
2024-06-16 23:54:46.567 INFO osc.OscSynced : creating synced value for /resolume/4/auto_mask
2024-06-16 23:54:46.613 INFO osc.OSCUtil : creating buttons for group 1 layer 1 (1)
2024-06-16 23:54:46.614 INFO osc.OscSynced : creating synced value for /composition/layers/1/connectspecificclip
2024-06-16 23:54:46.618 INFO osc.OSCUtil : creating buttons for group 1 layer 2 (2)
2024-06-16 23:54:46.618 INFO osc.OscSynced : creating synced value for /composition/layers/2/connectspecificclip
2024-06-16 23:54:46.618 INFO osc.OSCUtil : creating buttons for group 1 layer 3 (3)
2024-06-16 23:54:46.618 INFO osc.OscSynced : creating synced value for /composition/layers/3/connectspecificclip
2024-06-16 23:54:46.618 INFO osc.OSCUtil : creating buttons for group 2 layer 1 (4)
2024-06-16 23:54:46.618 INFO osc.OscSynced : creating synced value for /composition/layers/4/connectspecificclip
2024-06-16 23:54:46.619 INFO osc.OSCUtil : creating buttons for group 2 layer 2 (5)
2024-06-16 23:54:46.619 INFO osc.OscSynced : creating synced value for /composition/layers/5/connectspecificclip
2024-06-16 23:54:46.619 INFO osc.OSCUtil : creating buttons for group 2 layer 3 (6)
2024-06-16 23:54:46.619 INFO osc.OscSynced : creating synced value for /composition/layers/6/connectspecificclip
2024-06-16 23:54:46.619 INFO osc.OscSynced : creating synced value for /composition/layers/7/connectspecificclip
2024-06-16 23:54:46.619 INFO osc.OSCUtil : creating buttons for group 3 layer 1 (7)
2024-06-16 23:54:46.619 INFO osc.OSCUtil : creating buttons for group 3 layer 2 (8)
2024-06-16 23:54:46.620 INFO osc.OscSynced : creating synced value for /composition/layers/8/connectspecificclip
2024-06-16 23:54:46.620 INFO osc.OSCUtil : creating buttons for group 3 layer 3 (9)
2024-06-16 23:54:46.620 INFO osc.OscSynced : creating synced value for /composition/layers/9/connectspecificclip
2024-06-16 23:54:46.620 INFO osc.OSCUtil : creating buttons for group 4 layer 1 (10)
2024-06-16 23:54:46.620 INFO osc.OscSynced : creating synced value for /composition/layers/10/connectspecificclip
2024-06-16 23:54:46.621 INFO osc.OSCUtil : creating buttons for group 4 layer 2 (11)
2024-06-16 23:54:46.621 INFO osc.OscSynced : creating synced value for /composition/layers/11/connectspecificclip
2024-06-16 23:54:46.621 INFO osc.OSCUtil : creating buttons for group 4 layer 3 (12)
2024-06-16 23:54:46.621 INFO osc.OscSynced : creating synced value for /composition/layers/12/connectspecificclip
2024-06-16 23:54:46.621 INFO osc.OscSynced : creating synced value for /composition/layers/13/connectspecificclip
2024-06-16 23:54:46.621 INFO osc.OSCUtil : creating buttons for group 5 layer 1 (13)
2024-06-16 23:54:46.621 INFO osc.OSCUtil : creating buttons for group 5 layer 2 (14)
2024-06-16 23:54:46.621 INFO osc.OscSynced : creating synced value for /composition/layers/14/connectspecificclip
2024-06-16 23:54:46.622 INFO osc.OSCUtil : creating buttons for group 5 layer 3 (15)
2024-06-16 23:54:46.622 INFO osc.OscSynced : creating synced value for /composition/layers/15/connectspecificclip
2024-06-16 23:54:46.622 INFO osc.OSCUtil : creating buttons for group 6 layer 1 (18)
2024-06-16 23:54:46.622 INFO osc.OSCUtil : creating buttons for group 5 layer 4 (16)
2024-06-16 23:54:46.622 INFO osc.OSCUtil : resolume group 3 layer 3 connectSpecificClip index -1
2024-06-16 23:54:46.622 INFO osc.OscSynced : creating synced value for /composition/layers/16/connectspecificclip
2024-06-16 23:54:46.622 INFO osc.OscSynced : creating synced value for /composition/layers/18/connectspecificclip
2024-06-16 23:54:46.622 INFO osc.OSCUtil : resolume group 1 layer 2 connectSpecificClip index -1
2024-06-16 23:54:46.622 INFO osc.OSCUtil : creating buttons for group 5 layer 5 (17)
2024-06-16 23:54:46.622 INFO osc.OscSynced : creating synced value for /composition/layers/17/connectspecificclip
2024-06-16 23:54:46.622 INFO osc.OSCUtil : resolume group 1 layer 3 connectSpecificClip index -1
2024-06-16 23:54:46.622 INFO osc.OSCUtil : resolume group 2 layer 2 connectSpecificClip index -1
2024-06-16 23:54:46.622 INFO osc.OSCUtil : resolume group 2 layer 3 connectSpecificClip index -1
2024-06-16 23:54:46.622 INFO osc.OSCUtil : resolume group 3 layer 1 connectSpecificClip index -1
2024-06-16 23:54:46.622 INFO osc.OSCUtil : resolume group 4 layer 3 connectSpecificClip index -1
2024-06-16 23:54:46.622 INFO osc.OSCUtil : resolume group 2 layer 1 connectSpecificClip index -1
2024-06-16 23:54:46.622 INFO osc.OSCUtil : resolume group 1 layer 1 connectSpecificClip index -1
2024-06-16 23:54:46.622 INFO osc.OSCUtil : resolume group 4 layer 1 connectSpecificClip index -1
2024-06-16 23:54:46.622 INFO osc.OSCUtil : resolume group 4 layer 2 connectSpecificClip index -1
2024-06-16 23:54:46.622 INFO osc.OSCUtil : resolume group 3 layer 2 connectSpecificClip index -1
2024-06-16 23:54:46.622 INFO osc.OSCUtil : creating buttons for group 6 layer 2 (19)
2024-06-16 23:54:46.622 INFO osc.OSCUtil : resolume group 5 layer 1 connectSpecificClip index -1
2024-06-16 23:54:46.622 INFO osc.OscSynced : creating synced value for /composition/layers/19/connectspecificclip
2024-06-16 23:54:46.624 INFO osc.OSCUtil : resolume group 5 layer 2 connectSpecificClip index -1
2024-06-16 23:54:46.624 INFO osc.OSCUtil : creating buttons for group 6 layer 3 (20)
2024-06-16 23:54:46.624 INFO osc.OscSynced : creating synced value for /composition/layers/20/connectspecificclip
2024-06-16 23:54:46.624 INFO osc.OSCUtil : creating buttons for group 6 layer 4 (21)
2024-06-16 23:54:46.624 INFO osc.OscSynced : creating synced value for /composition/layers/21/connectspecificclip
2024-06-16 23:54:46.624 INFO osc.OSCUtil : creating buttons for group 6 layer 5 (22)
2024-06-16 23:54:46.624 INFO osc.OscSynced : creating synced value for /composition/layers/23/connectspecificclip
2024-06-16 23:54:46.624 INFO osc.OscSynced : creating synced value for /composition/layers/22/connectspecificclip
2024-06-16 23:54:46.624 INFO osc.OSCUtil : creating buttons for group 6 layer 6 (23)
2024-06-16 23:54:46.624 INFO osc.OSCUtil : creating buttons for group 6 layer 7 (24)
2024-06-16 23:54:46.624 INFO osc.OscSynced : creating synced value for /composition/layers/24/connectspecificclip
2024-06-16 23:54:46.624 INFO osc.OSCUtil : creating buttons for group 6 layer 8 (25)
2024-06-16 23:54:46.624 INFO osc.OscSynced : creating synced value for /composition/layers/25/connectspecificclip
2024-06-16 23:54:46.624 INFO osc.OSCUtil : creating buttons for group 6 layer 9 (26)
2024-06-16 23:54:46.625 INFO osc.OscSynced : creating synced value for /composition/layers/26/connectspecificclip
2024-06-16 23:54:46.625 INFO osc.OSCUtil : creating buttons for group 7 layer 1 (27)
2024-06-16 23:54:46.625 INFO osc.OscSynced : creating synced value for /composition/layers/27/connectspecificclip
2024-06-16 23:54:46.627 INFO osc.OSCUtil : resolume group 5 layer 3 connectSpecificClip index -1
2024-06-16 23:54:46.639 INFO osc.OSCUtil : resolume group 4 layer 3 changed to null
2024-06-16 23:54:46.639 INFO osc.OSCUtil : resolume group 4 layer 2 changed to null
2024-06-16 23:54:46.640 INFO osc.OSCUtil : resolume group 5 layer 1 changed to null
2024-06-16 23:54:46.640 INFO osc.OSCUtil : resolume group 1 layer 3 changed to null
2024-06-16 23:54:46.640 INFO osc.OSCUtil : resolume group 2 layer 2 changed to null
2024-06-16 23:54:46.640 INFO osc.OSCUtil : resolume group 5 layer 5 connectSpecificClip index -1
2024-06-16 23:54:46.640 INFO osc.OSCUtil : resolume group 6 layer 1 changed to null
2024-06-16 23:54:46.640 INFO osc.OSCUtil : resolume group 5 layer 5 changed to null
2024-06-16 23:54:46.640 INFO osc.OSCUtil : resolume group 5 layer 4 connectSpecificClip index -1
2024-06-16 23:54:46.640 INFO osc.OSCUtil : resolume group 6 layer 1 connectSpecificClip index -1
2024-06-16 23:54:46.640 INFO osc.OSCUtil : resolume group 5 layer 2 changed to null
2024-06-16 23:54:46.640 INFO osc.OSCUtil : resolume group 6 layer 2 connectSpecificClip index -1
2024-06-16 23:54:46.640 INFO osc.OSCUtil : resolume group 6 layer 2 changed to null
2024-06-16 23:54:46.640 INFO osc.OSCUtil : resolume group 6 layer 3 connectSpecificClip index -1
2024-06-16 23:54:46.640 INFO osc.OSCUtil : resolume group 6 layer 3 changed to null
2024-06-16 23:54:46.640 INFO osc.OSCUtil : resolume group 6 layer 4 changed to null
2024-06-16 23:54:46.640 INFO osc.OSCUtil : resolume group 4 layer 1 changed to null
2024-06-16 23:54:46.640 INFO osc.OSCUtil : resolume group 6 layer 4 connectSpecificClip index -1
2024-06-16 23:54:46.640 INFO osc.OSCUtil : resolume group 6 layer 5 changed to null
2024-06-16 23:54:46.640 INFO osc.OSCUtil : resolume group 6 layer 5 connectSpecificClip index -1
2024-06-16 23:54:46.640 INFO osc.OSCUtil : resolume group 6 layer 6 changed to null
2024-06-16 23:54:46.640 INFO osc.OSCUtil : resolume group 6 layer 7 connectSpecificClip index -1
2024-06-16 23:54:46.640 INFO osc.OSCUtil : resolume group 2 layer 1 changed to null
2024-06-16 23:54:46.640 INFO osc.OSCUtil : resolume group 6 layer 8 connectSpecificClip index -1
2024-06-16 23:54:46.640 INFO osc.OSCUtil : resolume group 6 layer 8 changed to null
2024-06-16 23:54:46.640 INFO osc.OSCUtil : resolume group 6 layer 7 changed to null
2024-06-16 23:54:46.640 INFO osc.OSCUtil : resolume group 6 layer 6 connectSpecificClip index -1
2024-06-16 23:54:46.640 INFO osc.OSCUtil : resolume group 1 layer 2 changed to null
2024-06-16 23:54:46.640 INFO osc.OSCUtil : resolume group 5 layer 4 changed to null
2024-06-16 23:54:46.640 INFO osc.OSCUtil : resolume group 6 layer 9 connectSpecificClip index -1
2024-06-16 23:54:46.640 INFO osc.OSCUtil : resolume group 6 layer 9 changed to null
2024-06-16 23:54:46.640 INFO osc.OSCUtil : resolume group 7 layer 1 changed to null
2024-06-16 23:54:46.640 INFO osc.OSCUtil : resolume group 3 layer 1 changed to null
2024-06-16 23:54:46.640 INFO osc.OSCUtil : resolume group 7 layer 1 connectSpecificClip index -1
2024-06-16 23:54:46.640 INFO osc.OSCUtil : resolume group 3 layer 2 changed to null
2024-06-16 23:54:46.640 INFO osc.OSCUtil : resolume group 3 layer 3 changed to null
2024-06-16 23:54:46.641 INFO osc.OSCUtil : resolume group 2 layer 3 changed to null
2024-06-16 23:54:46.642 INFO osc.OSCUtil : resolume group 5 layer 3 changed to null
2024-06-16 23:54:46.642 INFO osc.OSCUtil : resolume group 1 layer 1 changed to null
2024-06-16 23:54:46.663 INFO osc.OSCUtil : {}
2024-06-16 23:54:47.627 INFO osc.OscSynced : creating synced value for /beats
2024-06-16 23:54:47.627 INFO osc.OscSynced : creating synced value for /beatProgress
2024-06-16 23:54:47.627 INFO osc.OscSynced : creating synced value for /bpmRounded
2024-06-16 23:54:47.640 INFO nestdrop.loadQueuesKt : loading queues from C:\Users\nikky\VJ\NestDropProV2\DefaultUserProfile.xml
2024-06-16 23:54:49.148 INFO nestcontrol.deck.DeckConfigKt : preset queue: PresetQueue(index=-1, name=uninitialized, autoChange=false, toggles=[])
2024-06-16 23:54:49.148 INFO nestcontrol.deck.DeckConfigKt : preset queue: PresetQueue(index=-1, name=uninitialized, autoChange=false, toggles=[])
2024-06-16 23:54:49.159 INFO Config : loaded Config(beats=64, deck1=DeckConfig(triggerTime=0.75, transitionTime=1.0, presetQueue=PresetQueue(index=12, name=better_nested, autoChange=false, toggles=[]), preset=Preset(autoChange=false), sprite=Sprite(autoChange=false, index=-1, name=unset, toggles=[]), spriteQueue=SpriteQueue(index=0, name=sprites_fg), spoutQueue=SpoutQueue(index=1, name=spout_fg), spout=Spout(index=-1, label=unset), spriteFX=SpriteFX(autoChange=false, blendMode=false, index=0, toggles=[]), bpmSync=BpmSync(enabled=false, multiplier=4), strobe=Strobe(enabled=false)), deck2=DeckConfig(triggerTime=0.25, transitionTime=1.0, presetQueue=PresetQueue(index=7, name=motion_bg, autoChange=false, toggles=[]), preset=Preset(autoChange=false), sprite=Sprite(autoChange=false, index=-1, name=unset, toggles=[]), spriteQueue=SpriteQueue(index=0, name=sprites_bg), spoutQueue=SpoutQueue(index=1, name=spout_bg), spout=Spout(index=-1, label=unset), spriteFX=SpriteFX(autoChange=false, blendMode=false, index=0, toggles=[]), bpmSync=BpmSync(enabled=false, multiplier=4), strobe=Strobe(enabled=false)))
2024-06-16 23:54:49.159 INFO nestcontrol.deck.DeckConfigKt : preset queue: PresetQueue(index=12, name=uninitialized, autoChange=false, toggles=[])
2024-06-16 23:54:49.162 INFO nestcontrol.deck.DeckConfigKt : loading presets from queue
2024-06-16 23:54:49.165 INFO nestcontrol.deck.DeckConfigKt : loaded deck1 [Preset(index=0, name=transpower.png, effects=84, overlay=false), Preset(index=1, name=estrogen.png, effects=52, overlay=false), Preset(index=2, name=lsd.jpg, effects=52, overlay=false), Preset(index=3, name=psilocybin.jpg, effects=52, overlay=false), Preset(index=4, name=NEST LOGO_4K.jpg, effects=54, overlay=false), Preset(index=5, name=impossible-161955.png, effects=56, overlay=false), Preset(index=6, name=glowing cat.jpg, effects=94, overlay=false), Preset(index=7, name=red eyes.jpg, effects=52, overlay=false), Preset(index=8, name=Recursion Hexagon - Jason Fletcher.png, effects=84, overlay=false), Preset(index=9, name=radiation-646212.png, effects=54, overlay=false), Preset(index=10, name=biohazard-148696.png, effects=52, overlay=false), Preset(index=11, name=under-construction-2408062.png, effects=52, overlay=false), Preset(index=12, name=warning-44458.png, effects=52, overlay=false), Preset(index=13, name=nezulie-icon.png, effects=54, overlay=false), Preset(index=14, name=nezulie-N.png, effects=50, overlay=false), Preset(index=15, name=nezulie-E.png, effects=52, overlay=false), Preset(index=16, name=nezulie-Z.png, effects=94, overlay=false), Preset(index=17, name=nezulie-U.png, effects=52, overlay=false), Preset(index=18, name=nezulie-L.png, effects=95, overlay=false), Preset(index=19, name=chaosdorf_green.png, effects=96, overlay=false), Preset(index=20, name=chaosdorf_monochrome.png, effects=0, overlay=false), Preset(index=21, name=nik_the_dusky.png, effects=56, overlay=false), Preset(index=22, name=tinybrainplayzX4.png, effects=50, overlay=true)]
2024-06-16 23:54:49.167 INFO nestcontrol.deck.DeckConfigKt : loading presets from queue
2024-06-16 23:54:49.167 INFO nestcontrol.deck.DeckConfigKt : loading presets from queue
2024-06-16 23:54:49.167 INFO nestcontrol.deck.DeckConfigKt : preset queue: PresetQueue(index=7, name=uninitialized, autoChange=false, toggles=[])
2024-06-16 23:54:49.167 INFO nestcontrol.deck.DeckConfigKt : loaded deck2 [Preset(index=0, name=transpower.png, effects=94, overlay=false), Preset(index=1, name=estrogen.png, effects=50, overlay=false), Preset(index=2, name=lsd.jpg, effects=50, overlay=false), Preset(index=3, name=psilocybin.jpg, effects=52, overlay=false), Preset(index=4, name=NEST LOGO_4K.jpg, effects=50, overlay=false), Preset(index=5, name=impossible-161955.png, effects=54, overlay=false), Preset(index=6, name=glowing cat.jpg, effects=54, overlay=false), Preset(index=7, name=red eyes.jpg, effects=52, overlay=false), Preset(index=8, name=Recursion Hexagon - Jason Fletcher.png, effects=32, overlay=false), Preset(index=9, name=radiation-646212.png, effects=94, overlay=false), Preset(index=10, name=biohazard-148696.png, effects=94, overlay=false), Preset(index=11, name=under-construction-2408062.png, effects=52, overlay=false), Preset(index=12, name=warning-44458.png, effects=50, overlay=false), Preset(index=13, name=nezulie-icon.png, effects=56, overlay=false), Preset(index=14, name=nezulie-N.png, effects=95, overlay=false), Preset(index=15, name=nezulie-E.png, effects=95, overlay=false), Preset(index=16, name=nezulie-Z.png, effects=52, overlay=false), Preset(index=17, name=nezulie-U.png, effects=95, overlay=false), Preset(index=18, name=nezulie-L.png, effects=52, overlay=false), Preset(index=19, name=chaosdorf_green.png, effects=50, overlay=false), Preset(index=20, name=chaosdorf_monochrome.png, effects=0, overlay=false), Preset(index=21, name=nik_the_dusky.png, effects=50, overlay=false), Preset(index=22, name=tinybrainplayzX4.png, effects=54, overlay=false)]
2024-06-16 23:54:49.167 INFO nestcontrol.deck.DeckConfigKt : loading presets from queue
2024-06-16 23:54:49.669 INFO nestdrop.deck.PresetQueues : initializing preset queues
2024-06-16 23:54:49.670 INFO nestdrop.deck.PresetQueues : queues updated
2024-06-16 23:54:49.672 INFO nestdrop.deck.PresetQueues : combining queues with deck switches
2024-06-16 23:54:49.673 INFO nestdrop.deck.PresetQueues : queues updated
2024-06-16 23:54:49.674 INFO nestdrop.deck.Deck : initializing deck1
2024-06-16 23:54:49.674 INFO nestcontrol.deck.DeckConfigKt : preset queue: PresetQueue(index=12, name=uninitialized, autoChange=false, toggles=[])
2024-06-16 23:54:49.674 INFO nestcontrol.deck.DeckConfigKt : preset queue: PresetQueue(index=7, name=uninitialized, autoChange=false, toggles=[])
2024-06-16 23:54:49.674 INFO nestdrop.deck.PresetQueues : combining queues with deck switches
2024-06-16 23:54:49.674 INFO nestdrop.deck.PresetQueues : queues updated
2024-06-16 23:54:49.674 INFO nestdrop.deck.PresetQueues : combining queues with deck switches
2024-06-16 23:54:49.674 INFO nestdrop.deck.PresetQueues : queues updated
2024-06-16 23:54:49.674 INFO nestdrop.deck.PresetQueues : queues updated
2024-06-16 23:54:49.674 INFO nestdrop.deck.PresetQueues : combining queues with deck switches
2024-06-16 23:54:49.675 INFO nestdrop.deck.PresetQueues : queues updated
2024-06-16 23:54:49.675 INFO nestdrop.deck.PresetQueues : combining queues with deck switches
2024-06-16 23:54:49.678 INFO nestdrop.deck.PresetQueues : queues updated
2024-06-16 23:54:49.678 INFO nestdrop.deck.PresetQueues : combining queues with deck switches
2024-06-16 23:54:49.678 INFO nestdrop.deck.PresetQueues : queues updated
2024-06-16 23:54:49.678 INFO nestdrop.deck.PresetQueues : combining queues with deck switches
2024-06-16 23:54:49.694 INFO nestdrop.deck.Deck : initializing deck1 preset queue
2024-06-16 23:54:49.696 INFO nestdrop.deck.Deck : deck1 queue: better_nested
2024-06-16 23:54:49.696 INFO nestdrop.deck.Deck : initializing deck1 preset
2024-06-16 23:54:49.697 INFO nestcontrol.deck.DeckConfigKt : preset queue: PresetQueue(index=12, name=better_nested, autoChange=false, toggles=[])
2024-06-16 23:54:49.699 INFO nestdrop.deck.Deck : initializing deck1 sprite queues
2024-06-16 23:54:49.702 INFO nestdrop.deck.Deck : initializing deck1 sprite queue
2024-06-16 23:54:49.707 INFO nestcontrol.deck.DeckConfigKt : SPRITE
2024-06-16 23:54:49.709 INFO nestdrop.deck.Deck : initializing deck1 sprite
2024-06-16 23:54:49.713 INFO nestcontrol.deck.DeckConfigKt : SPRITE
2024-06-16 23:54:49.715 INFO nestdrop.deck.Deck : initializing deck1 sprite fx
2024-06-16 23:54:49.717 INFO nestdrop.deck.Deck : initializing deck1 spout queue
2024-06-16 23:54:49.718 INFO nestdrop.deck.Deck : setting deck1 FX to 0
2024-06-16 23:54:49.720 INFO nestdrop.deck.Deck : initializing deck1 spout
2024-06-16 23:54:49.720 INFO nestdrop.deck.Deck : deck1 spout name null
2024-06-16 23:54:49.722 INFO nestdrop.deck.Deck : initializing deck2
2024-06-16 23:54:49.722 INFO nestdrop.deck.Deck : initializing deck2 preset queue
2024-06-16 23:54:49.722 INFO nestdrop.deck.Deck : initializing deck2 sprite
2024-06-16 23:54:49.722 INFO nestdrop.deck.Deck : deck2 queue: motion_bg
2024-06-16 23:54:49.722 INFO nestdrop.deck.Deck : initializing deck2 sprite fx
2024-06-16 23:54:49.722 INFO nestdrop.deck.Deck : initializing deck2 preset
2024-06-16 23:54:49.722 INFO nestdrop.deck.Deck : initializing deck2 sprite queues
2024-06-16 23:54:49.722 INFO nestdrop.deck.Deck : initializing deck2 sprite queue
2024-06-16 23:54:49.722 INFO nestdrop.deck.Deck : deck2 queue: null
2024-06-16 23:54:49.723 INFO nestdrop.deck.Deck : initializing deck2 spout queue
2024-06-16 23:54:49.723 INFO nestdrop.deck.Deck : deck2 spout name null
2024-06-16 23:54:49.723 INFO nestdrop.deck.Deck : setting deck2 FX to 0
2024-06-16 23:54:49.723 INFO nestdrop.deck.Deck : deck2 spout name null
2024-06-16 23:54:49.723 INFO nestcontrol.deck.DeckConfigKt : preset queue: PresetQueue(index=7, name=motion_bg, autoChange=false, toggles=[])
2024-06-16 23:54:49.723 INFO nestcontrol.deck.DeckConfigKt : SPRITE
2024-06-16 23:54:49.723 INFO nestdrop.deck.Deck : initializing deck2 spout
2024-06-16 23:54:49.723 INFO nestcontrol.deck.DeckConfigKt : SPRITE
2024-06-16 23:54:49.725 INFO nestdrop.deck.Deck : spout sync triggered
2024-06-16 23:54:49.725 INFO nestdrop.deck.Deck : spout sync triggered
2024-06-16 23:54:49.726 INFO nestdrop.deck.Deck : deck2 spout queue changed: spout_bg
2024-06-16 23:54:49.726 INFO nestdrop.deck.Deck : deck2 spout index changed: -1
2024-06-16 23:54:49.726 INFO nestdrop.deck.Deck : deck1 spout queue changed: spout_fg
2024-06-16 23:54:49.726 INFO nestdrop.deck.Deck : deck1 spout index changed: -1
2024-06-16 23:54:49.727 INFO nestdrop.deck.loadDeckSettingsKt : loading settings from deck1
2024-06-16 23:54:49.794 INFO nestdrop.deck.loadDeckSettingsKt : loading settings from deck2
2024-06-16 23:54:49.794 INFO nestdrop.deck.loadDeckSettingsKt : DeckSettings(deckPanelsIsOpen=StringValue(value=0,0,0,0,0,0), transitTime=FloatValue(value=3.6), fps=IntValue(value=30), animationSpeed=FloatValue(value=0.5190856), zoomSpeed=FloatValue(value=0.9), ZoomExp=FloatValue(value=1.0), rotationSpeed=FloatValue(value=0.9), wrapSpeed=FloatValue(value=0.8), horizontalMotion=FloatValue(value=0.0), verticalMotion=FloatValue(value=0.0), stretchSpeed=FloatValue(value=1.0), waveMode=FloatValue(value=1.0), negative=FloatValue(value=0.0), red=FloatValue(value=1.0), green=FloatValue(value=1.0), blue=FloatValue(value=1.0), brightness=FloatValue(value=1.0), contrast=FloatValue(value=1.0), gamma=FloatValue(value=1.0), hue=FloatValue(value=0.0), saturation=FloatValue(value=1.0), lumaKey=RangeValue(min=0.0, max=1.0), alpha=FloatValue(value=1.0), strobe=Strobe(effectIndex=14, color=4294967295, effectSpanMin=0.0, effectSpanMax=1.0, triggerIndex=0, speed=0.26, pulseWidth=1.0, waveFormIndex=2), audio=Audio(channel=3, bass=1.0, mid=1.0, treble=1.0), spout=Spout(width=1920, height=1080), videoDeck=VideoDeck(preview=4, topMost=false), outputMonitor=IntValue(value=0), ndi=BooleanValue(value=false))
2024-06-16 23:54:49.826 INFO nestdrop.deck.Deck : deck1 spout change: -1 in spout_fg
2024-06-16 23:54:49.826 INFO nestdrop.deck.Deck : deck2 spout change: -1 in spout_bg
2024-06-16 23:54:49.838 INFO nestdrop.deck.loadDeckSettingsKt : DeckSettings(deckPanelsIsOpen=StringValue(value=0,0,0,0,0,0), transitTime=FloatValue(value=3.2), fps=IntValue(value=30), animationSpeed=FloatValue(value=0.5190856), zoomSpeed=FloatValue(value=1.0), ZoomExp=FloatValue(value=1.0), rotationSpeed=FloatValue(value=1.0), wrapSpeed=FloatValue(value=1.0), horizontalMotion=FloatValue(value=0.0), verticalMotion=FloatValue(value=0.0), stretchSpeed=FloatValue(value=1.0), waveMode=FloatValue(value=0.0), negative=FloatValue(value=0.0), red=FloatValue(value=1.0), green=FloatValue(value=1.0), blue=FloatValue(value=1.0), brightness=FloatValue(value=1.0), contrast=FloatValue(value=1.0), gamma=FloatValue(value=1.0), hue=FloatValue(value=0.0), saturation=FloatValue(value=1.0), lumaKey=RangeValue(min=0.0, max=1.0), alpha=FloatValue(value=1.0), strobe=Strobe(effectIndex=14, color=4294967295, effectSpanMin=0.0, effectSpanMax=1.0, triggerIndex=0, speed=0.26, pulseWidth=1.0, waveFormIndex=2), audio=Audio(channel=3, bass=1.0, mid=1.0, treble=1.0), spout=Spout(width=1920, height=1080), videoDeck=VideoDeck(preview=4, topMost=false), outputMonitor=IntValue(value=0), ndi=BooleanValue(value=false))
2024-06-16 23:54:49.838 INFO nestcontrol.deck.DeckConfigKt : SPRITE
2024-06-16 23:54:49.839 INFO Main : initializing OSC
2024-06-16 23:54:50.374 INFO Main : re-emitting all values
2024-06-16 23:54:50.378 INFO Main : await application
2024-06-16 23:54:55.196 INFO nestdrop.deck.Deck : triggered at 16.08335910212199, 16.0
2024-06-16 23:54:58.650 INFO nestcontrol.deck.DeckConfigKt : preset queue: PresetQueue(index=8, name=motion_bg, autoChange=false, toggles=[])
2024-06-16 23:54:58.650 INFO nestdrop.deck.Deck : deck2 queue: motion_slow_bg
2024-06-16 23:54:58.651 INFO nestcontrol.deck.DeckConfigKt : preset queue: PresetQueue(index=8, name=motion_slow_bg, autoChange=false, toggles=[])
2024-06-16 23:54:59.773 INFO nestdrop.deck.Deck : deck2 queue: motion_bg
2024-06-16 23:54:59.773 INFO nestcontrol.deck.DeckConfigKt : preset queue: PresetQueue(index=7, name=motion_slow_bg, autoChange=false, toggles=[])
2024-06-16 23:54:59.773 INFO nestcontrol.deck.DeckConfigKt : preset queue: PresetQueue(index=7, name=motion_bg, autoChange=false, toggles=[])
2024-06-16 23:55:01.727 INFO nestcontrol.deck.DeckConfigKt : preset queue: PresetQueue(index=7, name=motion_bg, autoChange=false, toggles=[motion_bg])
2024-06-16 23:55:03.177 INFO nestdrop.deck.PresetQueues : combining queues with deck switches
2024-06-16 23:55:03.177 INFO nestdrop.deck.PresetQueues : queues updated
2024-06-16 23:55:03.177 INFO nestcontrol.deck.DeckConfigKt : preset queue: PresetQueue(index=7, name=motion_bg, autoChange=false, toggles=[motion_bg])
2024-06-16 23:55:03.177 INFO nestcontrol.deck.DeckConfigKt : preset queue: PresetQueue(index=12, name=better_nested, autoChange=false, toggles=[])
2024-06-16 23:55:03.177 INFO nestdrop.deck.Deck : deck2 queue: null
2024-06-16 23:55:03.177 INFO nestcontrol.deck.DeckConfigKt : preset queue: PresetQueue(index=7, name=disabled, autoChange=false, toggles=[motion_bg])
2024-06-16 23:55:04.181 INFO nestcontrol.deck.DeckConfigKt : preset queue: PresetQueue(index=12, name=better_nested, autoChange=false, toggles=[motion_bg])
2024-06-16 23:55:05.643 INFO nestdrop.deck.PresetQueues : combining queues with deck switches
2024-06-16 23:55:05.643 INFO nestdrop.deck.PresetQueues : queues updated
2024-06-16 23:55:05.643 INFO nestdrop.deck.Deck : deck2 queue: motion_bg
2024-06-16 23:55:05.643 INFO nestcontrol.deck.DeckConfigKt : preset queue: PresetQueue(index=12, name=better_nested, autoChange=false, toggles=[motion_bg])
2024-06-16 23:55:05.643 INFO nestcontrol.deck.DeckConfigKt : preset queue: PresetQueue(index=7, name=motion_bg, autoChange=false, toggles=[motion_bg])
2024-06-16 23:55:05.643 INFO nestcontrol.deck.DeckConfigKt : preset queue: PresetQueue(index=7, name=disabled, autoChange=false, toggles=[motion_bg])
2024-06-16 23:55:08.149 INFO nestdrop.deck.PresetQueues : combining queues with deck switches
2024-06-16 23:55:08.149 INFO nestdrop.deck.PresetQueues : queues updated
2024-06-16 23:55:08.150 INFO nestcontrol.deck.DeckConfigKt : preset queue: PresetQueue(index=12, name=better_nested, autoChange=false, toggles=[motion_bg])
2024-06-16 23:55:08.150 INFO nestcontrol.deck.DeckConfigKt : preset queue: PresetQueue(index=7, name=motion_bg, autoChange=false, toggles=[motion_bg])
2024-06-16 23:55:08.150 INFO nestdrop.deck.Deck : deck2 queue: null
2024-06-16 23:55:08.150 INFO nestcontrol.deck.DeckConfigKt : preset queue: PresetQueue(index=7, name=disabled, autoChange=false, toggles=[motion_bg])
2024-06-16 23:55:08.693 INFO nestdrop.deck.PresetQueues : combining queues with deck switches
2024-06-16 23:55:08.693 INFO nestdrop.deck.PresetQueues : queues updated
2024-06-16 23:55:08.693 INFO nestdrop.deck.Deck : deck2 queue: motion_bg
2024-06-16 23:55:08.693 INFO nestcontrol.deck.DeckConfigKt : preset queue: PresetQueue(index=7, name=disabled, autoChange=false, toggles=[motion_bg])
2024-06-16 23:55:08.693 INFO nestcontrol.deck.DeckConfigKt : preset queue: PresetQueue(index=12, name=better_nested, autoChange=false, toggles=[motion_bg])
2024-06-16 23:55:08.693 INFO nestcontrol.deck.DeckConfigKt : preset queue: PresetQueue(index=7, name=motion_bg, autoChange=false, toggles=[motion_bg])
2024-06-16 23:55:10.201 INFO nestdrop.deck.Deck : triggered at 48.01903333396908, 48.0
2024-06-16 23:55:21.461 INFO nestdrop.deck.PresetQueues : queues updated
2024-06-16 23:55:21.461 INFO nestdrop.deck.PresetQueues : combining queues with deck switches
2024-06-16 23:55:21.461 INFO nestdrop.deck.Deck : deck2 queue: null
2024-06-16 23:55:21.461 INFO nestcontrol.deck.DeckConfigKt : preset queue: PresetQueue(index=12, name=better_nested, autoChange=false, toggles=[motion_bg])
2024-06-16 23:55:21.461 INFO nestcontrol.deck.DeckConfigKt : preset queue: PresetQueue(index=7, name=disabled, autoChange=false, toggles=[motion_bg])
2024-06-16 23:55:21.461 INFO nestcontrol.deck.DeckConfigKt : preset queue: PresetQueue(index=7, name=motion_bg, autoChange=false, toggles=[motion_bg])
2024-06-16 23:55:23.129 INFO nestdrop.deck.PresetQueues : combining queues with deck switches
2024-06-16 23:55:23.129 INFO nestdrop.deck.PresetQueues : queues updated
2024-06-16 23:55:23.129 INFO nestdrop.deck.Deck : deck2 queue: motion_bg
2024-06-16 23:55:23.129 INFO nestcontrol.deck.DeckConfigKt : preset queue: PresetQueue(index=7, name=disabled, autoChange=false, toggles=[motion_bg])
2024-06-16 23:55:23.129 INFO nestcontrol.deck.DeckConfigKt : preset queue: PresetQueue(index=12, name=better_nested, autoChange=false, toggles=[motion_bg])
2024-06-16 23:55:23.129 INFO nestcontrol.deck.DeckConfigKt : preset queue: PresetQueue(index=7, name=motion_bg, autoChange=false, toggles=[motion_bg])
2024-06-16 23:55:25.243 INFO nestdrop.deck.Deck : triggered at 16.001060444005276, 16.0
2024-06-16 23:55:40.357 INFO nestdrop.deck.Deck : triggered at 48.140910550562495, 48.0
2024-06-16 23:55:55.403 INFO nestdrop.deck.Deck : triggered at 16.08485233726495, 16.0
2024-06-16 23:56:10.524 INFO nestdrop.deck.Deck : triggered at 48.195797733561086, 48.0
2024-06-16 23:56:25.545 INFO nestdrop.deck.Deck : triggered at 16.092647110112363, 16.0
2024-06-16 23:56:40.663 INFO nestdrop.deck.Deck : triggered at 48.1885917588551, 48.0
2024-06-16 23:56:55.678 INFO nestdrop.deck.Deck : triggered at 16.088559268569824, 16.0
2024-06-16 23:57:10.788 INFO nestdrop.deck.Deck : triggered at 48.20153760337815, 48.0
2024-06-16 23:57:21.351 INFO nestdrop.loadQueuesKt : loading queues from C:\Users\nikky\VJ\NestDropProV2\DefaultUserProfile.xml
2024-06-16 23:57:22.426 INFO nestdrop.loadQueuesKt : loading queues from C:\Users\nikky\VJ\NestDropProV2\DefaultUserProfile.xml
2024-06-16 23:57:25.601 INFO nestdrop.deck.Deck : triggered at 16.151322133000562, 16.0
2024-06-16 23:57:40.305 INFO nestdrop.deck.Deck : triggered at 48.15638988583867, 48.0
2024-06-16 23:57:54.858 INFO nestdrop.deck.Deck : triggered at 16.20755591519656, 16.0
2024-06-16 23:58:09.676 INFO nestdrop.deck.Deck : triggered at 48.14261063270555, 48.0
2024-06-16 23:58:24.882 INFO nestdrop.deck.Deck : triggered at 16.069714005406546, 16.0
2024-06-16 23:58:40.109 INFO nestdrop.deck.Deck : triggered at 48.13802296574896, 48.0
2024-06-16 23:58:55.284 INFO nestdrop.deck.Deck : triggered at 16.192770486831478, 16.0
2024-06-16 23:59:10.497 INFO nestdrop.deck.Deck : triggered at 48.20496147575359, 48.0
2024-06-16 23:59:25.702 INFO nestdrop.deck.Deck : triggered at 16.19143413658123, 16.0
2024-06-16 23:59:40.804 INFO nestdrop.deck.Deck : triggered at 48.06438445053081, 48.0
2024-06-16 23:59:56.012 INFO nestdrop.deck.Deck : triggered at 16.019527352905104, 16.0
2024-06-17 00:00:11.220 INFO nestdrop.deck.Deck : triggered at 48.08416088129662, 48.0
2024-06-17 00:00:21.896 INFO nestdrop.loadQueuesKt : loading queues from C:\Users\nikky\VJ\NestDropProV2\DefaultUserProfile.xml
2024-06-17 00:00:22.916 INFO nestdrop.loadQueuesKt : loading queues from C:\Users\nikky\VJ\NestDropProV2\DefaultUserProfile.xml
2024-06-17 00:00:23.909 INFO nestdrop.loadQueuesKt : loading queues from C:\Users\nikky\VJ\NestDropProV2\DefaultUserProfile.xml
2024-06-17 00:00:26.419 INFO nestdrop.deck.Deck : triggered at 16.107164672088466, 16.0
2024-06-17 00:00:36.184 WARN osc.OSCUtil : osc bad data: com.illposed.osc.OSCBadDataEvent[source=[OSCPortIn: listening via "UDPTransport: local=/127.0.0.1:7001, remote=/127.0.0.1:7001"]]
2024-06-17 00:00:36.185 WARN osc.OSCUtil : osc bad data: com.illposed.osc.OSCBadDataEvent[source=[OSCPortIn: listening via "UDPTransport: local=/127.0.0.1:7001, remote=/127.0.0.1:7001"]]
2024-06-17 00:00:36.195 WARN osc.OSCUtil : osc bad data: com.illposed.osc.OSCBadDataEvent[source=[OSCPortIn: listening via "UDPTransport: local=/127.0.0.1:7001, remote=/127.0.0.1:7001"]]
2024-06-17 00:00:39.392 WARN osc.OSCUtil : osc bad data: com.illposed.osc.OSCBadDataEvent[source=[OSCPortIn: listening via "UDPTransport: local=/127.0.0.1:7001, remote=/127.0.0.1:7001"]]
2024-06-17 00:00:39.400 WARN osc.OSCUtil : osc bad data: com.illposed.osc.OSCBadDataEvent[source=[OSCPortIn: listening via "UDPTransport: local=/127.0.0.1:7001, remote=/127.0.0.1:7001"]]
2024-06-17 00:00:39.448 WARN osc.OSCUtil : osc bad data: com.illposed.osc.OSCBadDataEvent[source=[OSCPortIn: listening via "UDPTransport: local=/127.0.0.1:7001, remote=/127.0.0.1:7001"]]
2024-06-17 00:00:39.449 WARN osc.OSCUtil : osc bad data: com.illposed.osc.OSCBadDataEvent[source=[OSCPortIn: listening via "UDPTransport: local=/127.0.0.1:7001, remote=/127.0.0.1:7001"]]
2024-06-17 00:00:39.458 WARN osc.OSCUtil : osc bad data: com.illposed.osc.OSCBadDataEvent[source=[OSCPortIn: listening via "UDPTransport: local=/127.0.0.1:7001, remote=/127.0.0.1:7001"]]
2024-06-17 00:00:39.470 WARN osc.OSCUtil : osc bad data: com.illposed.osc.OSCBadDataEvent[source=[OSCPortIn: listening via "UDPTransport: local=/127.0.0.1:7001, remote=/127.0.0.1:7001"]]
2024-06-17 00:00:39.483 WARN osc.OSCUtil : osc bad data: com.illposed.osc.OSCBadDataEvent[source=[OSCPortIn: listening via "UDPTransport: local=/127.0.0.1:7001, remote=/127.0.0.1:7001"]]
2024-06-17 00:00:39.488 WARN osc.OSCUtil : osc bad data: com.illposed.osc.OSCBadDataEvent[source=[OSCPortIn: listening via "UDPTransport: local=/127.0.0.1:7001, remote=/127.0.0.1:7001"]]
2024-06-17 00:00:39.590 WARN osc.OSCUtil : osc bad data: com.illposed.osc.OSCBadDataEvent[source=[OSCPortIn: listening via "UDPTransport: local=/127.0.0.1:7001, remote=/127.0.0.1:7001"]]
2024-06-17 00:00:39.592 WARN osc.OSCUtil : osc bad data: com.illposed.osc.OSCBadDataEvent[source=[OSCPortIn: listening via "UDPTransport: local=/127.0.0.1:7001, remote=/127.0.0.1:7001"]]
2024-06-17 00:00:39.592 WARN osc.OSCUtil : osc bad data: com.illposed.osc.OSCBadDataEvent[source=[OSCPortIn: listening via "UDPTransport: local=/127.0.0.1:7001, remote=/127.0.0.1:7001"]]
2024-06-17 00:00:39.593 WARN osc.OSCUtil : osc bad data: com.illposed.osc.OSCBadDataEvent[source=[OSCPortIn: listening via "UDPTransport: local=/127.0.0.1:7001, remote=/127.0.0.1:7001"]]
2024-06-17 00:00:39.593 WARN osc.OSCUtil : osc bad data: com.illposed.osc.OSCBadDataEvent[source=[OSCPortIn: listening via "UDPTransport: local=/127.0.0.1:7001, remote=/127.0.0.1:7001"]]
2024-06-17 00:00:39.597 WARN osc.OSCUtil : osc bad data: com.illposed.osc.OSCBadDataEvent[source=[OSCPortIn: listening via "UDPTransport: local=/127.0.0.1:7001, remote=/127.0.0.1:7001"]]
2024-06-17 00:00:39.601 WARN osc.OSCUtil : osc bad data: com.illposed.osc.OSCBadDataEvent[source=[OSCPortIn: listening via "UDPTransport: local=/127.0.0.1:7001, remote=/127.0.0.1:7001"]]
2024-06-17 00:00:39.602 WARN osc.OSCUtil : osc bad data: com.illposed.osc.OSCBadDataEvent[source=[OSCPortIn: listening via "UDPTransport: local=/127.0.0.1:7001, remote=/127.0.0.1:7001"]]
2024-06-17 00:00:39.603 WARN osc.OSCUtil : osc bad data: com.illposed.osc.OSCBadDataEvent[source=[OSCPortIn: listening via "UDPTransport: local=/127.0.0.1:7001, remote=/127.0.0.1:7001"]]
2024-06-17 00:00:39.604 WARN osc.OSCUtil : osc bad data: com.illposed.osc.OSCBadDataEvent[source=[OSCPortIn: listening via "UDPTransport: local=/127.0.0.1:7001, remote=/127.0.0.1:7001"]]
2024-06-17 00:00:39.606 WARN osc.OSCUtil : osc bad data: com.illposed.osc.OSCBadDataEvent[source=[OSCPortIn: listening via "UDPTransport: local=/127.0.0.1:7001, remote=/127.0.0.1:7001"]]
2024-06-17 00:00:39.607 WARN osc.OSCUtil : osc bad data: com.illposed.osc.OSCBadDataEvent[source=[OSCPortIn: listening via "UDPTransport: local=/127.0.0.1:7001, remote=/127.0.0.1:7001"]]
2024-06-17 00:00:39.610 WARN osc.OSCUtil : osc bad data: com.illposed.osc.OSCBadDataEvent[source=[OSCPortIn: listening via "UDPTransport: local=/127.0.0.1:7001, remote=/127.0.0.1:7001"]]
2024-06-17 00:00:39.613 WARN osc.OSCUtil : osc bad data: com.illposed.osc.OSCBadDataEvent[source=[OSCPortIn: listening via "UDPTransport: local=/127.0.0.1:7001, remote=/127.0.0.1:7001"]]
2024-06-17 00:00:39.614 WARN osc.OSCUtil : osc bad data: com.illposed.osc.OSCBadDataEvent[source=[OSCPortIn: listening via "UDPTransport: local=/127.0.0.1:7001, remote=/127.0.0.1:7001"]]
2024-06-17 00:00:39.614 WARN osc.OSCUtil : osc bad data: com.illposed.osc.OSCBadDataEvent[source=[OSCPortIn: listening via "UDPTransport: local=/127.0.0.1:7001, remote=/127.0.0.1:7001"]]
2024-06-17 00:00:39.615 WARN osc.OSCUtil : osc bad data: com.illposed.osc.OSCBadDataEvent[source=[OSCPortIn: listening via "UDPTransport: local=/127.0.0.1:7001, remote=/127.0.0.1:7001"]]
2024-06-17 00:00:39.618 WARN osc.OSCUtil : osc bad data: com.illposed.osc.OSCBadDataEvent[source=[OSCPortIn: listening via "UDPTransport: local=/127.0.0.1:7001, remote=/127.0.0.1:7001"]]
2024-06-17 00:00:40.065 WARN osc.OSCUtil : osc bad data: com.illposed.osc.OSCBadDataEvent[source=[OSCPortIn: listening via "UDPTransport: local=/127.0.0.1:7001, remote=/127.0.0.1:7001"]]
2024-06-17 00:00:41.610 WARN osc.OSCUtil : osc bad data: com.illposed.osc.OSCBadDataEvent[source=[OSCPortIn: listening via "UDPTransport: local=/127.0.0.1:7001, remote=/127.0.0.1:7001"]]
2024-06-17 00:00:41.690 INFO nestdrop.deck.Deck : triggered at 48.299371961847775, 48.0
2024-06-17 00:00:42.190 WARN osc.OSCUtil : osc bad data: com.illposed.osc.OSCBadDataEvent[source=[OSCPortIn: listening via "UDPTransport: local=/127.0.0.1:7001, remote=/127.0.0.1:7001"]]
2024-06-17 00:00:42.198 WARN osc.OSCUtil : osc bad data: com.illposed.osc.OSCBadDataEvent[source=[OSCPortIn: listening via "UDPTransport: local=/127.0.0.1:7001, remote=/127.0.0.1:7001"]]
2024-06-17 00:00:42.198 WARN osc.OSCUtil : osc bad data: com.illposed.osc.OSCBadDataEvent[source=[OSCPortIn: listening via "UDPTransport: local=/127.0.0.1:7001, remote=/127.0.0.1:7001"]]
2024-06-17 00:00:42.200 WARN osc.OSCUtil : osc bad data: com.illposed.osc.OSCBadDataEvent[source=[OSCPortIn: listening via "UDPTransport: local=/127.0.0.1:7001, remote=/127.0.0.1:7001"]]
2024-06-17 00:00:42.205 WARN osc.OSCUtil : osc bad data: com.illposed.osc.OSCBadDataEvent[source=[OSCPortIn: listening via "UDPTransport: local=/127.0.0.1:7001, remote=/127.0.0.1:7001"]]
2024-06-17 00:00:42.207 WARN osc.OSCUtil : osc bad data: com.illposed.osc.OSCBadDataEvent[source=[OSCPortIn: listening via "UDPTransport: local=/127.0.0.1:7001, remote=/127.0.0.1:7001"]]
2024-06-17 00:00:42.211 WARN osc.OSCUtil : osc bad data: com.illposed.osc.OSCBadDataEvent[source=[OSCPortIn: listening via "UDPTransport: local=/127.0.0.1:7001, remote=/127.0.0.1:7001"]]
2024-06-17 00:00:42.211 WARN osc.OSCUtil : osc bad data: com.illposed.osc.OSCBadDataEvent[source=[OSCPortIn: listening via "UDPTransport: local=/127.0.0.1:7001, remote=/127.0.0.1:7001"]]
2024-06-17 00:00:42.225 WARN osc.OSCUtil : osc bad data: com.illposed.osc.OSCBadDataEvent[source=[OSCPortIn: listening via "UDPTransport: local=/127.0.0.1:7001, remote=/127.0.0.1:7001"]]
2024-06-17 00:00:42.231 WARN osc.OSCUtil : osc bad data: com.illposed.osc.OSCBadDataEvent[source=[OSCPortIn: listening via "UDPTransport: local=/127.0.0.1:7001, remote=/127.0.0.1:7001"]]
2024-06-17 00:00:42.234 WARN osc.OSCUtil : osc bad data: com.illposed.osc.OSCBadDataEvent[source=[OSCPortIn: listening via "UDPTransport: local=/127.0.0.1:7001, remote=/127.0.0.1:7001"]]
2024-06-17 00:00:42.235 WARN osc.OSCUtil : osc bad data: com.illposed.osc.OSCBadDataEvent[source=[OSCPortIn: listening via "UDPTransport: local=/127.0.0.1:7001, remote=/127.0.0.1:7001"]]
2024-06-17 00:00:42.246 WARN osc.OSCUtil : osc bad data: com.illposed.osc.OSCBadDataEvent[source=[OSCPortIn: listening via "UDPTransport: local=/127.0.0.1:7001, remote=/127.0.0.1:7001"]]
2024-06-17 00:00:42.256 WARN osc.OSCUtil : osc bad data: com.illposed.osc.OSCBadDataEvent[source=[OSCPortIn: listening via "UDPTransport: local=/127.0.0.1:7001, remote=/127.0.0.1:7001"]]
2024-06-17 00:00:42.257 WARN osc.OSCUtil : osc bad data: com.illposed.osc.OSCBadDataEvent[source=[OSCPortIn: listening via "UDPTransport: local=/127.0.0.1:7001, remote=/127.0.0.1:7001"]]
2024-06-17 00:00:42.258 WARN osc.OSCUtil : osc bad data: com.illposed.osc.OSCBadDataEvent[source=[OSCPortIn: listening via "UDPTransport: local=/127.0.0.1:7001, remote=/127.0.0.1:7001"]]
2024-06-17 00:00:42.270 WARN osc.OSCUtil : osc bad data: com.illposed.osc.OSCBadDataEvent[source=[OSCPortIn: listening via "UDPTransport: local=/127.0.0.1:7001, remote=/127.0.0.1:7001"]]
2024-06-17 00:00:42.271 WARN osc.OSCUtil : osc bad data: com.illposed.osc.OSCBadDataEvent[source=[OSCPortIn: listening via "UDPTransport: local=/127.0.0.1:7001, remote=/127.0.0.1:7001"]]
2024-06-17 00:00:42.274 WARN osc.OSCUtil : osc bad data: com.illposed.osc.OSCBadDataEvent[source=[OSCPortIn: listening via "UDPTransport: local=/127.0.0.1:7001, remote=/127.0.0.1:7001"]]
2024-06-17 00:00:42.277 WARN osc.OSCUtil : osc bad data: com.illposed.osc.OSCBadDataEvent[source=[OSCPortIn: listening via "UDPTransport: local=/127.0.0.1:7001, remote=/127.0.0.1:7001"]]
2024-06-17 00:00:42.283 WARN osc.OSCUtil : osc bad data: com.illposed.osc.OSCBadDataEvent[source=[OSCPortIn: listening via "UDPTransport: local=/127.0.0.1:7001, remote=/127.0.0.1:7001"]]
2024-06-17 00:00:42.290 WARN osc.OSCUtil : osc bad data: com.illposed.osc.OSCBadDataEvent[source=[OSCPortIn: listening via "UDPTransport: local=/127.0.0.1:7001, remote=/127.0.0.1:7001"]]
2024-06-17 00:00:42.291 WARN osc.OSCUtil : osc bad data: com.illposed.osc.OSCBadDataEvent[source=[OSCPortIn: listening via "UDPTransport: local=/127.0.0.1:7001, remote=/127.0.0.1:7001"]]
2024-06-17 00:00:42.291 WARN osc.OSCUtil : osc bad data: com.illposed.osc.OSCBadDataEvent[source=[OSCPortIn: listening via "UDPTransport: local=/127.0.0.1:7001, remote=/127.0.0.1:7001"]]
2024-06-17 00:00:42.305 WARN osc.OSCUtil : osc bad data: com.illposed.osc.OSCBadDataEvent[source=[OSCPortIn: listening via "UDPTransport: local=/127.0.0.1:7001, remote=/127.0.0.1:7001"]]
2024-06-17 00:00:42.307 WARN osc.OSCUtil : osc bad data: com.illposed.osc.OSCBadDataEvent[source=[OSCPortIn: listening via "UDPTransport: local=/127.0.0.1:7001, remote=/127.0.0.1:7001"]]
2024-06-17 00:00:42.309 WARN osc.OSCUtil : osc bad data: com.illposed.osc.OSCBadDataEvent[source=[OSCPortIn: listening via "UDPTransport: local=/127.0.0.1:7001, remote=/127.0.0.1:7001"]]
2024-06-17 00:00:42.312 WARN osc.OSCUtil : osc bad data: com.illposed.osc.OSCBadDataEvent[source=[OSCPortIn: listening via "UDPTransport: local=/127.0.0.1:7001, remote=/127.0.0.1:7001"]]
2024-06-17 00:00:42.313 WARN osc.OSCUtil : osc bad data: com.illposed.osc.OSCBadDataEvent[source=[OSCPortIn: listening via "UDPTransport: local=/127.0.0.1:7001, remote=/127.0.0.1:7001"]]
2024-06-17 00:00:42.317 WARN osc.OSCUtil : osc bad data: com.illposed.osc.OSCBadDataEvent[source=[OSCPortIn: listening via "UDPTransport: local=/127.0.0.1:7001, remote=/127.0.0.1:7001"]]
2024-06-17 00:00:42.322 WARN osc.OSCUtil : osc bad data: com.illposed.osc.OSCBadDataEvent[source=[OSCPortIn: listening via "UDPTransport: local=/127.0.0.1:7001, remote=/127.0.0.1:7001"]]
2024-06-17 00:00:42.322 WARN osc.OSCUtil : osc bad data: com.illposed.osc.OSCBadDataEvent[source=[OSCPortIn: listening via "UDPTransport: local=/127.0.0.1:7001, remote=/127.0.0.1:7001"]]
2024-06-17 00:00:42.347 WARN osc.OSCUtil : osc bad data: com.illposed.osc.OSCBadDataEvent[source=[OSCPortIn: listening via "UDPTransport: local=/127.0.0.1:7001, remote=/127.0.0.1:7001"]]
2024-06-17 00:00:42.370 WARN osc.OSCUtil : osc bad data: com.illposed.osc.OSCBadDataEvent[source=[OSCPortIn: listening via "UDPTransport: local=/127.0.0.1:7001, remote=/127.0.0.1:7001"]]
2024-06-17 00:00:42.383 WARN osc.OSCUtil : osc bad data: com.illposed.osc.OSCBadDataEvent[source=[OSCPortIn: listening via "UDPTransport: local=/127.0.0.1:7001, remote=/127.0.0.1:7001"]]
2024-06-17 00:00:42.398 WARN osc.OSCUtil : osc bad data: com.illposed.osc.OSCBadDataEvent[source=[OSCPortIn: listening via "UDPTransport: local=/127.0.0.1:7001, remote=/127.0.0.1:7001"]]
2024-06-17 00:00:42.407 WARN osc.OSCUtil : osc bad data: com.illposed.osc.OSCBadDataEvent[source=[OSCPortIn: listening via "UDPTransport: local=/127.0.0.1:7001, remote=/127.0.0.1:7001"]]
2024-06-17 00:00:42.408 WARN osc.OSCUtil : osc bad data: com.illposed.osc.OSCBadDataEvent[source=[OSCPortIn: listening via "UDPTransport: local=/127.0.0.1:7001, remote=/127.0.0.1:7001"]]
2024-06-17 00:00:42.475 INFO osc.OSCUtil : {21=null, 1=null}
2024-06-17 00:00:42.492 WARN osc.OSCUtil : osc bad data: com.illposed.osc.OSCBadDataEvent[source=[OSCPortIn: listening via "UDPTransport: local=/127.0.0.1:7001, remote=/127.0.0.1:7001"]]
2024-06-17 00:00:42.632 INFO osc.OSCUtil : {21=null, 1=null, 7=null}
2024-06-17 00:00:56.783 INFO nestdrop.deck.Deck : triggered at 16.0433984242755, 16.0
2024-06-17 00:01:12.011 INFO nestdrop.deck.Deck : triggered at 48.077503208414505, 48.0
2024-06-17 00:01:27.235 INFO nestdrop.deck.Deck : triggered at 16.18510238037089, 16.0
2024-06-17 00:01:42.360 INFO nestdrop.deck.Deck : triggered at 48.02115254198689, 48.0
2024-06-17 00:01:57.615 INFO nestdrop.deck.Deck : triggered at 16.183527840041886, 16.0
2024-06-17 00:01:58.263 INFO osc.OSCUtil : {21=null, 1=1, 7=null}
2024-06-17 00:01:58.263 INFO osc.OSCUtil : resolume group 1 layer 1 changed to 1
2024-06-17 00:01:58.263 INFO osc.OSCUtil : resolume group 1 layer 1 connectSpecificClip index 0
2024-06-17 00:01:58.264 INFO osc.OSCUtil : resolume switch group 1 layer 1 changed to index 0
2024-06-17 00:01:58.816 INFO osc.OSCUtil : {21=null, 1=1, 7=null, 4=2}
2024-06-17 00:01:58.816 INFO osc.OSCUtil : resolume group 2 layer 1 connectSpecificClip index 1
2024-06-17 00:01:58.816 INFO osc.OSCUtil : resolume group 2 layer 1 changed to 2
2024-06-17 00:01:58.816 INFO osc.OSCUtil : resolume switch group 2 layer 1 changed to index 1
2024-06-17 00:01:59.380 INFO osc.OSCUtil : {21=null, 1=1, 7=1, 4=2}
2024-06-17 00:01:59.380 INFO osc.OSCUtil : resolume group 3 layer 1 changed to 1
2024-06-17 00:01:59.380 INFO osc.OSCUtil : resolume group 3 layer 1 connectSpecificClip index 0
2024-06-17 00:01:59.380 INFO osc.OSCUtil : resolume switch group 3 layer 1 changed to index 0
2024-06-17 00:02:00.018 INFO osc.OSCUtil : {21=null, 1=1, 7=1, 4=2, 10=2}
2024-06-17 00:02:00.018 INFO osc.OSCUtil : resolume group 4 layer 1 changed to 2
2024-06-17 00:02:00.018 INFO osc.OSCUtil : resolume group 4 layer 1 connectSpecificClip index 1
2024-06-17 00:02:00.018 INFO osc.OSCUtil : resolume switch group 4 layer 1 changed to index 1
2024-06-17 00:02:12.758 INFO nestdrop.deck.Deck : triggered at 48.0045142809548, 48.0
2024-06-17 00:02:28.482 INFO nestdrop.deck.Deck : triggered at 16.12509701995832, 16.0
2024-06-17 00:02:44.413 INFO nestdrop.deck.Deck : triggered at 48.19930065294883, 48.0
2024-06-17 00:03:00.244 INFO nestdrop.deck.Deck : triggered at 16.09455108477262, 16.0
2024-06-17 00:03:16.097 INFO nestdrop.deck.Deck : triggered at 48.0534544403075, 48.0
2024-06-17 00:03:20.819 WARN osc.OSCUtil : osc bad data: com.illposed.osc.OSCBadDataEvent[source=[OSCPortIn: listening via "UDPTransport: local=/127.0.0.1:7001, remote=/127.0.0.1:7001"]]
2024-06-17 00:03:20.822 WARN osc.OSCUtil : osc bad data: com.illposed.osc.OSCBadDataEvent[source=[OSCPortIn: listening via "UDPTransport: local=/127.0.0.1:7001, remote=/127.0.0.1:7001"]]
2024-06-17 00:03:20.827 WARN osc.OSCUtil : osc bad data: com.illposed.osc.OSCBadDataEvent[source=[OSCPortIn: listening via "UDPTransport: local=/127.0.0.1:7001, remote=/127.0.0.1:7001"]]
2024-06-17 00:03:23.081 WARN osc.OSCUtil : osc bad data: com.illposed.osc.OSCBadDataEvent[source=[OSCPortIn: listening via "UDPTransport: local=/127.0.0.1:7001, remote=/127.0.0.1:7001"]]
2024-06-17 00:03:23.306 WARN osc.OSCUtil : osc bad data: com.illposed.osc.OSCBadDataEvent[source=[OSCPortIn: listening via "UDPTransport: local=/127.0.0.1:7001, remote=/127.0.0.1:7001"]]
2024-06-17 00:03:23.317 WARN osc.OSCUtil : osc bad data: com.illposed.osc.OSCBadDataEvent[source=[OSCPortIn: listening via "UDPTransport: local=/127.0.0.1:7001, remote=/127.0.0.1:7001"]]
2024-06-17 00:03:23.405 WARN osc.OSCUtil : osc bad data: com.illposed.osc.OSCBadDataEvent[source=[OSCPortIn: listening via "UDPTransport: local=/127.0.0.1:7001, remote=/127.0.0.1:7001"]]
2024-06-17 00:03:23.449 WARN osc.OSCUtil : osc bad data: com.illposed.osc.OSCBadDataEvent[source=[OSCPortIn: listening via "UDPTransport: local=/127.0.0.1:7001, remote=/127.0.0.1:7001"]]
2024-06-17 00:03:23.548 WARN osc.OSCUtil : osc bad data: com.illposed.osc.OSCBadDataEvent[source=[OSCPortIn: listening via "UDPTransport: local=/127.0.0.1:7001, remote=/127.0.0.1:7001"]]
2024-06-17 00:03:23.940 WARN osc.OSCUtil : osc bad data: com.illposed.osc.OSCBadDataEvent[source=[OSCPortIn: listening via "UDPTransport: local=/127.0.0.1:7001, remote=/127.0.0.1:7001"]]
2024-06-17 00:03:24.085 WARN osc.OSCUtil : osc bad data: com.illposed.osc.OSCBadDataEvent[source=[OSCPortIn: listening via "UDPTransport: local=/127.0.0.1:7001, remote=/127.0.0.1:7001"]]
2024-06-17 00:03:24.095 WARN osc.OSCUtil : osc bad data: com.illposed.osc.OSCBadDataEvent[source=[OSCPortIn: listening via "UDPTransport: local=/127.0.0.1:7001, remote=/127.0.0.1:7001"]]
2024-06-17 00:03:24.101 WARN osc.OSCUtil : osc bad data: com.illposed.osc.OSCBadDataEvent[source=[OSCPortIn: listening via "UDPTransport: local=/127.0.0.1:7001, remote=/127.0.0.1:7001"]]
2024-06-17 00:03:24.243 WARN osc.OSCUtil : osc bad data: com.illposed.osc.OSCBadDataEvent[source=[OSCPortIn: listening via "UDPTransport: local=/127.0.0.1:7001, remote=/127.0.0.1:7001"]]
2024-06-17 00:03:24.289 WARN osc.OSCUtil : osc bad data: com.illposed.osc.OSCBadDataEvent[source=[OSCPortIn: listening via "UDPTransport: local=/127.0.0.1:7001, remote=/127.0.0.1:7001"]]
2024-06-17 00:03:24.292 WARN osc.OSCUtil : osc bad data: com.illposed.osc.OSCBadDataEvent[source=[OSCPortIn: listening via "UDPTransport: local=/127.0.0.1:7001, remote=/127.0.0.1:7001"]]
2024-06-17 00:03:24.308 WARN osc.OSCUtil : osc bad data: com.illposed.osc.OSCBadDataEvent[source=[OSCPortIn: listening via "UDPTransport: local=/127.0.0.1:7001, remote=/127.0.0.1:7001"]]
2024-06-17 00:03:24.308 WARN osc.OSCUtil : osc bad data: com.illposed.osc.OSCBadDataEvent[source=[OSCPortIn: listening via "UDPTransport: local=/127.0.0.1:7001, remote=/127.0.0.1:7001"]]
2024-06-17 00:03:24.325 WARN osc.OSCUtil : osc bad data: com.illposed.osc.OSCBadDataEvent[source=[OSCPortIn: listening via "UDPTransport: local=/127.0.0.1:7001, remote=/127.0.0.1:7001"]]
2024-06-17 00:03:24.330 WARN osc.OSCUtil : osc bad data: com.illposed.osc.OSCBadDataEvent[source=[OSCPortIn: listening via "UDPTransport: local=/127.0.0.1:7001, remote=/127.0.0.1:7001"]]
2024-06-17 00:03:24.339 WARN osc.OSCUtil : osc bad data: com.illposed.osc.OSCBadDataEvent[source=[OSCPortIn: listening via "UDPTransport: local=/127.0.0.1:7001, remote=/127.0.0.1:7001"]]
2024-06-17 00:03:24.348 WARN osc.OSCUtil : osc bad data: com.illposed.osc.OSCBadDataEvent[source=[OSCPortIn: listening via "UDPTransport: local=/127.0.0.1:7001, remote=/127.0.0.1:7001"]]
2024-06-17 00:03:24.354 WARN osc.OSCUtil : osc bad data: com.illposed.osc.OSCBadDataEvent[source=[OSCPortIn: listening via "UDPTransport: local=/127.0.0.1:7001, remote=/127.0.0.1:7001"]]
2024-06-17 00:03:24.362 WARN osc.OSCUtil : osc bad data: com.illposed.osc.OSCBadDataEvent[source=[OSCPortIn: listening via "UDPTransport: local=/127.0.0.1:7001, remote=/127.0.0.1:7001"]]
2024-06-17 00:03:24.366 WARN osc.OSCUtil : osc bad data: com.illposed.osc.OSCBadDataEvent[source=[OSCPortIn: listening via "UDPTransport: local=/127.0.0.1:7001, remote=/127.0.0.1:7001"]]
2024-06-17 00:03:24.372 WARN osc.OSCUtil : osc bad data: com.illposed.osc.OSCBadDataEvent[source=[OSCPortIn: listening via "UDPTransport: local=/127.0.0.1:7001, remote=/127.0.0.1:7001"]]
2024-06-17 00:03:24.379 WARN osc.OSCUtil : osc bad data: com.illposed.osc.OSCBadDataEvent[source=[OSCPortIn: listening via "UDPTransport: local=/127.0.0.1:7001, remote=/127.0.0.1:7001"]]
2024-06-17 00:03:24.393 WARN osc.OSCUtil : osc bad data: com.illposed.osc.OSCBadDataEvent[source=[OSCPortIn: listening via "UDPTransport: local=/127.0.0.1:7001, remote=/127.0.0.1:7001"]]
2024-06-17 00:03:24.415 WARN osc.OSCUtil : osc bad data: com.illposed.osc.OSCBadDataEvent[source=[OSCPortIn: listening via "UDPTransport: local=/127.0.0.1:7001, remote=/127.0.0.1:7001"]]
2024-06-17 00:03:24.427 WARN osc.OSCUtil : osc bad data: com.illposed.osc.OSCBadDataEvent[source=[OSCPortIn: listening via "UDPTransport: local=/127.0.0.1:7001, remote=/127.0.0.1:7001"]]
2024-06-17 00:03:24.434 WARN osc.OSCUtil : osc bad data: com.illposed.osc.OSCBadDataEvent[source=[OSCPortIn: listening via "UDPTransport: local=/127.0.0.1:7001, remote=/127.0.0.1:7001"]]
2024-06-17 00:03:24.939 WARN osc.OSCUtil : osc bad data: com.illposed.osc.OSCBadDataEvent[source=[OSCPortIn: listening via "UDPTransport: local=/127.0.0.1:7001, remote=/127.0.0.1:7001"]]
2024-06-17 00:03:25.975 WARN osc.OSCUtil : osc bad data: com.illposed.osc.OSCBadDataEvent[source=[OSCPortIn: listening via "UDPTransport: local=/127.0.0.1:7001, remote=/127.0.0.1:7001"]]
2024-06-17 00:03:26.012 WARN osc.OSCUtil : osc bad data: com.illposed.osc.OSCBadDataEvent[source=[OSCPortIn: listening via "UDPTransport: local=/127.0.0.1:7001, remote=/127.0.0.1:7001"]]
2024-06-17 00:03:26.017 WARN osc.OSCUtil : osc bad data: com.illposed.osc.OSCBadDataEvent[source=[OSCPortIn: listening via "UDPTransport: local=/127.0.0.1:7001, remote=/127.0.0.1:7001"]]
2024-06-17 00:03:26.048 WARN osc.OSCUtil : osc bad data: com.illposed.osc.OSCBadDataEvent[source=[OSCPortIn: listening via "UDPTransport: local=/127.0.0.1:7001, remote=/127.0.0.1:7001"]]
2024-06-17 00:03:26.049 WARN osc.OSCUtil : osc bad data: com.illposed.osc.OSCBadDataEvent[source=[OSCPortIn: listening via "UDPTransport: local=/127.0.0.1:7001, remote=/127.0.0.1:7001"]]
2024-06-17 00:03:26.072 WARN osc.OSCUtil : osc bad data: com.illposed.osc.OSCBadDataEvent[source=[OSCPortIn: listening via "UDPTransport: local=/127.0.0.1:7001, remote=/127.0.0.1:7001"]]
2024-06-17 00:03:26.080 WARN osc.OSCUtil : osc bad data: com.illposed.osc.OSCBadDataEvent[source=[OSCPortIn: listening via "UDPTransport: local=/127.0.0.1:7001, remote=/127.0.0.1:7001"]]
2024-06-17 00:03:26.113 INFO osc.OSCUtil : {21=null, 1=1, 7=1, 4=2, 10=2}
2024-06-17 00:03:26.120 WARN osc.OSCUtil : osc bad data: com.illposed.osc.OSCBadDataEvent[source=[OSCPortIn: listening via "UDPTransport: local=/127.0.0.1:7001, remote=/127.0.0.1:7001"]]
2024-06-17 00:03:26.124 WARN osc.OSCUtil : osc bad data: com.illposed.osc.OSCBadDataEvent[source=[OSCPortIn: listening via "UDPTransport: local=/127.0.0.1:7001, remote=/127.0.0.1:7001"]]
2024-06-17 00:03:26.126 WARN osc.OSCUtil : osc bad data: com.illposed.osc.OSCBadDataEvent[source=[OSCPortIn: listening via "UDPTransport: local=/127.0.0.1:7001, remote=/127.0.0.1:7001"]]
2024-06-17 00:03:26.145 WARN osc.OSCUtil : osc bad data: com.illposed.osc.OSCBadDataEvent[source=[OSCPortIn: listening via "UDPTransport: local=/127.0.0.1:7001, remote=/127.0.0.1:7001"]]
2024-06-17 00:03:26.178 WARN osc.OSCUtil : osc bad data: com.illposed.osc.OSCBadDataEvent[source=[OSCPortIn: listening via "UDPTransport: local=/127.0.0.1:7001, remote=/127.0.0.1:7001"]]
2024-06-17 00:03:26.237 WARN osc.OSCUtil : osc bad data: com.illposed.osc.OSCBadDataEvent[source=[OSCPortIn: listening via "UDPTransport: local=/127.0.0.1:7001, remote=/127.0.0.1:7001"]]
2024-06-17 00:03:26.260 WARN osc.OSCUtil : osc bad data: com.illposed.osc.OSCBadDataEvent[source=[OSCPortIn: listening via "UDPTransport: local=/127.0.0.1:7001, remote=/127.0.0.1:7001"]]
2024-06-17 00:03:26.269 INFO osc.OSCUtil : {21=null, 1=1, 7=1, 4=2, 10=2, 22=null}
2024-06-17 00:03:26.271 WARN osc.OSCUtil : osc bad data: com.illposed.osc.OSCBadDataEvent[source=[OSCPortIn: listening via "UDPTransport: local=/127.0.0.1:7001, remote=/127.0.0.1:7001"]]
2024-06-17 00:03:26.344 WARN osc.OSCUtil : osc bad data: com.illposed.osc.OSCBadDataEvent[source=[OSCPortIn: listening via "UDPTransport: local=/127.0.0.1:7001, remote=/127.0.0.1:7001"]]
2024-06-17 00:03:26.445 INFO osc.OSCUtil : {21=null, 1=1, 7=1, 4=2, 10=2, 22=null}
2024-06-17 00:03:28.093 INFO osc.OSCUtil : {21=null, 1=1, 7=1, 4=2, 10=2, 22=null}
2024-06-17 00:03:28.694 INFO osc.OSCUtil : {21=null, 1=1, 7=1, 4=2, 10=2, 22=null}
2024-06-17 00:03:31.861 INFO nestdrop.deck.Deck : triggered at 16.009884429041428, 16.0
2024-06-17 00:03:47.484 INFO nestdrop.deck.Deck : triggered at 48.19867961438482, 48.0
2024-06-17 00:04:03.017 INFO osc.OSCUtil : {21=null, 1=1, 7=1, 4=2, 10=2, 22=null, 31=2}
2024-06-17 00:04:03.099 INFO nestdrop.deck.Deck : triggered at 16.13105223045338, 16.0
2024-06-17 00:04:18.716 INFO nestdrop.deck.Deck : triggered at 48.20403745765672, 48.0
2024-06-17 00:04:27.585 INFO osc.OSCUtil : {21=null, 1=1, 7=1, 4=2, 10=2, 22=null, 31=2, 20=10}
2024-06-17 00:04:27.585 INFO osc.OSCUtil : resolume group 6 layer 3 changed to 10
2024-06-17 00:04:27.585 INFO osc.OSCUtil : resolume group 6 layer 3 connectSpecificClip index 9
2024-06-17 00:04:27.585 INFO osc.OSCUtil : resolume switch group 6 layer 3 changed to index 9
2024-06-17 00:04:28.253 INFO osc.OSCUtil : {21=null, 1=1, 7=1, 4=2, 10=2, 22=null, 31=2, 20=10, 19=11}
2024-06-17 00:04:28.253 INFO osc.OSCUtil : resolume group 6 layer 2 changed to 11
2024-06-17 00:04:28.253 INFO osc.OSCUtil : resolume group 6 layer 2 connectSpecificClip index 10
2024-06-17 00:04:28.253 INFO osc.OSCUtil : resolume switch group 6 layer 2 changed to index 10
2024-06-17 00:04:29.241 INFO osc.OSCUtil : {21=null, 1=1, 7=1, 4=2, 10=2, 22=null, 31=2, 20=10, 19=11}
2024-06-17 00:04:30.832 INFO osc.OSCUtil : {21=null, 1=1, 7=1, 4=2, 10=2, 22=null, 31=2, 20=10, 19=11}
2024-06-17 00:04:32.005 INFO osc.OSCUtil : {21=null, 1=1, 7=1, 4=2, 10=2, 22=null, 31=2, 20=null, 19=null}
2024-06-17 00:04:32.005 INFO osc.OSCUtil : resolume group 6 layer 3 changed to null
2024-06-17 00:04:32.005 INFO osc.OSCUtil : resolume group 6 layer 2 changed to null
2024-06-17 00:04:32.005 INFO osc.OSCUtil : resolume group 6 layer 3 connectSpecificClip index -1
2024-06-17 00:04:32.005 INFO osc.OSCUtil : resolume switch group 6 layer 2 changed to index -1
2024-06-17 00:04:32.005 INFO osc.OSCUtil : resolume switch group 6 layer 3 changed to index -1
2024-06-17 00:04:32.005 INFO osc.OSCUtil : resolume group 6 layer 2 connectSpecificClip index -1
2024-06-17 00:04:33.937 INFO nestdrop.deck.Deck : triggered at 16.05886829884835, 16.0
2024-06-17 00:04:34.153 INFO osc.OSCUtil : {21=null, 1=1, 7=1, 4=2, 10=2, 22=null, 31=2, 20=null, 19=null}
2024-06-17 00:04:34.720 INFO osc.OSCUtil : {21=null, 1=1, 7=1, 4=2, 10=2, 22=null, 31=2, 20=null, 19=null}
2024-06-17 00:04:35.707 INFO osc.OSCUtil : {21=null, 1=1, 7=1, 4=2, 10=2, 22=null, 31=2, 20=null, 19=null}
2024-06-17 00:04:35.759 INFO osc.OSCUtil : {21=null, 1=1, 7=1, 4=2, 10=2, 22=null, 31=2, 20=null, 19=null}
2024-06-17 00:04:39.185 INFO osc.OSCUtil : {21=null, 1=1, 7=1, 4=2, 10=7, 22=null, 31=2, 20=null, 19=null}
2024-06-17 00:04:39.185 INFO osc.OSCUtil : resolume group 4 layer 1 changed to 7
2024-06-17 00:04:39.185 INFO osc.OSCUtil : resolume group 4 layer 1 connectSpecificClip index 6
2024-06-17 00:04:39.185 INFO osc.OSCUtil : resolume switch group 4 layer 1 changed to index 6
2024-06-17 00:04:40.624 INFO osc.OSCUtil : resolume group 4 layer 1 changed to null
2024-06-17 00:04:40.624 INFO osc.OSCUtil : {21=null, 1=1, 7=1, 4=2, 10=null, 22=null, 31=2, 20=null, 19=null}
2024-06-17 00:04:40.624 INFO osc.OSCUtil : resolume switch group 4 layer 1 changed to index -1
2024-06-17 00:04:40.624 INFO osc.OSCUtil : resolume group 4 layer 1 connectSpecificClip index -1
2024-06-17 00:04:48.453 INFO nestdrop.deck.Deck : triggered at 48.18399136937446, 48.0
2024-06-17 00:04:51.161 WARN osc.OSCUtil : osc bad data: com.illposed.osc.OSCBadDataEvent[source=[OSCPortIn: listening via "UDPTransport: local=/127.0.0.1:7001, remote=/127.0.0.1:7001"]]
2024-06-17 00:04:51.213 INFO osc.OSCUtil : {21=null, 1=1, 7=1, 4=2, 10=null, 22=null, 31=2, 20=null, 19=null}
2024-06-17 00:04:54.535 INFO osc.OSCUtil : {21=null, 1=1, 7=1, 4=2, 10=null, 22=null, 31=2, 20=null, 19=null}
2024-06-17 00:04:55.824 INFO osc.OSCUtil : {21=null, 1=1, 7=1, 4=2, 10=null, 22=null, 31=2, 20=null, 19=null}
2024-06-17 00:04:55.878 INFO osc.OSCUtil : {21=null, 1=1, 7=1, 4=2, 10=null, 22=null, 31=2, 20=null, 19=null}
2024-06-17 00:05:02.896 INFO nestdrop.deck.Deck : triggered at 16.1547949259439, 16.0
2024-06-17 00:05:17.304 INFO nestdrop.deck.Deck : triggered at 48.03327679138177, 48.0
2024-06-17 00:05:31.813 INFO nestdrop.deck.Deck : triggered at 16.142137981923355, 16.0
2024-06-17 00:05:36.688 INFO osc.OSCUtil : {21=null, 1=1, 7=1, 4=2, 10=2, 22=null, 31=2, 20=null, 19=null}
2024-06-17 00:05:36.688 INFO osc.OSCUtil : resolume group 4 layer 1 changed to 2
2024-06-17 00:05:36.688 INFO osc.OSCUtil : resolume group 4 layer 1 connectSpecificClip index 1
2024-06-17 00:05:36.688 INFO osc.OSCUtil : resolume switch group 4 layer 1 changed to index 1
2024-06-17 00:05:46.238 INFO nestdrop.deck.Deck : triggered at 48.08335172373453, 48.0
2024-06-17 00:06:00.762 INFO nestdrop.deck.Deck : triggered at 16.18762585423788, 16.0
2024-06-17 00:06:15.176 INFO nestdrop.deck.Deck : triggered at 48.05865682525635, 48.0
2024-06-17 00:06:29.691 INFO nestdrop.deck.Deck : triggered at 16.18771058553062, 16.0
2024-06-17 00:06:44.109 INFO nestdrop.deck.Deck : triggered at 48.106098888651594, 48.0
2024-06-17 00:06:58.530 INFO nestdrop.deck.Deck : triggered at 16.04748626429245, 16.0
2024-06-17 00:07:13.049 INFO nestdrop.deck.Deck : triggered at 48.043881044260736, 48.0
2024-06-17 00:07:27.582 INFO nestdrop.deck.Deck : triggered at 16.169559142812197, 16.0
2024-06-17 00:07:41.992 INFO nestdrop.deck.Deck : triggered at 48.04795642420458, 48.0
2024-06-17 00:07:56.479 INFO nestdrop.deck.Deck : triggered at 16.11196503677376, 16.0
2024-06-17 00:08:11.060 INFO nestdrop.deck.Deck : triggered at 48.18911688613898, 48.0
2024-06-17 00:08:26.092 INFO nestdrop.deck.Deck : triggered at 16.2111732879639, 16.0
2024-06-17 00:08:41.080 INFO nestdrop.deck.Deck : triggered at 48.080473430125004, 48.0
2024-06-17 00:08:56.157 INFO nestdrop.deck.Deck : triggered at 16.08030891876227, 16.0
2024-06-17 00:09:11.210 INFO nestdrop.deck.Deck : triggered at 48.03107723566695, 48.0
2024-06-17 00:09:26.268 INFO nestdrop.deck.Deck : triggered at 16.012091694132565, 16.0
2024-06-17 00:09:41.407 INFO nestdrop.deck.Deck : triggered at 48.16962717501331, 48.0
