2024-06-17 00:13:07.343 WARN Main : WARN
2024-06-17 00:13:07.386 ERROR Main : ERROR
2024-06-17 00:13:07.407 FATAL Main : FATAL
2024-06-17 00:13:07.427 INFO osc.OscSynced : creating synced value for /peers
2024-06-17 00:13:07.423 INFO osc.OscSynced : creating synced value for /linkConnected
2024-06-17 00:13:07.427 INFO osc.OscSynced : creating synced value for /bpm
2024-06-17 00:13:07.433 WARN Main : waiting for link to connect
2024-06-17 00:13:07.561 INFO Link : connecting to ableton link...
2024-06-17 00:13:07.998 INFO osc.OscSynced : creating synced value for /composition/groups/1/video/effects/motionextraction/bypassed
2024-06-17 00:13:07.999 INFO osc.OscSynced : creating synced value for /composition/groups/1/video/effects/automask/bypassed
2024-06-17 00:13:07.999 INFO osc.OscSynced : creating synced value for /resolume/1/motion_extraction/enabled
2024-06-17 00:13:07.999 INFO osc.OscSynced : creating synced value for /composition/groups/1/video/effects/motionextraction/effect/delay
2024-06-17 00:13:08.005 INFO osc.OscSynced : creating synced value for /resolume/1/motion_extraction/delay
2024-06-17 00:13:08.008 INFO osc.OscSynced : creating synced value for /resolume/1/auto_mask
2024-06-17 00:13:08.014 INFO osc.OscSynced : creating synced value for /composition/groups/2/video/effects/motionextraction/bypassed
2024-06-17 00:13:08.014 INFO osc.OscSynced : creating synced value for /composition/groups/2/video/effects/motionextraction/effect/delay
2024-06-17 00:13:08.014 INFO osc.OscSynced : creating synced value for /composition/groups/2/video/effects/automask/bypassed
2024-06-17 00:13:08.014 INFO osc.OscSynced : creating synced value for /resolume/2/motion_extraction/enabled
2024-06-17 00:13:08.016 INFO osc.OscSynced : creating synced value for /resolume/2/auto_mask
2024-06-17 00:13:08.015 INFO osc.OscSynced : creating synced value for /resolume/2/motion_extraction/delay
2024-06-17 00:13:08.016 INFO osc.OscSynced : creating synced value for /composition/groups/3/video/effects/motionextraction/bypassed
2024-06-17 00:13:08.016 INFO osc.OscSynced : creating synced value for /composition/groups/3/video/effects/motionextraction/effect/delay
2024-06-17 00:13:08.016 INFO osc.OscSynced : creating synced value for /composition/groups/3/video/effects/automask/bypassed
2024-06-17 00:13:08.016 INFO osc.OscSynced : creating synced value for /resolume/3/motion_extraction/enabled
2024-06-17 00:13:08.016 INFO osc.OscSynced : creating synced value for /resolume/3/motion_extraction/delay
2024-06-17 00:13:08.017 INFO osc.OscSynced : creating synced value for /composition/groups/4/video/effects/motionextraction/bypassed
2024-06-17 00:13:08.016 INFO osc.OscSynced : creating synced value for /resolume/3/auto_mask
2024-06-17 00:13:08.017 INFO osc.OscSynced : creating synced value for /composition/groups/4/video/effects/motionextraction/effect/delay
2024-06-17 00:13:08.017 INFO osc.OscSynced : creating synced value for /composition/groups/4/video/effects/automask/bypassed
2024-06-17 00:13:08.017 INFO osc.OscSynced : creating synced value for /resolume/4/motion_extraction/delay
2024-06-17 00:13:08.017 INFO osc.OscSynced : creating synced value for /resolume/4/motion_extraction/enabled
2024-06-17 00:13:08.017 INFO osc.OscSynced : creating synced value for /resolume/4/auto_mask
2024-06-17 00:13:08.072 INFO osc.OSCUtil : creating buttons for group 1 layer 1 (1)
2024-06-17 00:13:08.074 INFO osc.OscSynced : creating synced value for /composition/layers/1/connectspecificclip
2024-06-17 00:13:08.081 INFO osc.OSCUtil : creating buttons for group 1 layer 2 (2)
2024-06-17 00:13:08.081 INFO osc.OscSynced : creating synced value for /composition/layers/2/connectspecificclip
2024-06-17 00:13:08.081 INFO osc.OscSynced : creating synced value for /composition/layers/3/connectspecificclip
2024-06-17 00:13:08.081 INFO osc.OSCUtil : creating buttons for group 1 layer 3 (3)
2024-06-17 00:13:08.082 INFO osc.OSCUtil : creating buttons for group 2 layer 1 (4)
2024-06-17 00:13:08.082 INFO osc.OscSynced : creating synced value for /composition/layers/4/connectspecificclip
2024-06-17 00:13:08.082 INFO osc.OSCUtil : creating buttons for group 2 layer 2 (5)
2024-06-17 00:13:08.082 INFO osc.OscSynced : creating synced value for /composition/layers/5/connectspecificclip
2024-06-17 00:13:08.082 INFO osc.OSCUtil : creating buttons for group 2 layer 3 (6)
2024-06-17 00:13:08.082 INFO osc.OscSynced : creating synced value for /composition/layers/6/connectspecificclip
2024-06-17 00:13:08.083 INFO osc.OscSynced : creating synced value for /composition/layers/7/connectspecificclip
2024-06-17 00:13:08.082 INFO osc.OSCUtil : creating buttons for group 3 layer 1 (7)
2024-06-17 00:13:08.083 INFO osc.OscSynced : creating synced value for /composition/layers/8/connectspecificclip
2024-06-17 00:13:08.083 INFO osc.OSCUtil : creating buttons for group 3 layer 2 (8)
2024-06-17 00:13:08.083 INFO osc.OSCUtil : creating buttons for group 3 layer 3 (9)
2024-06-17 00:13:08.083 INFO osc.OscSynced : creating synced value for /composition/layers/9/connectspecificclip
2024-06-17 00:13:08.083 INFO osc.OSCUtil : creating buttons for group 4 layer 1 (10)
2024-06-17 00:13:08.083 INFO osc.OscSynced : creating synced value for /composition/layers/10/connectspecificclip
2024-06-17 00:13:08.083 INFO osc.OSCUtil : creating buttons for group 4 layer 2 (11)
2024-06-17 00:13:08.083 INFO osc.OscSynced : creating synced value for /composition/layers/11/connectspecificclip
2024-06-17 00:13:08.084 INFO osc.OSCUtil : creating buttons for group 4 layer 3 (12)
2024-06-17 00:13:08.084 INFO osc.OscSynced : creating synced value for /composition/layers/12/connectspecificclip
2024-06-17 00:13:08.084 INFO osc.OSCUtil : resolume group 3 layer 1 connectSpecificClip index -1
2024-06-17 00:13:08.084 INFO osc.OSCUtil : resolume group 2 layer 2 connectSpecificClip index -1
2024-06-17 00:13:08.084 INFO osc.OSCUtil : resolume group 2 layer 1 connectSpecificClip index -1
2024-06-17 00:13:08.084 INFO osc.OSCUtil : resolume group 2 layer 3 connectSpecificClip index -1
2024-06-17 00:13:08.084 INFO osc.OSCUtil : resolume group 3 layer 3 connectSpecificClip index -1
2024-06-17 00:13:08.084 INFO osc.OSCUtil : resolume group 1 layer 3 connectSpecificClip index -1
2024-06-17 00:13:08.084 INFO osc.OSCUtil : creating buttons for group 5 layer 1 (13)
2024-06-17 00:13:08.084 INFO osc.OSCUtil : resolume group 4 layer 1 connectSpecificClip index -1
2024-06-17 00:13:08.084 INFO osc.OscSynced : creating synced value for /composition/layers/13/connectspecificclip
2024-06-17 00:13:08.085 INFO osc.OSCUtil : creating buttons for group 5 layer 2 (14)
2024-06-17 00:13:08.085 INFO osc.OscSynced : creating synced value for /composition/layers/14/connectspecificclip
2024-06-17 00:13:08.085 INFO osc.OSCUtil : resolume group 1 layer 2 connectSpecificClip index -1
2024-06-17 00:13:08.085 INFO osc.OSCUtil : resolume group 3 layer 2 connectSpecificClip index -1
2024-06-17 00:13:08.085 INFO osc.OSCUtil : resolume group 4 layer 2 connectSpecificClip index -1
2024-06-17 00:13:08.085 INFO osc.OSCUtil : resolume group 4 layer 3 connectSpecificClip index -1
2024-06-17 00:13:08.085 INFO osc.OSCUtil : creating buttons for group 5 layer 3 (15)
2024-06-17 00:13:08.085 INFO osc.OscSynced : creating synced value for /composition/layers/15/connectspecificclip
2024-06-17 00:13:08.085 INFO osc.OSCUtil : resolume group 5 layer 1 connectSpecificClip index -1
2024-06-17 00:13:08.085 INFO osc.OSCUtil : creating buttons for group 5 layer 4 (16)
2024-06-17 00:13:08.085 INFO osc.OscSynced : creating synced value for /composition/layers/16/connectspecificclip
2024-06-17 00:13:08.085 INFO osc.OSCUtil : creating buttons for group 5 layer 5 (17)
2024-06-17 00:13:08.085 INFO osc.OscSynced : creating synced value for /composition/layers/17/connectspecificclip
2024-06-17 00:13:08.085 INFO osc.OSCUtil : creating buttons for group 6 layer 1 (18)
2024-06-17 00:13:08.085 INFO osc.OscSynced : creating synced value for /composition/layers/18/connectspecificclip
2024-06-17 00:13:08.085 INFO osc.OSCUtil : resolume group 1 layer 1 connectSpecificClip index -1
2024-06-17 00:13:08.086 INFO osc.OSCUtil : resolume group 5 layer 2 connectSpecificClip index -1
2024-06-17 00:13:08.086 INFO osc.OSCUtil : creating buttons for group 6 layer 2 (19)
2024-06-17 00:13:08.086 INFO osc.OscSynced : creating synced value for /composition/layers/19/connectspecificclip
2024-06-17 00:13:08.086 INFO osc.OSCUtil : creating buttons for group 6 layer 3 (20)
2024-06-17 00:13:08.086 INFO osc.OscSynced : creating synced value for /composition/layers/20/connectspecificclip
2024-06-17 00:13:08.086 INFO osc.OSCUtil : creating buttons for group 6 layer 4 (21)
2024-06-17 00:13:08.086 INFO osc.OscSynced : creating synced value for /composition/layers/21/connectspecificclip
2024-06-17 00:13:08.086 INFO osc.OSCUtil : creating buttons for group 6 layer 5 (22)
2024-06-17 00:13:08.086 INFO osc.OscSynced : creating synced value for /composition/layers/22/connectspecificclip
2024-06-17 00:13:08.087 INFO osc.OscSynced : creating synced value for /composition/layers/23/connectspecificclip
2024-06-17 00:13:08.087 INFO osc.OSCUtil : creating buttons for group 6 layer 6 (23)
2024-06-17 00:13:08.087 INFO osc.OSCUtil : creating buttons for group 6 layer 7 (24)
2024-06-17 00:13:08.087 INFO osc.OscSynced : creating synced value for /composition/layers/24/connectspecificclip
2024-06-17 00:13:08.087 INFO osc.OSCUtil : creating buttons for group 6 layer 8 (25)
2024-06-17 00:13:08.087 INFO osc.OSCUtil : resolume group 5 layer 3 connectSpecificClip index -1
2024-06-17 00:13:08.087 INFO osc.OSCUtil : creating buttons for group 6 layer 9 (26)
2024-06-17 00:13:08.087 INFO osc.OscSynced : creating synced value for /composition/layers/25/connectspecificclip
2024-06-17 00:13:08.087 INFO osc.OscSynced : creating synced value for /composition/layers/26/connectspecificclip
2024-06-17 00:13:08.088 INFO osc.OscSynced : creating synced value for /composition/layers/27/connectspecificclip
2024-06-17 00:13:08.088 INFO osc.OSCUtil : creating buttons for group 7 layer 1 (27)
2024-06-17 00:13:08.110 INFO osc.OSCUtil : resolume group 5 layer 3 changed to null
2024-06-17 00:13:08.110 INFO osc.OSCUtil : resolume group 3 layer 1 changed to null
2024-06-17 00:13:08.110 INFO osc.OSCUtil : resolume group 5 layer 5 changed to null
2024-06-17 00:13:08.110 INFO osc.OSCUtil : resolume group 4 layer 2 changed to null
2024-06-17 00:13:08.110 INFO osc.OSCUtil : resolume group 5 layer 4 connectSpecificClip index -1
2024-06-17 00:13:08.110 INFO osc.OSCUtil : resolume group 5 layer 1 changed to null
2024-06-17 00:13:08.110 INFO osc.OSCUtil : resolume group 2 layer 3 changed to null
2024-06-17 00:13:08.110 INFO osc.OSCUtil : resolume group 4 layer 1 changed to null
2024-06-17 00:13:08.110 INFO osc.OSCUtil : resolume group 5 layer 5 connectSpecificClip index -1
2024-06-17 00:13:08.110 INFO osc.OSCUtil : resolume group 6 layer 1 changed to null
2024-06-17 00:13:08.110 INFO osc.OSCUtil : resolume group 6 layer 1 connectSpecificClip index -1
2024-06-17 00:13:08.110 INFO osc.OSCUtil : resolume group 2 layer 1 changed to null
2024-06-17 00:13:08.110 INFO osc.OSCUtil : resolume group 6 layer 2 connectSpecificClip index -1
2024-06-17 00:13:08.110 INFO osc.OSCUtil : resolume group 1 layer 1 changed to null
2024-06-17 00:13:08.110 INFO osc.OSCUtil : resolume group 6 layer 2 changed to null
2024-06-17 00:13:08.110 INFO osc.OSCUtil : resolume group 6 layer 3 connectSpecificClip index -1
2024-06-17 00:13:08.110 INFO osc.OSCUtil : resolume group 6 layer 3 changed to null
2024-06-17 00:13:08.110 INFO osc.OSCUtil : resolume group 6 layer 4 connectSpecificClip index -1
2024-06-17 00:13:08.110 INFO osc.OSCUtil : resolume group 6 layer 5 changed to null
2024-06-17 00:13:08.110 INFO osc.OSCUtil : resolume group 6 layer 4 changed to null
2024-06-17 00:13:08.110 INFO osc.OSCUtil : resolume group 6 layer 5 connectSpecificClip index -1
2024-06-17 00:13:08.110 INFO osc.OSCUtil : resolume group 6 layer 6 changed to null
2024-06-17 00:13:08.110 INFO osc.OSCUtil : resolume group 5 layer 4 changed to null
2024-06-17 00:13:08.110 INFO osc.OSCUtil : resolume group 3 layer 2 changed to null
2024-06-17 00:13:08.110 INFO osc.OSCUtil : resolume group 6 layer 7 changed to null
2024-06-17 00:13:08.110 INFO osc.OSCUtil : resolume group 4 layer 3 changed to null
2024-06-17 00:13:08.110 INFO osc.OSCUtil : resolume group 6 layer 6 connectSpecificClip index -1
2024-06-17 00:13:08.110 INFO osc.OSCUtil : resolume group 6 layer 8 changed to null
2024-06-17 00:13:08.110 INFO osc.OSCUtil : resolume group 6 layer 9 connectSpecificClip index -1
2024-06-17 00:13:08.110 INFO osc.OSCUtil : resolume group 6 layer 8 connectSpecificClip index -1
2024-06-17 00:13:08.110 INFO osc.OSCUtil : resolume group 6 layer 7 connectSpecificClip index -1
2024-06-17 00:13:08.110 INFO osc.OSCUtil : resolume group 7 layer 1 connectSpecificClip index -1
2024-06-17 00:13:08.110 INFO osc.OSCUtil : resolume group 7 layer 1 changed to null
2024-06-17 00:13:08.110 INFO osc.OSCUtil : resolume group 6 layer 9 changed to null
2024-06-17 00:13:08.110 INFO osc.OSCUtil : resolume group 3 layer 3 changed to null
2024-06-17 00:13:08.110 INFO osc.OSCUtil : resolume group 1 layer 3 changed to null
2024-06-17 00:13:08.110 INFO osc.OSCUtil : resolume group 1 layer 2 changed to null
2024-06-17 00:13:08.111 INFO osc.OSCUtil : resolume group 2 layer 2 changed to null
2024-06-17 00:13:08.110 INFO osc.OSCUtil : resolume group 5 layer 2 changed to null
2024-06-17 00:13:08.120 INFO osc.OSCUtil : {}
2024-06-17 00:13:09.091 INFO osc.OscSynced : creating synced value for /beats
2024-06-17 00:13:09.092 INFO osc.OscSynced : creating synced value for /bpmRounded
2024-06-17 00:13:09.091 INFO osc.OscSynced : creating synced value for /beatProgress
2024-06-17 00:13:09.103 INFO nestdrop.loadQueuesKt : loading queues from C:\Users\nikky\VJ\NestDropProV2\DefaultUserProfile.xml
2024-06-17 00:13:11.004 INFO Config : loaded Config(beats=64, deck1=DeckConfig(triggerTime=0.75, transitionTime=1.0, presetQueue=PresetQueue(index=12, name=better_nested, autoChange=true, toggles=[]), preset=Preset(autoChange=false), sprite=Sprite(autoChange=false, index=-1, name=null, toggles=[]), spriteQueue=SpriteQueue(index=0, name=sprites_fg), spoutQueue=SpoutQueue(index=1, name=spout_fg), spout=Spout(index=-1, label=unset), spriteFX=SpriteFX(autoChange=false, blendMode=false, index=0, toggles=[]), bpmSync=BpmSync(enabled=false, multiplier=4), strobe=Strobe(enabled=false)), deck2=DeckConfig(triggerTime=0.25, transitionTime=1.0, presetQueue=PresetQueue(index=3, name=fill_color, autoChange=true, toggles=[]), preset=Preset(autoChange=false), sprite=Sprite(autoChange=false, index=-1, name=null, toggles=[]), spriteQueue=SpriteQueue(index=0, name=sprites_bg), spoutQueue=SpoutQueue(index=1, name=spout_bg), spout=Spout(index=-1, label=unset), spriteFX=SpriteFX(autoChange=false, blendMode=false, index=0, toggles=[]), bpmSync=BpmSync(enabled=false, multiplier=4), strobe=Strobe(enabled=false)))
2024-06-17 00:13:11.011 INFO nestcontrol.deck.DeckConfigKt : loading presets from queue
2024-06-17 00:13:11.014 INFO nestcontrol.deck.DeckConfigKt : loaded deck1 [Preset(index=0, name=transpower.png, effects=84, overlay=false), Preset(index=1, name=estrogen.png, effects=52, overlay=false), Preset(index=2, name=lsd.jpg, effects=52, overlay=false), Preset(index=3, name=psilocybin.jpg, effects=52, overlay=false), Preset(index=4, name=NEST LOGO_4K.jpg, effects=54, overlay=false), Preset(index=5, name=impossible-161955.png, effects=56, overlay=false), Preset(index=6, name=glowing cat.jpg, effects=94, overlay=false), Preset(index=7, name=red eyes.jpg, effects=52, overlay=false), Preset(index=8, name=Recursion Hexagon - Jason Fletcher.png, effects=84, overlay=false), Preset(index=9, name=radiation-646212.png, effects=54, overlay=false), Preset(index=10, name=biohazard-148696.png, effects=52, overlay=false), Preset(index=11, name=under-construction-2408062.png, effects=52, overlay=false), Preset(index=12, name=warning-44458.png, effects=52, overlay=false), Preset(index=13, name=nezulie-icon.png, effects=54, overlay=false), Preset(index=14, name=nezulie-N.png, effects=50, overlay=false), Preset(index=15, name=nezulie-E.png, effects=52, overlay=false), Preset(index=16, name=nezulie-Z.png, effects=94, overlay=false), Preset(index=17, name=nezulie-U.png, effects=52, overlay=false), Preset(index=18, name=nezulie-L.png, effects=95, overlay=false), Preset(index=19, name=chaosdorf_green.png, effects=96, overlay=false), Preset(index=20, name=chaosdorf_monochrome.png, effects=0, overlay=false), Preset(index=21, name=nik_the_dusky.png, effects=56, overlay=false), Preset(index=22, name=tinybrainplayzX4.png, effects=50, overlay=true)]
2024-06-17 00:13:11.017 INFO nestcontrol.deck.DeckConfigKt : loading presets from queue
2024-06-17 00:13:11.018 INFO nestcontrol.deck.DeckConfigKt : loading presets from queue
2024-06-17 00:13:11.018 INFO nestcontrol.deck.DeckConfigKt : loaded deck2 [Preset(index=0, name=transpower.png, effects=94, overlay=false), Preset(index=1, name=estrogen.png, effects=50, overlay=false), Preset(index=2, name=lsd.jpg, effects=50, overlay=false), Preset(index=3, name=psilocybin.jpg, effects=52, overlay=false), Preset(index=4, name=NEST LOGO_4K.jpg, effects=50, overlay=false), Preset(index=5, name=impossible-161955.png, effects=54, overlay=false), Preset(index=6, name=glowing cat.jpg, effects=54, overlay=false), Preset(index=7, name=red eyes.jpg, effects=52, overlay=false), Preset(index=8, name=Recursion Hexagon - Jason Fletcher.png, effects=32, overlay=false), Preset(index=9, name=radiation-646212.png, effects=94, overlay=false), Preset(index=10, name=biohazard-148696.png, effects=94, overlay=false), Preset(index=11, name=under-construction-2408062.png, effects=52, overlay=false), Preset(index=12, name=warning-44458.png, effects=50, overlay=false), Preset(index=13, name=nezulie-icon.png, effects=56, overlay=false), Preset(index=14, name=nezulie-N.png, effects=95, overlay=false), Preset(index=15, name=nezulie-E.png, effects=95, overlay=false), Preset(index=16, name=nezulie-Z.png, effects=52, overlay=false), Preset(index=17, name=nezulie-U.png, effects=95, overlay=false), Preset(index=18, name=nezulie-L.png, effects=52, overlay=false), Preset(index=19, name=chaosdorf_green.png, effects=50, overlay=false), Preset(index=20, name=chaosdorf_monochrome.png, effects=0, overlay=false), Preset(index=21, name=nik_the_dusky.png, effects=50, overlay=false), Preset(index=22, name=tinybrainplayzX4.png, effects=54, overlay=false)]
2024-06-17 00:13:11.018 INFO nestcontrol.deck.DeckConfigKt : loading presets from queue
2024-06-17 00:13:11.520 INFO nestdrop.deck.PresetQueues : initializing preset queues
2024-06-17 00:13:11.520 INFO nestdrop.deck.PresetQueues : queues updated
2024-06-17 00:13:11.524 INFO nestdrop.deck.PresetQueues : queues updated
2024-06-17 00:13:11.523 INFO nestdrop.deck.PresetQueues : combining queues with deck switches
2024-06-17 00:13:11.524 INFO nestdrop.deck.PresetQueues : combining queues with deck switches
2024-06-17 00:13:11.524 INFO nestdrop.deck.PresetQueues : queues updated
2024-06-17 00:13:11.524 INFO nestdrop.deck.PresetQueues : combining queues with deck switches
2024-06-17 00:13:11.525 INFO nestdrop.deck.PresetQueues : queues updated
2024-06-17 00:13:11.525 INFO nestdrop.deck.PresetQueues : combining queues with deck switches
2024-06-17 00:13:11.525 INFO nestdrop.deck.PresetQueues : queues updated
2024-06-17 00:13:11.525 INFO nestdrop.deck.PresetQueues : combining queues with deck switches
2024-06-17 00:13:11.525 INFO nestdrop.deck.PresetQueues : queues updated
2024-06-17 00:13:11.525 INFO nestdrop.deck.PresetQueues : combining queues with deck switches
2024-06-17 00:13:11.525 INFO nestdrop.deck.PresetQueues : queues updated
2024-06-17 00:13:11.526 INFO nestdrop.deck.PresetQueues : combining queues with deck switches
2024-06-17 00:13:11.526 INFO nestdrop.deck.PresetQueues : queues updated
2024-06-17 00:13:11.525 INFO nestdrop.deck.Deck : initializing deck1
2024-06-17 00:13:11.525 INFO nestdrop.deck.PresetQueues : combining queues with deck switches
2024-06-17 00:13:11.526 INFO nestdrop.deck.PresetQueues : queues updated
2024-06-17 00:13:11.539 INFO nestdrop.deck.Deck : initializing deck1 preset queue
2024-06-17 00:13:11.545 INFO nestdrop.deck.Deck : initializing deck1 preset
2024-06-17 00:13:11.546 INFO nestdrop.deck.Deck : deck1 queue: better_nested
2024-06-17 00:13:11.549 INFO nestdrop.deck.Deck : initializing deck1 sprite queues
2024-06-17 00:13:11.553 INFO nestdrop.deck.Deck : initializing deck1 sprite queue
2024-06-17 00:13:11.557 INFO nestdrop.deck.Deck : initializing deck1 sprite
2024-06-17 00:13:11.560 INFO nestdrop.deck.Deck : initializing deck1 sprite fx
2024-06-17 00:13:11.564 INFO nestdrop.deck.Deck : initializing deck1 spout queue
2024-06-17 00:13:11.564 INFO nestdrop.deck.Deck : setting deck1 FX to 0
2024-06-17 00:13:11.567 INFO nestdrop.deck.Deck : initializing deck1 spout
2024-06-17 00:13:11.569 INFO nestdrop.deck.Deck : deck1 spout name null
2024-06-17 00:13:11.569 INFO nestdrop.deck.Deck : initializing deck2
2024-06-17 00:13:11.570 INFO nestdrop.deck.Deck : initializing deck2 preset queue
2024-06-17 00:13:11.570 INFO nestdrop.deck.Deck : initializing deck2 preset
2024-06-17 00:13:11.570 INFO nestdrop.deck.Deck : initializing deck2 sprite
2024-06-17 00:13:11.570 INFO nestdrop.deck.Deck : initializing deck2 spout
2024-06-17 00:13:11.570 INFO nestdrop.deck.Deck : initializing deck2 sprite fx
2024-06-17 00:13:11.570 INFO nestdrop.deck.Deck : initializing deck2 spout queue
2024-06-17 00:13:11.570 INFO nestdrop.deck.Deck : initializing deck2 sprite queues
2024-06-17 00:13:11.570 INFO nestdrop.deck.Deck : spout sync triggered
2024-06-17 00:13:11.570 INFO nestdrop.deck.Deck : deck2 spout name null
2024-06-17 00:13:11.570 INFO nestdrop.deck.Deck : deck2 queue: null
2024-06-17 00:13:11.570 INFO nestdrop.deck.Deck : initializing deck2 sprite queue
2024-06-17 00:13:11.570 INFO nestdrop.deck.Deck : deck2 queue: fill_color
2024-06-17 00:13:11.570 INFO nestdrop.deck.Deck : spout sync triggered
2024-06-17 00:13:11.571 INFO nestdrop.deck.Deck : setting deck2 FX to 0
2024-06-17 00:13:11.573 INFO nestdrop.deck.Deck : deck2 spout index changed: -1
2024-06-17 00:13:11.573 INFO nestdrop.deck.Deck : deck1 spout index changed: -1
2024-06-17 00:13:11.573 INFO nestdrop.deck.Deck : deck1 spout queue changed: spout_fg
2024-06-17 00:13:11.573 INFO nestdrop.deck.Deck : deck2 spout queue changed: spout_bg
2024-06-17 00:13:11.575 INFO nestdrop.deck.loadDeckSettingsKt : loading settings from deck1
2024-06-17 00:13:11.668 INFO nestdrop.deck.loadDeckSettingsKt : DeckSettings(deckPanelsIsOpen=StringValue(value=1,1,0,0,0,1), transitTime=FloatValue(value=3.6), fps=IntValue(value=60), animationSpeed=FloatValue(value=0.5525305), zoomSpeed=FloatValue(value=0.9), ZoomExp=FloatValue(value=1.0), rotationSpeed=FloatValue(value=0.9), wrapSpeed=FloatValue(value=0.8), horizontalMotion=FloatValue(value=0.0), verticalMotion=FloatValue(value=0.0), stretchSpeed=FloatValue(value=1.0), waveMode=FloatValue(value=1.0), negative=FloatValue(value=0.0), red=FloatValue(value=1.0), green=FloatValue(value=1.0), blue=FloatValue(value=1.0), brightness=FloatValue(value=1.0), contrast=FloatValue(value=1.0), gamma=FloatValue(value=1.0), hue=FloatValue(value=0.0), saturation=FloatValue(value=1.0), lumaKey=RangeValue(min=0.0, max=1.0), alpha=FloatValue(value=1.0), strobe=Strobe(effectIndex=14, color=4294967295, effectSpanMin=0.0, effectSpanMax=1.0, triggerIndex=0, speed=0.3, pulseWidth=1.0, waveFormIndex=2), audio=Audio(channel=3, bass=1.0, mid=1.0, treble=1.0), spout=Spout(width=1920, height=1080), videoDeck=VideoDeck(preview=4, topMost=false), outputMonitor=IntValue(value=0), ndi=BooleanValue(value=false))
2024-06-17 00:13:11.669 INFO nestdrop.deck.loadDeckSettingsKt : loading settings from deck2
2024-06-17 00:13:11.677 INFO nestdrop.deck.Deck : deck1 spout change: -1 in spout_fg
2024-06-17 00:13:11.676 INFO nestdrop.deck.Deck : deck2 spout change: -1 in spout_bg
2024-06-17 00:13:11.727 INFO nestdrop.deck.loadDeckSettingsKt : DeckSettings(deckPanelsIsOpen=StringValue(value=1,1,0,0,0,0), transitTime=FloatValue(value=3.2), fps=IntValue(value=60), animationSpeed=FloatValue(value=0.5525305), zoomSpeed=FloatValue(value=1.0), ZoomExp=FloatValue(value=1.0), rotationSpeed=FloatValue(value=1.0), wrapSpeed=FloatValue(value=1.0), horizontalMotion=FloatValue(value=0.0), verticalMotion=FloatValue(value=0.0), stretchSpeed=FloatValue(value=1.0), waveMode=FloatValue(value=0.0), negative=FloatValue(value=0.0), red=FloatValue(value=1.0), green=FloatValue(value=1.0), blue=FloatValue(value=1.0), brightness=FloatValue(value=1.0), contrast=FloatValue(value=1.0), gamma=FloatValue(value=1.0), hue=FloatValue(value=0.0), saturation=FloatValue(value=1.0), lumaKey=RangeValue(min=0.0, max=1.0), alpha=FloatValue(value=1.0), strobe=Strobe(effectIndex=14, color=4294967295, effectSpanMin=0.0, effectSpanMax=1.0, triggerIndex=0, speed=0.3, pulseWidth=1.0, waveFormIndex=2), audio=Audio(channel=3, bass=1.0, mid=1.0, treble=1.0), spout=Spout(width=1920, height=1080), videoDeck=VideoDeck(preview=4, topMost=false), outputMonitor=IntValue(value=0), ndi=BooleanValue(value=false))
2024-06-17 00:13:11.728 INFO Main : initializing OSC
2024-06-17 00:13:11.967 INFO Config : saving config Config(beats=64, deck1=DeckConfig(triggerTime=0.75, transitionTime=1.0, presetQueue=PresetQueue(index=12, name=better_nested, autoChange=true, toggles=[]), preset=Preset(autoChange=false), sprite=Sprite(autoChange=false, index=-1, name=null, toggles=[]), spriteQueue=SpriteQueue(index=0, name=sprites_fg), spoutQueue=SpoutQueue(index=1, name=spout_fg), spout=Spout(index=-1, label=unset), spriteFX=SpriteFX(autoChange=false, blendMode=false, index=0, toggles=[]), bpmSync=BpmSync(enabled=false, multiplier=4), strobe=Strobe(enabled=false)), deck2=DeckConfig(triggerTime=0.25, transitionTime=1.0, presetQueue=PresetQueue(index=3, name=fill_color, autoChange=true, toggles=[]), preset=Preset(autoChange=false), sprite=Sprite(autoChange=false, index=-1, name=null, toggles=[]), spriteQueue=SpriteQueue(index=0, name=sprites_bg), spoutQueue=SpoutQueue(index=1, name=spout_bg), spout=Spout(index=-1, label=unset), spriteFX=SpriteFX(autoChange=false, blendMode=false, index=0, toggles=[]), bpmSync=BpmSync(enabled=false, multiplier=4), strobe=Strobe(enabled=false)))
2024-06-17 00:13:12.260 INFO Main : re-emitting all values
2024-06-17 00:13:12.262 INFO Main : await application
2024-06-17 00:13:16.861 INFO nestdrop.deck.Deck : triggered at 16.127253739420578, 16.0
2024-06-17 00:13:16.863 INFO nestdrop.deck.Deck : deck2.presetQueue.next()
2024-06-17 00:13:19.346 INFO nestdrop.deck.Deck : deck2 queue: motion_bg
2024-06-17 00:13:19.971 INFO Config : saving config Config(beats=64, deck1=DeckConfig(triggerTime=0.75, transitionTime=1.0, presetQueue=PresetQueue(index=12, name=better_nested, autoChange=true, toggles=[]), preset=Preset(autoChange=false), sprite=Sprite(autoChange=false, index=-1, name=null, toggles=[]), spriteQueue=SpriteQueue(index=0, name=sprites_fg), spoutQueue=SpoutQueue(index=1, name=spout_fg), spout=Spout(index=-1, label=unset), spriteFX=SpriteFX(autoChange=false, blendMode=false, index=0, toggles=[]), bpmSync=BpmSync(enabled=false, multiplier=4), strobe=Strobe(enabled=false)), deck2=DeckConfig(triggerTime=0.25, transitionTime=1.0, presetQueue=PresetQueue(index=7, name=motion_bg, autoChange=true, toggles=[]), preset=Preset(autoChange=false), sprite=Sprite(autoChange=false, index=-1, name=null, toggles=[]), spriteQueue=SpriteQueue(index=0, name=sprites_bg), spoutQueue=SpoutQueue(index=1, name=spout_bg), spout=Spout(index=-1, label=unset), spriteFX=SpriteFX(autoChange=false, blendMode=false, index=0, toggles=[]), bpmSync=BpmSync(enabled=false, multiplier=4), strobe=Strobe(enabled=false)))
2024-06-17 00:13:20.972 INFO Config : saving config Config(beats=64, deck1=DeckConfig(triggerTime=0.75, transitionTime=1.0, presetQueue=PresetQueue(index=12, name=better_nested, autoChange=true, toggles=[]), preset=Preset(autoChange=false), sprite=Sprite(autoChange=false, index=-1, name=null, toggles=[]), spriteQueue=SpriteQueue(index=0, name=sprites_fg), spoutQueue=SpoutQueue(index=1, name=spout_fg), spout=Spout(index=-1, label=unset), spriteFX=SpriteFX(autoChange=false, blendMode=false, index=0, toggles=[]), bpmSync=BpmSync(enabled=false, multiplier=4), strobe=Strobe(enabled=false)), deck2=DeckConfig(triggerTime=0.25, transitionTime=1.0, presetQueue=PresetQueue(index=7, name=motion_bg, autoChange=true, toggles=[motion_bg]), preset=Preset(autoChange=false), sprite=Sprite(autoChange=false, index=-1, name=null, toggles=[]), spriteQueue=SpriteQueue(index=0, name=sprites_bg), spoutQueue=SpoutQueue(index=1, name=spout_bg), spout=Spout(index=-1, label=unset), spriteFX=SpriteFX(autoChange=false, blendMode=false, index=0, toggles=[]), bpmSync=BpmSync(enabled=false, multiplier=4), strobe=Strobe(enabled=false)))
2024-06-17 00:13:21.973 INFO Config : saving config Config(beats=64, deck1=DeckConfig(triggerTime=0.75, transitionTime=1.0, presetQueue=PresetQueue(index=12, name=better_nested, autoChange=true, toggles=[]), preset=Preset(autoChange=false), sprite=Sprite(autoChange=false, index=-1, name=null, toggles=[]), spriteQueue=SpriteQueue(index=0, name=sprites_fg), spoutQueue=SpoutQueue(index=1, name=spout_fg), spout=Spout(index=-1, label=unset), spriteFX=SpriteFX(autoChange=false, blendMode=false, index=0, toggles=[]), bpmSync=BpmSync(enabled=false, multiplier=4), strobe=Strobe(enabled=false)), deck2=DeckConfig(triggerTime=0.25, transitionTime=1.0, presetQueue=PresetQueue(index=7, name=motion_bg, autoChange=true, toggles=[fill_color_calm, motion_bg]), preset=Preset(autoChange=false), sprite=Sprite(autoChange=false, index=-1, name=null, toggles=[]), spriteQueue=SpriteQueue(index=0, name=sprites_bg), spoutQueue=SpoutQueue(index=1, name=spout_bg), spout=Spout(index=-1, label=unset), spriteFX=SpriteFX(autoChange=false, blendMode=false, index=0, toggles=[]), bpmSync=BpmSync(enabled=false, multiplier=4), strobe=Strobe(enabled=false)))
2024-06-17 00:13:22.973 INFO Config : saving config Config(beats=64, deck1=DeckConfig(triggerTime=0.75, transitionTime=1.0, presetQueue=PresetQueue(index=12, name=better_nested, autoChange=true, toggles=[]), preset=Preset(autoChange=false), sprite=Sprite(autoChange=false, index=-1, name=null, toggles=[]), spriteQueue=SpriteQueue(index=0, name=sprites_fg), spoutQueue=SpoutQueue(index=1, name=spout_fg), spout=Spout(index=-1, label=unset), spriteFX=SpriteFX(autoChange=false, blendMode=false, index=0, toggles=[]), bpmSync=BpmSync(enabled=false, multiplier=4), strobe=Strobe(enabled=false)), deck2=DeckConfig(triggerTime=0.25, transitionTime=1.0, presetQueue=PresetQueue(index=7, name=motion_bg, autoChange=true, toggles=[fill_color_calm, motion_bg, motion_slow_bg]), preset=Preset(autoChange=false), sprite=Sprite(autoChange=false, index=-1, name=null, toggles=[]), spriteQueue=SpriteQueue(index=0, name=sprites_bg), spoutQueue=SpoutQueue(index=1, name=spout_bg), spout=Spout(index=-1, label=unset), spriteFX=SpriteFX(autoChange=false, blendMode=false, index=0, toggles=[]), bpmSync=BpmSync(enabled=false, multiplier=4), strobe=Strobe(enabled=false)))
2024-06-17 00:13:29.980 INFO Config : saving config Config(beats=64, deck1=DeckConfig(triggerTime=0.75, transitionTime=1.0, presetQueue=PresetQueue(index=12, name=better_nested, autoChange=true, toggles=[better_nested]), preset=Preset(autoChange=false), sprite=Sprite(autoChange=false, index=-1, name=null, toggles=[]), spriteQueue=SpriteQueue(index=0, name=sprites_fg), spoutQueue=SpoutQueue(index=1, name=spout_fg), spout=Spout(index=-1, label=unset), spriteFX=SpriteFX(autoChange=false, blendMode=false, index=0, toggles=[]), bpmSync=BpmSync(enabled=false, multiplier=4), strobe=Strobe(enabled=false)), deck2=DeckConfig(triggerTime=0.25, transitionTime=1.0, presetQueue=PresetQueue(index=7, name=motion_bg, autoChange=true, toggles=[fill_color_calm, motion_bg, motion_slow_bg]), preset=Preset(autoChange=false), sprite=Sprite(autoChange=false, index=-1, name=null, toggles=[]), spriteQueue=SpriteQueue(index=0, name=sprites_bg), spoutQueue=SpoutQueue(index=1, name=spout_bg), spout=Spout(index=-1, label=unset), spriteFX=SpriteFX(autoChange=false, blendMode=false, index=0, toggles=[]), bpmSync=BpmSync(enabled=false, multiplier=4), strobe=Strobe(enabled=false)))
2024-06-17 00:13:32.260 INFO nestdrop.deck.Deck : deck1.presetQueue.next()
2024-06-17 00:13:32.260 INFO nestdrop.deck.Deck : triggered at 48.065474627558466, 48.0
2024-06-17 00:13:32.982 INFO Config : saving config Config(beats=64, deck1=DeckConfig(triggerTime=0.75, transitionTime=1.0, presetQueue=PresetQueue(index=12, name=better_nested, autoChange=true, toggles=[better_nested, nested_sym]), preset=Preset(autoChange=false), sprite=Sprite(autoChange=false, index=-1, name=null, toggles=[]), spriteQueue=SpriteQueue(index=0, name=sprites_fg), spoutQueue=SpoutQueue(index=1, name=spout_fg), spout=Spout(index=-1, label=unset), spriteFX=SpriteFX(autoChange=false, blendMode=false, index=0, toggles=[]), bpmSync=BpmSync(enabled=false, multiplier=4), strobe=Strobe(enabled=false)), deck2=DeckConfig(triggerTime=0.25, transitionTime=1.0, presetQueue=PresetQueue(index=7, name=motion_bg, autoChange=true, toggles=[fill_color_calm, motion_bg, motion_slow_bg]), preset=Preset(autoChange=false), sprite=Sprite(autoChange=false, index=-1, name=null, toggles=[]), spriteQueue=SpriteQueue(index=0, name=sprites_bg), spoutQueue=SpoutQueue(index=1, name=spout_bg), spout=Spout(index=-1, label=unset), spriteFX=SpriteFX(autoChange=false, blendMode=false, index=0, toggles=[]), bpmSync=BpmSync(enabled=false, multiplier=4), strobe=Strobe(enabled=false)))
2024-06-17 00:13:47.659 INFO nestdrop.deck.Deck : deck2.presetQueue.next()
2024-06-17 00:13:47.659 INFO nestdrop.deck.Deck : triggered at 16.055577161153213, 16.0
2024-06-17 00:14:03.065 INFO nestdrop.deck.Deck : deck1.presetQueue.next()
2024-06-17 00:14:03.065 INFO nestdrop.deck.Deck : triggered at 48.059535229110764, 48.0
2024-06-17 00:14:18.506 INFO nestdrop.deck.Deck : triggered at 16.051223389307722, 16.0
2024-06-17 00:14:18.506 INFO nestdrop.deck.Deck : deck2.presetQueue.next()
2024-06-17 00:14:18.506 INFO nestdrop.deck.Deck : deck2 queue: motion_slow_bg
2024-06-17 00:14:19.007 INFO Config : saving config Config(beats=64, deck1=DeckConfig(triggerTime=0.75, transitionTime=1.0, presetQueue=PresetQueue(index=12, name=better_nested, autoChange=true, toggles=[better_nested, nested_sym]), preset=Preset(autoChange=false), sprite=Sprite(autoChange=false, index=-1, name=null, toggles=[]), spriteQueue=SpriteQueue(index=0, name=sprites_fg), spoutQueue=SpoutQueue(index=1, name=spout_fg), spout=Spout(index=-1, label=unset), spriteFX=SpriteFX(autoChange=false, blendMode=false, index=0, toggles=[]), bpmSync=BpmSync(enabled=false, multiplier=4), strobe=Strobe(enabled=false)), deck2=DeckConfig(triggerTime=0.25, transitionTime=1.0, presetQueue=PresetQueue(index=8, name=motion_slow_bg, autoChange=true, toggles=[fill_color_calm, motion_bg, motion_slow_bg]), preset=Preset(autoChange=false), sprite=Sprite(autoChange=false, index=-1, name=null, toggles=[]), spriteQueue=SpriteQueue(index=0, name=sprites_bg), spoutQueue=SpoutQueue(index=1, name=spout_bg), spout=Spout(index=-1, label=unset), spriteFX=SpriteFX(autoChange=false, blendMode=false, index=0, toggles=[]), bpmSync=BpmSync(enabled=false, multiplier=4), strobe=Strobe(enabled=false)))
2024-06-17 00:14:33.955 INFO nestdrop.deck.Deck : deck1.presetQueue.next()
2024-06-17 00:14:33.955 INFO nestdrop.deck.Deck : triggered at 48.062577356465745, 48.0
2024-06-17 00:14:33.956 INFO nestdrop.deck.Deck : deck1 queue: nested_sym
2024-06-17 00:14:34.016 INFO Config : saving config Config(beats=64, deck1=DeckConfig(triggerTime=0.75, transitionTime=1.0, presetQueue=PresetQueue(index=17, name=nested_sym, autoChange=true, toggles=[better_nested, nested_sym]), preset=Preset(autoChange=false), sprite=Sprite(autoChange=false, index=-1, name=null, toggles=[]), spriteQueue=SpriteQueue(index=0, name=sprites_fg), spoutQueue=SpoutQueue(index=1, name=spout_fg), spout=Spout(index=-1, label=unset), spriteFX=SpriteFX(autoChange=false, blendMode=false, index=0, toggles=[]), bpmSync=BpmSync(enabled=false, multiplier=4), strobe=Strobe(enabled=false)), deck2=DeckConfig(triggerTime=0.25, transitionTime=1.0, presetQueue=PresetQueue(index=8, name=motion_slow_bg, autoChange=true, toggles=[fill_color_calm, motion_bg, motion_slow_bg]), preset=Preset(autoChange=false), sprite=Sprite(autoChange=false, index=-1, name=null, toggles=[]), spriteQueue=SpriteQueue(index=0, name=sprites_bg), spoutQueue=SpoutQueue(index=1, name=spout_bg), spout=Spout(index=-1, label=unset), spriteFX=SpriteFX(autoChange=false, blendMode=false, index=0, toggles=[]), bpmSync=BpmSync(enabled=false, multiplier=4), strobe=Strobe(enabled=false)))
