2024-06-16 17:36:19.487 WARN Main : WARN
2024-06-16 17:36:19.493 ERROR Main : ERROR
2024-06-16 17:36:19.496 FATAL Main : FATAL
2024-06-16 17:36:19.508 INFO osc.OscSynced : creating synced value for /linkConnected
2024-06-16 17:36:19.513 INFO osc.OscSynced : creating synced value for /bpm
2024-06-16 17:36:19.516 WARN Main : waiting for link to connect
2024-06-16 17:36:19.514 INFO osc.OscSynced : creating synced value for /peers
2024-06-16 17:36:19.606 INFO Link : connecting to ableton link...
2024-06-16 17:36:20.035 INFO osc.OscSynced : creating synced value for /sprite_FX/label/0
2024-06-16 17:36:20.038 INFO osc.OscSynced : creating synced value for /sprite_FX/label/1
2024-06-16 17:36:20.038 INFO osc.OscSynced : creating synced value for /sprite_FX/label/2
2024-06-16 17:36:20.039 INFO osc.OscSynced : creating synced value for /sprite_FX/label/3
2024-06-16 17:36:20.040 INFO osc.OscSynced : creating synced value for /sprite_FX/label/4
2024-06-16 17:36:20.041 INFO osc.OscSynced : creating synced value for /sprite_FX/label/5
2024-06-16 17:36:20.042 INFO osc.OscSynced : creating synced value for /sprite_FX/label/6
2024-06-16 17:36:20.043 INFO osc.OscSynced : creating synced value for /sprite_FX/label/7
2024-06-16 17:36:20.045 INFO osc.OscSynced : creating synced value for /sprite_FX/label/8
2024-06-16 17:36:20.045 INFO osc.OscSynced : creating synced value for /sprite_FX/label/9
2024-06-16 17:36:20.047 INFO osc.OscSynced : creating synced value for /sprite_FX/label/10
2024-06-16 17:36:20.048 INFO osc.OscSynced : creating synced value for /sprite_FX/label/11
2024-06-16 17:36:20.049 INFO osc.OscSynced : creating synced value for /sprite_FX/label/12
2024-06-16 17:36:20.050 INFO osc.OscSynced : creating synced value for /sprite_FX/label/13
2024-06-16 17:36:20.051 INFO osc.OscSynced : creating synced value for /sprite_FX/label/14
2024-06-16 17:36:20.052 INFO osc.OscSynced : creating synced value for /sprite_FX/label/15
2024-06-16 17:36:20.053 INFO osc.OscSynced : creating synced value for /sprite_FX/label/16
2024-06-16 17:36:20.054 INFO osc.OscSynced : creating synced value for /sprite_FX/label/17
2024-06-16 17:36:20.055 INFO osc.OscSynced : creating synced value for /sprite_FX/label/18
2024-06-16 17:36:20.055 INFO osc.OscSynced : creating synced value for /sprite_FX/label/19
2024-06-16 17:36:20.057 INFO osc.OscSynced : creating synced value for /sprite_FX/label/20
2024-06-16 17:36:20.058 INFO osc.OscSynced : creating synced value for /sprite_FX/label/21
2024-06-16 17:36:20.060 INFO osc.OscSynced : creating synced value for /sprite_FX/label/22
2024-06-16 17:36:20.060 INFO osc.OscSynced : creating synced value for /sprite_FX/label/23
2024-06-16 17:36:20.061 INFO osc.OscSynced : creating synced value for /sprite_FX/label/24
2024-06-16 17:36:20.062 INFO osc.OscSynced : creating synced value for /sprite_FX/label/25
2024-06-16 17:36:20.063 INFO osc.OscSynced : creating synced value for /sprite_FX/label/26
2024-06-16 17:36:20.064 INFO osc.OscSynced : creating synced value for /sprite_FX/label/27
2024-06-16 17:36:20.064 INFO osc.OscSynced : creating synced value for /sprite_FX/label/28
2024-06-16 17:36:20.066 INFO osc.OscSynced : creating synced value for /sprite_FX/label/29
2024-06-16 17:36:20.067 INFO osc.OscSynced : creating synced value for /sprite_FX/label/30
2024-06-16 17:36:20.068 INFO osc.OscSynced : creating synced value for /sprite_FX/label/31
2024-06-16 17:36:20.069 INFO osc.OscSynced : creating synced value for /sprite_FX/label/32
2024-06-16 17:36:20.069 INFO osc.OscSynced : creating synced value for /sprite_FX/label/33
2024-06-16 17:36:20.070 INFO osc.OscSynced : creating synced value for /sprite_FX/label/34
2024-06-16 17:36:20.071 INFO osc.OscSynced : creating synced value for /sprite_FX/label/35
2024-06-16 17:36:20.072 INFO osc.OscSynced : creating synced value for /sprite_FX/label/36
2024-06-16 17:36:20.072 INFO osc.OscSynced : creating synced value for /sprite_FX/label/37
2024-06-16 17:36:20.074 INFO osc.OscSynced : creating synced value for /sprite_FX/label/38
2024-06-16 17:36:20.075 INFO osc.OscSynced : creating synced value for /sprite_FX/label/39
2024-06-16 17:36:20.076 INFO osc.OscSynced : creating synced value for /sprite_FX/label/40
2024-06-16 17:36:20.076 INFO osc.OscSynced : creating synced value for /sprite_FX/label/41
2024-06-16 17:36:20.077 INFO osc.OscSynced : creating synced value for /sprite_FX/label/42
2024-06-16 17:36:20.078 INFO osc.OscSynced : creating synced value for /sprite_FX/label/43
2024-06-16 17:36:20.078 INFO osc.OscSynced : creating synced value for /sprite_FX/label/44
2024-06-16 17:36:20.079 INFO osc.OscSynced : creating synced value for /sprite_FX/label/45
2024-06-16 17:36:20.080 INFO osc.OscSynced : creating synced value for /sprite_FX/label/46
2024-06-16 17:36:20.081 INFO osc.OscSynced : creating synced value for /sprite_FX/label/47
2024-06-16 17:36:20.081 INFO osc.OscSynced : creating synced value for /sprite_FX/label/48
2024-06-16 17:36:20.082 INFO osc.OscSynced : creating synced value for /sprite_FX/label/49
2024-06-16 17:36:20.084 INFO osc.OscSynced : creating synced value for /sprite_FX/label/50
2024-06-16 17:36:20.084 INFO osc.OscSynced : creating synced value for /sprite_FX/label/51
2024-06-16 17:36:20.086 INFO osc.OscSynced : creating synced value for /sprite_FX/label/52
2024-06-16 17:36:20.086 INFO osc.OscSynced : creating synced value for /sprite_FX/label/53
2024-06-16 17:36:20.087 INFO osc.OscSynced : creating synced value for /sprite_FX/label/54
2024-06-16 17:36:20.088 INFO osc.OscSynced : creating synced value for /sprite_FX/label/55
2024-06-16 17:36:20.089 INFO osc.OscSynced : creating synced value for /sprite_FX/label/56
2024-06-16 17:36:20.090 INFO osc.OscSynced : creating synced value for /sprite_FX/label/57
2024-06-16 17:36:20.090 INFO osc.OscSynced : creating synced value for /sprite_FX/label/58
2024-06-16 17:36:20.091 INFO osc.OscSynced : creating synced value for /sprite_FX/label/59
2024-06-16 17:36:20.092 INFO osc.OscSynced : creating synced value for /sprite_FX/label/60
2024-06-16 17:36:20.093 INFO osc.OscSynced : creating synced value for /sprite_FX/label/61
2024-06-16 17:36:20.093 INFO osc.OscSynced : creating synced value for /sprite_FX/label/62
2024-06-16 17:36:20.094 INFO osc.OscSynced : creating synced value for /sprite_FX/label/63
2024-06-16 17:36:20.096 INFO osc.OscSynced : creating synced value for /sprite_FX/label/64
2024-06-16 17:36:20.096 INFO osc.OscSynced : creating synced value for /sprite_FX/label/65
2024-06-16 17:36:20.098 INFO osc.OscSynced : creating synced value for /sprite_FX/label/66
2024-06-16 17:36:20.098 INFO osc.OscSynced : creating synced value for /sprite_FX/label/67
2024-06-16 17:36:20.100 INFO osc.OscSynced : creating synced value for /sprite_FX/label/68
2024-06-16 17:36:20.101 INFO osc.OscSynced : creating synced value for /sprite_FX/label/69
2024-06-16 17:36:20.102 INFO osc.OscSynced : creating synced value for /sprite_FX/label/70
2024-06-16 17:36:20.102 INFO osc.OscSynced : creating synced value for /sprite_FX/label/71
2024-06-16 17:36:20.103 INFO osc.OscSynced : creating synced value for /sprite_FX/label/72
2024-06-16 17:36:20.104 INFO osc.OscSynced : creating synced value for /sprite_FX/label/73
2024-06-16 17:36:20.106 INFO osc.OscSynced : creating synced value for /sprite_FX/label/74
2024-06-16 17:36:20.106 INFO osc.OscSynced : creating synced value for /sprite_FX/label/75
2024-06-16 17:36:20.108 INFO osc.OscSynced : creating synced value for /sprite_FX/label/76
2024-06-16 17:36:20.108 INFO osc.OscSynced : creating synced value for /sprite_FX/label/77
2024-06-16 17:36:20.109 INFO osc.OscSynced : creating synced value for /sprite_FX/label/78
2024-06-16 17:36:20.110 INFO osc.OscSynced : creating synced value for /sprite_FX/label/79
2024-06-16 17:36:20.111 INFO osc.OscSynced : creating synced value for /sprite_FX/label/80
2024-06-16 17:36:20.112 INFO osc.OscSynced : creating synced value for /sprite_FX/label/81
2024-06-16 17:36:20.112 INFO osc.OscSynced : creating synced value for /sprite_FX/label/82
2024-06-16 17:36:20.113 INFO osc.OscSynced : creating synced value for /sprite_FX/label/83
2024-06-16 17:36:20.114 INFO osc.OscSynced : creating synced value for /sprite_FX/label/84
2024-06-16 17:36:20.116 INFO osc.OscSynced : creating synced value for /sprite_FX/label/85
2024-06-16 17:36:20.117 INFO osc.OscSynced : creating synced value for /sprite_FX/label/86
2024-06-16 17:36:20.118 INFO osc.OscSynced : creating synced value for /sprite_FX/label/87
2024-06-16 17:36:20.118 INFO osc.OscSynced : creating synced value for /sprite_FX/label/88
2024-06-16 17:36:20.119 INFO osc.OscSynced : creating synced value for /sprite_FX/label/89
2024-06-16 17:36:20.120 INFO osc.OscSynced : creating synced value for /sprite_FX/label/90
2024-06-16 17:36:20.121 INFO osc.OscSynced : creating synced value for /sprite_FX/label/91
2024-06-16 17:36:20.122 INFO osc.OscSynced : creating synced value for /sprite_FX/label/92
2024-06-16 17:36:20.122 INFO osc.OscSynced : creating synced value for /sprite_FX/label/93
2024-06-16 17:36:20.123 INFO osc.OscSynced : creating synced value for /sprite_FX/label/94
2024-06-16 17:36:20.124 INFO osc.OscSynced : creating synced value for /sprite_FX/label/95
2024-06-16 17:36:20.125 INFO osc.OscSynced : creating synced value for /sprite_FX/label/96
2024-06-16 17:36:20.127 INFO osc.OscSynced : creating synced value for /sprite_FX/label/97
2024-06-16 17:36:20.128 INFO osc.OscSynced : creating synced value for /sprite_FX/label/98
2024-06-16 17:36:20.128 INFO osc.OscSynced : creating synced value for /sprite_FX/label/99
2024-06-16 17:36:20.200 DEBUG moe.nikky.nestcontrol.osc.OSCUtil : constructed OSC port
2024-06-16 17:36:20.200 DEBUG moe.nikky.nestcontrol.osc.OSCUtil : constructed OSC port
2024-06-16 17:36:20.200 DEBUG moe.nikky.nestcontrol.osc.OSCUtil : constructed OSC port
2024-06-16 17:36:20.213 INFO osc.OscSynced : creating synced value for /composition/groups/1/video/effects/motionextraction/bypassed
2024-06-16 17:36:20.214 INFO osc.OscSynced : creating synced value for /composition/groups/1/video/effects/motionextraction/effect/delay
2024-06-16 17:36:20.215 INFO osc.OscSynced : creating synced value for /composition/groups/1/video/effects/automask/bypassed
2024-06-16 17:36:20.216 INFO osc.OscSynced : creating synced value for /resolume/1/motion_extraction/enabled
2024-06-16 17:36:20.222 INFO osc.OscSynced : creating synced value for /resolume/1/motion_extraction/delay
2024-06-16 17:36:20.226 INFO osc.OscSynced : creating synced value for /resolume/1/auto_mask
2024-06-16 17:36:20.233 INFO osc.OscSynced : creating synced value for /composition/groups/2/video/effects/motionextraction/bypassed
2024-06-16 17:36:20.233 INFO osc.OscSynced : creating synced value for /composition/groups/2/video/effects/motionextraction/effect/delay
2024-06-16 17:36:20.234 INFO osc.OscSynced : creating synced value for /composition/groups/2/video/effects/automask/bypassed
2024-06-16 17:36:20.235 INFO osc.OscSynced : creating synced value for /resolume/2/motion_extraction/enabled
2024-06-16 17:36:20.238 INFO osc.OscSynced : creating synced value for /resolume/2/auto_mask
2024-06-16 17:36:20.236 INFO osc.OscSynced : creating synced value for /resolume/2/motion_extraction/delay
2024-06-16 17:36:20.239 INFO osc.OscSynced : creating synced value for /composition/groups/3/video/effects/motionextraction/bypassed
2024-06-16 17:36:20.240 INFO osc.OscSynced : creating synced value for /composition/groups/3/video/effects/motionextraction/effect/delay
2024-06-16 17:36:20.241 INFO osc.OscSynced : creating synced value for /composition/groups/3/video/effects/automask/bypassed
2024-06-16 17:36:20.242 INFO osc.OscSynced : creating synced value for /resolume/3/motion_extraction/enabled
2024-06-16 17:36:20.243 INFO osc.OscSynced : creating synced value for /resolume/3/motion_extraction/delay
2024-06-16 17:36:20.244 INFO osc.OscSynced : creating synced value for /resolume/3/auto_mask
2024-06-16 17:36:20.246 INFO osc.OscSynced : creating synced value for /composition/groups/4/video/effects/motionextraction/effect/delay
2024-06-16 17:36:20.245 INFO osc.OscSynced : creating synced value for /composition/groups/4/video/effects/motionextraction/bypassed
2024-06-16 17:36:20.247 INFO osc.OscSynced : creating synced value for /composition/groups/4/video/effects/automask/bypassed
2024-06-16 17:36:20.248 INFO osc.OscSynced : creating synced value for /resolume/4/motion_extraction/enabled
2024-06-16 17:36:20.249 INFO osc.OscSynced : creating synced value for /resolume/4/motion_extraction/delay
2024-06-16 17:36:20.250 INFO osc.OscSynced : creating synced value for /resolume/4/auto_mask
2024-06-16 17:36:20.412 INFO moe.nikky.nestcontrol.osc.OSCUtil : creating buttons for group 1 layer 1 (1)
2024-06-16 17:36:20.416 INFO osc.OscSynced : creating synced value for /composition/layers/1/connectspecificclip
2024-06-16 17:36:20.429 INFO moe.nikky.nestcontrol.osc.OSCUtil : creating buttons for group 1 layer 2 (2)
2024-06-16 17:36:20.430 INFO osc.OscSynced : creating synced value for /composition/layers/2/connectspecificclip
2024-06-16 17:36:20.431 INFO moe.nikky.nestcontrol.osc.OSCUtil : creating buttons for group 1 layer 3 (3)
2024-06-16 17:36:20.432 INFO osc.OscSynced : creating synced value for /composition/layers/3/connectspecificclip
2024-06-16 17:36:20.433 INFO moe.nikky.nestcontrol.osc.OSCUtil : creating buttons for group 2 layer 1 (4)
2024-06-16 17:36:20.433 INFO moe.nikky.nestcontrol.osc.OSCUtil : resolume group 1 layer 2 connectSpecificClip index -1
2024-06-16 17:36:20.433 INFO moe.nikky.nestcontrol.osc.OSCUtil : resolume group 1 layer 1 connectSpecificClip index -1
2024-06-16 17:36:20.433 INFO moe.nikky.nestcontrol.osc.OSCUtil : resolume group 1 layer 3 connectSpecificClip index -1
2024-06-16 17:36:20.434 INFO osc.OscSynced : creating synced value for /composition/layers/4/connectspecificclip
2024-06-16 17:36:20.435 INFO moe.nikky.nestcontrol.osc.OSCUtil : resolume group 2 layer 1 connectSpecificClip index -1
2024-06-16 17:36:20.435 INFO moe.nikky.nestcontrol.osc.OSCUtil : creating buttons for group 2 layer 2 (5)
2024-06-16 17:36:20.436 INFO osc.OscSynced : creating synced value for /composition/layers/5/connectspecificclip
2024-06-16 17:36:20.438 INFO moe.nikky.nestcontrol.osc.OSCUtil : resolume group 2 layer 2 connectSpecificClip index -1
2024-06-16 17:36:20.438 INFO moe.nikky.nestcontrol.osc.OSCUtil : creating buttons for group 2 layer 3 (6)
2024-06-16 17:36:20.439 INFO osc.OscSynced : creating synced value for /composition/layers/6/connectspecificclip
2024-06-16 17:36:20.440 INFO moe.nikky.nestcontrol.osc.OSCUtil : resolume group 2 layer 3 connectSpecificClip index -1
2024-06-16 17:36:20.440 INFO moe.nikky.nestcontrol.osc.OSCUtil : creating buttons for group 3 layer 1 (7)
2024-06-16 17:36:20.441 INFO osc.OscSynced : creating synced value for /composition/layers/7/connectspecificclip
2024-06-16 17:36:20.442 INFO moe.nikky.nestcontrol.osc.OSCUtil : resolume group 3 layer 1 connectSpecificClip index -1
2024-06-16 17:36:20.442 INFO moe.nikky.nestcontrol.osc.OSCUtil : creating buttons for group 3 layer 2 (8)
2024-06-16 17:36:20.443 INFO osc.OscSynced : creating synced value for /composition/layers/8/connectspecificclip
2024-06-16 17:36:20.444 INFO moe.nikky.nestcontrol.osc.OSCUtil : resolume group 3 layer 2 connectSpecificClip index -1
2024-06-16 17:36:20.444 INFO moe.nikky.nestcontrol.osc.OSCUtil : creating buttons for group 3 layer 3 (9)
2024-06-16 17:36:20.445 INFO osc.OscSynced : creating synced value for /composition/layers/9/connectspecificclip
2024-06-16 17:36:20.447 INFO moe.nikky.nestcontrol.osc.OSCUtil : resolume group 3 layer 3 connectSpecificClip index -1
2024-06-16 17:36:20.448 INFO moe.nikky.nestcontrol.osc.OSCUtil : creating buttons for group 4 layer 1 (10)
2024-06-16 17:36:20.449 INFO osc.OscSynced : creating synced value for /composition/layers/10/connectspecificclip
2024-06-16 17:36:20.452 INFO moe.nikky.nestcontrol.osc.OSCUtil : creating buttons for group 4 layer 2 (11)
2024-06-16 17:36:20.452 INFO moe.nikky.nestcontrol.osc.OSCUtil : resolume group 1 layer 1 changed to null
2024-06-16 17:36:20.453 INFO moe.nikky.nestcontrol.osc.OSCUtil : resolume group 4 layer 1 connectSpecificClip index -1
2024-06-16 17:36:20.453 INFO moe.nikky.nestcontrol.osc.OSCUtil : resolume group 2 layer 2 changed to null
2024-06-16 17:36:20.453 INFO moe.nikky.nestcontrol.osc.OSCUtil : resolume group 3 layer 1 changed to null
2024-06-16 17:36:20.453 INFO moe.nikky.nestcontrol.osc.OSCUtil : resolume group 3 layer 2 changed to null
2024-06-16 17:36:20.453 INFO moe.nikky.nestcontrol.osc.OSCUtil : resolume group 1 layer 2 changed to null
2024-06-16 17:36:20.453 INFO moe.nikky.nestcontrol.osc.OSCUtil : resolume group 1 layer 3 changed to null
2024-06-16 17:36:20.453 INFO moe.nikky.nestcontrol.osc.OSCUtil : resolume group 2 layer 1 changed to null
2024-06-16 17:36:20.453 INFO moe.nikky.nestcontrol.osc.OSCUtil : resolume group 3 layer 3 changed to null
2024-06-16 17:36:20.453 INFO moe.nikky.nestcontrol.osc.OSCUtil : resolume group 4 layer 1 changed to null
2024-06-16 17:36:20.453 INFO moe.nikky.nestcontrol.osc.OSCUtil : resolume group 2 layer 3 changed to null
2024-06-16 17:36:20.454 INFO osc.OscSynced : creating synced value for /composition/layers/11/connectspecificclip
2024-06-16 17:36:20.455 INFO moe.nikky.nestcontrol.osc.OSCUtil : resolume group 4 layer 2 connectSpecificClip index -1
2024-06-16 17:36:20.455 INFO moe.nikky.nestcontrol.osc.OSCUtil : resolume group 4 layer 2 changed to null
2024-06-16 17:36:20.455 INFO moe.nikky.nestcontrol.osc.OSCUtil : creating buttons for group 4 layer 3 (12)
2024-06-16 17:36:20.456 INFO osc.OscSynced : creating synced value for /composition/layers/12/connectspecificclip
2024-06-16 17:36:20.458 INFO moe.nikky.nestcontrol.osc.OSCUtil : resolume group 4 layer 3 changed to null
2024-06-16 17:36:20.458 INFO moe.nikky.nestcontrol.osc.OSCUtil : resolume group 4 layer 3 connectSpecificClip index -1
2024-06-16 17:36:20.458 INFO moe.nikky.nestcontrol.osc.OSCUtil : {}
2024-06-16 17:36:20.458 INFO moe.nikky.nestcontrol.osc.OSCUtil : creating buttons for group 5 layer 1 (13)
2024-06-16 17:36:20.459 INFO osc.OscSynced : creating synced value for /composition/layers/13/connectspecificclip
2024-06-16 17:36:20.461 INFO moe.nikky.nestcontrol.osc.OSCUtil : resolume group 5 layer 1 connectSpecificClip index -1
2024-06-16 17:36:20.461 INFO moe.nikky.nestcontrol.osc.OSCUtil : resolume group 5 layer 1 changed to null
2024-06-16 17:36:20.461 INFO moe.nikky.nestcontrol.osc.OSCUtil : creating buttons for group 5 layer 2 (14)
2024-06-16 17:36:20.462 INFO osc.OscSynced : creating synced value for /composition/layers/14/connectspecificclip
2024-06-16 17:36:20.463 INFO moe.nikky.nestcontrol.osc.OSCUtil : resolume group 5 layer 2 changed to null
2024-06-16 17:36:20.463 INFO moe.nikky.nestcontrol.osc.OSCUtil : creating buttons for group 5 layer 3 (15)
2024-06-16 17:36:20.463 INFO moe.nikky.nestcontrol.osc.OSCUtil : resolume group 5 layer 2 connectSpecificClip index -1
2024-06-16 17:36:20.465 INFO osc.OscSynced : creating synced value for /composition/layers/15/connectspecificclip
2024-06-16 17:36:20.466 INFO moe.nikky.nestcontrol.osc.OSCUtil : creating buttons for group 5 layer 4 (16)
2024-06-16 17:36:20.466 INFO moe.nikky.nestcontrol.osc.OSCUtil : resolume group 5 layer 3 connectSpecificClip index -1
2024-06-16 17:36:20.466 INFO moe.nikky.nestcontrol.osc.OSCUtil : resolume group 5 layer 3 changed to null
2024-06-16 17:36:20.468 INFO osc.OscSynced : creating synced value for /composition/layers/16/connectspecificclip
2024-06-16 17:36:20.468 INFO moe.nikky.nestcontrol.osc.OSCUtil : creating buttons for group 5 layer 5 (17)
2024-06-16 17:36:20.469 INFO moe.nikky.nestcontrol.osc.OSCUtil : resolume group 5 layer 4 connectSpecificClip index -1
2024-06-16 17:36:20.469 INFO moe.nikky.nestcontrol.osc.OSCUtil : resolume group 5 layer 4 changed to null
2024-06-16 17:36:20.469 INFO osc.OscSynced : creating synced value for /composition/layers/17/connectspecificclip
2024-06-16 17:36:20.471 INFO moe.nikky.nestcontrol.osc.OSCUtil : creating buttons for group 6 layer 1 (18)
2024-06-16 17:36:20.471 INFO moe.nikky.nestcontrol.osc.OSCUtil : resolume group 5 layer 5 changed to null
2024-06-16 17:36:20.471 INFO moe.nikky.nestcontrol.osc.OSCUtil : resolume group 5 layer 5 connectSpecificClip index -1
2024-06-16 17:36:20.472 INFO osc.OscSynced : creating synced value for /composition/layers/18/connectspecificclip
2024-06-16 17:36:20.473 INFO moe.nikky.nestcontrol.osc.OSCUtil : creating buttons for group 6 layer 2 (19)
2024-06-16 17:36:20.473 INFO moe.nikky.nestcontrol.osc.OSCUtil : resolume group 6 layer 1 changed to null
2024-06-16 17:36:20.473 INFO moe.nikky.nestcontrol.osc.OSCUtil : resolume group 6 layer 1 connectSpecificClip index -1
2024-06-16 17:36:20.475 INFO osc.OscSynced : creating synced value for /composition/layers/19/connectspecificclip
2024-06-16 17:36:20.476 INFO moe.nikky.nestcontrol.osc.OSCUtil : resolume group 6 layer 2 changed to null
2024-06-16 17:36:20.476 INFO moe.nikky.nestcontrol.osc.OSCUtil : creating buttons for group 6 layer 3 (20)
2024-06-16 17:36:20.476 INFO moe.nikky.nestcontrol.osc.OSCUtil : resolume group 6 layer 2 connectSpecificClip index -1
2024-06-16 17:36:20.477 INFO osc.OscSynced : creating synced value for /composition/layers/20/connectspecificclip
2024-06-16 17:36:20.478 INFO moe.nikky.nestcontrol.osc.OSCUtil : creating buttons for group 6 layer 4 (21)
2024-06-16 17:36:20.478 INFO moe.nikky.nestcontrol.osc.OSCUtil : resolume group 6 layer 3 changed to null
2024-06-16 17:36:20.478 INFO moe.nikky.nestcontrol.osc.OSCUtil : resolume group 6 layer 3 connectSpecificClip index -1
2024-06-16 17:36:20.479 INFO osc.OscSynced : creating synced value for /composition/layers/21/connectspecificclip
2024-06-16 17:36:20.480 INFO moe.nikky.nestcontrol.osc.OSCUtil : creating buttons for group 6 layer 5 (22)
2024-06-16 17:36:20.481 INFO moe.nikky.nestcontrol.osc.OSCUtil : resolume group 6 layer 4 changed to null
2024-06-16 17:36:20.481 INFO moe.nikky.nestcontrol.osc.OSCUtil : resolume group 6 layer 4 connectSpecificClip index -1
2024-06-16 17:36:20.481 INFO osc.OscSynced : creating synced value for /composition/layers/22/connectspecificclip
2024-06-16 17:36:20.483 INFO moe.nikky.nestcontrol.osc.OSCUtil : resolume group 6 layer 5 changed to null
2024-06-16 17:36:20.483 INFO moe.nikky.nestcontrol.osc.OSCUtil : creating buttons for group 6 layer 6 (23)
2024-06-16 17:36:20.483 INFO moe.nikky.nestcontrol.osc.OSCUtil : resolume group 6 layer 5 connectSpecificClip index -1
2024-06-16 17:36:20.484 INFO osc.OscSynced : creating synced value for /composition/layers/23/connectspecificclip
2024-06-16 17:36:20.485 INFO moe.nikky.nestcontrol.osc.OSCUtil : resolume group 6 layer 6 changed to null
2024-06-16 17:36:20.485 INFO moe.nikky.nestcontrol.osc.OSCUtil : resolume group 6 layer 6 connectSpecificClip index -1
2024-06-16 17:36:20.485 INFO moe.nikky.nestcontrol.osc.OSCUtil : creating buttons for group 6 layer 7 (24)
2024-06-16 17:36:20.486 INFO osc.OscSynced : creating synced value for /composition/layers/24/connectspecificclip
2024-06-16 17:36:20.487 INFO moe.nikky.nestcontrol.osc.OSCUtil : creating buttons for group 6 layer 8 (25)
2024-06-16 17:36:20.487 INFO moe.nikky.nestcontrol.osc.OSCUtil : resolume group 6 layer 7 changed to null
2024-06-16 17:36:20.487 INFO moe.nikky.nestcontrol.osc.OSCUtil : resolume group 6 layer 7 connectSpecificClip index -1
2024-06-16 17:36:20.489 INFO osc.OscSynced : creating synced value for /composition/layers/25/connectspecificclip
2024-06-16 17:36:20.489 INFO moe.nikky.nestcontrol.osc.OSCUtil : resolume group 6 layer 8 changed to null
2024-06-16 17:36:20.489 INFO moe.nikky.nestcontrol.osc.OSCUtil : creating buttons for group 6 layer 9 (26)
2024-06-16 17:36:20.490 INFO moe.nikky.nestcontrol.osc.OSCUtil : resolume group 6 layer 8 connectSpecificClip index -1
2024-06-16 17:36:20.490 INFO osc.OscSynced : creating synced value for /composition/layers/26/connectspecificclip
2024-06-16 17:36:20.492 INFO moe.nikky.nestcontrol.osc.OSCUtil : creating buttons for group 7 layer 1 (27)
2024-06-16 17:36:20.492 INFO moe.nikky.nestcontrol.osc.OSCUtil : resolume group 6 layer 9 connectSpecificClip index -1
2024-06-16 17:36:20.492 INFO moe.nikky.nestcontrol.osc.OSCUtil : resolume group 6 layer 9 changed to null
2024-06-16 17:36:20.493 INFO osc.OscSynced : creating synced value for /composition/layers/27/connectspecificclip
2024-06-16 17:36:20.499 INFO moe.nikky.nestcontrol.osc.OSCUtil : resolume group 7 layer 1 connectSpecificClip index -1
2024-06-16 17:36:20.499 INFO moe.nikky.nestcontrol.osc.OSCUtil : resolume group 7 layer 1 changed to null
2024-06-16 17:36:21.495 INFO osc.OscSynced : creating synced value for /beats
2024-06-16 17:36:21.496 INFO osc.OscSynced : creating synced value for /beatProgress
2024-06-16 17:36:21.497 INFO osc.OscSynced : creating synced value for /bpmRounded
2024-06-16 17:36:21.508 INFO nestdrop.loadQueuesKt : loading queues from C:\Users\nikky\VJ\NestDropProV2\DefaultUserProfile.xml
2024-06-16 17:36:23.413 ERROR nestdrop.loadQueuesKt : failed to parse queue 24
nl.adaptivity.xmlutil.serialization.UnknownXmlFieldException: Could not find a field for name (nestdrop.XmlDataClasses.Preset) Preset/Type (Attribute)
  candidates: Name (Attribute), Effects (Attribute), Overlay (Attribute), Sprite0 (Attribute), Sprite1 (Attribute), Sprite2 (Attribute), HotKey (Attribute), SettingCapture (Attribute), SettingCaptureValues (Attribute) at position Line number = 3
Column number = 38
System Id = null
Public Id = null
Location Uri= null
CharacterOffset = 167

	at nl.adaptivity.xmlutil.serialization.XmlConfig.DEFAULT_UNKNOWN_CHILD_HANDLER$lambda$2(XmlConfig.kt:433)
	at nl.adaptivity.xmlutil.serialization.DefaultXmlSerializationPolicy.handleUnknownContentRecovering(XmlSerializationPolicy.kt:609)
	at nl.adaptivity.xmlutil.serialization.XmlDecoderBase$TagDecoderBase.indexOf(XMLDecoder.kt:769)
	at nl.adaptivity.xmlutil.serialization.XmlDecoderBase$TagDecoderBase.decodeElementIndex(XMLDecoder.kt:935)
	at nestdrop.XmlDataClasses$Preset$$serializer.deserialize(XmlDataClasses.kt:75)
	at nestdrop.XmlDataClasses$Preset$$serializer.deserialize(XmlDataClasses.kt:75)
	at nl.adaptivity.xmlutil.serialization.XmlDecoderBase$AnonymousListDecoder.decodeSerializableElement(XMLDecoder.kt:1356)
	at kotlinx.serialization.encoding.CompositeDecoder$DefaultImpls.decodeSerializableElement$default(Decoding.kt:538)
	at kotlinx.serialization.internal.CollectionLikeSerializer.readElement(CollectionSerializers.kt:80)
	at kotlinx.serialization.internal.AbstractCollectionSerializer.readElement$default(CollectionSerializers.kt:51)
	at kotlinx.serialization.internal.AbstractCollectionSerializer.merge(CollectionSerializers.kt:36)
	at nl.adaptivity.xmlutil.serialization.XmlDecoderBase$TagDecoderBase.decodeSerializableElement(XMLDecoder.kt:629)
	at nestdrop.XmlDataClasses$Presets$$serializer.deserialize(XmlDataClasses.kt:68)
	at nestdrop.XmlDataClasses$Presets$$serializer.deserialize(XmlDataClasses.kt:68)
	at nl.adaptivity.xmlutil.serialization.XmlDecoderBase$TagDecoderBase.decodeSerializableElement(XMLDecoder.kt:631)
	at nestdrop.XmlDataClasses$QueueWindow$$serializer.deserialize(XmlDataClasses.kt:41)
	at nestdrop.XmlDataClasses$QueueWindow$$serializer.deserialize(XmlDataClasses.kt:41)
	at nl.adaptivity.xmlutil.serialization.XmlDecoderBase$XmlDecoder.decodeSerializableValue(XMLDecoder.kt:254)
	at nl.adaptivity.xmlutil.serialization.XML.decodeFromReader(XML.kt:441)
	at nl.adaptivity.xmlutil.serialization.XML.decodeFromReader$default(XML.kt:407)
	at nl.adaptivity.xmlutil.serialization.XML.decodeFromString(XML.kt:354)
	at nestdrop.LoadQueuesKt.loadQueue(loadQueues.kt:48)
	at nestdrop.LoadQueuesKt.loadQueues(loadQueues.kt:30)
	at ComposableSingletons$MainKt$lambda-1$1$1.invokeSuspend(main.kt:496)
	at kotlin.coroutines.jvm.internal.BaseContinuationImpl.resumeWith(ContinuationImpl.kt:33)
	at kotlinx.coroutines.DispatchedTaskKt.resume(DispatchedTask.kt:231)
	at kotlinx.coroutines.DispatchedTaskKt.dispatch(DispatchedTask.kt:164)
	at kotlinx.coroutines.CancellableContinuationImpl.dispatchResume(CancellableContinuationImpl.kt:470)
	at kotlinx.coroutines.CancellableContinuationImpl.resumeImpl(CancellableContinuationImpl.kt:504)
	at kotlinx.coroutines.CancellableContinuationImpl.resumeImpl$default(CancellableContinuationImpl.kt:493)
	at kotlinx.coroutines.CancellableContinuationImpl.resumeUndispatched(CancellableContinuationImpl.kt:591)
	at kotlinx.coroutines.EventLoopImplBase$DelayedResumeTask.run(EventLoop.common.kt:490)
	at kotlinx.coroutines.EventLoopImplBase.processNextEvent(EventLoop.common.kt:277)
	at kotlinx.coroutines.BlockingCoroutine.joinBlocking(Builders.kt:95)
	at kotlinx.coroutines.BuildersKt__BuildersKt.runBlocking(Builders.kt:69)
	at kotlinx.coroutines.BuildersKt.runBlocking(Unknown Source)
	at kotlinx.coroutines.BuildersKt__BuildersKt.runBlocking$default(Builders.kt:48)
	at kotlinx.coroutines.BuildersKt.runBlocking$default(Unknown Source)
	at ComposableSingletons$MainKt$lambda-1$1.invoke(main.kt:88)
	at ComposableSingletons$MainKt$lambda-1$1.invoke(main.kt:70)
	at androidx.compose.runtime.internal.ComposableLambdaImpl.invoke(ComposableLambda.jb.kt:116)
	at androidx.compose.runtime.internal.ComposableLambdaImpl.invoke(ComposableLambda.jb.kt:33)
	at androidx.compose.ui.window.Application_desktopKt$awaitApplication$2$1$2$1$1.invoke(Application.desktop.kt:233)
	at androidx.compose.ui.window.Application_desktopKt$awaitApplication$2$1$2$1$1.invoke(Application.desktop.kt:232)
	at androidx.compose.runtime.internal.ComposableLambdaImpl.invoke(ComposableLambda.jb.kt:107)
	at androidx.compose.runtime.internal.ComposableLambdaImpl.invoke(ComposableLambda.jb.kt:33)
	at androidx.compose.runtime.CompositionLocalKt.CompositionLocalProvider(CompositionLocal.kt:228)
	at androidx.compose.ui.window.Application_desktopKt$awaitApplication$2$1$2$1.invoke(Application.desktop.kt:223)
	at androidx.compose.ui.window.Application_desktopKt$awaitApplication$2$1$2$1.invoke(Application.desktop.kt:221)
	at androidx.compose.runtime.internal.ComposableLambdaImpl.invoke(ComposableLambda.jb.kt:107)
	at androidx.compose.runtime.internal.ComposableLambdaImpl.invoke(ComposableLambda.jb.kt:33)
	at androidx.compose.runtime.ActualJvm_jvmKt.invokeComposable(ActualJvm.jvm.kt:33)
	at androidx.compose.runtime.ComposerImpl.doCompose(Composer.kt:3303)
	at androidx.compose.runtime.ComposerImpl.composeContent$runtime(Composer.kt:3236)
	at androidx.compose.runtime.CompositionImpl.composeContent(Composition.kt:725)
	at androidx.compose.runtime.Recomposer.composeInitial$runtime(Recomposer.kt:1071)
	at androidx.compose.runtime.CompositionImpl.composeInitial(Composition.kt:633)
	at androidx.compose.runtime.CompositionImpl.setContent(Composition.kt:619)
	at androidx.compose.ui.window.Application_desktopKt$awaitApplication$2$1$2.invokeSuspend(Application.desktop.kt:221)
	at kotlin.coroutines.jvm.internal.BaseContinuationImpl.resumeWith(ContinuationImpl.kt:33)
	at kotlinx.coroutines.DispatchedTask.run(DispatchedTask.kt:104)
	at java.desktop/java.awt.event.InvocationEvent.dispatch(InvocationEvent.java:318)
	at java.desktop/java.awt.EventQueue.dispatchEventImpl(EventQueue.java:773)
	at java.desktop/java.awt.EventQueue$4.run(EventQueue.java:720)
	at java.desktop/java.awt.EventQueue$4.run(EventQueue.java:714)
	at java.base/java.security.AccessController.doPrivileged(AccessController.java:399)
	at java.base/java.security.ProtectionDomain$JavaSecurityAccessImpl.doIntersectionPrivilege(ProtectionDomain.java:86)
	at java.desktop/java.awt.EventQueue.dispatchEvent(EventQueue.java:742)
	at java.desktop/java.awt.EventDispatchThread.pumpOneEventForFilters(EventDispatchThread.java:203)
	at java.desktop/java.awt.EventDispatchThread.pumpEventsForFilter(EventDispatchThread.java:124)
	at java.desktop/java.awt.EventDispatchThread.pumpEventsForHierarchy(EventDispatchThread.java:113)
	at java.desktop/java.awt.EventDispatchThread.pumpEvents(EventDispatchThread.java:109)
	at java.desktop/java.awt.EventDispatchThread.pumpEvents(EventDispatchThread.java:101)
	at java.desktop/java.awt.EventDispatchThread.run(EventDispatchThread.java:90)

2024-06-16 17:36:23.672 INFO moe.nikky.nestcontrol.Config : loaded Config(beats=64, deck1=DeckConfig(triggerTime=0.75, transitionTime=5.0, presetQueue=PresetQueue(index=-1, name=null, autoChange=false, toggles=[]), preset=Preset(autoChange=false), sprite=Sprite(autoChange=false, index=-1, name=null, toggles=[]), spriteQueue=SpriteQueue(index=-1, name=null), spoutQueue=SpoutQueue(index=-1, name=null), spout=Spout(index=-1, label=null), spriteFX=SpriteFX(autoChange=false, blendMode=false, index=-1, toggles=[]), bpmSync=BpmSync(enabled=false, multiplier=4), strobe=Strobe(enabled=false)), deck2=DeckConfig(triggerTime=0.25, transitionTime=5.0, presetQueue=PresetQueue(index=-1, name=null, autoChange=false, toggles=[]), preset=Preset(autoChange=false), sprite=Sprite(autoChange=false, index=-1, name=null, toggles=[]), spriteQueue=SpriteQueue(index=-1, name=null), spoutQueue=SpoutQueue(index=-1, name=null), spout=Spout(index=-1, label=null), spriteFX=SpriteFX(autoChange=false, blendMode=false, index=-1, toggles=[]), bpmSync=BpmSync(enabled=false, multiplier=4), strobe=Strobe(enabled=false)))
2024-06-16 17:36:23.682 DEBUG .(DeckConfig.kt:46) : [Queue(index=4, name=sprites_fg, type=Sprite, open=true, deck=1, presets=[Preset(index=0, name=transpower.png, effects=84, overlay=false), Preset(index=1, name=estrogen.png, effects=52, overlay=false), Preset(index=2, name=lsd.jpg, effects=52, overlay=false), Preset(index=3, name=psilocybin.jpg, effects=52, overlay=false), Preset(index=4, name=NEST LOGO_4K.jpg, effects=54, overlay=false), Preset(index=5, name=impossible-161955.png, effects=56, overlay=false), Preset(index=6, name=glowing cat.jpg, effects=94, overlay=false), Preset(index=7, name=red eyes.jpg, effects=52, overlay=false), Preset(index=8, name=Recursion Hexagon - Jason Fletcher.png, effects=84, overlay=false), Preset(index=9, name=radiation-646212.png, effects=54, overlay=false), Preset(index=10, name=biohazard-148696.png, effects=52, overlay=false), Preset(index=11, name=under-construction-2408062.png, effects=52, overlay=false), Preset(index=12, name=warning-44458.png, effects=52, overlay=false), Preset(index=13, name=nezulie-icon.png, effects=54, overlay=false), Preset(index=14, name=nezulie-N.png, effects=50, overlay=false), Preset(index=15, name=nezulie-E.png, effects=52, overlay=false), Preset(index=16, name=nezulie-Z.png, effects=94, overlay=false), Preset(index=17, name=nezulie-U.png, effects=52, overlay=false), Preset(index=18, name=nezulie-L.png, effects=95, overlay=false), Preset(index=19, name=chaosdorf_green.png, effects=96, overlay=false), Preset(index=20, name=chaosdorf_monochrome.png, effects=0, overlay=false), Preset(index=21, name=nik_the_dusky.png, effects=56, overlay=false), Preset(index=22, name=tinybrainplayzX4.png, effects=50, overlay=true)]), Queue(index=5, name=spout_fg, type=Sprite, open=true, deck=1, presets=[Preset(index=0, name=NestDrop Deck 2, effects=0, overlay=false), Preset(index=1, name=Group1, effects=0, overlay=false), Preset(index=2, name=Group2, effects=0, overlay=false), Preset(index=3, name=Group3, effects=0, overlay=false), Preset(index=4, name=Group4, effects=0, overlay=false), Preset(index=5, name=Group1, effects=51, overlay=false), Preset(index=6, name=Group2, effects=51, overlay=false), Preset(index=7, name=Group3, effects=51, overlay=false), Preset(index=8, name=Group4, effects=51, overlay=false), Preset(index=9, name=Arena - 1, effects=0, overlay=false), Preset(index=10, name=Arena - 2, effects=0, overlay=false), Preset(index=11, name=Arena - 3, effects=0, overlay=false), Preset(index=12, name=Arena - 4, effects=0, overlay=false), Preset(index=13, name=Arena - 1, effects=51, overlay=false), Preset(index=14, name=Arena - 2, effects=51, overlay=false), Preset(index=15, name=Arena - 3, effects=51, overlay=false), Preset(index=16, name=Arena - 4, effects=51, overlay=false)])]
2024-06-16 17:36:23.684 INFO .(DeckConfig.kt:59) : loading presets from queue
2024-06-16 17:36:23.685 INFO .(DeckConfig.kt:62) : loaded deck1 []
2024-06-16 17:36:23.686 DEBUG .(DeckConfig.kt:74) : loading spout queue null from [Queue(index=4, name=sprites_fg, type=Sprite, open=true, deck=1, presets=[Preset(index=0, name=transpower.png, effects=84, overlay=false), Preset(index=1, name=estrogen.png, effects=52, overlay=false), Preset(index=2, name=lsd.jpg, effects=52, overlay=false), Preset(index=3, name=psilocybin.jpg, effects=52, overlay=false), Preset(index=4, name=NEST LOGO_4K.jpg, effects=54, overlay=false), Preset(index=5, name=impossible-161955.png, effects=56, overlay=false), Preset(index=6, name=glowing cat.jpg, effects=94, overlay=false), Preset(index=7, name=red eyes.jpg, effects=52, overlay=false), Preset(index=8, name=Recursion Hexagon - Jason Fletcher.png, effects=84, overlay=false), Preset(index=9, name=radiation-646212.png, effects=54, overlay=false), Preset(index=10, name=biohazard-148696.png, effects=52, overlay=false), Preset(index=11, name=under-construction-2408062.png, effects=52, overlay=false), Preset(index=12, name=warning-44458.png, effects=52, overlay=false), Preset(index=13, name=nezulie-icon.png, effects=54, overlay=false), Preset(index=14, name=nezulie-N.png, effects=50, overlay=false), Preset(index=15, name=nezulie-E.png, effects=52, overlay=false), Preset(index=16, name=nezulie-Z.png, effects=94, overlay=false), Preset(index=17, name=nezulie-U.png, effects=52, overlay=false), Preset(index=18, name=nezulie-L.png, effects=95, overlay=false), Preset(index=19, name=chaosdorf_green.png, effects=96, overlay=false), Preset(index=20, name=chaosdorf_monochrome.png, effects=0, overlay=false), Preset(index=21, name=nik_the_dusky.png, effects=56, overlay=false), Preset(index=22, name=tinybrainplayzX4.png, effects=50, overlay=true)]), Queue(index=5, name=spout_fg, type=Sprite, open=true, deck=1, presets=[Preset(index=0, name=NestDrop Deck 2, effects=0, overlay=false), Preset(index=1, name=Group1, effects=0, overlay=false), Preset(index=2, name=Group2, effects=0, overlay=false), Preset(index=3, name=Group3, effects=0, overlay=false), Preset(index=4, name=Group4, effects=0, overlay=false), Preset(index=5, name=Group1, effects=51, overlay=false), Preset(index=6, name=Group2, effects=51, overlay=false), Preset(index=7, name=Group3, effects=51, overlay=false), Preset(index=8, name=Group4, effects=51, overlay=false), Preset(index=9, name=Arena - 1, effects=0, overlay=false), Preset(index=10, name=Arena - 2, effects=0, overlay=false), Preset(index=11, name=Arena - 3, effects=0, overlay=false), Preset(index=12, name=Arena - 4, effects=0, overlay=false), Preset(index=13, name=Arena - 1, effects=51, overlay=false), Preset(index=14, name=Arena - 2, effects=51, overlay=false), Preset(index=15, name=Arena - 3, effects=51, overlay=false), Preset(index=16, name=Arena - 4, effects=51, overlay=false)])]
2024-06-16 17:36:23.686 INFO .(DeckConfig.kt:79) : loading presets from queue
2024-06-16 17:36:23.687 DEBUG .(DeckConfig.kt:46) : [Queue(index=6, name=sprites_bg, type=Sprite, open=true, deck=2, presets=[Preset(index=0, name=transpower.png, effects=94, overlay=false), Preset(index=1, name=estrogen.png, effects=50, overlay=false), Preset(index=2, name=lsd.jpg, effects=50, overlay=false), Preset(index=3, name=psilocybin.jpg, effects=52, overlay=false), Preset(index=4, name=NEST LOGO_4K.jpg, effects=50, overlay=false), Preset(index=5, name=impossible-161955.png, effects=54, overlay=false), Preset(index=6, name=glowing cat.jpg, effects=54, overlay=false), Preset(index=7, name=red eyes.jpg, effects=52, overlay=false), Preset(index=8, name=Recursion Hexagon - Jason Fletcher.png, effects=32, overlay=false), Preset(index=9, name=radiation-646212.png, effects=94, overlay=false), Preset(index=10, name=biohazard-148696.png, effects=94, overlay=false), Preset(index=11, name=under-construction-2408062.png, effects=52, overlay=false), Preset(index=12, name=warning-44458.png, effects=50, overlay=false), Preset(index=13, name=nezulie-icon.png, effects=56, overlay=false), Preset(index=14, name=nezulie-N.png, effects=95, overlay=false), Preset(index=15, name=nezulie-E.png, effects=95, overlay=false), Preset(index=16, name=nezulie-Z.png, effects=52, overlay=false), Preset(index=17, name=nezulie-U.png, effects=95, overlay=false), Preset(index=18, name=nezulie-L.png, effects=52, overlay=false), Preset(index=19, name=chaosdorf_green.png, effects=50, overlay=false), Preset(index=20, name=chaosdorf_monochrome.png, effects=0, overlay=false), Preset(index=21, name=nik_the_dusky.png, effects=50, overlay=false), Preset(index=22, name=tinybrainplayzX4.png, effects=54, overlay=false)]), Queue(index=7, name=spout_bg, type=Sprite, open=true, deck=2, presets=[Preset(index=0, name=NestDrop Deck 1, effects=0, overlay=false), Preset(index=1, name=Group1, effects=0, overlay=false), Preset(index=2, name=Group2, effects=0, overlay=false), Preset(index=3, name=Group3, effects=0, overlay=false), Preset(index=4, name=Group4, effects=0, overlay=false), Preset(index=5, name=Group1, effects=51, overlay=false), Preset(index=6, name=Group2, effects=51, overlay=false), Preset(index=7, name=Group3, effects=51, overlay=false), Preset(index=8, name=Group4, effects=51, overlay=false), Preset(index=9, name=Arena - 1, effects=0, overlay=false), Preset(index=10, name=Arena - 2, effects=0, overlay=false), Preset(index=11, name=Arena - 3, effects=0, overlay=false), Preset(index=12, name=Arena - 4, effects=0, overlay=false), Preset(index=13, name=Arena - 1, effects=51, overlay=false), Preset(index=14, name=Arena - 2, effects=51, overlay=false), Preset(index=15, name=Arena - 3, effects=51, overlay=false), Preset(index=16, name=Arena - 4, effects=51, overlay=false)])]
2024-06-16 17:36:23.687 INFO .(DeckConfig.kt:59) : loading presets from queue
2024-06-16 17:36:23.688 INFO .(DeckConfig.kt:62) : loaded deck2 []
2024-06-16 17:36:23.690 DEBUG .(DeckConfig.kt:74) : loading spout queue null from [Queue(index=6, name=sprites_bg, type=Sprite, open=true, deck=2, presets=[Preset(index=0, name=transpower.png, effects=94, overlay=false), Preset(index=1, name=estrogen.png, effects=50, overlay=false), Preset(index=2, name=lsd.jpg, effects=50, overlay=false), Preset(index=3, name=psilocybin.jpg, effects=52, overlay=false), Preset(index=4, name=NEST LOGO_4K.jpg, effects=50, overlay=false), Preset(index=5, name=impossible-161955.png, effects=54, overlay=false), Preset(index=6, name=glowing cat.jpg, effects=54, overlay=false), Preset(index=7, name=red eyes.jpg, effects=52, overlay=false), Preset(index=8, name=Recursion Hexagon - Jason Fletcher.png, effects=32, overlay=false), Preset(index=9, name=radiation-646212.png, effects=94, overlay=false), Preset(index=10, name=biohazard-148696.png, effects=94, overlay=false), Preset(index=11, name=under-construction-2408062.png, effects=52, overlay=false), Preset(index=12, name=warning-44458.png, effects=50, overlay=false), Preset(index=13, name=nezulie-icon.png, effects=56, overlay=false), Preset(index=14, name=nezulie-N.png, effects=95, overlay=false), Preset(index=15, name=nezulie-E.png, effects=95, overlay=false), Preset(index=16, name=nezulie-Z.png, effects=52, overlay=false), Preset(index=17, name=nezulie-U.png, effects=95, overlay=false), Preset(index=18, name=nezulie-L.png, effects=52, overlay=false), Preset(index=19, name=chaosdorf_green.png, effects=50, overlay=false), Preset(index=20, name=chaosdorf_monochrome.png, effects=0, overlay=false), Preset(index=21, name=nik_the_dusky.png, effects=50, overlay=false), Preset(index=22, name=tinybrainplayzX4.png, effects=54, overlay=false)]), Queue(index=7, name=spout_bg, type=Sprite, open=true, deck=2, presets=[Preset(index=0, name=NestDrop Deck 1, effects=0, overlay=false), Preset(index=1, name=Group1, effects=0, overlay=false), Preset(index=2, name=Group2, effects=0, overlay=false), Preset(index=3, name=Group3, effects=0, overlay=false), Preset(index=4, name=Group4, effects=0, overlay=false), Preset(index=5, name=Group1, effects=51, overlay=false), Preset(index=6, name=Group2, effects=51, overlay=false), Preset(index=7, name=Group3, effects=51, overlay=false), Preset(index=8, name=Group4, effects=51, overlay=false), Preset(index=9, name=Arena - 1, effects=0, overlay=false), Preset(index=10, name=Arena - 2, effects=0, overlay=false), Preset(index=11, name=Arena - 3, effects=0, overlay=false), Preset(index=12, name=Arena - 4, effects=0, overlay=false), Preset(index=13, name=Arena - 1, effects=51, overlay=false), Preset(index=14, name=Arena - 2, effects=51, overlay=false), Preset(index=15, name=Arena - 3, effects=51, overlay=false), Preset(index=16, name=Arena - 4, effects=51, overlay=false)])]
2024-06-16 17:36:23.690 INFO .(DeckConfig.kt:79) : loading presets from queue
2024-06-16 17:36:24.191 INFO nestdrop.deck.PresetQueues : initializing preset queues
2024-06-16 17:36:24.193 INFO nestdrop.deck.PresetQueues : queues updated
2024-06-16 17:36:24.198 INFO nestdrop.deck.PresetQueues : queues updated
2024-06-16 17:36:24.197 INFO nestdrop.deck.PresetQueues : combining queues with deck switches
2024-06-16 17:36:24.199 INFO nestdrop.deck.Deck : initializing deck1
2024-06-16 17:36:24.200 INFO nestdrop.deck.PresetQueues : queues updated
2024-06-16 17:36:24.199 INFO nestdrop.deck.PresetQueues : combining queues with deck switches
2024-06-16 17:36:24.200 INFO nestdrop.deck.PresetQueues : combining queues with deck switches
2024-06-16 17:36:24.201 INFO nestdrop.deck.PresetQueues : queues updated
2024-06-16 17:36:24.201 INFO nestdrop.deck.PresetQueues : combining queues with deck switches
2024-06-16 17:36:24.202 INFO nestdrop.deck.PresetQueues : queues updated
2024-06-16 17:36:24.202 INFO nestdrop.deck.PresetQueues : queues updated
2024-06-16 17:36:24.202 INFO nestdrop.deck.PresetQueues : combining queues with deck switches
2024-06-16 17:36:24.218 INFO nestdrop.deck.Deck : initializing deck1 preset queue
2024-06-16 17:36:24.221 INFO nestdrop.deck.Deck : initializing deck1 preset
2024-06-16 17:36:24.221 INFO nestdrop.deck.Deck : deck1 queue: null
2024-06-16 17:36:24.223 INFO nestdrop.deck.Deck : initializing deck1 sprite queues
2024-06-16 17:36:24.226 INFO nestdrop.deck.Deck : initializing deck1 sprite queue
2024-06-16 17:36:24.228 INFO nestdrop.deck.Deck : initializing deck1 sprite
2024-06-16 17:36:24.231 INFO nestdrop.deck.Deck : initializing deck1 sprite fx
2024-06-16 17:36:24.234 INFO nestdrop.deck.Deck : initializing deck1 spout queue
2024-06-16 17:36:24.234 INFO nestdrop.deck.Deck : setting deck1 FX to 0
2024-06-16 17:36:24.238 INFO nestdrop.deck.Deck : initializing deck1 spout
2024-06-16 17:36:24.239 INFO nestdrop.deck.Deck : deck1 spout name null
2024-06-16 17:36:24.240 INFO nestdrop.deck.Deck : initializing deck2
2024-06-16 17:36:24.241 INFO nestdrop.deck.Deck : initializing deck2 preset queue
2024-06-16 17:36:24.242 INFO nestdrop.deck.Deck : deck2 queue: null
2024-06-16 17:36:24.242 INFO nestdrop.deck.Deck : initializing deck2 preset
2024-06-16 17:36:24.243 INFO nestdrop.deck.Deck : spout sync triggered
2024-06-16 17:36:24.243 INFO nestdrop.deck.Deck : deck1 spout queue changed: null
2024-06-16 17:36:24.243 INFO nestdrop.deck.Deck : initializing deck2 sprite queues
2024-06-16 17:36:24.244 INFO nestdrop.deck.Deck : deck1 spout index changed: -1
2024-06-16 17:36:24.245 INFO nestdrop.deck.Deck : initializing deck2 sprite queue
2024-06-16 17:36:24.245 INFO nestdrop.deck.Deck : initializing deck2 sprite
2024-06-16 17:36:24.246 INFO nestdrop.deck.Deck : initializing deck2 sprite fx
2024-06-16 17:36:24.247 INFO nestdrop.deck.Deck : initializing deck2 spout queue
2024-06-16 17:36:24.248 INFO nestdrop.deck.Deck : setting deck2 FX to 0
2024-06-16 17:36:24.248 INFO nestdrop.deck.Deck : initializing deck2 spout
2024-06-16 17:36:24.249 INFO nestdrop.deck.Deck : deck2 spout name null
2024-06-16 17:36:24.249 INFO nestdrop.deck.Deck : spout sync triggered
2024-06-16 17:36:24.249 INFO nestdrop.deck.Deck : deck2 spout queue changed: null
2024-06-16 17:36:24.250 INFO nestdrop.deck.Deck : deck2 spout index changed: -1
2024-06-16 17:36:24.250 INFO nestdrop.deck.loadDeckSettingsKt : loading settings from deck1
2024-06-16 17:36:24.281 DEBUG .(NestdropSpriteQueue.kt:122) : not switching after initializing program
2024-06-16 17:36:24.296 DEBUG .(NestdropSpriteQueue.kt:122) : not switching after initializing program
2024-06-16 17:36:24.338 INFO nestdrop.deck.loadDeckSettingsKt : DeckSettings(deckPanelsIsOpen=StringValue(value=0,0,0,0,0,0), transitTime=FloatValue(value=3.6), fps=IntValue(value=30), animationSpeed=FloatValue(value=0.5217391), zoomSpeed=FloatValue(value=0.9), ZoomExp=FloatValue(value=1.0), rotationSpeed=FloatValue(value=0.9), wrapSpeed=FloatValue(value=0.8), horizontalMotion=FloatValue(value=0.0), verticalMotion=FloatValue(value=0.0), stretchSpeed=FloatValue(value=1.0), waveMode=FloatValue(value=1.0), negative=FloatValue(value=0.0), red=FloatValue(value=1.0), green=FloatValue(value=1.0), blue=FloatValue(value=1.0), brightness=FloatValue(value=1.0), contrast=FloatValue(value=1.160816), gamma=FloatValue(value=1.210332), hue=FloatValue(value=0.0), saturation=FloatValue(value=1.0), lumaKey=RangeValue(min=0.0, max=1.0), alpha=FloatValue(value=1.0), strobe=Strobe(effectIndex=14, color=4294967295, effectSpanMin=0.0, effectSpanMax=1.0, triggerIndex=0, speed=0.26, pulseWidth=1.0, waveFormIndex=2), audio=Audio(channel=3, bass=1.0, mid=1.0, treble=1.0), spout=Spout(width=1920, height=1080), videoDeck=VideoDeck(preview=4, topMost=false), outputMonitor=IntValue(value=0), ndi=BooleanValue(value=false))
2024-06-16 17:36:24.338 INFO nestdrop.deck.loadDeckSettingsKt : loading settings from deck2
2024-06-16 17:36:24.348 INFO nestdrop.deck.Deck : deck1 spout change: -1 in null
2024-06-16 17:36:24.348 DEBUG .(NestdropSpriteQueue.kt:122) : not switching after initializing program
2024-06-16 17:36:24.349 INFO nestdrop.deck.Deck : deck2 spout change: -1 in null
2024-06-16 17:36:24.349 DEBUG .(NestdropSpriteQueue.kt:122) : not switching after initializing program
2024-06-16 17:36:24.396 INFO nestdrop.deck.loadDeckSettingsKt : DeckSettings(deckPanelsIsOpen=StringValue(value=0,0,0,0,0,0), transitTime=FloatValue(value=3.2), fps=IntValue(value=30), animationSpeed=FloatValue(value=0.5217391), zoomSpeed=FloatValue(value=1.0), ZoomExp=FloatValue(value=1.0), rotationSpeed=FloatValue(value=1.0), wrapSpeed=FloatValue(value=1.0), horizontalMotion=FloatValue(value=0.0), verticalMotion=FloatValue(value=0.0), stretchSpeed=FloatValue(value=1.0), waveMode=FloatValue(value=0.0), negative=FloatValue(value=0.0), red=FloatValue(value=1.0), green=FloatValue(value=1.0), blue=FloatValue(value=1.0), brightness=FloatValue(value=1.0), contrast=FloatValue(value=1.236419), gamma=FloatValue(value=1.085513), hue=FloatValue(value=0.0), saturation=FloatValue(value=1.0), lumaKey=RangeValue(min=0.0, max=1.0), alpha=FloatValue(value=1.0), strobe=Strobe(effectIndex=14, color=4294967295, effectSpanMin=0.0, effectSpanMax=1.0, triggerIndex=0, speed=0.26, pulseWidth=1.0, waveFormIndex=2), audio=Audio(channel=3, bass=1.0, mid=1.0, treble=1.0), spout=Spout(width=1920, height=1080), videoDeck=VideoDeck(preview=4, topMost=false), outputMonitor=IntValue(value=0), ndi=BooleanValue(value=false))
2024-06-16 17:36:24.398 INFO Main : initializing OSC
2024-06-16 17:36:24.632 DEBUG moe.nikky.nestcontrol.Config : saving config Config(beats=64, deck1=DeckConfig(triggerTime=0.75, transitionTime=5.0, presetQueue=PresetQueue(index=-1, name=null, autoChange=false, toggles=[]), preset=Preset(autoChange=false), sprite=Sprite(autoChange=false, index=-1, name=null, toggles=[]), spriteQueue=SpriteQueue(index=-1, name=null), spoutQueue=SpoutQueue(index=-1, name=null), spout=Spout(index=-1, label=null), spriteFX=SpriteFX(autoChange=false, blendMode=false, index=-1, toggles=[]), bpmSync=BpmSync(enabled=false, multiplier=4), strobe=Strobe(enabled=false)), deck2=DeckConfig(triggerTime=0.25, transitionTime=5.0, presetQueue=PresetQueue(index=-1, name=null, autoChange=false, toggles=[]), preset=Preset(autoChange=false), sprite=Sprite(autoChange=false, index=-1, name=null, toggles=[]), spriteQueue=SpriteQueue(index=-1, name=null), spoutQueue=SpoutQueue(index=-1, name=null), spout=Spout(index=-1, label=null), spriteFX=SpriteFX(autoChange=false, blendMode=false, index=-1, toggles=[]), bpmSync=BpmSync(enabled=false, multiplier=4), strobe=Strobe(enabled=false)))
2024-06-16 17:36:24.926 INFO Main : re-emitting all values
2024-06-16 17:36:31.474 INFO nestdrop.deck.Deck : triggered at 16.039999999999985, 16.0
2024-06-16 17:36:47.577 INFO nestdrop.deck.Deck : triggered at 48.09400000000015, 48.0
2024-06-16 17:37:03.679 INFO nestdrop.deck.Deck : triggered at 16.166000000000267, 16.0
2024-06-16 17:37:19.695 INFO nestdrop.deck.Deck : triggered at 48.058000000000405, 48.0
2024-06-16 17:37:35.798 INFO nestdrop.deck.Deck : triggered at 16.110000000000547, 16.0
2024-06-16 17:37:51.893 INFO nestdrop.deck.Deck : triggered at 48.15200000000068, 48.0
