2024-06-16 20:37:16.721 WARN Main : WARN
2024-06-16 20:37:16.732 ERROR Main : ERROR
2024-06-16 20:37:16.733 FATAL Main : FATAL
2024-06-16 20:37:16.742 WARN Main : waiting for link to connect
2024-06-16 20:37:16.742 INFO osc.OscSynced : creating synced value for /peers
2024-06-16 20:37:16.740 INFO osc.OscSynced : creating synced value for /linkConnected
2024-06-16 20:37:16.742 INFO osc.OscSynced : creating synced value for /bpm
2024-06-16 20:37:16.834 INFO Link : connecting to ableton link...
2024-06-16 20:37:17.268 INFO osc.OscSynced : creating synced value for /sprite_FX/label/0
2024-06-16 20:37:17.268 INFO osc.OscSynced : creating synced value for /sprite_FX/label/1
2024-06-16 20:37:17.268 INFO osc.OscSynced : creating synced value for /sprite_FX/label/2
2024-06-16 20:37:17.268 INFO osc.OscSynced : creating synced value for /sprite_FX/label/3
2024-06-16 20:37:17.268 INFO osc.OscSynced : creating synced value for /sprite_FX/label/4
2024-06-16 20:37:17.268 INFO osc.OscSynced : creating synced value for /sprite_FX/label/5
2024-06-16 20:37:17.268 INFO osc.OscSynced : creating synced value for /sprite_FX/label/6
2024-06-16 20:37:17.268 INFO osc.OscSynced : creating synced value for /sprite_FX/label/7
2024-06-16 20:37:17.268 INFO osc.OscSynced : creating synced value for /sprite_FX/label/8
2024-06-16 20:37:17.268 INFO osc.OscSynced : creating synced value for /sprite_FX/label/9
2024-06-16 20:37:17.268 INFO osc.OscSynced : creating synced value for /sprite_FX/label/10
2024-06-16 20:37:17.269 INFO osc.OscSynced : creating synced value for /sprite_FX/label/11
2024-06-16 20:37:17.269 INFO osc.OscSynced : creating synced value for /sprite_FX/label/12
2024-06-16 20:37:17.269 INFO osc.OscSynced : creating synced value for /sprite_FX/label/13
2024-06-16 20:37:17.269 INFO osc.OscSynced : creating synced value for /sprite_FX/label/14
2024-06-16 20:37:17.269 INFO osc.OscSynced : creating synced value for /sprite_FX/label/15
2024-06-16 20:37:17.270 INFO osc.OscSynced : creating synced value for /sprite_FX/label/16
2024-06-16 20:37:17.270 INFO osc.OscSynced : creating synced value for /sprite_FX/label/17
2024-06-16 20:37:17.270 INFO osc.OscSynced : creating synced value for /sprite_FX/label/18
2024-06-16 20:37:17.270 INFO osc.OscSynced : creating synced value for /sprite_FX/label/19
2024-06-16 20:37:17.270 INFO osc.OscSynced : creating synced value for /sprite_FX/label/20
2024-06-16 20:37:17.270 INFO osc.OscSynced : creating synced value for /sprite_FX/label/21
2024-06-16 20:37:17.270 INFO osc.OscSynced : creating synced value for /sprite_FX/label/22
2024-06-16 20:37:17.270 INFO osc.OscSynced : creating synced value for /sprite_FX/label/23
2024-06-16 20:37:17.270 INFO osc.OscSynced : creating synced value for /sprite_FX/label/24
2024-06-16 20:37:17.274 INFO osc.OscSynced : creating synced value for /sprite_FX/label/25
2024-06-16 20:37:17.274 INFO osc.OscSynced : creating synced value for /sprite_FX/label/26
2024-06-16 20:37:17.274 INFO osc.OscSynced : creating synced value for /sprite_FX/label/27
2024-06-16 20:37:17.275 INFO osc.OscSynced : creating synced value for /sprite_FX/label/28
2024-06-16 20:37:17.280 INFO osc.OscSynced : creating synced value for /sprite_FX/label/29
2024-06-16 20:37:17.281 INFO osc.OscSynced : creating synced value for /sprite_FX/label/30
2024-06-16 20:37:17.281 INFO osc.OscSynced : creating synced value for /sprite_FX/label/31
2024-06-16 20:37:17.281 INFO osc.OscSynced : creating synced value for /sprite_FX/label/33
2024-06-16 20:37:17.281 INFO osc.OscSynced : creating synced value for /sprite_FX/label/32
2024-06-16 20:37:17.281 INFO osc.OscSynced : creating synced value for /sprite_FX/label/34
2024-06-16 20:37:17.281 INFO osc.OscSynced : creating synced value for /sprite_FX/label/35
2024-06-16 20:37:17.282 INFO osc.OscSynced : creating synced value for /sprite_FX/label/39
2024-06-16 20:37:17.281 INFO osc.OscSynced : creating synced value for /sprite_FX/label/37
2024-06-16 20:37:17.281 INFO osc.OscSynced : creating synced value for /sprite_FX/label/38
2024-06-16 20:37:17.281 INFO osc.OscSynced : creating synced value for /sprite_FX/label/36
2024-06-16 20:37:17.282 INFO osc.OscSynced : creating synced value for /sprite_FX/label/40
2024-06-16 20:37:17.282 INFO osc.OscSynced : creating synced value for /sprite_FX/label/41
2024-06-16 20:37:17.282 INFO osc.OscSynced : creating synced value for /sprite_FX/label/42
2024-06-16 20:37:17.282 INFO osc.OscSynced : creating synced value for /sprite_FX/label/43
2024-06-16 20:37:17.282 INFO osc.OscSynced : creating synced value for /sprite_FX/label/44
2024-06-16 20:37:17.282 INFO osc.OscSynced : creating synced value for /sprite_FX/label/45
2024-06-16 20:37:17.282 INFO osc.OscSynced : creating synced value for /sprite_FX/label/46
2024-06-16 20:37:17.282 INFO osc.OscSynced : creating synced value for /sprite_FX/label/47
2024-06-16 20:37:17.282 INFO osc.OscSynced : creating synced value for /sprite_FX/label/48
2024-06-16 20:37:17.282 INFO osc.OscSynced : creating synced value for /sprite_FX/label/49
2024-06-16 20:37:17.282 INFO osc.OscSynced : creating synced value for /sprite_FX/label/50
2024-06-16 20:37:17.283 INFO osc.OscSynced : creating synced value for /sprite_FX/label/51
2024-06-16 20:37:17.283 INFO osc.OscSynced : creating synced value for /sprite_FX/label/52
2024-06-16 20:37:17.283 INFO osc.OscSynced : creating synced value for /sprite_FX/label/53
2024-06-16 20:37:17.283 INFO osc.OscSynced : creating synced value for /sprite_FX/label/54
2024-06-16 20:37:17.283 INFO osc.OscSynced : creating synced value for /sprite_FX/label/55
2024-06-16 20:37:17.283 INFO osc.OscSynced : creating synced value for /sprite_FX/label/57
2024-06-16 20:37:17.283 INFO osc.OscSynced : creating synced value for /sprite_FX/label/59
2024-06-16 20:37:17.283 INFO osc.OscSynced : creating synced value for /sprite_FX/label/58
2024-06-16 20:37:17.283 INFO osc.OscSynced : creating synced value for /sprite_FX/label/56
2024-06-16 20:37:17.283 INFO osc.OscSynced : creating synced value for /sprite_FX/label/60
2024-06-16 20:37:17.283 INFO osc.OscSynced : creating synced value for /sprite_FX/label/61
2024-06-16 20:37:17.283 INFO osc.OscSynced : creating synced value for /sprite_FX/label/62
2024-06-16 20:37:17.283 INFO osc.OscSynced : creating synced value for /sprite_FX/label/63
2024-06-16 20:37:17.284 INFO osc.OscSynced : creating synced value for /sprite_FX/label/67
2024-06-16 20:37:17.284 INFO osc.OscSynced : creating synced value for /sprite_FX/label/68
2024-06-16 20:37:17.283 INFO osc.OscSynced : creating synced value for /sprite_FX/label/65
2024-06-16 20:37:17.283 INFO osc.OscSynced : creating synced value for /sprite_FX/label/66
2024-06-16 20:37:17.283 INFO osc.OscSynced : creating synced value for /sprite_FX/label/64
2024-06-16 20:37:17.284 INFO osc.OscSynced : creating synced value for /sprite_FX/label/69
2024-06-16 20:37:17.284 INFO osc.OscSynced : creating synced value for /sprite_FX/label/70
2024-06-16 20:37:17.284 INFO osc.OscSynced : creating synced value for /sprite_FX/label/71
2024-06-16 20:37:17.284 INFO osc.OscSynced : creating synced value for /sprite_FX/label/72
2024-06-16 20:37:17.284 INFO osc.OscSynced : creating synced value for /sprite_FX/label/73
2024-06-16 20:37:17.284 INFO osc.OscSynced : creating synced value for /sprite_FX/label/74
2024-06-16 20:37:17.284 INFO osc.OscSynced : creating synced value for /sprite_FX/label/75
2024-06-16 20:37:17.284 INFO osc.OscSynced : creating synced value for /sprite_FX/label/76
2024-06-16 20:37:17.285 INFO osc.OscSynced : creating synced value for /sprite_FX/label/78
2024-06-16 20:37:17.284 INFO osc.OscSynced : creating synced value for /sprite_FX/label/77
2024-06-16 20:37:17.285 INFO osc.OscSynced : creating synced value for /sprite_FX/label/79
2024-06-16 20:37:17.285 INFO osc.OscSynced : creating synced value for /sprite_FX/label/80
2024-06-16 20:37:17.285 INFO osc.OscSynced : creating synced value for /sprite_FX/label/81
2024-06-16 20:37:17.285 INFO osc.OscSynced : creating synced value for /sprite_FX/label/82
2024-06-16 20:37:17.285 INFO osc.OscSynced : creating synced value for /sprite_FX/label/83
2024-06-16 20:37:17.285 INFO osc.OscSynced : creating synced value for /sprite_FX/label/85
2024-06-16 20:37:17.285 INFO osc.OscSynced : creating synced value for /sprite_FX/label/84
2024-06-16 20:37:17.286 INFO osc.OscSynced : creating synced value for /sprite_FX/label/86
2024-06-16 20:37:17.286 INFO osc.OscSynced : creating synced value for /sprite_FX/label/87
2024-06-16 20:37:17.288 INFO osc.OscSynced : creating synced value for /sprite_FX/label/88
2024-06-16 20:37:17.288 INFO osc.OscSynced : creating synced value for /sprite_FX/label/89
2024-06-16 20:37:17.289 INFO osc.OscSynced : creating synced value for /sprite_FX/label/90
2024-06-16 20:37:17.289 INFO osc.OscSynced : creating synced value for /sprite_FX/label/91
2024-06-16 20:37:17.289 INFO osc.OscSynced : creating synced value for /sprite_FX/label/92
2024-06-16 20:37:17.289 INFO osc.OscSynced : creating synced value for /sprite_FX/label/93
2024-06-16 20:37:17.290 INFO osc.OscSynced : creating synced value for /sprite_FX/label/94
2024-06-16 20:37:17.290 INFO osc.OscSynced : creating synced value for /sprite_FX/label/95
2024-06-16 20:37:17.290 INFO osc.OscSynced : creating synced value for /sprite_FX/label/96
2024-06-16 20:37:17.290 INFO osc.OscSynced : creating synced value for /sprite_FX/label/97
2024-06-16 20:37:17.290 INFO osc.OscSynced : creating synced value for /sprite_FX/label/98
2024-06-16 20:37:17.290 INFO osc.OscSynced : creating synced value for /sprite_FX/label/99
2024-06-16 20:37:17.352 INFO osc.OscSynced : creating synced value for /composition/groups/1/video/effects/motionextraction/bypassed
2024-06-16 20:37:17.352 INFO osc.OscSynced : creating synced value for /composition/groups/1/video/effects/motionextraction/effect/delay
2024-06-16 20:37:17.352 INFO osc.OscSynced : creating synced value for /composition/groups/1/video/effects/automask/bypassed
2024-06-16 20:37:17.353 INFO osc.OscSynced : creating synced value for /resolume/1/motion_extraction/enabled
2024-06-16 20:37:17.356 INFO osc.OscSynced : creating synced value for /resolume/1/motion_extraction/delay
2024-06-16 20:37:17.360 INFO osc.OscSynced : creating synced value for /resolume/1/auto_mask
2024-06-16 20:37:17.368 INFO osc.OscSynced : creating synced value for /composition/groups/2/video/effects/motionextraction/bypassed
2024-06-16 20:37:17.368 INFO osc.OscSynced : creating synced value for /composition/groups/2/video/effects/motionextraction/effect/delay
2024-06-16 20:37:17.368 INFO osc.OscSynced : creating synced value for /composition/groups/2/video/effects/automask/bypassed
2024-06-16 20:37:17.368 INFO osc.OscSynced : creating synced value for /resolume/2/motion_extraction/enabled
2024-06-16 20:37:17.369 INFO osc.OscSynced : creating synced value for /resolume/2/motion_extraction/delay
2024-06-16 20:37:17.369 INFO osc.OscSynced : creating synced value for /resolume/2/auto_mask
2024-06-16 20:37:17.369 INFO osc.OscSynced : creating synced value for /composition/groups/3/video/effects/motionextraction/bypassed
2024-06-16 20:37:17.369 INFO osc.OscSynced : creating synced value for /composition/groups/3/video/effects/motionextraction/effect/delay
2024-06-16 20:37:17.369 INFO osc.OscSynced : creating synced value for /composition/groups/3/video/effects/automask/bypassed
2024-06-16 20:37:17.369 INFO osc.OscSynced : creating synced value for /resolume/3/motion_extraction/enabled
2024-06-16 20:37:17.369 INFO osc.OscSynced : creating synced value for /resolume/3/motion_extraction/delay
2024-06-16 20:37:17.369 INFO osc.OscSynced : creating synced value for /resolume/3/auto_mask
2024-06-16 20:37:17.370 INFO osc.OscSynced : creating synced value for /resolume/4/auto_mask
2024-06-16 20:37:17.370 INFO osc.OscSynced : creating synced value for /resolume/4/motion_extraction/delay
2024-06-16 20:37:17.370 INFO osc.OscSynced : creating synced value for /resolume/4/motion_extraction/enabled
2024-06-16 20:37:17.369 INFO osc.OscSynced : creating synced value for /composition/groups/4/video/effects/motionextraction/bypassed
2024-06-16 20:37:17.370 INFO osc.OscSynced : creating synced value for /composition/groups/4/video/effects/motionextraction/effect/delay
2024-06-16 20:37:17.370 INFO osc.OscSynced : creating synced value for /composition/groups/4/video/effects/automask/bypassed
2024-06-16 20:37:17.446 INFO osc.OSCUtil : creating buttons for group 1 layer 1 (1)
2024-06-16 20:37:17.447 INFO osc.OscSynced : creating synced value for /composition/layers/1/connectspecificclip
2024-06-16 20:37:17.450 INFO osc.OSCUtil : creating buttons for group 1 layer 2 (2)
2024-06-16 20:37:17.450 INFO osc.OscSynced : creating synced value for /composition/layers/2/connectspecificclip
2024-06-16 20:37:17.450 INFO osc.OSCUtil : creating buttons for group 1 layer 3 (3)
2024-06-16 20:37:17.450 INFO osc.OscSynced : creating synced value for /composition/layers/3/connectspecificclip
2024-06-16 20:37:17.450 INFO osc.OSCUtil : creating buttons for group 2 layer 1 (4)
2024-06-16 20:37:17.450 INFO osc.OscSynced : creating synced value for /composition/layers/4/connectspecificclip
2024-06-16 20:37:17.451 INFO osc.OSCUtil : creating buttons for group 2 layer 2 (5)
2024-06-16 20:37:17.451 INFO osc.OscSynced : creating synced value for /composition/layers/5/connectspecificclip
2024-06-16 20:37:17.451 INFO osc.OSCUtil : creating buttons for group 2 layer 3 (6)
2024-06-16 20:37:17.451 INFO osc.OscSynced : creating synced value for /composition/layers/6/connectspecificclip
2024-06-16 20:37:17.451 INFO osc.OSCUtil : resolume group 2 layer 2 connectSpecificClip index -1
2024-06-16 20:37:17.451 INFO osc.OSCUtil : creating buttons for group 3 layer 1 (7)
2024-06-16 20:37:17.451 INFO osc.OSCUtil : resolume group 1 layer 3 connectSpecificClip index -1
2024-06-16 20:37:17.451 INFO osc.OSCUtil : resolume group 2 layer 1 connectSpecificClip index -1
2024-06-16 20:37:17.451 INFO osc.OSCUtil : resolume group 1 layer 2 connectSpecificClip index -1
2024-06-16 20:37:17.453 INFO osc.OscSynced : creating synced value for /composition/layers/7/connectspecificclip
2024-06-16 20:37:17.453 INFO osc.OSCUtil : resolume group 2 layer 3 connectSpecificClip index -1
2024-06-16 20:37:17.453 INFO osc.OscSynced : creating synced value for /composition/layers/8/connectspecificclip
2024-06-16 20:37:17.453 INFO osc.OSCUtil : creating buttons for group 3 layer 2 (8)
2024-06-16 20:37:17.453 INFO osc.OSCUtil : resolume group 3 layer 1 connectSpecificClip index -1
2024-06-16 20:37:17.453 INFO osc.OSCUtil : resolume group 1 layer 1 connectSpecificClip index -1
2024-06-16 20:37:17.453 INFO osc.OSCUtil : creating buttons for group 3 layer 3 (9)
2024-06-16 20:37:17.453 INFO osc.OSCUtil : resolume group 3 layer 2 connectSpecificClip index -1
2024-06-16 20:37:17.453 INFO osc.OscSynced : creating synced value for /composition/layers/9/connectspecificclip
2024-06-16 20:37:17.454 INFO osc.OscSynced : creating synced value for /composition/layers/10/connectspecificclip
2024-06-16 20:37:17.454 INFO osc.OSCUtil : creating buttons for group 4 layer 1 (10)
2024-06-16 20:37:17.454 INFO osc.OSCUtil : resolume group 4 layer 1 connectSpecificClip index -1
2024-06-16 20:37:17.454 INFO osc.OscSynced : creating synced value for /composition/layers/11/connectspecificclip
2024-06-16 20:37:17.454 INFO osc.OSCUtil : resolume group 3 layer 3 connectSpecificClip index -1
2024-06-16 20:37:17.454 INFO osc.OSCUtil : creating buttons for group 4 layer 2 (11)
2024-06-16 20:37:17.454 INFO osc.OSCUtil : creating buttons for group 4 layer 3 (12)
2024-06-16 20:37:17.454 INFO osc.OscSynced : creating synced value for /composition/layers/12/connectspecificclip
2024-06-16 20:37:17.454 INFO osc.OSCUtil : resolume group 4 layer 2 connectSpecificClip index -1
2024-06-16 20:37:17.455 INFO osc.OSCUtil : resolume group 4 layer 3 connectSpecificClip index -1
2024-06-16 20:37:17.454 INFO osc.OSCUtil : creating buttons for group 5 layer 1 (13)
2024-06-16 20:37:17.454 INFO osc.OscSynced : creating synced value for /composition/layers/13/connectspecificclip
2024-06-16 20:37:17.455 INFO osc.OSCUtil : creating buttons for group 5 layer 2 (14)
2024-06-16 20:37:17.455 INFO osc.OscSynced : creating synced value for /composition/layers/14/connectspecificclip
2024-06-16 20:37:17.455 INFO osc.OSCUtil : resolume group 5 layer 1 connectSpecificClip index -1
2024-06-16 20:37:17.456 INFO osc.OSCUtil : creating buttons for group 5 layer 3 (15)
2024-06-16 20:37:17.456 INFO osc.OscSynced : creating synced value for /composition/layers/15/connectspecificclip
2024-06-16 20:37:17.456 INFO osc.OSCUtil : creating buttons for group 5 layer 4 (16)
2024-06-16 20:37:17.456 INFO osc.OscSynced : creating synced value for /composition/layers/16/connectspecificclip
2024-06-16 20:37:17.456 INFO osc.OSCUtil : creating buttons for group 5 layer 5 (17)
2024-06-16 20:37:17.456 INFO osc.OscSynced : creating synced value for /composition/layers/17/connectspecificclip
2024-06-16 20:37:17.456 INFO osc.OSCUtil : resolume group 5 layer 2 connectSpecificClip index -1
2024-06-16 20:37:17.457 INFO osc.OscSynced : creating synced value for /composition/layers/18/connectspecificclip
2024-06-16 20:37:17.456 INFO osc.OSCUtil : creating buttons for group 6 layer 1 (18)
2024-06-16 20:37:17.457 INFO osc.OSCUtil : creating buttons for group 6 layer 2 (19)
2024-06-16 20:37:17.457 INFO osc.OscSynced : creating synced value for /composition/layers/19/connectspecificclip
2024-06-16 20:37:17.457 INFO osc.OSCUtil : creating buttons for group 6 layer 3 (20)
2024-06-16 20:37:17.457 INFO osc.OscSynced : creating synced value for /composition/layers/20/connectspecificclip
2024-06-16 20:37:17.458 INFO osc.OSCUtil : creating buttons for group 6 layer 4 (21)
2024-06-16 20:37:17.458 INFO osc.OSCUtil : resolume group 5 layer 3 connectSpecificClip index -1
2024-06-16 20:37:17.458 INFO osc.OscSynced : creating synced value for /composition/layers/21/connectspecificclip
2024-06-16 20:37:17.458 INFO osc.OSCUtil : creating buttons for group 6 layer 5 (22)
2024-06-16 20:37:17.458 INFO osc.OscSynced : creating synced value for /composition/layers/22/connectspecificclip
2024-06-16 20:37:17.458 INFO osc.OSCUtil : creating buttons for group 6 layer 6 (23)
2024-06-16 20:37:17.458 INFO osc.OscSynced : creating synced value for /composition/layers/23/connectspecificclip
2024-06-16 20:37:17.458 INFO osc.OSCUtil : creating buttons for group 6 layer 7 (24)
2024-06-16 20:37:17.458 INFO osc.OscSynced : creating synced value for /composition/layers/24/connectspecificclip
2024-06-16 20:37:17.458 INFO osc.OSCUtil : creating buttons for group 6 layer 8 (25)
2024-06-16 20:37:17.458 INFO osc.OscSynced : creating synced value for /composition/layers/25/connectspecificclip
2024-06-16 20:37:17.459 INFO osc.OscSynced : creating synced value for /composition/layers/26/connectspecificclip
2024-06-16 20:37:17.459 INFO osc.OSCUtil : creating buttons for group 6 layer 9 (26)
2024-06-16 20:37:17.459 INFO osc.OSCUtil : creating buttons for group 7 layer 1 (27)
2024-06-16 20:37:17.459 INFO osc.OscSynced : creating synced value for /composition/layers/27/connectspecificclip
2024-06-16 20:37:17.474 INFO osc.OSCUtil : resolume group 5 layer 3 changed to null
2024-06-16 20:37:17.474 INFO osc.OSCUtil : resolume group 2 layer 1 changed to null
2024-06-16 20:37:17.474 INFO osc.OSCUtil : resolume group 3 layer 1 changed to null
2024-06-16 20:37:17.474 INFO osc.OSCUtil : resolume group 5 layer 5 connectSpecificClip index -1
2024-06-16 20:37:17.474 INFO osc.OSCUtil : resolume group 6 layer 1 changed to null
2024-06-16 20:37:17.474 INFO osc.OSCUtil : resolume group 6 layer 1 connectSpecificClip index -1
2024-06-16 20:37:17.474 INFO osc.OSCUtil : resolume group 5 layer 4 changed to null
2024-06-16 20:37:17.474 INFO osc.OSCUtil : resolume group 2 layer 2 changed to null
2024-06-16 20:37:17.474 INFO osc.OSCUtil : resolume group 5 layer 4 connectSpecificClip index -1
2024-06-16 20:37:17.474 INFO osc.OSCUtil : resolume group 1 layer 2 changed to null
2024-06-16 20:37:17.474 INFO osc.OSCUtil : resolume group 5 layer 5 changed to null
2024-06-16 20:37:17.474 INFO osc.OSCUtil : resolume group 6 layer 2 changed to null
2024-06-16 20:37:17.474 INFO osc.OSCUtil : resolume group 3 layer 2 changed to null
2024-06-16 20:37:17.474 INFO osc.OSCUtil : resolume group 6 layer 2 connectSpecificClip index -1
2024-06-16 20:37:17.474 INFO osc.OSCUtil : resolume group 1 layer 3 changed to null
2024-06-16 20:37:17.474 INFO osc.OSCUtil : resolume group 4 layer 3 changed to null
2024-06-16 20:37:17.474 INFO osc.OSCUtil : resolume group 6 layer 3 connectSpecificClip index -1
2024-06-16 20:37:17.474 INFO osc.OSCUtil : resolume group 6 layer 3 changed to null
2024-06-16 20:37:17.474 INFO osc.OSCUtil : resolume group 6 layer 6 connectSpecificClip index -1
2024-06-16 20:37:17.474 INFO osc.OSCUtil : resolume group 6 layer 4 connectSpecificClip index -1
2024-06-16 20:37:17.474 INFO osc.OSCUtil : resolume group 6 layer 6 changed to null
2024-06-16 20:37:17.474 INFO osc.OSCUtil : resolume group 6 layer 5 changed to null
2024-06-16 20:37:17.474 INFO osc.OSCUtil : resolume group 6 layer 7 changed to null
2024-06-16 20:37:17.474 INFO osc.OSCUtil : resolume group 6 layer 4 changed to null
2024-06-16 20:37:17.474 INFO osc.OSCUtil : resolume group 6 layer 5 connectSpecificClip index -1
2024-06-16 20:37:17.474 INFO osc.OSCUtil : resolume group 6 layer 8 changed to null
2024-06-16 20:37:17.474 INFO osc.OSCUtil : resolume group 3 layer 3 changed to null
2024-06-16 20:37:17.474 INFO osc.OSCUtil : resolume group 6 layer 7 connectSpecificClip index -1
2024-06-16 20:37:17.474 INFO osc.OSCUtil : resolume group 4 layer 2 changed to null
2024-06-16 20:37:17.474 INFO osc.OSCUtil : resolume group 6 layer 8 connectSpecificClip index -1
2024-06-16 20:37:17.474 INFO osc.OSCUtil : resolume group 7 layer 1 changed to null
2024-06-16 20:37:17.474 INFO osc.OSCUtil : resolume group 6 layer 9 connectSpecificClip index -1
2024-06-16 20:37:17.474 INFO osc.OSCUtil : resolume group 7 layer 1 connectSpecificClip index -1
2024-06-16 20:37:17.474 INFO osc.OSCUtil : resolume group 6 layer 9 changed to null
2024-06-16 20:37:17.474 INFO osc.OSCUtil : resolume group 2 layer 3 changed to null
2024-06-16 20:37:17.474 INFO osc.OSCUtil : resolume group 5 layer 2 changed to null
2024-06-16 20:37:17.474 INFO osc.OSCUtil : resolume group 5 layer 1 changed to null
2024-06-16 20:37:17.475 INFO osc.OSCUtil : resolume group 1 layer 1 changed to null
2024-06-16 20:37:17.474 INFO osc.OSCUtil : resolume group 4 layer 1 changed to null
2024-06-16 20:37:17.495 INFO osc.OSCUtil : {}
2024-06-16 20:37:18.462 INFO osc.OscSynced : creating synced value for /beats
2024-06-16 20:37:18.463 INFO osc.OscSynced : creating synced value for /beatProgress
2024-06-16 20:37:18.463 INFO osc.OscSynced : creating synced value for /bpmRounded
2024-06-16 20:37:18.474 INFO nestdrop.loadQueuesKt : loading queues from C:\Users\nikky\VJ\NestDropProV2\DefaultUserProfile.xml
2024-06-16 20:37:44.170 INFO nestdrop.deck.Deck : triggered at 48.11800000000012, 48.0
2024-06-16 20:37:44.170 INFO nestdrop.deck.Deck : triggered at 48.11800000000012, 48.0
2024-06-16 20:37:44.171 INFO nestdrop.deck.Deck : deck2.sprite.next()
2024-06-16 20:37:44.171 INFO nestdrop.deck.Deck : deck1.sprite.next()
2024-06-16 20:37:44.171 INFO nestdrop.deck.Deck : deck1.spriteFX.next()
2024-06-16 20:37:44.171 INFO nestdrop.deck.Deck : deck2.spriteFX.next()
2024-06-16 20:38:16.286 INFO nestdrop.deck.Deck : triggered at 48.048000000000414, 48.0
2024-06-16 20:38:16.286 INFO nestdrop.deck.Deck : triggered at 48.048000000000414, 48.0
2024-06-16 20:38:16.286 INFO nestdrop.deck.Deck : deck1.sprite.next()
2024-06-16 20:38:16.286 INFO nestdrop.deck.Deck : deck2.sprite.next()
2024-06-16 20:38:16.286 INFO nestdrop.deck.Deck : deck1.spriteFX.next()
2024-06-16 20:38:16.286 INFO nestdrop.deck.Deck : deck2.spriteFX.next()
