2024-06-16 17:32:15.052 WARN Main : WARN
2024-06-16 17:32:15.078 ERROR Main : ERROR
2024-06-16 17:32:15.079 FATAL Main : FATAL
2024-06-16 17:32:15.086 INFO osc.OscSynced : creating synced value for /linkConnected
2024-06-16 17:32:15.090 INFO osc.OscSynced : creating synced value for /bpm
2024-06-16 17:32:15.092 INFO osc.OscSynced : creating synced value for /peers
2024-06-16 17:32:15.095 WARN Main : waiting for link to connect
2024-06-16 17:32:15.141 INFO Link : connecting to ableton link...
2024-06-16 17:32:15.630 INFO osc.OscSynced : creating synced value for /sprite_FX/label/0
2024-06-16 17:32:15.632 INFO osc.OscSynced : creating synced value for /sprite_FX/label/1
2024-06-16 17:32:15.633 INFO osc.OscSynced : creating synced value for /sprite_FX/label/2
2024-06-16 17:32:15.635 INFO osc.OscSynced : creating synced value for /sprite_FX/label/3
2024-06-16 17:32:15.635 INFO osc.OscSynced : creating synced value for /sprite_FX/label/4
2024-06-16 17:32:15.636 INFO osc.OscSynced : creating synced value for /sprite_FX/label/5
2024-06-16 17:32:15.637 INFO osc.OscSynced : creating synced value for /sprite_FX/label/6
2024-06-16 17:32:15.638 INFO osc.OscSynced : creating synced value for /sprite_FX/label/7
2024-06-16 17:32:15.639 INFO osc.OscSynced : creating synced value for /sprite_FX/label/8
2024-06-16 17:32:15.640 INFO osc.OscSynced : creating synced value for /sprite_FX/label/9
2024-06-16 17:32:15.641 INFO osc.OscSynced : creating synced value for /sprite_FX/label/10
2024-06-16 17:32:15.642 INFO osc.OscSynced : creating synced value for /sprite_FX/label/11
2024-06-16 17:32:15.643 INFO osc.OscSynced : creating synced value for /sprite_FX/label/12
2024-06-16 17:32:15.644 INFO osc.OscSynced : creating synced value for /sprite_FX/label/13
2024-06-16 17:32:15.645 INFO osc.OscSynced : creating synced value for /sprite_FX/label/14
2024-06-16 17:32:15.646 INFO osc.OscSynced : creating synced value for /sprite_FX/label/15
2024-06-16 17:32:15.647 INFO osc.OscSynced : creating synced value for /sprite_FX/label/16
2024-06-16 17:32:15.648 INFO osc.OscSynced : creating synced value for /sprite_FX/label/17
2024-06-16 17:32:15.649 INFO osc.OscSynced : creating synced value for /sprite_FX/label/18
2024-06-16 17:32:15.649 INFO osc.OscSynced : creating synced value for /sprite_FX/label/19
2024-06-16 17:32:15.651 INFO osc.OscSynced : creating synced value for /sprite_FX/label/20
2024-06-16 17:32:15.651 INFO osc.OscSynced : creating synced value for /sprite_FX/label/21
2024-06-16 17:32:15.653 INFO osc.OscSynced : creating synced value for /sprite_FX/label/22
2024-06-16 17:32:15.653 INFO osc.OscSynced : creating synced value for /sprite_FX/label/23
2024-06-16 17:32:15.654 INFO osc.OscSynced : creating synced value for /sprite_FX/label/24
2024-06-16 17:32:15.655 INFO osc.OscSynced : creating synced value for /sprite_FX/label/25
2024-06-16 17:32:15.656 INFO osc.OscSynced : creating synced value for /sprite_FX/label/26
2024-06-16 17:32:15.657 INFO osc.OscSynced : creating synced value for /sprite_FX/label/27
2024-06-16 17:32:15.658 INFO osc.OscSynced : creating synced value for /sprite_FX/label/28
2024-06-16 17:32:15.659 INFO osc.OscSynced : creating synced value for /sprite_FX/label/29
2024-06-16 17:32:15.659 INFO osc.OscSynced : creating synced value for /sprite_FX/label/30
2024-06-16 17:32:15.660 INFO osc.OscSynced : creating synced value for /sprite_FX/label/31
2024-06-16 17:32:15.661 INFO osc.OscSynced : creating synced value for /sprite_FX/label/32
2024-06-16 17:32:15.662 INFO osc.OscSynced : creating synced value for /sprite_FX/label/33
2024-06-16 17:32:15.663 INFO osc.OscSynced : creating synced value for /sprite_FX/label/34
2024-06-16 17:32:15.664 INFO osc.OscSynced : creating synced value for /sprite_FX/label/35
2024-06-16 17:32:15.665 INFO osc.OscSynced : creating synced value for /sprite_FX/label/36
2024-06-16 17:32:15.666 INFO osc.OscSynced : creating synced value for /sprite_FX/label/37
2024-06-16 17:32:15.667 INFO osc.OscSynced : creating synced value for /sprite_FX/label/38
2024-06-16 17:32:15.668 INFO osc.OscSynced : creating synced value for /sprite_FX/label/39
2024-06-16 17:32:15.669 INFO osc.OscSynced : creating synced value for /sprite_FX/label/40
2024-06-16 17:32:15.670 INFO osc.OscSynced : creating synced value for /sprite_FX/label/41
2024-06-16 17:32:15.671 INFO osc.OscSynced : creating synced value for /sprite_FX/label/42
2024-06-16 17:32:15.672 INFO osc.OscSynced : creating synced value for /sprite_FX/label/43
2024-06-16 17:32:15.673 INFO osc.OscSynced : creating synced value for /sprite_FX/label/44
2024-06-16 17:32:15.675 INFO osc.OscSynced : creating synced value for /sprite_FX/label/45
2024-06-16 17:32:15.675 INFO osc.OscSynced : creating synced value for /sprite_FX/label/46
2024-06-16 17:32:15.675 INFO osc.OscSynced : creating synced value for /sprite_FX/label/47
2024-06-16 17:32:15.677 INFO osc.OscSynced : creating synced value for /sprite_FX/label/48
2024-06-16 17:32:15.678 INFO osc.OscSynced : creating synced value for /sprite_FX/label/49
2024-06-16 17:32:15.678 INFO osc.OscSynced : creating synced value for /sprite_FX/label/50
2024-06-16 17:32:15.679 INFO osc.OscSynced : creating synced value for /sprite_FX/label/51
2024-06-16 17:32:15.680 INFO osc.OscSynced : creating synced value for /sprite_FX/label/52
2024-06-16 17:32:15.680 INFO osc.OscSynced : creating synced value for /sprite_FX/label/53
2024-06-16 17:32:15.681 INFO osc.OscSynced : creating synced value for /sprite_FX/label/54
2024-06-16 17:32:15.682 INFO osc.OscSynced : creating synced value for /sprite_FX/label/55
2024-06-16 17:32:15.682 INFO osc.OscSynced : creating synced value for /sprite_FX/label/56
2024-06-16 17:32:15.683 INFO osc.OscSynced : creating synced value for /sprite_FX/label/57
2024-06-16 17:32:15.684 INFO osc.OscSynced : creating synced value for /sprite_FX/label/58
2024-06-16 17:32:15.685 INFO osc.OscSynced : creating synced value for /sprite_FX/label/59
2024-06-16 17:32:15.686 INFO osc.OscSynced : creating synced value for /sprite_FX/label/60
2024-06-16 17:32:15.687 INFO osc.OscSynced : creating synced value for /sprite_FX/label/61
2024-06-16 17:32:15.688 INFO osc.OscSynced : creating synced value for /sprite_FX/label/62
2024-06-16 17:32:15.690 INFO osc.OscSynced : creating synced value for /sprite_FX/label/63
2024-06-16 17:32:15.690 INFO osc.OscSynced : creating synced value for /sprite_FX/label/64
2024-06-16 17:32:15.691 INFO osc.OscSynced : creating synced value for /sprite_FX/label/65
2024-06-16 17:32:15.692 INFO osc.OscSynced : creating synced value for /sprite_FX/label/66
2024-06-16 17:32:15.693 INFO osc.OscSynced : creating synced value for /sprite_FX/label/67
2024-06-16 17:32:15.694 INFO osc.OscSynced : creating synced value for /sprite_FX/label/68
2024-06-16 17:32:15.695 INFO osc.OscSynced : creating synced value for /sprite_FX/label/69
2024-06-16 17:32:15.696 INFO osc.OscSynced : creating synced value for /sprite_FX/label/70
2024-06-16 17:32:15.697 INFO osc.OscSynced : creating synced value for /sprite_FX/label/71
2024-06-16 17:32:15.698 INFO osc.OscSynced : creating synced value for /sprite_FX/label/72
2024-06-16 17:32:15.699 INFO osc.OscSynced : creating synced value for /sprite_FX/label/73
2024-06-16 17:32:15.700 INFO osc.OscSynced : creating synced value for /sprite_FX/label/74
2024-06-16 17:32:15.701 INFO osc.OscSynced : creating synced value for /sprite_FX/label/75
2024-06-16 17:32:15.702 INFO osc.OscSynced : creating synced value for /sprite_FX/label/76
2024-06-16 17:32:15.703 INFO osc.OscSynced : creating synced value for /sprite_FX/label/77
2024-06-16 17:32:15.704 INFO osc.OscSynced : creating synced value for /sprite_FX/label/78
2024-06-16 17:32:15.705 INFO osc.OscSynced : creating synced value for /sprite_FX/label/79
2024-06-16 17:32:15.706 INFO osc.OscSynced : creating synced value for /sprite_FX/label/80
2024-06-16 17:32:15.708 INFO osc.OscSynced : creating synced value for /sprite_FX/label/81
2024-06-16 17:32:15.708 INFO osc.OscSynced : creating synced value for /sprite_FX/label/82
2024-06-16 17:32:15.709 INFO osc.OscSynced : creating synced value for /sprite_FX/label/83
2024-06-16 17:32:15.710 INFO osc.OscSynced : creating synced value for /sprite_FX/label/84
2024-06-16 17:32:15.711 INFO osc.OscSynced : creating synced value for /sprite_FX/label/85
2024-06-16 17:32:15.712 INFO osc.OscSynced : creating synced value for /sprite_FX/label/86
2024-06-16 17:32:15.714 INFO osc.OscSynced : creating synced value for /sprite_FX/label/87
2024-06-16 17:32:15.714 INFO osc.OscSynced : creating synced value for /sprite_FX/label/88
2024-06-16 17:32:15.716 INFO osc.OscSynced : creating synced value for /sprite_FX/label/89
2024-06-16 17:32:15.717 INFO osc.OscSynced : creating synced value for /sprite_FX/label/90
2024-06-16 17:32:15.718 INFO osc.OscSynced : creating synced value for /sprite_FX/label/91
2024-06-16 17:32:15.720 INFO osc.OscSynced : creating synced value for /sprite_FX/label/92
2024-06-16 17:32:15.721 INFO osc.OscSynced : creating synced value for /sprite_FX/label/93
2024-06-16 17:32:15.722 INFO osc.OscSynced : creating synced value for /sprite_FX/label/94
2024-06-16 17:32:15.723 INFO osc.OscSynced : creating synced value for /sprite_FX/label/95
2024-06-16 17:32:15.724 INFO osc.OscSynced : creating synced value for /sprite_FX/label/96
2024-06-16 17:32:15.728 INFO osc.OscSynced : creating synced value for /sprite_FX/label/97
2024-06-16 17:32:15.728 INFO osc.OscSynced : creating synced value for /sprite_FX/label/98
2024-06-16 17:32:15.730 INFO osc.OscSynced : creating synced value for /sprite_FX/label/99
2024-06-16 17:32:15.831 INFO osc.OscSynced : creating synced value for /composition/groups/1/video/effects/motionextraction/bypassed
2024-06-16 17:32:15.831 DEBUG moe.nikky.nestcontrol.osc.OSCUtil : constructed OSC port
2024-06-16 17:32:15.831 DEBUG moe.nikky.nestcontrol.osc.OSCUtil : constructed OSC port
2024-06-16 17:32:15.832 INFO osc.OscSynced : creating synced value for /composition/groups/1/video/effects/motionextraction/effect/delay
2024-06-16 17:32:15.831 DEBUG moe.nikky.nestcontrol.osc.OSCUtil : constructed OSC port
2024-06-16 17:32:15.834 INFO osc.OscSynced : creating synced value for /composition/groups/1/video/effects/automask/bypassed
2024-06-16 17:32:15.835 INFO osc.OscSynced : creating synced value for /resolume/1/motion_extraction/enabled
2024-06-16 17:32:15.841 INFO osc.OscSynced : creating synced value for /resolume/1/motion_extraction/delay
2024-06-16 17:32:15.847 INFO osc.OscSynced : creating synced value for /resolume/1/auto_mask
2024-06-16 17:32:15.855 INFO osc.OscSynced : creating synced value for /composition/groups/2/video/effects/motionextraction/bypassed
2024-06-16 17:32:15.856 INFO osc.OscSynced : creating synced value for /composition/groups/2/video/effects/motionextraction/effect/delay
2024-06-16 17:32:15.857 INFO osc.OscSynced : creating synced value for /composition/groups/2/video/effects/automask/bypassed
2024-06-16 17:32:15.858 INFO osc.OscSynced : creating synced value for /resolume/2/motion_extraction/enabled
2024-06-16 17:32:15.860 INFO osc.OscSynced : creating synced value for /resolume/2/motion_extraction/delay
2024-06-16 17:32:15.861 INFO osc.OscSynced : creating synced value for /resolume/2/auto_mask
2024-06-16 17:32:15.861 INFO osc.OscSynced : creating synced value for /composition/groups/3/video/effects/motionextraction/bypassed
2024-06-16 17:32:15.862 INFO osc.OscSynced : creating synced value for /composition/groups/3/video/effects/motionextraction/effect/delay
2024-06-16 17:32:15.864 INFO osc.OscSynced : creating synced value for /composition/groups/3/video/effects/automask/bypassed
2024-06-16 17:32:15.865 INFO osc.OscSynced : creating synced value for /resolume/3/motion_extraction/enabled
2024-06-16 17:32:15.866 INFO osc.OscSynced : creating synced value for /resolume/3/motion_extraction/delay
2024-06-16 17:32:15.868 INFO osc.OscSynced : creating synced value for /resolume/3/auto_mask
2024-06-16 17:32:15.869 INFO osc.OscSynced : creating synced value for /composition/groups/4/video/effects/motionextraction/bypassed
2024-06-16 17:32:15.872 INFO osc.OscSynced : creating synced value for /composition/groups/4/video/effects/automask/bypassed
2024-06-16 17:32:15.870 INFO osc.OscSynced : creating synced value for /composition/groups/4/video/effects/motionextraction/effect/delay
2024-06-16 17:32:15.873 INFO osc.OscSynced : creating synced value for /resolume/4/motion_extraction/enabled
2024-06-16 17:32:15.875 INFO osc.OscSynced : creating synced value for /resolume/4/motion_extraction/delay
2024-06-16 17:32:15.877 INFO osc.OscSynced : creating synced value for /resolume/4/auto_mask
2024-06-16 17:32:16.055 INFO moe.nikky.nestcontrol.osc.OSCUtil : creating buttons for group 1 layer 1 (1)
2024-06-16 17:32:16.058 INFO osc.OscSynced : creating synced value for /composition/layers/1/connectspecificclip
2024-06-16 17:32:16.073 INFO moe.nikky.nestcontrol.osc.OSCUtil : creating buttons for group 1 layer 2 (2)
2024-06-16 17:32:16.074 INFO osc.OscSynced : creating synced value for /composition/layers/2/connectspecificclip
2024-06-16 17:32:16.075 INFO moe.nikky.nestcontrol.osc.OSCUtil : creating buttons for group 1 layer 3 (3)
2024-06-16 17:32:16.077 INFO osc.OscSynced : creating synced value for /composition/layers/3/connectspecificclip
2024-06-16 17:32:16.078 INFO moe.nikky.nestcontrol.osc.OSCUtil : resolume group 1 layer 3 connectSpecificClip index -1
2024-06-16 17:32:16.078 INFO moe.nikky.nestcontrol.osc.OSCUtil : resolume group 1 layer 2 connectSpecificClip index -1
2024-06-16 17:32:16.078 INFO moe.nikky.nestcontrol.osc.OSCUtil : creating buttons for group 2 layer 1 (4)
2024-06-16 17:32:16.078 INFO moe.nikky.nestcontrol.osc.OSCUtil : resolume group 1 layer 1 connectSpecificClip index -1
2024-06-16 17:32:16.079 INFO osc.OscSynced : creating synced value for /composition/layers/4/connectspecificclip
2024-06-16 17:32:16.079 INFO moe.nikky.nestcontrol.osc.OSCUtil : resolume group 2 layer 1 connectSpecificClip index -1
2024-06-16 17:32:16.080 INFO moe.nikky.nestcontrol.osc.OSCUtil : creating buttons for group 2 layer 2 (5)
2024-06-16 17:32:16.080 INFO osc.OscSynced : creating synced value for /composition/layers/5/connectspecificclip
2024-06-16 17:32:16.081 INFO moe.nikky.nestcontrol.osc.OSCUtil : resolume group 2 layer 2 connectSpecificClip index -1
2024-06-16 17:32:16.082 INFO moe.nikky.nestcontrol.osc.OSCUtil : creating buttons for group 2 layer 3 (6)
2024-06-16 17:32:16.084 INFO osc.OscSynced : creating synced value for /composition/layers/6/connectspecificclip
2024-06-16 17:32:16.085 INFO moe.nikky.nestcontrol.osc.OSCUtil : resolume group 2 layer 3 connectSpecificClip index -1
2024-06-16 17:32:16.085 INFO moe.nikky.nestcontrol.osc.OSCUtil : creating buttons for group 3 layer 1 (7)
2024-06-16 17:32:16.087 INFO osc.OscSynced : creating synced value for /composition/layers/7/connectspecificclip
2024-06-16 17:32:16.088 INFO moe.nikky.nestcontrol.osc.OSCUtil : creating buttons for group 3 layer 2 (8)
2024-06-16 17:32:16.088 INFO moe.nikky.nestcontrol.osc.OSCUtil : resolume group 3 layer 1 connectSpecificClip index -1
2024-06-16 17:32:16.089 INFO osc.OscSynced : creating synced value for /composition/layers/8/connectspecificclip
2024-06-16 17:32:16.090 INFO moe.nikky.nestcontrol.osc.OSCUtil : creating buttons for group 3 layer 3 (9)
2024-06-16 17:32:16.090 INFO moe.nikky.nestcontrol.osc.OSCUtil : resolume group 3 layer 2 connectSpecificClip index -1
2024-06-16 17:32:16.091 INFO osc.OscSynced : creating synced value for /composition/layers/9/connectspecificclip
2024-06-16 17:32:16.094 INFO moe.nikky.nestcontrol.osc.OSCUtil : creating buttons for group 4 layer 1 (10)
2024-06-16 17:32:16.094 INFO moe.nikky.nestcontrol.osc.OSCUtil : resolume group 3 layer 3 connectSpecificClip index -1
2024-06-16 17:32:16.095 INFO osc.OscSynced : creating synced value for /composition/layers/10/connectspecificclip
2024-06-16 17:32:16.096 INFO moe.nikky.nestcontrol.osc.OSCUtil : creating buttons for group 4 layer 2 (11)
2024-06-16 17:32:16.097 INFO moe.nikky.nestcontrol.osc.OSCUtil : resolume group 4 layer 1 connectSpecificClip index -1
2024-06-16 17:32:16.098 INFO osc.OscSynced : creating synced value for /composition/layers/11/connectspecificclip
2024-06-16 17:32:16.100 INFO moe.nikky.nestcontrol.osc.OSCUtil : creating buttons for group 4 layer 3 (12)
2024-06-16 17:32:16.100 INFO moe.nikky.nestcontrol.osc.OSCUtil : resolume group 4 layer 2 connectSpecificClip index -1
2024-06-16 17:32:16.101 INFO moe.nikky.nestcontrol.osc.OSCUtil : resolume group 4 layer 1 changed to null
2024-06-16 17:32:16.101 INFO moe.nikky.nestcontrol.osc.OSCUtil : resolume group 3 layer 1 changed to null
2024-06-16 17:32:16.101 INFO moe.nikky.nestcontrol.osc.OSCUtil : resolume group 1 layer 1 changed to null
2024-06-16 17:32:16.101 INFO moe.nikky.nestcontrol.osc.OSCUtil : resolume group 4 layer 2 changed to null
2024-06-16 17:32:16.101 INFO moe.nikky.nestcontrol.osc.OSCUtil : resolume group 3 layer 2 changed to null
2024-06-16 17:32:16.101 INFO moe.nikky.nestcontrol.osc.OSCUtil : resolume group 2 layer 2 changed to null
2024-06-16 17:32:16.101 INFO moe.nikky.nestcontrol.osc.OSCUtil : resolume group 1 layer 3 changed to null
2024-06-16 17:32:16.101 INFO osc.OscSynced : creating synced value for /composition/layers/12/connectspecificclip
2024-06-16 17:32:16.102 INFO moe.nikky.nestcontrol.osc.OSCUtil : resolume group 2 layer 1 changed to null
2024-06-16 17:32:16.102 INFO moe.nikky.nestcontrol.osc.OSCUtil : resolume group 3 layer 3 changed to null
2024-06-16 17:32:16.102 INFO moe.nikky.nestcontrol.osc.OSCUtil : resolume group 2 layer 3 changed to null
2024-06-16 17:32:16.103 INFO moe.nikky.nestcontrol.osc.OSCUtil : creating buttons for group 5 layer 1 (13)
2024-06-16 17:32:16.103 INFO moe.nikky.nestcontrol.osc.OSCUtil : resolume group 4 layer 3 connectSpecificClip index -1
2024-06-16 17:32:16.104 INFO moe.nikky.nestcontrol.osc.OSCUtil : resolume group 4 layer 3 changed to null
2024-06-16 17:32:16.104 INFO moe.nikky.nestcontrol.osc.OSCUtil : resolume group 1 layer 2 changed to null
2024-06-16 17:32:16.104 INFO moe.nikky.nestcontrol.osc.OSCUtil : {}
2024-06-16 17:32:16.105 INFO osc.OscSynced : creating synced value for /composition/layers/13/connectspecificclip
2024-06-16 17:32:16.106 INFO moe.nikky.nestcontrol.osc.OSCUtil : resolume group 5 layer 1 changed to null
2024-06-16 17:32:16.106 INFO moe.nikky.nestcontrol.osc.OSCUtil : resolume group 5 layer 1 connectSpecificClip index -1
2024-06-16 17:32:16.107 INFO moe.nikky.nestcontrol.osc.OSCUtil : creating buttons for group 5 layer 2 (14)
2024-06-16 17:32:16.108 INFO osc.OscSynced : creating synced value for /composition/layers/14/connectspecificclip
2024-06-16 17:32:16.110 INFO moe.nikky.nestcontrol.osc.OSCUtil : resolume group 5 layer 2 changed to null
2024-06-16 17:32:16.110 INFO moe.nikky.nestcontrol.osc.OSCUtil : creating buttons for group 5 layer 3 (15)
2024-06-16 17:32:16.110 INFO moe.nikky.nestcontrol.osc.OSCUtil : resolume group 5 layer 2 connectSpecificClip index -1
2024-06-16 17:32:16.111 INFO osc.OscSynced : creating synced value for /composition/layers/15/connectspecificclip
2024-06-16 17:32:16.113 INFO moe.nikky.nestcontrol.osc.OSCUtil : resolume group 5 layer 3 changed to null
2024-06-16 17:32:16.113 INFO moe.nikky.nestcontrol.osc.OSCUtil : creating buttons for group 5 layer 4 (16)
2024-06-16 17:32:16.114 INFO moe.nikky.nestcontrol.osc.OSCUtil : resolume group 5 layer 3 connectSpecificClip index -1
2024-06-16 17:32:16.114 INFO osc.OscSynced : creating synced value for /composition/layers/16/connectspecificclip
2024-06-16 17:32:16.122 INFO moe.nikky.nestcontrol.osc.OSCUtil : creating buttons for group 5 layer 5 (17)
2024-06-16 17:32:16.122 INFO moe.nikky.nestcontrol.osc.OSCUtil : resolume group 5 layer 4 changed to null
2024-06-16 17:32:16.122 INFO moe.nikky.nestcontrol.osc.OSCUtil : resolume group 5 layer 4 connectSpecificClip index -1
2024-06-16 17:32:16.124 INFO osc.OscSynced : creating synced value for /composition/layers/17/connectspecificclip
2024-06-16 17:32:16.126 INFO moe.nikky.nestcontrol.osc.OSCUtil : creating buttons for group 6 layer 1 (18)
2024-06-16 17:32:16.126 INFO moe.nikky.nestcontrol.osc.OSCUtil : resolume group 5 layer 5 connectSpecificClip index -1
2024-06-16 17:32:16.126 INFO moe.nikky.nestcontrol.osc.OSCUtil : resolume group 5 layer 5 changed to null
2024-06-16 17:32:16.127 INFO osc.OscSynced : creating synced value for /composition/layers/18/connectspecificclip
2024-06-16 17:32:16.129 INFO moe.nikky.nestcontrol.osc.OSCUtil : creating buttons for group 6 layer 2 (19)
2024-06-16 17:32:16.129 INFO moe.nikky.nestcontrol.osc.OSCUtil : resolume group 6 layer 1 changed to null
2024-06-16 17:32:16.129 INFO moe.nikky.nestcontrol.osc.OSCUtil : resolume group 6 layer 1 connectSpecificClip index -1
2024-06-16 17:32:16.130 INFO osc.OscSynced : creating synced value for /composition/layers/19/connectspecificclip
2024-06-16 17:32:16.131 INFO moe.nikky.nestcontrol.osc.OSCUtil : resolume group 6 layer 2 changed to null
2024-06-16 17:32:16.132 INFO osc.OscSynced : creating synced value for /composition/layers/20/connectspecificclip
2024-06-16 17:32:16.131 INFO moe.nikky.nestcontrol.osc.OSCUtil : creating buttons for group 6 layer 3 (20)
2024-06-16 17:32:16.131 INFO moe.nikky.nestcontrol.osc.OSCUtil : resolume group 6 layer 2 connectSpecificClip index -1
2024-06-16 17:32:16.136 INFO moe.nikky.nestcontrol.osc.OSCUtil : resolume group 6 layer 3 connectSpecificClip index -1
2024-06-16 17:32:16.136 INFO moe.nikky.nestcontrol.osc.OSCUtil : resolume group 6 layer 3 changed to null
2024-06-16 17:32:16.136 INFO moe.nikky.nestcontrol.osc.OSCUtil : creating buttons for group 6 layer 4 (21)
2024-06-16 17:32:16.137 INFO osc.OscSynced : creating synced value for /composition/layers/21/connectspecificclip
2024-06-16 17:32:16.138 INFO moe.nikky.nestcontrol.osc.OSCUtil : creating buttons for group 6 layer 5 (22)
2024-06-16 17:32:16.138 INFO moe.nikky.nestcontrol.osc.OSCUtil : resolume group 6 layer 4 connectSpecificClip index -1
2024-06-16 17:32:16.140 INFO moe.nikky.nestcontrol.osc.OSCUtil : resolume group 6 layer 4 changed to null
2024-06-16 17:32:16.139 INFO osc.OscSynced : creating synced value for /composition/layers/22/connectspecificclip
2024-06-16 17:32:16.141 INFO moe.nikky.nestcontrol.osc.OSCUtil : creating buttons for group 6 layer 6 (23)
2024-06-16 17:32:16.142 INFO osc.OscSynced : creating synced value for /composition/layers/23/connectspecificclip
2024-06-16 17:32:16.142 INFO moe.nikky.nestcontrol.osc.OSCUtil : resolume group 6 layer 5 changed to null
2024-06-16 17:32:16.142 INFO moe.nikky.nestcontrol.osc.OSCUtil : resolume group 6 layer 5 connectSpecificClip index -1
2024-06-16 17:32:16.146 INFO moe.nikky.nestcontrol.osc.OSCUtil : creating buttons for group 6 layer 7 (24)
2024-06-16 17:32:16.146 INFO moe.nikky.nestcontrol.osc.OSCUtil : resolume group 6 layer 6 connectSpecificClip index -1
2024-06-16 17:32:16.147 INFO moe.nikky.nestcontrol.osc.OSCUtil : resolume group 6 layer 6 changed to null
2024-06-16 17:32:16.148 INFO osc.OscSynced : creating synced value for /composition/layers/24/connectspecificclip
2024-06-16 17:32:16.148 INFO moe.nikky.nestcontrol.osc.OSCUtil : resolume group 6 layer 7 changed to null
2024-06-16 17:32:16.148 INFO moe.nikky.nestcontrol.osc.OSCUtil : resolume group 6 layer 7 connectSpecificClip index -1
2024-06-16 17:32:16.148 INFO moe.nikky.nestcontrol.osc.OSCUtil : creating buttons for group 6 layer 8 (25)
2024-06-16 17:32:16.149 INFO osc.OscSynced : creating synced value for /composition/layers/25/connectspecificclip
2024-06-16 17:32:16.151 INFO moe.nikky.nestcontrol.osc.OSCUtil : resolume group 6 layer 8 changed to null
2024-06-16 17:32:16.151 INFO moe.nikky.nestcontrol.osc.OSCUtil : resolume group 6 layer 8 connectSpecificClip index -1
2024-06-16 17:32:16.151 INFO moe.nikky.nestcontrol.osc.OSCUtil : creating buttons for group 6 layer 9 (26)
2024-06-16 17:32:16.152 INFO osc.OscSynced : creating synced value for /composition/layers/26/connectspecificclip
2024-06-16 17:32:16.154 INFO moe.nikky.nestcontrol.osc.OSCUtil : resolume group 6 layer 9 changed to null
2024-06-16 17:32:16.154 INFO moe.nikky.nestcontrol.osc.OSCUtil : resolume group 6 layer 9 connectSpecificClip index -1
2024-06-16 17:32:16.154 INFO moe.nikky.nestcontrol.osc.OSCUtil : creating buttons for group 7 layer 1 (27)
2024-06-16 17:32:16.155 INFO osc.OscSynced : creating synced value for /composition/layers/27/connectspecificclip
2024-06-16 17:32:16.158 INFO moe.nikky.nestcontrol.osc.OSCUtil : resolume group 7 layer 1 connectSpecificClip index -1
2024-06-16 17:32:16.158 INFO moe.nikky.nestcontrol.osc.OSCUtil : resolume group 7 layer 1 changed to null
2024-06-16 17:32:17.158 INFO osc.OscSynced : creating synced value for /beats
2024-06-16 17:32:17.159 INFO osc.OscSynced : creating synced value for /beatProgress
2024-06-16 17:32:17.159 INFO osc.OscSynced : creating synced value for /bpmRounded
2024-06-16 17:32:17.172 INFO nestdrop.loadQueuesKt : loading queues from C:\Users\nikky\VJ\NestDropProV2\DefaultUserProfile.xml
2024-06-16 17:32:19.276 ERROR nestdrop.loadQueuesKt : failed to parse queue 24
nl.adaptivity.xmlutil.serialization.UnknownXmlFieldException: Could not find a field for name (nestdrop.XmlDataClasses.Preset) Preset/Type (Attribute)
  candidates: Name (Attribute), Effects (Attribute), Overlay (Attribute), Sprite0 (Attribute), Sprite1 (Attribute), Sprite2 (Attribute), HotKey (Attribute), SettingCapture (Attribute), SettingCaptureValues (Attribute) at position Line number = 3
Column number = 38
System Id = null
Public Id = null
Location Uri= null
CharacterOffset = 167

	at nl.adaptivity.xmlutil.serialization.XmlConfig.DEFAULT_UNKNOWN_CHILD_HANDLER$lambda$2(XmlConfig.kt:433)
	at nl.adaptivity.xmlutil.serialization.DefaultXmlSerializationPolicy.handleUnknownContentRecovering(XmlSerializationPolicy.kt:609)
	at nl.adaptivity.xmlutil.serialization.XmlDecoderBase$TagDecoderBase.indexOf(XMLDecoder.kt:769)
	at nl.adaptivity.xmlutil.serialization.XmlDecoderBase$TagDecoderBase.decodeElementIndex(XMLDecoder.kt:935)
	at nestdrop.XmlDataClasses$Preset$$serializer.deserialize(XmlDataClasses.kt:75)
	at nestdrop.XmlDataClasses$Preset$$serializer.deserialize(XmlDataClasses.kt:75)
	at nl.adaptivity.xmlutil.serialization.XmlDecoderBase$AnonymousListDecoder.decodeSerializableElement(XMLDecoder.kt:1356)
	at kotlinx.serialization.encoding.CompositeDecoder$DefaultImpls.decodeSerializableElement$default(Decoding.kt:538)
	at kotlinx.serialization.internal.CollectionLikeSerializer.readElement(CollectionSerializers.kt:80)
	at kotlinx.serialization.internal.AbstractCollectionSerializer.readElement$default(CollectionSerializers.kt:51)
	at kotlinx.serialization.internal.AbstractCollectionSerializer.merge(CollectionSerializers.kt:36)
	at nl.adaptivity.xmlutil.serialization.XmlDecoderBase$TagDecoderBase.decodeSerializableElement(XMLDecoder.kt:629)
	at nestdrop.XmlDataClasses$Presets$$serializer.deserialize(XmlDataClasses.kt:68)
	at nestdrop.XmlDataClasses$Presets$$serializer.deserialize(XmlDataClasses.kt:68)
	at nl.adaptivity.xmlutil.serialization.XmlDecoderBase$TagDecoderBase.decodeSerializableElement(XMLDecoder.kt:631)
	at nestdrop.XmlDataClasses$QueueWindow$$serializer.deserialize(XmlDataClasses.kt:41)
	at nestdrop.XmlDataClasses$QueueWindow$$serializer.deserialize(XmlDataClasses.kt:41)
	at nl.adaptivity.xmlutil.serialization.XmlDecoderBase$XmlDecoder.decodeSerializableValue(XMLDecoder.kt:254)
	at nl.adaptivity.xmlutil.serialization.XML.decodeFromReader(XML.kt:441)
	at nl.adaptivity.xmlutil.serialization.XML.decodeFromReader$default(XML.kt:407)
	at nl.adaptivity.xmlutil.serialization.XML.decodeFromString(XML.kt:354)
	at nestdrop.LoadQueuesKt.loadQueue(loadQueues.kt:48)
	at nestdrop.LoadQueuesKt.loadQueues(loadQueues.kt:30)
	at ComposableSingletons$MainKt$lambda-1$1$1.invokeSuspend(main.kt:496)
	at kotlin.coroutines.jvm.internal.BaseContinuationImpl.resumeWith(ContinuationImpl.kt:33)
	at kotlinx.coroutines.DispatchedTaskKt.resume(DispatchedTask.kt:231)
	at kotlinx.coroutines.DispatchedTaskKt.dispatch(DispatchedTask.kt:164)
	at kotlinx.coroutines.CancellableContinuationImpl.dispatchResume(CancellableContinuationImpl.kt:470)
	at kotlinx.coroutines.CancellableContinuationImpl.resumeImpl(CancellableContinuationImpl.kt:504)
	at kotlinx.coroutines.CancellableContinuationImpl.resumeImpl$default(CancellableContinuationImpl.kt:493)
	at kotlinx.coroutines.CancellableContinuationImpl.resumeUndispatched(CancellableContinuationImpl.kt:591)
	at kotlinx.coroutines.EventLoopImplBase$DelayedResumeTask.run(EventLoop.common.kt:490)
	at kotlinx.coroutines.EventLoopImplBase.processNextEvent(EventLoop.common.kt:277)
	at kotlinx.coroutines.BlockingCoroutine.joinBlocking(Builders.kt:95)
	at kotlinx.coroutines.BuildersKt__BuildersKt.runBlocking(Builders.kt:69)
	at kotlinx.coroutines.BuildersKt.runBlocking(Unknown Source)
	at kotlinx.coroutines.BuildersKt__BuildersKt.runBlocking$default(Builders.kt:48)
	at kotlinx.coroutines.BuildersKt.runBlocking$default(Unknown Source)
	at ComposableSingletons$MainKt$lambda-1$1.invoke(main.kt:88)
	at ComposableSingletons$MainKt$lambda-1$1.invoke(main.kt:70)
	at androidx.compose.runtime.internal.ComposableLambdaImpl.invoke(ComposableLambda.jb.kt:116)
	at androidx.compose.runtime.internal.ComposableLambdaImpl.invoke(ComposableLambda.jb.kt:33)
	at androidx.compose.ui.window.Application_desktopKt$awaitApplication$2$1$2$1$1.invoke(Application.desktop.kt:233)
	at androidx.compose.ui.window.Application_desktopKt$awaitApplication$2$1$2$1$1.invoke(Application.desktop.kt:232)
	at androidx.compose.runtime.internal.ComposableLambdaImpl.invoke(ComposableLambda.jb.kt:107)
	at androidx.compose.runtime.internal.ComposableLambdaImpl.invoke(ComposableLambda.jb.kt:33)
	at androidx.compose.runtime.CompositionLocalKt.CompositionLocalProvider(CompositionLocal.kt:228)
	at androidx.compose.ui.window.Application_desktopKt$awaitApplication$2$1$2$1.invoke(Application.desktop.kt:223)
	at androidx.compose.ui.window.Application_desktopKt$awaitApplication$2$1$2$1.invoke(Application.desktop.kt:221)
	at androidx.compose.runtime.internal.ComposableLambdaImpl.invoke(ComposableLambda.jb.kt:107)
	at androidx.compose.runtime.internal.ComposableLambdaImpl.invoke(ComposableLambda.jb.kt:33)
	at androidx.compose.runtime.ActualJvm_jvmKt.invokeComposable(ActualJvm.jvm.kt:33)
	at androidx.compose.runtime.ComposerImpl.doCompose(Composer.kt:3303)
	at androidx.compose.runtime.ComposerImpl.composeContent$runtime(Composer.kt:3236)
	at androidx.compose.runtime.CompositionImpl.composeContent(Composition.kt:725)
	at androidx.compose.runtime.Recomposer.composeInitial$runtime(Recomposer.kt:1071)
	at androidx.compose.runtime.CompositionImpl.composeInitial(Composition.kt:633)
	at androidx.compose.runtime.CompositionImpl.setContent(Composition.kt:619)
	at androidx.compose.ui.window.Application_desktopKt$awaitApplication$2$1$2.invokeSuspend(Application.desktop.kt:221)
	at kotlin.coroutines.jvm.internal.BaseContinuationImpl.resumeWith(ContinuationImpl.kt:33)
	at kotlinx.coroutines.DispatchedTask.run(DispatchedTask.kt:104)
	at java.desktop/java.awt.event.InvocationEvent.dispatch(InvocationEvent.java:318)
	at java.desktop/java.awt.EventQueue.dispatchEventImpl(EventQueue.java:773)
	at java.desktop/java.awt.EventQueue$4.run(EventQueue.java:720)
	at java.desktop/java.awt.EventQueue$4.run(EventQueue.java:714)
	at java.base/java.security.AccessController.doPrivileged(AccessController.java:399)
	at java.base/java.security.ProtectionDomain$JavaSecurityAccessImpl.doIntersectionPrivilege(ProtectionDomain.java:86)
	at java.desktop/java.awt.EventQueue.dispatchEvent(EventQueue.java:742)
	at java.desktop/java.awt.EventDispatchThread.pumpOneEventForFilters(EventDispatchThread.java:203)
	at java.desktop/java.awt.EventDispatchThread.pumpEventsForFilter(EventDispatchThread.java:124)
	at java.desktop/java.awt.EventDispatchThread.pumpEventsForHierarchy(EventDispatchThread.java:113)
	at java.desktop/java.awt.EventDispatchThread.pumpEvents(EventDispatchThread.java:109)
	at java.desktop/java.awt.EventDispatchThread.pumpEvents(EventDispatchThread.java:101)
	at java.desktop/java.awt.EventDispatchThread.run(EventDispatchThread.java:90)

2024-06-16 17:32:19.522 INFO moe.nikky.nestcontrol.Config : loaded Config(beats=64, deck1=DeckConfig(triggerTime=0.75, transitionTime=5.0, presetQueue=PresetQueue(index=-1, name=null, autoChange=false, toggles=[]), preset=Preset(autoChange=false), sprite=Sprite(autoChange=false, index=-1, name=null, toggles=[]), spriteQueue=SpriteQueue(index=-1, name=null), spoutQueue=SpoutQueue(index=-1, name=null), spout=Spout(index=-1, label=null), spriteFX=SpriteFX(autoChange=false, blendMode=false, index=-1, toggles=[]), bpmSync=BpmSync(enabled=false, multiplier=4), strobe=Strobe(enabled=false)), deck2=DeckConfig(triggerTime=0.25, transitionTime=5.0, presetQueue=PresetQueue(index=-1, name=null, autoChange=false, toggles=[]), preset=Preset(autoChange=false), sprite=Sprite(autoChange=false, index=-1, name=null, toggles=[]), spriteQueue=SpriteQueue(index=-1, name=null), spoutQueue=SpoutQueue(index=-1, name=null), spout=Spout(index=-1, label=null), spriteFX=SpriteFX(autoChange=false, blendMode=false, index=-1, toggles=[]), bpmSync=BpmSync(enabled=false, multiplier=4), strobe=Strobe(enabled=false)))
2024-06-16 17:32:19.534 DEBUG .(DeckConfig.kt:46) : [Queue(index=4, name=sprites_fg, type=Sprite, open=true, deck=1, presets=[Preset(index=0, name=transpower.png, effects=84, overlay=false), Preset(index=1, name=estrogen.png, effects=52, overlay=false), Preset(index=2, name=lsd.jpg, effects=52, overlay=false), Preset(index=3, name=psilocybin.jpg, effects=52, overlay=false), Preset(index=4, name=NEST LOGO_4K.jpg, effects=54, overlay=false), Preset(index=5, name=impossible-161955.png, effects=56, overlay=false), Preset(index=6, name=glowing cat.jpg, effects=94, overlay=false), Preset(index=7, name=red eyes.jpg, effects=52, overlay=false), Preset(index=8, name=Recursion Hexagon - Jason Fletcher.png, effects=84, overlay=false), Preset(index=9, name=radiation-646212.png, effects=54, overlay=false), Preset(index=10, name=biohazard-148696.png, effects=52, overlay=false), Preset(index=11, name=under-construction-2408062.png, effects=52, overlay=false), Preset(index=12, name=warning-44458.png, effects=52, overlay=false), Preset(index=13, name=nezulie-icon.png, effects=54, overlay=false), Preset(index=14, name=nezulie-N.png, effects=50, overlay=false), Preset(index=15, name=nezulie-E.png, effects=52, overlay=false), Preset(index=16, name=nezulie-Z.png, effects=94, overlay=false), Preset(index=17, name=nezulie-U.png, effects=52, overlay=false), Preset(index=18, name=nezulie-L.png, effects=95, overlay=false), Preset(index=19, name=chaosdorf_green.png, effects=96, overlay=false), Preset(index=20, name=chaosdorf_monochrome.png, effects=0, overlay=false), Preset(index=21, name=nik_the_dusky.png, effects=56, overlay=false), Preset(index=22, name=tinybrainplayzX4.png, effects=50, overlay=true)]), Queue(index=5, name=spout_fg, type=Sprite, open=true, deck=1, presets=[Preset(index=0, name=NestDrop Deck 2, effects=0, overlay=false), Preset(index=1, name=Group1, effects=0, overlay=false), Preset(index=2, name=Group2, effects=0, overlay=false), Preset(index=3, name=Group3, effects=0, overlay=false), Preset(index=4, name=Group4, effects=0, overlay=false), Preset(index=5, name=Group1, effects=51, overlay=false), Preset(index=6, name=Group2, effects=51, overlay=false), Preset(index=7, name=Group3, effects=51, overlay=false), Preset(index=8, name=Group4, effects=51, overlay=false), Preset(index=9, name=Arena - 1, effects=0, overlay=false), Preset(index=10, name=Arena - 2, effects=0, overlay=false), Preset(index=11, name=Arena - 3, effects=0, overlay=false), Preset(index=12, name=Arena - 4, effects=0, overlay=false), Preset(index=13, name=Arena - 1, effects=51, overlay=false), Preset(index=14, name=Arena - 2, effects=51, overlay=false), Preset(index=15, name=Arena - 3, effects=51, overlay=false), Preset(index=16, name=Arena - 4, effects=51, overlay=false)])]
2024-06-16 17:32:19.536 INFO .(DeckConfig.kt:59) : loading presets from queue
2024-06-16 17:32:19.536 INFO .(DeckConfig.kt:62) : loaded deck1 []
2024-06-16 17:32:19.537 DEBUG .(DeckConfig.kt:74) : loading spout queue null from [Queue(index=4, name=sprites_fg, type=Sprite, open=true, deck=1, presets=[Preset(index=0, name=transpower.png, effects=84, overlay=false), Preset(index=1, name=estrogen.png, effects=52, overlay=false), Preset(index=2, name=lsd.jpg, effects=52, overlay=false), Preset(index=3, name=psilocybin.jpg, effects=52, overlay=false), Preset(index=4, name=NEST LOGO_4K.jpg, effects=54, overlay=false), Preset(index=5, name=impossible-161955.png, effects=56, overlay=false), Preset(index=6, name=glowing cat.jpg, effects=94, overlay=false), Preset(index=7, name=red eyes.jpg, effects=52, overlay=false), Preset(index=8, name=Recursion Hexagon - Jason Fletcher.png, effects=84, overlay=false), Preset(index=9, name=radiation-646212.png, effects=54, overlay=false), Preset(index=10, name=biohazard-148696.png, effects=52, overlay=false), Preset(index=11, name=under-construction-2408062.png, effects=52, overlay=false), Preset(index=12, name=warning-44458.png, effects=52, overlay=false), Preset(index=13, name=nezulie-icon.png, effects=54, overlay=false), Preset(index=14, name=nezulie-N.png, effects=50, overlay=false), Preset(index=15, name=nezulie-E.png, effects=52, overlay=false), Preset(index=16, name=nezulie-Z.png, effects=94, overlay=false), Preset(index=17, name=nezulie-U.png, effects=52, overlay=false), Preset(index=18, name=nezulie-L.png, effects=95, overlay=false), Preset(index=19, name=chaosdorf_green.png, effects=96, overlay=false), Preset(index=20, name=chaosdorf_monochrome.png, effects=0, overlay=false), Preset(index=21, name=nik_the_dusky.png, effects=56, overlay=false), Preset(index=22, name=tinybrainplayzX4.png, effects=50, overlay=true)]), Queue(index=5, name=spout_fg, type=Sprite, open=true, deck=1, presets=[Preset(index=0, name=NestDrop Deck 2, effects=0, overlay=false), Preset(index=1, name=Group1, effects=0, overlay=false), Preset(index=2, name=Group2, effects=0, overlay=false), Preset(index=3, name=Group3, effects=0, overlay=false), Preset(index=4, name=Group4, effects=0, overlay=false), Preset(index=5, name=Group1, effects=51, overlay=false), Preset(index=6, name=Group2, effects=51, overlay=false), Preset(index=7, name=Group3, effects=51, overlay=false), Preset(index=8, name=Group4, effects=51, overlay=false), Preset(index=9, name=Arena - 1, effects=0, overlay=false), Preset(index=10, name=Arena - 2, effects=0, overlay=false), Preset(index=11, name=Arena - 3, effects=0, overlay=false), Preset(index=12, name=Arena - 4, effects=0, overlay=false), Preset(index=13, name=Arena - 1, effects=51, overlay=false), Preset(index=14, name=Arena - 2, effects=51, overlay=false), Preset(index=15, name=Arena - 3, effects=51, overlay=false), Preset(index=16, name=Arena - 4, effects=51, overlay=false)])]
2024-06-16 17:32:19.539 INFO .(DeckConfig.kt:79) : loading presets from queue
2024-06-16 17:32:19.540 DEBUG .(DeckConfig.kt:46) : [Queue(index=6, name=sprites_bg, type=Sprite, open=true, deck=2, presets=[Preset(index=0, name=transpower.png, effects=94, overlay=false), Preset(index=1, name=estrogen.png, effects=50, overlay=false), Preset(index=2, name=lsd.jpg, effects=50, overlay=false), Preset(index=3, name=psilocybin.jpg, effects=52, overlay=false), Preset(index=4, name=NEST LOGO_4K.jpg, effects=50, overlay=false), Preset(index=5, name=impossible-161955.png, effects=54, overlay=false), Preset(index=6, name=glowing cat.jpg, effects=54, overlay=false), Preset(index=7, name=red eyes.jpg, effects=52, overlay=false), Preset(index=8, name=Recursion Hexagon - Jason Fletcher.png, effects=32, overlay=false), Preset(index=9, name=radiation-646212.png, effects=94, overlay=false), Preset(index=10, name=biohazard-148696.png, effects=94, overlay=false), Preset(index=11, name=under-construction-2408062.png, effects=52, overlay=false), Preset(index=12, name=warning-44458.png, effects=50, overlay=false), Preset(index=13, name=nezulie-icon.png, effects=56, overlay=false), Preset(index=14, name=nezulie-N.png, effects=95, overlay=false), Preset(index=15, name=nezulie-E.png, effects=95, overlay=false), Preset(index=16, name=nezulie-Z.png, effects=52, overlay=false), Preset(index=17, name=nezulie-U.png, effects=95, overlay=false), Preset(index=18, name=nezulie-L.png, effects=52, overlay=false), Preset(index=19, name=chaosdorf_green.png, effects=50, overlay=false), Preset(index=20, name=chaosdorf_monochrome.png, effects=0, overlay=false), Preset(index=21, name=nik_the_dusky.png, effects=50, overlay=false), Preset(index=22, name=tinybrainplayzX4.png, effects=54, overlay=false)]), Queue(index=7, name=spout_bg, type=Sprite, open=true, deck=2, presets=[Preset(index=0, name=NestDrop Deck 1, effects=0, overlay=false), Preset(index=1, name=Group1, effects=0, overlay=false), Preset(index=2, name=Group2, effects=0, overlay=false), Preset(index=3, name=Group3, effects=0, overlay=false), Preset(index=4, name=Group4, effects=0, overlay=false), Preset(index=5, name=Group1, effects=51, overlay=false), Preset(index=6, name=Group2, effects=51, overlay=false), Preset(index=7, name=Group3, effects=51, overlay=false), Preset(index=8, name=Group4, effects=51, overlay=false), Preset(index=9, name=Arena - 1, effects=0, overlay=false), Preset(index=10, name=Arena - 2, effects=0, overlay=false), Preset(index=11, name=Arena - 3, effects=0, overlay=false), Preset(index=12, name=Arena - 4, effects=0, overlay=false), Preset(index=13, name=Arena - 1, effects=51, overlay=false), Preset(index=14, name=Arena - 2, effects=51, overlay=false), Preset(index=15, name=Arena - 3, effects=51, overlay=false), Preset(index=16, name=Arena - 4, effects=51, overlay=false)])]
2024-06-16 17:32:19.541 INFO .(DeckConfig.kt:59) : loading presets from queue
2024-06-16 17:32:19.541 INFO .(DeckConfig.kt:62) : loaded deck2 []
2024-06-16 17:32:19.542 DEBUG .(DeckConfig.kt:74) : loading spout queue null from [Queue(index=6, name=sprites_bg, type=Sprite, open=true, deck=2, presets=[Preset(index=0, name=transpower.png, effects=94, overlay=false), Preset(index=1, name=estrogen.png, effects=50, overlay=false), Preset(index=2, name=lsd.jpg, effects=50, overlay=false), Preset(index=3, name=psilocybin.jpg, effects=52, overlay=false), Preset(index=4, name=NEST LOGO_4K.jpg, effects=50, overlay=false), Preset(index=5, name=impossible-161955.png, effects=54, overlay=false), Preset(index=6, name=glowing cat.jpg, effects=54, overlay=false), Preset(index=7, name=red eyes.jpg, effects=52, overlay=false), Preset(index=8, name=Recursion Hexagon - Jason Fletcher.png, effects=32, overlay=false), Preset(index=9, name=radiation-646212.png, effects=94, overlay=false), Preset(index=10, name=biohazard-148696.png, effects=94, overlay=false), Preset(index=11, name=under-construction-2408062.png, effects=52, overlay=false), Preset(index=12, name=warning-44458.png, effects=50, overlay=false), Preset(index=13, name=nezulie-icon.png, effects=56, overlay=false), Preset(index=14, name=nezulie-N.png, effects=95, overlay=false), Preset(index=15, name=nezulie-E.png, effects=95, overlay=false), Preset(index=16, name=nezulie-Z.png, effects=52, overlay=false), Preset(index=17, name=nezulie-U.png, effects=95, overlay=false), Preset(index=18, name=nezulie-L.png, effects=52, overlay=false), Preset(index=19, name=chaosdorf_green.png, effects=50, overlay=false), Preset(index=20, name=chaosdorf_monochrome.png, effects=0, overlay=false), Preset(index=21, name=nik_the_dusky.png, effects=50, overlay=false), Preset(index=22, name=tinybrainplayzX4.png, effects=54, overlay=false)]), Queue(index=7, name=spout_bg, type=Sprite, open=true, deck=2, presets=[Preset(index=0, name=NestDrop Deck 1, effects=0, overlay=false), Preset(index=1, name=Group1, effects=0, overlay=false), Preset(index=2, name=Group2, effects=0, overlay=false), Preset(index=3, name=Group3, effects=0, overlay=false), Preset(index=4, name=Group4, effects=0, overlay=false), Preset(index=5, name=Group1, effects=51, overlay=false), Preset(index=6, name=Group2, effects=51, overlay=false), Preset(index=7, name=Group3, effects=51, overlay=false), Preset(index=8, name=Group4, effects=51, overlay=false), Preset(index=9, name=Arena - 1, effects=0, overlay=false), Preset(index=10, name=Arena - 2, effects=0, overlay=false), Preset(index=11, name=Arena - 3, effects=0, overlay=false), Preset(index=12, name=Arena - 4, effects=0, overlay=false), Preset(index=13, name=Arena - 1, effects=51, overlay=false), Preset(index=14, name=Arena - 2, effects=51, overlay=false), Preset(index=15, name=Arena - 3, effects=51, overlay=false), Preset(index=16, name=Arena - 4, effects=51, overlay=false)])]
2024-06-16 17:32:19.543 INFO .(DeckConfig.kt:79) : loading presets from queue
2024-06-16 17:32:20.044 INFO nestdrop.deck.PresetQueues : initializing preset queues
2024-06-16 17:32:20.045 INFO nestdrop.deck.PresetQueues : queues updated
2024-06-16 17:32:20.052 INFO nestdrop.deck.PresetQueues : queues updated
2024-06-16 17:32:20.051 INFO nestdrop.deck.PresetQueues : combining queues with deck switches
2024-06-16 17:32:20.054 INFO nestdrop.deck.Deck : initializing deck1
2024-06-16 17:32:20.054 INFO nestdrop.deck.PresetQueues : combining queues with deck switches
2024-06-16 17:32:20.054 INFO nestdrop.deck.PresetQueues : queues updated
2024-06-16 17:32:20.054 INFO nestdrop.deck.PresetQueues : combining queues with deck switches
2024-06-16 17:32:20.055 INFO nestdrop.deck.PresetQueues : queues updated
2024-06-16 17:32:20.055 INFO nestdrop.deck.PresetQueues : combining queues with deck switches
2024-06-16 17:32:20.056 INFO nestdrop.deck.PresetQueues : queues updated
2024-06-16 17:32:20.057 INFO nestdrop.deck.PresetQueues : combining queues with deck switches
2024-06-16 17:32:20.058 INFO nestdrop.deck.PresetQueues : queues updated
2024-06-16 17:32:20.087 INFO nestdrop.deck.Deck : initializing deck1 preset queue
2024-06-16 17:32:20.101 INFO nestdrop.deck.Deck : initializing deck1 preset
2024-06-16 17:32:20.101 INFO nestdrop.deck.Deck : deck1 queue: null
2024-06-16 17:32:20.103 INFO nestdrop.deck.Deck : initializing deck1 sprite queues
2024-06-16 17:32:20.105 INFO nestdrop.deck.Deck : initializing deck1 sprite queue
2024-06-16 17:32:20.110 INFO nestdrop.deck.Deck : initializing deck1 sprite
2024-06-16 17:32:20.114 INFO nestdrop.deck.Deck : initializing deck1 sprite fx
2024-06-16 17:32:20.117 INFO nestdrop.deck.Deck : initializing deck1 spout queue
2024-06-16 17:32:20.119 INFO nestdrop.deck.Deck : setting deck1 FX to 0
2024-06-16 17:32:20.120 INFO nestdrop.deck.Deck : initializing deck1 spout
2024-06-16 17:32:20.122 INFO nestdrop.deck.Deck : deck1 spout name null
2024-06-16 17:32:20.124 INFO nestdrop.deck.Deck : initializing deck2
2024-06-16 17:32:20.126 INFO nestdrop.deck.Deck : spout sync triggered
2024-06-16 17:32:20.126 INFO nestdrop.deck.Deck : initializing deck2 preset queue
2024-06-16 17:32:20.127 INFO nestdrop.deck.Deck : initializing deck2 preset
2024-06-16 17:32:20.127 INFO nestdrop.deck.Deck : deck2 queue: null
2024-06-16 17:32:20.129 INFO nestdrop.deck.Deck : initializing deck2 sprite queues
2024-06-16 17:32:20.130 INFO nestdrop.deck.Deck : deck1 spout index changed: -1
2024-06-16 17:32:20.130 INFO nestdrop.deck.Deck : initializing deck2 sprite queue
2024-06-16 17:32:20.131 INFO nestdrop.deck.Deck : initializing deck2 sprite
2024-06-16 17:32:20.132 INFO nestdrop.deck.Deck : initializing deck2 sprite fx
2024-06-16 17:32:20.133 INFO nestdrop.deck.Deck : initializing deck2 spout queue
2024-06-16 17:32:20.134 INFO nestdrop.deck.Deck : setting deck2 FX to 0
2024-06-16 17:32:20.134 INFO nestdrop.deck.Deck : deck1 spout queue changed: null
2024-06-16 17:32:20.134 INFO nestdrop.deck.Deck : initializing deck2 spout
2024-06-16 17:32:20.135 INFO nestdrop.deck.Deck : deck2 spout name null
2024-06-16 17:32:20.136 INFO nestdrop.deck.Deck : spout sync triggered
2024-06-16 17:32:20.136 INFO nestdrop.deck.Deck : deck2 spout queue changed: null
2024-06-16 17:32:20.137 INFO nestdrop.deck.Deck : deck2 spout index changed: -1
2024-06-16 17:32:20.139 INFO nestdrop.deck.loadDeckSettingsKt : loading settings from deck1
2024-06-16 17:32:20.168 DEBUG .(NestdropSpriteQueue.kt:122) : not switching after initializing program
2024-06-16 17:32:20.182 DEBUG .(NestdropSpriteQueue.kt:122) : not switching after initializing program
2024-06-16 17:32:20.230 INFO nestdrop.deck.Deck : deck1 spout change: -1 in null
2024-06-16 17:32:20.230 DEBUG .(NestdropSpriteQueue.kt:122) : not switching after initializing program
2024-06-16 17:32:20.236 INFO nestdrop.deck.Deck : deck2 spout change: -1 in null
2024-06-16 17:32:20.236 DEBUG .(NestdropSpriteQueue.kt:122) : not switching after initializing program
2024-06-16 17:32:20.253 INFO nestdrop.deck.loadDeckSettingsKt : DeckSettings(deckPanelsIsOpen=StringValue(value=0,0,0,0,0,0), transitTime=FloatValue(value=3.6), fps=IntValue(value=30), animationSpeed=FloatValue(value=0.5217391), zoomSpeed=FloatValue(value=0.9), ZoomExp=FloatValue(value=1.0), rotationSpeed=FloatValue(value=0.9), wrapSpeed=FloatValue(value=0.8), horizontalMotion=FloatValue(value=0.0), verticalMotion=FloatValue(value=0.0), stretchSpeed=FloatValue(value=1.0), waveMode=FloatValue(value=1.0), negative=FloatValue(value=0.0), red=FloatValue(value=1.0), green=FloatValue(value=1.0), blue=FloatValue(value=1.0), brightness=FloatValue(value=1.0), contrast=FloatValue(value=1.160816), gamma=FloatValue(value=1.210332), hue=FloatValue(value=0.0), saturation=FloatValue(value=1.0), lumaKey=RangeValue(min=0.0, max=1.0), alpha=FloatValue(value=1.0), strobe=Strobe(effectIndex=14, color=4294967295, effectSpanMin=0.0, effectSpanMax=1.0, triggerIndex=0, speed=0.26, pulseWidth=1.0, waveFormIndex=2), audio=Audio(channel=3, bass=1.0, mid=1.0, treble=1.0), spout=Spout(width=1920, height=1080), videoDeck=VideoDeck(preview=4, topMost=false), outputMonitor=IntValue(value=0), ndi=BooleanValue(value=false))
2024-06-16 17:32:20.254 INFO nestdrop.deck.loadDeckSettingsKt : loading settings from deck2
2024-06-16 17:32:20.322 INFO nestdrop.deck.loadDeckSettingsKt : DeckSettings(deckPanelsIsOpen=StringValue(value=0,0,0,0,0,0), transitTime=FloatValue(value=3.2), fps=IntValue(value=30), animationSpeed=FloatValue(value=0.5217391), zoomSpeed=FloatValue(value=1.0), ZoomExp=FloatValue(value=1.0), rotationSpeed=FloatValue(value=1.0), wrapSpeed=FloatValue(value=1.0), horizontalMotion=FloatValue(value=0.0), verticalMotion=FloatValue(value=0.0), stretchSpeed=FloatValue(value=1.0), waveMode=FloatValue(value=0.0), negative=FloatValue(value=0.0), red=FloatValue(value=1.0), green=FloatValue(value=1.0), blue=FloatValue(value=1.0), brightness=FloatValue(value=1.0), contrast=FloatValue(value=1.236419), gamma=FloatValue(value=1.085513), hue=FloatValue(value=0.0), saturation=FloatValue(value=1.0), lumaKey=RangeValue(min=0.0, max=1.0), alpha=FloatValue(value=1.0), strobe=Strobe(effectIndex=14, color=4294967295, effectSpanMin=0.0, effectSpanMax=1.0, triggerIndex=0, speed=0.26, pulseWidth=1.0, waveFormIndex=2), audio=Audio(channel=3, bass=1.0, mid=1.0, treble=1.0), spout=Spout(width=1920, height=1080), videoDeck=VideoDeck(preview=4, topMost=false), outputMonitor=IntValue(value=0), ndi=BooleanValue(value=false))
2024-06-16 17:32:20.325 INFO Main : initializing OSC
2024-06-16 17:32:20.878 INFO Main : re-emitting all values
