2024-06-16 23:10:40.557 WARN Main : WARN
2024-06-16 23:10:40.562 ERROR Main : ERROR
2024-06-16 23:10:40.564 FATAL Main : FATAL
2024-06-16 23:10:40.568 INFO osc.OscSynced : creating synced value for /linkConnected
2024-06-16 23:10:40.571 INFO osc.OscSynced : creating synced value for /bpm
2024-06-16 23:10:40.571 INFO osc.OscSynced : creating synced value for /peers
2024-06-16 23:10:40.577 WARN Main : waiting for link to connect
2024-06-16 23:10:40.675 INFO Link : connecting to ableton link...
2024-06-16 23:10:41.128 INFO osc.OscSynced : creating synced value for /composition/groups/1/video/effects/motionextraction/bypassed
2024-06-16 23:10:41.129 INFO osc.OscSynced : creating synced value for /composition/groups/1/video/effects/motionextraction/effect/delay
2024-06-16 23:10:41.129 INFO osc.OscSynced : creating synced value for /resolume/1/motion_extraction/enabled
2024-06-16 23:10:41.129 INFO osc.OscSynced : creating synced value for /composition/groups/1/video/effects/automask/bypassed
2024-06-16 23:10:41.134 INFO osc.OscSynced : creating synced value for /resolume/1/motion_extraction/delay
2024-06-16 23:10:41.138 INFO osc.OscSynced : creating synced value for /resolume/1/auto_mask
2024-06-16 23:10:41.144 INFO osc.OscSynced : creating synced value for /composition/groups/2/video/effects/motionextraction/bypassed
2024-06-16 23:10:41.144 INFO osc.OscSynced : creating synced value for /composition/groups/2/video/effects/automask/bypassed
2024-06-16 23:10:41.144 INFO osc.OscSynced : creating synced value for /composition/groups/2/video/effects/motionextraction/effect/delay
2024-06-16 23:10:41.144 INFO osc.OscSynced : creating synced value for /resolume/2/motion_extraction/enabled
2024-06-16 23:10:41.146 INFO osc.OscSynced : creating synced value for /resolume/2/motion_extraction/delay
2024-06-16 23:10:41.146 INFO osc.OscSynced : creating synced value for /resolume/2/auto_mask
2024-06-16 23:10:41.146 INFO osc.OscSynced : creating synced value for /composition/groups/3/video/effects/motionextraction/bypassed
2024-06-16 23:10:41.147 INFO osc.OscSynced : creating synced value for /resolume/3/motion_extraction/enabled
2024-06-16 23:10:41.147 INFO osc.OscSynced : creating synced value for /composition/groups/3/video/effects/motionextraction/effect/delay
2024-06-16 23:10:41.147 INFO osc.OscSynced : creating synced value for /composition/groups/3/video/effects/automask/bypassed
2024-06-16 23:10:41.147 INFO osc.OscSynced : creating synced value for /composition/groups/4/video/effects/motionextraction/bypassed
2024-06-16 23:10:41.147 INFO osc.OscSynced : creating synced value for /resolume/3/motion_extraction/delay
2024-06-16 23:10:41.147 INFO osc.OscSynced : creating synced value for /resolume/3/auto_mask
2024-06-16 23:10:41.147 INFO osc.OscSynced : creating synced value for /composition/groups/4/video/effects/motionextraction/effect/delay
2024-06-16 23:10:41.147 INFO osc.OscSynced : creating synced value for /composition/groups/4/video/effects/automask/bypassed
2024-06-16 23:10:41.147 INFO osc.OscSynced : creating synced value for /resolume/4/motion_extraction/enabled
2024-06-16 23:10:41.147 INFO osc.OscSynced : creating synced value for /resolume/4/auto_mask
2024-06-16 23:10:41.147 INFO osc.OscSynced : creating synced value for /resolume/4/motion_extraction/delay
2024-06-16 23:10:41.191 INFO osc.OSCUtil : creating buttons for group 1 layer 1 (1)
2024-06-16 23:10:41.192 INFO osc.OscSynced : creating synced value for /composition/layers/1/connectspecificclip
2024-06-16 23:10:41.195 INFO osc.OSCUtil : creating buttons for group 1 layer 2 (2)
2024-06-16 23:10:41.195 INFO osc.OscSynced : creating synced value for /composition/layers/2/connectspecificclip
2024-06-16 23:10:41.196 INFO osc.OSCUtil : creating buttons for group 1 layer 3 (3)
2024-06-16 23:10:41.196 INFO osc.OscSynced : creating synced value for /composition/layers/3/connectspecificclip
2024-06-16 23:10:41.196 INFO osc.OSCUtil : resolume group 1 layer 2 connectSpecificClip index -1
2024-06-16 23:10:41.196 INFO osc.OSCUtil : creating buttons for group 2 layer 1 (4)
2024-06-16 23:10:41.196 INFO osc.OscSynced : creating synced value for /composition/layers/4/connectspecificclip
2024-06-16 23:10:41.196 INFO osc.OSCUtil : resolume group 1 layer 3 connectSpecificClip index -1
2024-06-16 23:10:41.196 INFO osc.OSCUtil : creating buttons for group 2 layer 2 (5)
2024-06-16 23:10:41.196 INFO osc.OSCUtil : resolume group 2 layer 1 connectSpecificClip index -1
2024-06-16 23:10:41.196 INFO osc.OscSynced : creating synced value for /composition/layers/5/connectspecificclip
2024-06-16 23:10:41.196 INFO osc.OSCUtil : resolume group 1 layer 1 connectSpecificClip index -1
2024-06-16 23:10:41.196 INFO osc.OSCUtil : creating buttons for group 2 layer 3 (6)
2024-06-16 23:10:41.197 INFO osc.OscSynced : creating synced value for /composition/layers/6/connectspecificclip
2024-06-16 23:10:41.196 INFO osc.OSCUtil : resolume group 2 layer 2 connectSpecificClip index -1
2024-06-16 23:10:41.197 INFO osc.OSCUtil : creating buttons for group 3 layer 1 (7)
2024-06-16 23:10:41.197 INFO osc.OSCUtil : resolume group 2 layer 3 connectSpecificClip index -1
2024-06-16 23:10:41.197 INFO osc.OscSynced : creating synced value for /composition/layers/7/connectspecificclip
2024-06-16 23:10:41.198 INFO osc.OSCUtil : resolume group 3 layer 1 connectSpecificClip index -1
2024-06-16 23:10:41.198 INFO osc.OSCUtil : creating buttons for group 3 layer 2 (8)
2024-06-16 23:10:41.198 INFO osc.OSCUtil : creating buttons for group 3 layer 3 (9)
2024-06-16 23:10:41.198 INFO osc.OscSynced : creating synced value for /composition/layers/9/connectspecificclip
2024-06-16 23:10:41.198 INFO osc.OscSynced : creating synced value for /composition/layers/8/connectspecificclip
2024-06-16 23:10:41.198 INFO osc.OSCUtil : resolume group 3 layer 2 connectSpecificClip index -1
2024-06-16 23:10:41.198 INFO osc.OSCUtil : resolume group 4 layer 1 connectSpecificClip index -1
2024-06-16 23:10:41.198 INFO osc.OSCUtil : creating buttons for group 4 layer 1 (10)
2024-06-16 23:10:41.198 INFO osc.OSCUtil : resolume group 3 layer 3 connectSpecificClip index -1
2024-06-16 23:10:41.198 INFO osc.OSCUtil : creating buttons for group 4 layer 2 (11)
2024-06-16 23:10:41.198 INFO osc.OscSynced : creating synced value for /composition/layers/11/connectspecificclip
2024-06-16 23:10:41.198 INFO osc.OscSynced : creating synced value for /composition/layers/10/connectspecificclip
2024-06-16 23:10:41.198 INFO osc.OSCUtil : creating buttons for group 4 layer 3 (12)
2024-06-16 23:10:41.198 INFO osc.OscSynced : creating synced value for /composition/layers/12/connectspecificclip
2024-06-16 23:10:41.198 INFO osc.OSCUtil : resolume group 4 layer 2 connectSpecificClip index -1
2024-06-16 23:10:41.198 INFO osc.OSCUtil : creating buttons for group 5 layer 1 (13)
2024-06-16 23:10:41.199 INFO osc.OSCUtil : resolume group 4 layer 3 connectSpecificClip index -1
2024-06-16 23:10:41.199 INFO osc.OscSynced : creating synced value for /composition/layers/13/connectspecificclip
2024-06-16 23:10:41.199 INFO osc.OSCUtil : creating buttons for group 5 layer 2 (14)
2024-06-16 23:10:41.199 INFO osc.OscSynced : creating synced value for /composition/layers/14/connectspecificclip
2024-06-16 23:10:41.199 INFO osc.OSCUtil : creating buttons for group 5 layer 3 (15)
2024-06-16 23:10:41.199 INFO osc.OscSynced : creating synced value for /composition/layers/15/connectspecificclip
2024-06-16 23:10:41.199 INFO osc.OSCUtil : creating buttons for group 5 layer 4 (16)
2024-06-16 23:10:41.199 INFO osc.OSCUtil : resolume group 5 layer 1 connectSpecificClip index -1
2024-06-16 23:10:41.200 INFO osc.OscSynced : creating synced value for /composition/layers/17/connectspecificclip
2024-06-16 23:10:41.199 INFO osc.OscSynced : creating synced value for /composition/layers/16/connectspecificclip
2024-06-16 23:10:41.199 INFO osc.OSCUtil : creating buttons for group 5 layer 5 (17)
2024-06-16 23:10:41.199 INFO osc.OSCUtil : resolume group 5 layer 2 connectSpecificClip index -1
2024-06-16 23:10:41.200 INFO osc.OSCUtil : creating buttons for group 6 layer 1 (18)
2024-06-16 23:10:41.200 INFO osc.OscSynced : creating synced value for /composition/layers/18/connectspecificclip
2024-06-16 23:10:41.200 INFO osc.OSCUtil : creating buttons for group 6 layer 2 (19)
2024-06-16 23:10:41.200 INFO osc.OscSynced : creating synced value for /composition/layers/19/connectspecificclip
2024-06-16 23:10:41.200 INFO osc.OSCUtil : creating buttons for group 6 layer 3 (20)
2024-06-16 23:10:41.200 INFO osc.OscSynced : creating synced value for /composition/layers/20/connectspecificclip
2024-06-16 23:10:41.201 INFO osc.OSCUtil : creating buttons for group 6 layer 4 (21)
2024-06-16 23:10:41.201 INFO osc.OscSynced : creating synced value for /composition/layers/21/connectspecificclip
2024-06-16 23:10:41.201 INFO osc.OSCUtil : creating buttons for group 6 layer 5 (22)
2024-06-16 23:10:41.201 INFO osc.OSCUtil : resolume group 5 layer 3 connectSpecificClip index -1
2024-06-16 23:10:41.201 INFO osc.OscSynced : creating synced value for /composition/layers/22/connectspecificclip
2024-06-16 23:10:41.201 INFO osc.OscSynced : creating synced value for /composition/layers/23/connectspecificclip
2024-06-16 23:10:41.201 INFO osc.OSCUtil : creating buttons for group 6 layer 6 (23)
2024-06-16 23:10:41.201 INFO osc.OSCUtil : creating buttons for group 6 layer 7 (24)
2024-06-16 23:10:41.201 INFO osc.OscSynced : creating synced value for /composition/layers/24/connectspecificclip
2024-06-16 23:10:41.201 INFO osc.OSCUtil : creating buttons for group 6 layer 8 (25)
2024-06-16 23:10:41.202 INFO osc.OscSynced : creating synced value for /composition/layers/25/connectspecificclip
2024-06-16 23:10:41.202 INFO osc.OSCUtil : creating buttons for group 6 layer 9 (26)
2024-06-16 23:10:41.202 INFO osc.OscSynced : creating synced value for /composition/layers/26/connectspecificclip
2024-06-16 23:10:41.202 INFO osc.OSCUtil : creating buttons for group 7 layer 1 (27)
2024-06-16 23:10:41.202 INFO osc.OscSynced : creating synced value for /composition/layers/27/connectspecificclip
2024-06-16 23:10:41.215 INFO osc.OSCUtil : resolume group 3 layer 3 changed to null
2024-06-16 23:10:41.215 INFO osc.OSCUtil : resolume group 1 layer 2 changed to null
2024-06-16 23:10:41.215 INFO osc.OSCUtil : resolume group 2 layer 1 changed to null
2024-06-16 23:10:41.215 INFO osc.OSCUtil : resolume group 2 layer 3 changed to null
2024-06-16 23:10:41.215 INFO osc.OSCUtil : resolume group 4 layer 3 changed to null
2024-06-16 23:10:41.215 INFO osc.OSCUtil : resolume group 4 layer 1 changed to null
2024-06-16 23:10:41.215 INFO osc.OSCUtil : resolume group 5 layer 5 changed to null
2024-06-16 23:10:41.215 INFO osc.OSCUtil : resolume group 4 layer 2 changed to null
2024-06-16 23:10:41.215 INFO osc.OSCUtil : resolume group 5 layer 4 connectSpecificClip index -1
2024-06-16 23:10:41.215 INFO osc.OSCUtil : resolume group 5 layer 5 connectSpecificClip index -1
2024-06-16 23:10:41.216 INFO osc.OSCUtil : resolume group 5 layer 4 changed to null
2024-06-16 23:10:41.216 INFO osc.OSCUtil : resolume group 6 layer 1 changed to null
2024-06-16 23:10:41.216 INFO osc.OSCUtil : resolume group 6 layer 1 connectSpecificClip index -1
2024-06-16 23:10:41.216 INFO osc.OSCUtil : resolume group 6 layer 2 changed to null
2024-06-16 23:10:41.216 INFO osc.OSCUtil : resolume group 6 layer 2 connectSpecificClip index -1
2024-06-16 23:10:41.216 INFO osc.OSCUtil : resolume group 5 layer 3 changed to null
2024-06-16 23:10:41.216 INFO osc.OSCUtil : resolume group 6 layer 3 connectSpecificClip index -1
2024-06-16 23:10:41.216 INFO osc.OSCUtil : resolume group 6 layer 5 changed to null
2024-06-16 23:10:41.216 INFO osc.OSCUtil : resolume group 1 layer 3 changed to null
2024-06-16 23:10:41.216 INFO osc.OSCUtil : resolume group 6 layer 4 changed to null
2024-06-16 23:10:41.216 INFO osc.OSCUtil : resolume group 6 layer 3 changed to null
2024-06-16 23:10:41.216 INFO osc.OSCUtil : resolume group 6 layer 4 connectSpecificClip index -1
2024-06-16 23:10:41.216 INFO osc.OSCUtil : resolume group 6 layer 5 connectSpecificClip index -1
2024-06-16 23:10:41.216 INFO osc.OSCUtil : resolume group 3 layer 2 changed to null
2024-06-16 23:10:41.216 INFO osc.OSCUtil : resolume group 6 layer 6 connectSpecificClip index -1
2024-06-16 23:10:41.216 INFO osc.OSCUtil : resolume group 2 layer 2 changed to null
2024-06-16 23:10:41.216 INFO osc.OSCUtil : resolume group 6 layer 6 changed to null
2024-06-16 23:10:41.216 INFO osc.OSCUtil : resolume group 6 layer 7 changed to null
2024-06-16 23:10:41.216 INFO osc.OSCUtil : resolume group 6 layer 7 connectSpecificClip index -1
2024-06-16 23:10:41.216 INFO osc.OSCUtil : resolume group 6 layer 8 connectSpecificClip index -1
2024-06-16 23:10:41.216 INFO osc.OSCUtil : resolume group 6 layer 9 changed to null
2024-06-16 23:10:41.216 INFO osc.OSCUtil : resolume group 6 layer 8 changed to null
2024-06-16 23:10:41.216 INFO osc.OSCUtil : resolume group 6 layer 9 connectSpecificClip index -1
2024-06-16 23:10:41.216 INFO osc.OSCUtil : resolume group 7 layer 1 changed to null
2024-06-16 23:10:41.216 INFO osc.OSCUtil : resolume group 7 layer 1 connectSpecificClip index -1
2024-06-16 23:10:41.216 INFO osc.OSCUtil : resolume group 1 layer 1 changed to null
2024-06-16 23:10:41.216 INFO osc.OSCUtil : resolume group 5 layer 1 changed to null
2024-06-16 23:10:41.220 INFO osc.OSCUtil : resolume group 3 layer 1 changed to null
2024-06-16 23:10:41.222 INFO osc.OSCUtil : resolume group 5 layer 2 changed to null
2024-06-16 23:10:41.241 INFO osc.OSCUtil : {}
2024-06-16 23:10:42.205 INFO osc.OscSynced : creating synced value for /beats
2024-06-16 23:10:42.205 INFO osc.OscSynced : creating synced value for /beatProgress
2024-06-16 23:10:42.205 INFO osc.OscSynced : creating synced value for /bpmRounded
2024-06-16 23:10:42.216 INFO nestdrop.loadQueuesKt : loading queues from C:\Users\nikky\VJ\NestDropProV2\DefaultUserProfile.xml
2024-06-16 23:10:43.747 INFO Config : loaded Config(beats=64, deck1=DeckConfig(triggerTime=0.75, transitionTime=5.0, presetQueue=PresetQueue(index=-1, name=null, autoChange=false, toggles=[]), preset=Preset(autoChange=false), sprite=Sprite(autoChange=false, index=-1, name=null, toggles=[]), spriteQueue=SpriteQueue(index=-1, name=null), spoutQueue=SpoutQueue(index=-1, name=null), spout=Spout(index=-1, label=null), spriteFX=SpriteFX(autoChange=false, blendMode=false, index=-1, toggles=[]), bpmSync=BpmSync(enabled=false, multiplier=4), strobe=Strobe(enabled=false)), deck2=DeckConfig(triggerTime=0.25, transitionTime=5.0, presetQueue=PresetQueue(index=-1, name=null, autoChange=false, toggles=[]), preset=Preset(autoChange=false), sprite=Sprite(autoChange=false, index=-1, name=null, toggles=[]), spriteQueue=SpriteQueue(index=-1, name=null), spoutQueue=SpoutQueue(index=-1, name=null), spout=Spout(index=-1, label=null), spriteFX=SpriteFX(autoChange=false, blendMode=false, index=-1, toggles=[]), bpmSync=BpmSync(enabled=false, multiplier=4), strobe=Strobe(enabled=false)))
2024-06-16 23:10:43.754 INFO nestcontrol.deck.DeckConfig : loading presets from queue
2024-06-16 23:10:43.757 INFO nestcontrol.deck.DeckConfig : loaded deck1 []
2024-06-16 23:10:43.760 INFO nestcontrol.deck.DeckConfig : loading presets from queue
2024-06-16 23:10:43.761 INFO nestcontrol.deck.DeckConfig : loaded deck2 []
2024-06-16 23:10:43.760 INFO nestcontrol.deck.DeckConfig : loading presets from queue
2024-06-16 23:10:43.761 INFO nestcontrol.deck.DeckConfig : loading presets from queue
2024-06-16 23:10:44.262 INFO nestdrop.deck.PresetQueues : initializing preset queues
2024-06-16 23:10:44.263 INFO nestdrop.deck.PresetQueues : queues updated
2024-06-16 23:10:44.266 INFO nestdrop.deck.PresetQueues : queues updated
2024-06-16 23:10:44.266 INFO nestdrop.deck.PresetQueues : combining queues with deck switches
2024-06-16 23:10:44.267 INFO nestdrop.deck.PresetQueues : queues updated
2024-06-16 23:10:44.267 INFO nestdrop.deck.PresetQueues : combining queues with deck switches
2024-06-16 23:10:44.267 INFO nestdrop.deck.Deck : initializing deck1
2024-06-16 23:10:44.267 INFO nestdrop.deck.PresetQueues : combining queues with deck switches
2024-06-16 23:10:44.267 INFO nestdrop.deck.PresetQueues : queues updated
2024-06-16 23:10:44.267 INFO nestdrop.deck.PresetQueues : combining queues with deck switches
2024-06-16 23:10:44.267 INFO nestdrop.deck.PresetQueues : queues updated
2024-06-16 23:10:44.268 INFO nestdrop.deck.PresetQueues : queues updated
2024-06-16 23:10:44.268 INFO nestdrop.deck.PresetQueues : combining queues with deck switches
2024-06-16 23:10:44.271 INFO nestdrop.deck.PresetQueues : combining queues with deck switches
2024-06-16 23:10:44.271 INFO nestdrop.deck.PresetQueues : queues updated
2024-06-16 23:10:44.271 INFO nestdrop.deck.PresetQueues : combining queues with deck switches
2024-06-16 23:10:44.271 INFO nestdrop.deck.PresetQueues : queues updated
2024-06-16 23:10:44.287 INFO nestdrop.deck.Deck : initializing deck1 preset queue
2024-06-16 23:10:44.291 INFO nestdrop.deck.Deck : initializing deck1 preset
2024-06-16 23:10:44.291 INFO nestdrop.deck.Deck : deck1 queue: null
2024-06-16 23:10:44.293 INFO nestdrop.deck.Deck : initializing deck1 sprite queues
2024-06-16 23:10:44.294 INFO nestdrop.deck.Deck : initializing deck1 sprite queue
2024-06-16 23:10:44.298 INFO nestdrop.deck.Deck : initializing deck1 sprite
2024-06-16 23:10:44.301 INFO nestdrop.deck.Deck : initializing deck1 sprite fx
2024-06-16 23:10:44.306 INFO nestdrop.deck.Deck : initializing deck1 spout queue
2024-06-16 23:10:44.306 INFO nestdrop.deck.Deck : setting deck1 FX to 0
2024-06-16 23:10:44.310 INFO nestdrop.deck.Deck : initializing deck1 spout
2024-06-16 23:10:44.311 INFO nestdrop.deck.Deck : deck1 spout name null
2024-06-16 23:10:44.312 INFO nestdrop.deck.Deck : initializing deck2
2024-06-16 23:10:44.312 INFO nestdrop.deck.Deck : spout sync triggered
2024-06-16 23:10:44.312 INFO nestdrop.deck.Deck : initializing deck2 preset queue
2024-06-16 23:10:44.312 INFO nestdrop.deck.Deck : initializing deck2 preset
2024-06-16 23:10:44.313 INFO nestdrop.deck.Deck : initializing deck2 sprite fx
2024-06-16 23:10:44.312 INFO nestdrop.deck.Deck : initializing deck2 sprite queues
2024-06-16 23:10:44.313 INFO nestdrop.deck.Deck : initializing deck2 sprite queue
2024-06-16 23:10:44.313 INFO nestdrop.deck.Deck : initializing deck2 spout
2024-06-16 23:10:44.313 INFO nestdrop.deck.Deck : deck2 queue: null
2024-06-16 23:10:44.313 INFO nestdrop.deck.Deck : initializing deck2 sprite
2024-06-16 23:10:44.313 INFO nestdrop.deck.Deck : initializing deck2 spout queue
2024-06-16 23:10:44.313 INFO nestdrop.deck.Deck : setting deck2 FX to 0
2024-06-16 23:10:44.313 INFO nestdrop.deck.Deck : spout sync triggered
2024-06-16 23:10:44.313 INFO nestdrop.deck.Deck : deck2 spout name null
2024-06-16 23:10:44.313 INFO nestdrop.deck.Deck : deck1 spout queue changed: null
2024-06-16 23:10:44.313 INFO nestdrop.deck.Deck : deck2 spout queue changed: null
2024-06-16 23:10:44.313 INFO nestdrop.deck.Deck : deck1 spout index changed: -1
2024-06-16 23:10:44.313 INFO nestdrop.deck.Deck : deck2 spout index changed: -1
2024-06-16 23:10:44.317 INFO nestdrop.deck.loadDeckSettingsKt : loading settings from deck1
2024-06-16 23:10:44.384 INFO nestdrop.deck.loadDeckSettingsKt : DeckSettings(deckPanelsIsOpen=StringValue(value=0,0,0,0,0,0), transitTime=FloatValue(value=3.6), fps=IntValue(value=30), animationSpeed=FloatValue(value=0.5190856), zoomSpeed=FloatValue(value=0.9), ZoomExp=FloatValue(value=1.0), rotationSpeed=FloatValue(value=0.9), wrapSpeed=FloatValue(value=0.8), horizontalMotion=FloatValue(value=0.0), verticalMotion=FloatValue(value=0.0), stretchSpeed=FloatValue(value=1.0), waveMode=FloatValue(value=1.0), negative=FloatValue(value=0.0), red=FloatValue(value=1.0), green=FloatValue(value=1.0), blue=FloatValue(value=1.0), brightness=FloatValue(value=1.0), contrast=FloatValue(value=1.0), gamma=FloatValue(value=1.0), hue=FloatValue(value=0.0), saturation=FloatValue(value=1.0), lumaKey=RangeValue(min=0.0, max=1.0), alpha=FloatValue(value=1.0), strobe=Strobe(effectIndex=14, color=4294967295, effectSpanMin=0.0, effectSpanMax=1.0, triggerIndex=0, speed=0.26, pulseWidth=1.0, waveFormIndex=2), audio=Audio(channel=3, bass=1.0, mid=1.0, treble=1.0), spout=Spout(width=1920, height=1080), videoDeck=VideoDeck(preview=4, topMost=false), outputMonitor=IntValue(value=0), ndi=BooleanValue(value=false))
2024-06-16 23:10:44.384 INFO nestdrop.deck.loadDeckSettingsKt : loading settings from deck2
2024-06-16 23:10:44.415 INFO nestdrop.deck.Deck : deck1 spout change: -1 in null
2024-06-16 23:10:44.415 INFO nestdrop.deck.Deck : deck2 spout change: -1 in null
2024-06-16 23:10:44.424 INFO nestdrop.deck.loadDeckSettingsKt : DeckSettings(deckPanelsIsOpen=StringValue(value=0,0,0,0,0,0), transitTime=FloatValue(value=3.2), fps=IntValue(value=30), animationSpeed=FloatValue(value=0.5190856), zoomSpeed=FloatValue(value=1.0), ZoomExp=FloatValue(value=1.0), rotationSpeed=FloatValue(value=1.0), wrapSpeed=FloatValue(value=1.0), horizontalMotion=FloatValue(value=0.0), verticalMotion=FloatValue(value=0.0), stretchSpeed=FloatValue(value=1.0), waveMode=FloatValue(value=0.0), negative=FloatValue(value=0.0), red=FloatValue(value=1.0), green=FloatValue(value=1.0), blue=FloatValue(value=1.0), brightness=FloatValue(value=1.0), contrast=FloatValue(value=1.0), gamma=FloatValue(value=1.0), hue=FloatValue(value=0.0), saturation=FloatValue(value=1.0), lumaKey=RangeValue(min=0.0, max=1.0), alpha=FloatValue(value=1.0), strobe=Strobe(effectIndex=14, color=4294967295, effectSpanMin=0.0, effectSpanMax=1.0, triggerIndex=0, speed=0.26, pulseWidth=1.0, waveFormIndex=2), audio=Audio(channel=3, bass=1.0, mid=1.0, treble=1.0), spout=Spout(width=1920, height=1080), videoDeck=VideoDeck(preview=4, topMost=false), outputMonitor=IntValue(value=0), ndi=BooleanValue(value=false))
2024-06-16 23:10:44.425 INFO Main : initializing OSC
2024-06-16 23:10:44.712 INFO Config : saving config Config(beats=64, deck1=DeckConfig(triggerTime=0.75, transitionTime=5.0, presetQueue=PresetQueue(index=-1, name=null, autoChange=false, toggles=[]), preset=Preset(autoChange=false), sprite=Sprite(autoChange=false, index=-1, name=null, toggles=[]), spriteQueue=SpriteQueue(index=-1, name=null), spoutQueue=SpoutQueue(index=-1, name=null), spout=Spout(index=-1, label=null), spriteFX=SpriteFX(autoChange=false, blendMode=false, index=-1, toggles=[]), bpmSync=BpmSync(enabled=false, multiplier=4), strobe=Strobe(enabled=false)), deck2=DeckConfig(triggerTime=0.25, transitionTime=5.0, presetQueue=PresetQueue(index=-1, name=null, autoChange=false, toggles=[]), preset=Preset(autoChange=false), sprite=Sprite(autoChange=false, index=-1, name=null, toggles=[]), spriteQueue=SpriteQueue(index=-1, name=null), spoutQueue=SpoutQueue(index=-1, name=null), spout=Spout(index=-1, label=null), spriteFX=SpriteFX(autoChange=false, blendMode=false, index=-1, toggles=[]), bpmSync=BpmSync(enabled=false, multiplier=4), strobe=Strobe(enabled=false)))
2024-06-16 23:10:44.956 INFO Main : re-emitting all values
2024-06-16 23:10:44.961 INFO Main : await application
2024-06-16 23:10:50.592 INFO nestdrop.deck.Deck : triggered at 16.021414461898797, 16.0
2024-06-16 23:11:07.321 INFO nestdrop.deck.Deck : triggered at 48.01014095980325, 48.0
2024-06-16 23:11:24.053 INFO nestdrop.deck.Deck : triggered at 16.122602732594814, 16.0
2024-06-16 23:11:39.678 INFO nestdrop.deck.Deck : triggered at 48.17518230031332, 48.0
2024-06-16 23:11:55.109 INFO nestdrop.deck.Deck : triggered at 16.031627972412146, 16.0
2024-06-16 23:12:10.643 INFO nestdrop.deck.Deck : triggered at 48.12090257746385, 48.0
2024-06-16 23:12:26.155 INFO nestdrop.deck.Deck : triggered at 16.097650778706885, 16.0
2024-06-16 23:12:41.671 INFO nestdrop.deck.Deck : triggered at 48.136357200241136, 48.0
2024-06-16 23:12:57.090 INFO nestdrop.deck.Deck : triggered at 16.04858897883102, 16.0
2024-06-16 23:13:12.508 INFO nestdrop.deck.Deck : triggered at 48.019435029983626, 48.0
2024-06-16 23:13:28.047 INFO nestdrop.deck.Deck : triggered at 16.170488115819392, 16.0
2024-06-16 23:13:43.109 INFO nestdrop.deck.Deck : triggered at 48.03633855285655, 48.0
2024-06-16 23:13:57.925 INFO nestdrop.deck.Deck : triggered at 16.165151050567683, 16.0
2024-06-16 23:14:12.654 INFO nestdrop.deck.Deck : triggered at 48.11028381907153, 48.0
2024-06-16 23:14:27.369 INFO nestdrop.deck.Deck : triggered at 16.033560570780526, 16.0
