2024-06-16 23:44:46.402 WARN Main : WARN
2024-06-16 23:44:46.407 ERROR Main : ERROR
2024-06-16 23:44:46.409 FATAL Main : FATAL
2024-06-16 23:44:46.411 INFO osc.OscSynced : creating synced value for /linkConnected
2024-06-16 23:44:46.413 INFO osc.OscSynced : creating synced value for /bpm
2024-06-16 23:44:46.413 INFO osc.OscSynced : creating synced value for /peers
2024-06-16 23:44:46.417 WARN Main : waiting for link to connect
2024-06-16 23:44:46.506 INFO Link : connecting to ableton link...
2024-06-16 23:44:46.977 INFO osc.OscSynced : creating synced value for /composition/groups/1/video/effects/motionextraction/bypassed
2024-06-16 23:44:46.978 INFO osc.OscSynced : creating synced value for /composition/groups/1/video/effects/motionextraction/effect/delay
2024-06-16 23:44:46.978 INFO osc.OscSynced : creating synced value for /resolume/1/motion_extraction/enabled
2024-06-16 23:44:46.978 INFO osc.OscSynced : creating synced value for /composition/groups/1/video/effects/automask/bypassed
2024-06-16 23:44:46.985 INFO osc.OscSynced : creating synced value for /resolume/1/motion_extraction/delay
2024-06-16 23:44:46.988 INFO osc.OscSynced : creating synced value for /resolume/1/auto_mask
2024-06-16 23:44:46.994 INFO osc.OscSynced : creating synced value for /composition/groups/2/video/effects/motionextraction/bypassed
2024-06-16 23:44:46.994 INFO osc.OscSynced : creating synced value for /composition/groups/2/video/effects/automask/bypassed
2024-06-16 23:44:46.994 INFO osc.OscSynced : creating synced value for /resolume/2/motion_extraction/enabled
2024-06-16 23:44:46.994 INFO osc.OscSynced : creating synced value for /resolume/2/motion_extraction/delay
2024-06-16 23:44:46.994 INFO osc.OscSynced : creating synced value for /composition/groups/2/video/effects/motionextraction/effect/delay
2024-06-16 23:44:46.995 INFO osc.OscSynced : creating synced value for /resolume/2/auto_mask
2024-06-16 23:44:46.995 INFO osc.OscSynced : creating synced value for /composition/groups/3/video/effects/motionextraction/bypassed
2024-06-16 23:44:46.995 INFO osc.OscSynced : creating synced value for /composition/groups/3/video/effects/motionextraction/effect/delay
2024-06-16 23:44:46.995 INFO osc.OscSynced : creating synced value for /composition/groups/3/video/effects/automask/bypassed
2024-06-16 23:44:46.995 INFO osc.OscSynced : creating synced value for /resolume/3/motion_extraction/enabled
2024-06-16 23:44:46.995 INFO osc.OscSynced : creating synced value for /resolume/3/motion_extraction/delay
2024-06-16 23:44:46.995 INFO osc.OscSynced : creating synced value for /resolume/3/auto_mask
2024-06-16 23:44:46.995 INFO osc.OscSynced : creating synced value for /composition/groups/4/video/effects/motionextraction/bypassed
2024-06-16 23:44:46.996 INFO osc.OscSynced : creating synced value for /resolume/4/auto_mask
2024-06-16 23:44:46.996 INFO osc.OscSynced : creating synced value for /resolume/4/motion_extraction/delay
2024-06-16 23:44:46.996 INFO osc.OscSynced : creating synced value for /composition/groups/4/video/effects/automask/bypassed
2024-06-16 23:44:46.995 INFO osc.OscSynced : creating synced value for /composition/groups/4/video/effects/motionextraction/effect/delay
2024-06-16 23:44:46.996 INFO osc.OscSynced : creating synced value for /resolume/4/motion_extraction/enabled
2024-06-16 23:44:47.046 INFO osc.OSCUtil : creating buttons for group 1 layer 1 (1)
2024-06-16 23:44:47.047 INFO osc.OscSynced : creating synced value for /composition/layers/1/connectspecificclip
2024-06-16 23:44:47.051 INFO osc.OSCUtil : creating buttons for group 1 layer 2 (2)
2024-06-16 23:44:47.051 INFO osc.OscSynced : creating synced value for /composition/layers/2/connectspecificclip
2024-06-16 23:44:47.051 INFO osc.OSCUtil : creating buttons for group 1 layer 3 (3)
2024-06-16 23:44:47.051 INFO osc.OscSynced : creating synced value for /composition/layers/3/connectspecificclip
2024-06-16 23:44:47.052 INFO osc.OSCUtil : creating buttons for group 2 layer 1 (4)
2024-06-16 23:44:47.052 INFO osc.OscSynced : creating synced value for /composition/layers/4/connectspecificclip
2024-06-16 23:44:47.052 INFO osc.OSCUtil : creating buttons for group 2 layer 2 (5)
2024-06-16 23:44:47.052 INFO osc.OscSynced : creating synced value for /composition/layers/5/connectspecificclip
2024-06-16 23:44:47.052 INFO osc.OscSynced : creating synced value for /composition/layers/7/connectspecificclip
2024-06-16 23:44:47.052 INFO osc.OSCUtil : creating buttons for group 2 layer 3 (6)
2024-06-16 23:44:47.052 INFO osc.OscSynced : creating synced value for /composition/layers/6/connectspecificclip
2024-06-16 23:44:47.052 INFO osc.OSCUtil : creating buttons for group 3 layer 1 (7)
2024-06-16 23:44:47.052 INFO osc.OSCUtil : creating buttons for group 3 layer 2 (8)
2024-06-16 23:44:47.052 INFO osc.OscSynced : creating synced value for /composition/layers/8/connectspecificclip
2024-06-16 23:44:47.052 INFO osc.OSCUtil : creating buttons for group 3 layer 3 (9)
2024-06-16 23:44:47.052 INFO osc.OscSynced : creating synced value for /composition/layers/9/connectspecificclip
2024-06-16 23:44:47.052 INFO osc.OSCUtil : creating buttons for group 4 layer 1 (10)
2024-06-16 23:44:47.053 INFO osc.OscSynced : creating synced value for /composition/layers/10/connectspecificclip
2024-06-16 23:44:47.053 INFO osc.OSCUtil : resolume group 1 layer 2 connectSpecificClip index -1
2024-06-16 23:44:47.053 INFO osc.OSCUtil : resolume group 2 layer 1 connectSpecificClip index -1
2024-06-16 23:44:47.053 INFO osc.OSCUtil : resolume group 2 layer 3 connectSpecificClip index -1
2024-06-16 23:44:47.053 INFO osc.OSCUtil : creating buttons for group 4 layer 2 (11)
2024-06-16 23:44:47.053 INFO osc.OSCUtil : resolume group 1 layer 3 connectSpecificClip index -1
2024-06-16 23:44:47.053 INFO osc.OSCUtil : resolume group 2 layer 2 connectSpecificClip index -1
2024-06-16 23:44:47.053 INFO osc.OscSynced : creating synced value for /composition/layers/11/connectspecificclip
2024-06-16 23:44:47.053 INFO osc.OSCUtil : resolume group 3 layer 2 connectSpecificClip index -1
2024-06-16 23:44:47.053 INFO osc.OSCUtil : resolume group 3 layer 3 connectSpecificClip index -1
2024-06-16 23:44:47.053 INFO osc.OSCUtil : resolume group 4 layer 1 connectSpecificClip index -1
2024-06-16 23:44:47.053 INFO osc.OSCUtil : creating buttons for group 4 layer 3 (12)
2024-06-16 23:44:47.053 INFO osc.OscSynced : creating synced value for /composition/layers/12/connectspecificclip
2024-06-16 23:44:47.053 INFO osc.OSCUtil : creating buttons for group 5 layer 1 (13)
2024-06-16 23:44:47.053 INFO osc.OscSynced : creating synced value for /composition/layers/13/connectspecificclip
2024-06-16 23:44:47.053 INFO osc.OSCUtil : creating buttons for group 5 layer 2 (14)
2024-06-16 23:44:47.053 INFO osc.OscSynced : creating synced value for /composition/layers/14/connectspecificclip
2024-06-16 23:44:47.054 INFO osc.OSCUtil : creating buttons for group 5 layer 3 (15)
2024-06-16 23:44:47.054 INFO osc.OscSynced : creating synced value for /composition/layers/15/connectspecificclip
2024-06-16 23:44:47.055 INFO osc.OSCUtil : creating buttons for group 5 layer 4 (16)
2024-06-16 23:44:47.055 INFO osc.OscSynced : creating synced value for /composition/layers/16/connectspecificclip
2024-06-16 23:44:47.055 INFO osc.OSCUtil : resolume group 4 layer 2 connectSpecificClip index -1
2024-06-16 23:44:47.055 INFO osc.OSCUtil : creating buttons for group 5 layer 5 (17)
2024-06-16 23:44:47.055 INFO osc.OscSynced : creating synced value for /composition/layers/17/connectspecificclip
2024-06-16 23:44:47.055 INFO osc.OSCUtil : resolume group 1 layer 1 connectSpecificClip index -1
2024-06-16 23:44:47.055 INFO osc.OSCUtil : creating buttons for group 6 layer 1 (18)
2024-06-16 23:44:47.055 INFO osc.OSCUtil : resolume group 4 layer 3 connectSpecificClip index -1
2024-06-16 23:44:47.055 INFO osc.OSCUtil : resolume group 3 layer 1 connectSpecificClip index -1
2024-06-16 23:44:47.055 INFO osc.OscSynced : creating synced value for /composition/layers/18/connectspecificclip
2024-06-16 23:44:47.055 INFO osc.OSCUtil : resolume group 5 layer 1 connectSpecificClip index -1
2024-06-16 23:44:47.055 INFO osc.OSCUtil : creating buttons for group 6 layer 2 (19)
2024-06-16 23:44:47.055 INFO osc.OSCUtil : resolume group 5 layer 2 connectSpecificClip index -1
2024-06-16 23:44:47.055 INFO osc.OscSynced : creating synced value for /composition/layers/19/connectspecificclip
2024-06-16 23:44:47.055 INFO osc.OSCUtil : creating buttons for group 6 layer 3 (20)
2024-06-16 23:44:47.055 INFO osc.OscSynced : creating synced value for /composition/layers/20/connectspecificclip
2024-06-16 23:44:47.055 INFO osc.OscSynced : creating synced value for /composition/layers/21/connectspecificclip
2024-06-16 23:44:47.055 INFO osc.OSCUtil : creating buttons for group 6 layer 4 (21)
2024-06-16 23:44:47.056 INFO osc.OSCUtil : creating buttons for group 6 layer 5 (22)
2024-06-16 23:44:47.056 INFO osc.OSCUtil : creating buttons for group 6 layer 6 (23)
2024-06-16 23:44:47.056 INFO osc.OscSynced : creating synced value for /composition/layers/22/connectspecificclip
2024-06-16 23:44:47.056 INFO osc.OscSynced : creating synced value for /composition/layers/23/connectspecificclip
2024-06-16 23:44:47.056 INFO osc.OSCUtil : creating buttons for group 6 layer 7 (24)
2024-06-16 23:44:47.056 INFO osc.OscSynced : creating synced value for /composition/layers/24/connectspecificclip
2024-06-16 23:44:47.057 INFO osc.OSCUtil : creating buttons for group 6 layer 8 (25)
2024-06-16 23:44:47.057 INFO osc.OscSynced : creating synced value for /composition/layers/25/connectspecificclip
2024-06-16 23:44:47.057 INFO osc.OSCUtil : creating buttons for group 6 layer 9 (26)
2024-06-16 23:44:47.057 INFO osc.OscSynced : creating synced value for /composition/layers/26/connectspecificclip
2024-06-16 23:44:47.057 INFO osc.OSCUtil : creating buttons for group 7 layer 1 (27)
2024-06-16 23:44:47.059 INFO osc.OSCUtil : resolume group 5 layer 3 connectSpecificClip index -1
2024-06-16 23:44:47.057 INFO osc.OscSynced : creating synced value for /composition/layers/27/connectspecificclip
2024-06-16 23:44:47.072 INFO osc.OSCUtil : resolume group 5 layer 4 connectSpecificClip index -1
2024-06-16 23:44:47.072 INFO osc.OSCUtil : resolume group 3 layer 2 changed to null
2024-06-16 23:44:47.072 INFO osc.OSCUtil : resolume group 3 layer 1 changed to null
2024-06-16 23:44:47.072 INFO osc.OSCUtil : resolume group 5 layer 5 changed to null
2024-06-16 23:44:47.073 INFO osc.OSCUtil : resolume group 2 layer 1 changed to null
2024-06-16 23:44:47.073 INFO osc.OSCUtil : resolume group 6 layer 1 changed to null
2024-06-16 23:44:47.073 INFO osc.OSCUtil : resolume group 5 layer 5 connectSpecificClip index -1
2024-06-16 23:44:47.073 INFO osc.OSCUtil : resolume group 6 layer 1 connectSpecificClip index -1
2024-06-16 23:44:47.073 INFO osc.OSCUtil : resolume group 5 layer 3 changed to null
2024-06-16 23:44:47.073 INFO osc.OSCUtil : resolume group 6 layer 2 connectSpecificClip index -1
2024-06-16 23:44:47.073 INFO osc.OSCUtil : resolume group 6 layer 2 changed to null
2024-06-16 23:44:47.073 INFO osc.OSCUtil : resolume group 6 layer 3 changed to null
2024-06-16 23:44:47.073 INFO osc.OSCUtil : resolume group 5 layer 4 changed to null
2024-06-16 23:44:47.073 INFO osc.OSCUtil : resolume group 1 layer 3 changed to null
2024-06-16 23:44:47.073 INFO osc.OSCUtil : resolume group 6 layer 3 connectSpecificClip index -1
2024-06-16 23:44:47.073 INFO osc.OSCUtil : resolume group 6 layer 4 connectSpecificClip index -1
2024-06-16 23:44:47.073 INFO osc.OSCUtil : resolume group 6 layer 4 changed to null
2024-06-16 23:44:47.073 INFO osc.OSCUtil : resolume group 6 layer 5 connectSpecificClip index -1
2024-06-16 23:44:47.073 INFO osc.OSCUtil : resolume group 6 layer 5 changed to null
2024-06-16 23:44:47.073 INFO osc.OSCUtil : resolume group 6 layer 6 connectSpecificClip index -1
2024-06-16 23:44:47.073 INFO osc.OSCUtil : resolume group 6 layer 6 changed to null
2024-06-16 23:44:47.073 INFO osc.OSCUtil : resolume group 4 layer 3 changed to null
2024-06-16 23:44:47.073 INFO osc.OSCUtil : resolume group 6 layer 7 changed to null
2024-06-16 23:44:47.073 INFO osc.OSCUtil : resolume group 6 layer 7 connectSpecificClip index -1
2024-06-16 23:44:47.073 INFO osc.OSCUtil : resolume group 6 layer 8 connectSpecificClip index -1
2024-06-16 23:44:47.073 INFO osc.OSCUtil : resolume group 2 layer 2 changed to null
2024-06-16 23:44:47.073 INFO osc.OSCUtil : resolume group 6 layer 9 changed to null
2024-06-16 23:44:47.073 INFO osc.OSCUtil : resolume group 6 layer 8 changed to null
2024-06-16 23:44:47.073 INFO osc.OSCUtil : resolume group 6 layer 9 connectSpecificClip index -1
2024-06-16 23:44:47.073 INFO osc.OSCUtil : resolume group 4 layer 1 changed to null
2024-06-16 23:44:47.073 INFO osc.OSCUtil : resolume group 7 layer 1 changed to null
2024-06-16 23:44:47.073 INFO osc.OSCUtil : resolume group 5 layer 1 changed to null
2024-06-16 23:44:47.073 INFO osc.OSCUtil : resolume group 7 layer 1 connectSpecificClip index -1
2024-06-16 23:44:47.073 INFO osc.OSCUtil : resolume group 2 layer 3 changed to null
2024-06-16 23:44:47.074 INFO osc.OSCUtil : resolume group 3 layer 3 changed to null
2024-06-16 23:44:47.074 INFO osc.OSCUtil : resolume group 4 layer 2 changed to null
2024-06-16 23:44:47.076 INFO osc.OSCUtil : resolume group 1 layer 1 changed to null
2024-06-16 23:44:47.077 INFO osc.OSCUtil : resolume group 1 layer 2 changed to null
2024-06-16 23:44:47.076 INFO osc.OSCUtil : resolume group 5 layer 2 changed to null
2024-06-16 23:44:47.096 INFO osc.OSCUtil : {}
2024-06-16 23:44:48.060 INFO osc.OscSynced : creating synced value for /beats
2024-06-16 23:44:48.060 INFO osc.OscSynced : creating synced value for /beatProgress
2024-06-16 23:44:48.060 INFO osc.OscSynced : creating synced value for /bpmRounded
2024-06-16 23:44:48.072 INFO nestdrop.loadQueuesKt : loading queues from C:\Users\nikky\VJ\NestDropProV2\DefaultUserProfile.xml
2024-06-16 23:44:49.572 INFO nestcontrol.deck.DeckConfigKt : preset queue: PresetQueue(index=-1, name=uninitialized, autoChange=false, toggles=[])
2024-06-16 23:44:49.572 INFO nestcontrol.deck.DeckConfigKt : preset queue: PresetQueue(index=-1, name=uninitialized, autoChange=false, toggles=[])
2024-06-16 23:44:49.577 INFO nestcontrol.deck.DeckConfigKt : after presetQueues config: DeckConfig(triggerTime=0.75, transitionTime=1.0, presetQueue=PresetQueue(index=-1, name=uninitialized, autoChange=false, toggles=[]), preset=Preset(autoChange=false), sprite=Sprite(autoChange=false, index=-1, name=null, toggles=[]), spriteQueue=SpriteQueue(index=-1, name=null), spoutQueue=SpoutQueue(index=-1, name=null), spout=Spout(index=-1, label=null), spriteFX=SpriteFX(autoChange=false, blendMode=false, index=-1, toggles=[]), bpmSync=BpmSync(enabled=false, multiplier=4), strobe=Strobe(enabled=false))
2024-06-16 23:44:49.577 INFO nestcontrol.deck.DeckConfigKt : after presetQueues config: DeckConfig(triggerTime=0.75, transitionTime=1.0, presetQueue=PresetQueue(index=-1, name=uninitialized, autoChange=false, toggles=[]), preset=Preset(autoChange=false), sprite=Sprite(autoChange=false, index=-1, name=null, toggles=[]), spriteQueue=SpriteQueue(index=-1, name=null), spoutQueue=SpoutQueue(index=-1, name=null), spout=Spout(index=-1, label=null), spriteFX=SpriteFX(autoChange=false, blendMode=false, index=-1, toggles=[]), bpmSync=BpmSync(enabled=false, multiplier=4), strobe=Strobe(enabled=false))
2024-06-16 23:44:49.577 INFO Config : loaded Config(beats=64, deck1=DeckConfig(triggerTime=0.75, transitionTime=1.0, presetQueue=PresetQueue(index=12, name=better_nested, autoChange=false, toggles=[]), preset=Preset(autoChange=false), sprite=Sprite(autoChange=false, index=-1, name=null, toggles=[]), spriteQueue=SpriteQueue(index=4, name=unset), spoutQueue=SpoutQueue(index=-1, name=unset), spout=Spout(index=-1, label=unset), spriteFX=SpriteFX(autoChange=false, blendMode=false, index=0, toggles=[]), bpmSync=BpmSync(enabled=false, multiplier=4), strobe=Strobe(enabled=false)), deck2=DeckConfig(triggerTime=0.25, transitionTime=1.0, presetQueue=PresetQueue(index=-1, name=disabled, autoChange=false, toggles=[]), preset=Preset(autoChange=false), sprite=Sprite(autoChange=false, index=-1, name=null, toggles=[]), spriteQueue=SpriteQueue(index=-1, name=unset), spoutQueue=SpoutQueue(index=6, name=unset), spout=Spout(index=-1, label=unset), spriteFX=SpriteFX(autoChange=false, blendMode=false, index=0, toggles=[]), bpmSync=BpmSync(enabled=false, multiplier=4), strobe=Strobe(enabled=false)))
2024-06-16 23:44:49.579 INFO nestcontrol.deck.DeckConfigKt : after preset config: DeckConfig(triggerTime=0.75, transitionTime=1.0, presetQueue=PresetQueue(index=-1, name=uninitialized, autoChange=false, toggles=[]), preset=Preset(autoChange=false), sprite=Sprite(autoChange=false, index=-1, name=null, toggles=[]), spriteQueue=SpriteQueue(index=-1, name=null), spoutQueue=SpoutQueue(index=-1, name=null), spout=Spout(index=-1, label=null), spriteFX=SpriteFX(autoChange=false, blendMode=false, index=-1, toggles=[]), bpmSync=BpmSync(enabled=false, multiplier=4), strobe=Strobe(enabled=false))
2024-06-16 23:44:49.579 INFO nestcontrol.deck.DeckConfigKt : after preset config: DeckConfig(triggerTime=0.75, transitionTime=1.0, presetQueue=PresetQueue(index=-1, name=uninitialized, autoChange=false, toggles=[]), preset=Preset(autoChange=false), sprite=Sprite(autoChange=false, index=-1, name=null, toggles=[]), spriteQueue=SpriteQueue(index=-1, name=null), spoutQueue=SpoutQueue(index=-1, name=null), spout=Spout(index=-1, label=null), spriteFX=SpriteFX(autoChange=false, blendMode=false, index=-1, toggles=[]), bpmSync=BpmSync(enabled=false, multiplier=4), strobe=Strobe(enabled=false))
2024-06-16 23:44:49.579 INFO nestcontrol.deck.DeckConfigKt : preset queue: PresetQueue(index=12, name=uninitialized, autoChange=false, toggles=[])
2024-06-16 23:44:49.580 INFO nestcontrol.deck.DeckConfigKt : after presetQueues config: DeckConfig(triggerTime=0.75, transitionTime=1.0, presetQueue=PresetQueue(index=12, name=uninitialized, autoChange=false, toggles=[]), preset=Preset(autoChange=false), sprite=Sprite(autoChange=false, index=-1, name=null, toggles=[]), spriteQueue=SpriteQueue(index=-1, name=null), spoutQueue=SpoutQueue(index=-1, name=null), spout=Spout(index=-1, label=null), spriteFX=SpriteFX(autoChange=false, blendMode=false, index=-1, toggles=[]), bpmSync=BpmSync(enabled=false, multiplier=4), strobe=Strobe(enabled=false))
2024-06-16 23:44:49.580 INFO nestcontrol.deck.DeckConfigKt : after preset config: DeckConfig(triggerTime=0.75, transitionTime=1.0, presetQueue=PresetQueue(index=12, name=uninitialized, autoChange=false, toggles=[]), preset=Preset(autoChange=false), sprite=Sprite(autoChange=false, index=-1, name=null, toggles=[]), spriteQueue=SpriteQueue(index=-1, name=null), spoutQueue=SpoutQueue(index=-1, name=null), spout=Spout(index=-1, label=null), spriteFX=SpriteFX(autoChange=false, blendMode=false, index=-1, toggles=[]), bpmSync=BpmSync(enabled=false, multiplier=4), strobe=Strobe(enabled=false))
2024-06-16 23:44:49.582 INFO nestcontrol.deck.DeckConfigKt : after sprite queue config: DeckConfig(triggerTime=0.75, transitionTime=1.0, presetQueue=PresetQueue(index=-1, name=uninitialized, autoChange=false, toggles=[]), preset=Preset(autoChange=false), sprite=Sprite(autoChange=false, index=-1, name=null, toggles=[]), spriteQueue=SpriteQueue(index=-1, name=uninitialized), spoutQueue=SpoutQueue(index=-1, name=null), spout=Spout(index=-1, label=null), spriteFX=SpriteFX(autoChange=false, blendMode=false, index=-1, toggles=[]), bpmSync=BpmSync(enabled=false, multiplier=4), strobe=Strobe(enabled=false))
2024-06-16 23:44:49.582 INFO nestcontrol.deck.DeckConfigKt : after sprite queue config: DeckConfig(triggerTime=0.75, transitionTime=1.0, presetQueue=PresetQueue(index=-1, name=uninitialized, autoChange=false, toggles=[]), preset=Preset(autoChange=false), sprite=Sprite(autoChange=false, index=-1, name=null, toggles=[]), spriteQueue=SpriteQueue(index=-1, name=uninitialized), spoutQueue=SpoutQueue(index=-1, name=null), spout=Spout(index=-1, label=null), spriteFX=SpriteFX(autoChange=false, blendMode=false, index=-1, toggles=[]), bpmSync=BpmSync(enabled=false, multiplier=4), strobe=Strobe(enabled=false))
2024-06-16 23:44:49.582 INFO nestcontrol.deck.DeckConfigKt : after sprite queue config: DeckConfig(triggerTime=0.75, transitionTime=1.0, presetQueue=PresetQueue(index=12, name=uninitialized, autoChange=false, toggles=[]), preset=Preset(autoChange=false), sprite=Sprite(autoChange=false, index=-1, name=null, toggles=[]), spriteQueue=SpriteQueue(index=-1, name=uninitialized), spoutQueue=SpoutQueue(index=-1, name=null), spout=Spout(index=-1, label=null), spriteFX=SpriteFX(autoChange=false, blendMode=false, index=-1, toggles=[]), bpmSync=BpmSync(enabled=false, multiplier=4), strobe=Strobe(enabled=false))
2024-06-16 23:44:49.587 INFO nestcontrol.deck.DeckConfigKt : after sprite queue config: DeckConfig(triggerTime=0.75, transitionTime=1.0, presetQueue=PresetQueue(index=12, name=uninitialized, autoChange=false, toggles=[]), preset=Preset(autoChange=false), sprite=Sprite(autoChange=false, index=-1, name=null, toggles=[]), spriteQueue=SpriteQueue(index=4, name=uninitialized), spoutQueue=SpoutQueue(index=-1, name=null), spout=Spout(index=-1, label=null), spriteFX=SpriteFX(autoChange=false, blendMode=false, index=-1, toggles=[]), bpmSync=BpmSync(enabled=false, multiplier=4), strobe=Strobe(enabled=false))
2024-06-16 23:44:49.588 INFO nestcontrol.deck.DeckConfigKt : loading presets from queue
2024-06-16 23:44:49.589 INFO nestcontrol.deck.DeckConfigKt : loaded deck1 []
2024-06-16 23:44:49.591 INFO nestcontrol.deck.DeckConfigKt : loading presets from queue
2024-06-16 23:44:49.592 INFO nestcontrol.deck.DeckConfigKt : after presetQueues config: DeckConfig(triggerTime=0.25, transitionTime=1.0, presetQueue=PresetQueue(index=-1, name=uninitialized, autoChange=false, toggles=[]), preset=Preset(autoChange=false), sprite=Sprite(autoChange=false, index=-1, name=null, toggles=[]), spriteQueue=SpriteQueue(index=-1, name=null), spoutQueue=SpoutQueue(index=-1, name=null), spout=Spout(index=-1, label=null), spriteFX=SpriteFX(autoChange=false, blendMode=false, index=-1, toggles=[]), bpmSync=BpmSync(enabled=false, multiplier=4), strobe=Strobe(enabled=false))
2024-06-16 23:44:49.592 INFO nestcontrol.deck.DeckConfigKt : after sprite queue config: DeckConfig(triggerTime=0.75, transitionTime=1.0, presetQueue=PresetQueue(index=-1, name=uninitialized, autoChange=false, toggles=[]), preset=Preset(autoChange=false), sprite=Sprite(autoChange=false, index=-1, name=null, toggles=[]), spriteQueue=SpriteQueue(index=6, name=uninitialized), spoutQueue=SpoutQueue(index=-1, name=null), spout=Spout(index=-1, label=null), spriteFX=SpriteFX(autoChange=false, blendMode=false, index=-1, toggles=[]), bpmSync=BpmSync(enabled=false, multiplier=4), strobe=Strobe(enabled=false))
2024-06-16 23:44:49.592 INFO nestcontrol.deck.DeckConfigKt : loading presets from queue
2024-06-16 23:44:49.592 INFO nestcontrol.deck.DeckConfigKt : after preset config: DeckConfig(triggerTime=0.25, transitionTime=1.0, presetQueue=PresetQueue(index=-1, name=uninitialized, autoChange=false, toggles=[]), preset=Preset(autoChange=false), sprite=Sprite(autoChange=false, index=-1, name=null, toggles=[]), spriteQueue=SpriteQueue(index=-1, name=null), spoutQueue=SpoutQueue(index=-1, name=null), spout=Spout(index=-1, label=null), spriteFX=SpriteFX(autoChange=false, blendMode=false, index=-1, toggles=[]), bpmSync=BpmSync(enabled=false, multiplier=4), strobe=Strobe(enabled=false))
2024-06-16 23:44:49.592 INFO nestcontrol.deck.DeckConfigKt : loaded deck2 []
2024-06-16 23:44:49.592 INFO nestcontrol.deck.DeckConfigKt : loading presets from queue
2024-06-16 23:44:49.592 INFO nestcontrol.deck.DeckConfigKt : after sprite queue config: DeckConfig(triggerTime=0.25, transitionTime=1.0, presetQueue=PresetQueue(index=-1, name=uninitialized, autoChange=false, toggles=[]), preset=Preset(autoChange=false), sprite=Sprite(autoChange=false, index=-1, name=null, toggles=[]), spriteQueue=SpriteQueue(index=6, name=uninitialized), spoutQueue=SpoutQueue(index=-1, name=null), spout=Spout(index=-1, label=null), spriteFX=SpriteFX(autoChange=false, blendMode=false, index=-1, toggles=[]), bpmSync=BpmSync(enabled=false, multiplier=4), strobe=Strobe(enabled=false))
2024-06-16 23:44:50.092 INFO nestdrop.deck.PresetQueues : initializing preset queues
2024-06-16 23:44:50.093 INFO nestdrop.deck.PresetQueues : queues updated
2024-06-16 23:44:50.096 INFO nestdrop.deck.PresetQueues : combining queues with deck switches
2024-06-16 23:44:50.098 INFO nestcontrol.deck.DeckConfigKt : preset queue: PresetQueue(index=12, name=uninitialized, autoChange=false, toggles=[])
2024-06-16 23:44:50.098 INFO nestcontrol.deck.DeckConfigKt : preset queue: PresetQueue(index=-1, name=uninitialized, autoChange=false, toggles=[])
2024-06-16 23:44:50.098 INFO nestdrop.deck.PresetQueues : queues updated
2024-06-16 23:44:50.098 INFO nestdrop.deck.PresetQueues : combining queues with deck switches
2024-06-16 23:44:50.097 INFO nestdrop.deck.PresetQueues : queues updated
2024-06-16 23:44:50.098 INFO nestdrop.deck.PresetQueues : combining queues with deck switches
2024-06-16 23:44:50.098 INFO nestdrop.deck.PresetQueues : queues updated
2024-06-16 23:44:50.098 INFO nestcontrol.deck.DeckConfigKt : after presetQueues config: DeckConfig(triggerTime=0.75, transitionTime=1.0, presetQueue=PresetQueue(index=12, name=uninitialized, autoChange=false, toggles=[]), preset=Preset(autoChange=false), sprite=Sprite(autoChange=false, index=-1, name=null, toggles=[]), spriteQueue=SpriteQueue(index=-1, name=null), spoutQueue=SpoutQueue(index=-1, name=null), spout=Spout(index=-1, label=null), spriteFX=SpriteFX(autoChange=false, blendMode=false, index=-1, toggles=[]), bpmSync=BpmSync(enabled=false, multiplier=4), strobe=Strobe(enabled=false))
2024-06-16 23:44:50.098 INFO nestcontrol.deck.DeckConfigKt : after presetQueues config: DeckConfig(triggerTime=0.25, transitionTime=1.0, presetQueue=PresetQueue(index=-1, name=uninitialized, autoChange=false, toggles=[]), preset=Preset(autoChange=false), sprite=Sprite(autoChange=false, index=-1, name=null, toggles=[]), spriteQueue=SpriteQueue(index=-1, name=null), spoutQueue=SpoutQueue(index=-1, name=null), spout=Spout(index=-1, label=null), spriteFX=SpriteFX(autoChange=false, blendMode=false, index=-1, toggles=[]), bpmSync=BpmSync(enabled=false, multiplier=4), strobe=Strobe(enabled=false))
2024-06-16 23:44:50.098 INFO nestcontrol.deck.DeckConfigKt : after preset config: DeckConfig(triggerTime=0.25, transitionTime=1.0, presetQueue=PresetQueue(index=-1, name=uninitialized, autoChange=false, toggles=[]), preset=Preset(autoChange=false), sprite=Sprite(autoChange=false, index=-1, name=null, toggles=[]), spriteQueue=SpriteQueue(index=-1, name=null), spoutQueue=SpoutQueue(index=-1, name=null), spout=Spout(index=-1, label=null), spriteFX=SpriteFX(autoChange=false, blendMode=false, index=-1, toggles=[]), bpmSync=BpmSync(enabled=false, multiplier=4), strobe=Strobe(enabled=false))
2024-06-16 23:44:50.098 INFO nestcontrol.deck.DeckConfigKt : after sprite queue config: DeckConfig(triggerTime=0.75, transitionTime=1.0, presetQueue=PresetQueue(index=12, name=uninitialized, autoChange=false, toggles=[]), preset=Preset(autoChange=false), sprite=Sprite(autoChange=false, index=-1, name=null, toggles=[]), spriteQueue=SpriteQueue(index=4, name=uninitialized), spoutQueue=SpoutQueue(index=-1, name=null), spout=Spout(index=-1, label=null), spriteFX=SpriteFX(autoChange=false, blendMode=false, index=-1, toggles=[]), bpmSync=BpmSync(enabled=false, multiplier=4), strobe=Strobe(enabled=false))
2024-06-16 23:44:50.098 INFO nestcontrol.deck.DeckConfigKt : after preset config: DeckConfig(triggerTime=0.75, transitionTime=1.0, presetQueue=PresetQueue(index=12, name=uninitialized, autoChange=false, toggles=[]), preset=Preset(autoChange=false), sprite=Sprite(autoChange=false, index=-1, name=null, toggles=[]), spriteQueue=SpriteQueue(index=-1, name=null), spoutQueue=SpoutQueue(index=-1, name=null), spout=Spout(index=-1, label=null), spriteFX=SpriteFX(autoChange=false, blendMode=false, index=-1, toggles=[]), bpmSync=BpmSync(enabled=false, multiplier=4), strobe=Strobe(enabled=false))
2024-06-16 23:44:50.098 INFO nestcontrol.deck.DeckConfigKt : after sprite queue config: DeckConfig(triggerTime=0.25, transitionTime=1.0, presetQueue=PresetQueue(index=-1, name=uninitialized, autoChange=false, toggles=[]), preset=Preset(autoChange=false), sprite=Sprite(autoChange=false, index=-1, name=null, toggles=[]), spriteQueue=SpriteQueue(index=6, name=uninitialized), spoutQueue=SpoutQueue(index=-1, name=null), spout=Spout(index=-1, label=null), spriteFX=SpriteFX(autoChange=false, blendMode=false, index=-1, toggles=[]), bpmSync=BpmSync(enabled=false, multiplier=4), strobe=Strobe(enabled=false))
2024-06-16 23:44:50.098 INFO nestcontrol.deck.DeckConfigKt : preset queue: PresetQueue(index=12, name=uninitialized, autoChange=false, toggles=[])
2024-06-16 23:44:50.098 INFO nestcontrol.deck.DeckConfigKt : after presetQueues config: DeckConfig(triggerTime=0.75, transitionTime=1.0, presetQueue=PresetQueue(index=12, name=uninitialized, autoChange=false, toggles=[]), preset=Preset(autoChange=false), sprite=Sprite(autoChange=false, index=-1, name=null, toggles=[]), spriteQueue=SpriteQueue(index=-1, name=null), spoutQueue=SpoutQueue(index=-1, name=null), spout=Spout(index=-1, label=null), spriteFX=SpriteFX(autoChange=false, blendMode=false, index=-1, toggles=[]), bpmSync=BpmSync(enabled=false, multiplier=4), strobe=Strobe(enabled=false))
2024-06-16 23:44:50.098 INFO nestcontrol.deck.DeckConfigKt : after preset config: DeckConfig(triggerTime=0.75, transitionTime=1.0, presetQueue=PresetQueue(index=12, name=uninitialized, autoChange=false, toggles=[]), preset=Preset(autoChange=false), sprite=Sprite(autoChange=false, index=-1, name=null, toggles=[]), spriteQueue=SpriteQueue(index=-1, name=null), spoutQueue=SpoutQueue(index=-1, name=null), spout=Spout(index=-1, label=null), spriteFX=SpriteFX(autoChange=false, blendMode=false, index=-1, toggles=[]), bpmSync=BpmSync(enabled=false, multiplier=4), strobe=Strobe(enabled=false))
2024-06-16 23:44:50.099 INFO nestcontrol.deck.DeckConfigKt : after preset config: DeckConfig(triggerTime=0.25, transitionTime=1.0, presetQueue=PresetQueue(index=-1, name=uninitialized, autoChange=false, toggles=[]), preset=Preset(autoChange=false), sprite=Sprite(autoChange=false, index=-1, name=null, toggles=[]), spriteQueue=SpriteQueue(index=-1, name=null), spoutQueue=SpoutQueue(index=-1, name=null), spout=Spout(index=-1, label=null), spriteFX=SpriteFX(autoChange=false, blendMode=false, index=-1, toggles=[]), bpmSync=BpmSync(enabled=false, multiplier=4), strobe=Strobe(enabled=false))
2024-06-16 23:44:50.099 INFO nestcontrol.deck.DeckConfigKt : after sprite queue config: DeckConfig(triggerTime=0.25, transitionTime=1.0, presetQueue=PresetQueue(index=-1, name=uninitialized, autoChange=false, toggles=[]), preset=Preset(autoChange=false), sprite=Sprite(autoChange=false, index=-1, name=null, toggles=[]), spriteQueue=SpriteQueue(index=6, name=uninitialized), spoutQueue=SpoutQueue(index=-1, name=null), spout=Spout(index=-1, label=null), spriteFX=SpriteFX(autoChange=false, blendMode=false, index=-1, toggles=[]), bpmSync=BpmSync(enabled=false, multiplier=4), strobe=Strobe(enabled=false))
2024-06-16 23:44:50.099 INFO nestcontrol.deck.DeckConfigKt : after sprite queue config: DeckConfig(triggerTime=0.75, transitionTime=1.0, presetQueue=PresetQueue(index=12, name=uninitialized, autoChange=false, toggles=[]), preset=Preset(autoChange=false), sprite=Sprite(autoChange=false, index=-1, name=null, toggles=[]), spriteQueue=SpriteQueue(index=4, name=uninitialized), spoutQueue=SpoutQueue(index=-1, name=null), spout=Spout(index=-1, label=null), spriteFX=SpriteFX(autoChange=false, blendMode=false, index=-1, toggles=[]), bpmSync=BpmSync(enabled=false, multiplier=4), strobe=Strobe(enabled=false))
2024-06-16 23:44:50.099 INFO nestcontrol.deck.DeckConfigKt : preset queue: PresetQueue(index=-1, name=uninitialized, autoChange=false, toggles=[])
2024-06-16 23:44:50.099 INFO nestcontrol.deck.DeckConfigKt : after presetQueues config: DeckConfig(triggerTime=0.25, transitionTime=1.0, presetQueue=PresetQueue(index=-1, name=uninitialized, autoChange=false, toggles=[]), preset=Preset(autoChange=false), sprite=Sprite(autoChange=false, index=-1, name=null, toggles=[]), spriteQueue=SpriteQueue(index=-1, name=null), spoutQueue=SpoutQueue(index=-1, name=null), spout=Spout(index=-1, label=null), spriteFX=SpriteFX(autoChange=false, blendMode=false, index=-1, toggles=[]), bpmSync=BpmSync(enabled=false, multiplier=4), strobe=Strobe(enabled=false))
2024-06-16 23:44:50.099 INFO nestdrop.deck.PresetQueues : combining queues with deck switches
2024-06-16 23:44:50.099 INFO nestdrop.deck.PresetQueues : queues updated
2024-06-16 23:44:50.099 INFO nestdrop.deck.PresetQueues : combining queues with deck switches
2024-06-16 23:44:50.099 INFO nestdrop.deck.PresetQueues : queues updated
2024-06-16 23:44:50.100 INFO nestcontrol.deck.DeckConfigKt : preset queue: PresetQueue(index=12, name=uninitialized, autoChange=false, toggles=[])
2024-06-16 23:44:50.100 INFO nestdrop.deck.PresetQueues : combining queues with deck switches
2024-06-16 23:44:50.100 INFO nestdrop.deck.PresetQueues : queues updated
2024-06-16 23:44:50.100 INFO nestcontrol.deck.DeckConfigKt : after presetQueues config: DeckConfig(triggerTime=0.75, transitionTime=1.0, presetQueue=PresetQueue(index=12, name=uninitialized, autoChange=false, toggles=[]), preset=Preset(autoChange=false), sprite=Sprite(autoChange=false, index=-1, name=null, toggles=[]), spriteQueue=SpriteQueue(index=-1, name=null), spoutQueue=SpoutQueue(index=-1, name=null), spout=Spout(index=-1, label=null), spriteFX=SpriteFX(autoChange=false, blendMode=false, index=-1, toggles=[]), bpmSync=BpmSync(enabled=false, multiplier=4), strobe=Strobe(enabled=false))
2024-06-16 23:44:50.100 INFO nestcontrol.deck.DeckConfigKt : preset queue: PresetQueue(index=-1, name=uninitialized, autoChange=false, toggles=[])
2024-06-16 23:44:50.100 INFO nestdrop.deck.PresetQueues : combining queues with deck switches
2024-06-16 23:44:50.100 INFO nestdrop.deck.PresetQueues : queues updated
2024-06-16 23:44:50.100 INFO nestcontrol.deck.DeckConfigKt : after preset config: DeckConfig(triggerTime=0.75, transitionTime=1.0, presetQueue=PresetQueue(index=12, name=uninitialized, autoChange=false, toggles=[]), preset=Preset(autoChange=false), sprite=Sprite(autoChange=false, index=-1, name=null, toggles=[]), spriteQueue=SpriteQueue(index=-1, name=null), spoutQueue=SpoutQueue(index=-1, name=null), spout=Spout(index=-1, label=null), spriteFX=SpriteFX(autoChange=false, blendMode=false, index=-1, toggles=[]), bpmSync=BpmSync(enabled=false, multiplier=4), strobe=Strobe(enabled=false))
2024-06-16 23:44:50.100 INFO nestdrop.deck.PresetQueues : combining queues with deck switches
2024-06-16 23:44:50.100 INFO nestcontrol.deck.DeckConfigKt : after presetQueues config: DeckConfig(triggerTime=0.25, transitionTime=1.0, presetQueue=PresetQueue(index=-1, name=uninitialized, autoChange=false, toggles=[]), preset=Preset(autoChange=false), sprite=Sprite(autoChange=false, index=-1, name=null, toggles=[]), spriteQueue=SpriteQueue(index=-1, name=null), spoutQueue=SpoutQueue(index=-1, name=null), spout=Spout(index=-1, label=null), spriteFX=SpriteFX(autoChange=false, blendMode=false, index=-1, toggles=[]), bpmSync=BpmSync(enabled=false, multiplier=4), strobe=Strobe(enabled=false))
2024-06-16 23:44:50.100 INFO nestcontrol.deck.DeckConfigKt : preset queue: PresetQueue(index=-1, name=uninitialized, autoChange=false, toggles=[])
2024-06-16 23:44:50.100 INFO nestdrop.deck.PresetQueues : queues updated
2024-06-16 23:44:50.100 INFO nestcontrol.deck.DeckConfigKt : preset queue: PresetQueue(index=12, name=uninitialized, autoChange=false, toggles=[])
2024-06-16 23:44:50.100 INFO nestcontrol.deck.DeckConfigKt : preset queue: PresetQueue(index=-1, name=uninitialized, autoChange=false, toggles=[])
2024-06-16 23:44:50.100 INFO nestcontrol.deck.DeckConfigKt : after sprite queue config: DeckConfig(triggerTime=0.25, transitionTime=1.0, presetQueue=PresetQueue(index=-1, name=uninitialized, autoChange=false, toggles=[]), preset=Preset(autoChange=false), sprite=Sprite(autoChange=false, index=-1, name=null, toggles=[]), spriteQueue=SpriteQueue(index=6, name=uninitialized), spoutQueue=SpoutQueue(index=-1, name=null), spout=Spout(index=-1, label=null), spriteFX=SpriteFX(autoChange=false, blendMode=false, index=-1, toggles=[]), bpmSync=BpmSync(enabled=false, multiplier=4), strobe=Strobe(enabled=false))
2024-06-16 23:44:50.100 INFO nestcontrol.deck.DeckConfigKt : preset queue: PresetQueue(index=12, name=uninitialized, autoChange=false, toggles=[])
2024-06-16 23:44:50.100 INFO nestcontrol.deck.DeckConfigKt : after presetQueues config: DeckConfig(triggerTime=0.75, transitionTime=1.0, presetQueue=PresetQueue(index=12, name=uninitialized, autoChange=false, toggles=[]), preset=Preset(autoChange=false), sprite=Sprite(autoChange=false, index=-1, name=null, toggles=[]), spriteQueue=SpriteQueue(index=-1, name=null), spoutQueue=SpoutQueue(index=-1, name=null), spout=Spout(index=-1, label=null), spriteFX=SpriteFX(autoChange=false, blendMode=false, index=-1, toggles=[]), bpmSync=BpmSync(enabled=false, multiplier=4), strobe=Strobe(enabled=false))
2024-06-16 23:44:50.100 INFO nestdrop.deck.PresetQueues : queues updated
2024-06-16 23:44:50.100 INFO nestcontrol.deck.DeckConfigKt : after presetQueues config: DeckConfig(triggerTime=0.25, transitionTime=1.0, presetQueue=PresetQueue(index=-1, name=uninitialized, autoChange=false, toggles=[]), preset=Preset(autoChange=false), sprite=Sprite(autoChange=false, index=-1, name=null, toggles=[]), spriteQueue=SpriteQueue(index=-1, name=null), spoutQueue=SpoutQueue(index=-1, name=null), spout=Spout(index=-1, label=null), spriteFX=SpriteFX(autoChange=false, blendMode=false, index=-1, toggles=[]), bpmSync=BpmSync(enabled=false, multiplier=4), strobe=Strobe(enabled=false))
2024-06-16 23:44:50.100 INFO nestcontrol.deck.DeckConfigKt : after preset config: DeckConfig(triggerTime=0.75, transitionTime=1.0, presetQueue=PresetQueue(index=12, name=uninitialized, autoChange=false, toggles=[]), preset=Preset(autoChange=false), sprite=Sprite(autoChange=false, index=-1, name=null, toggles=[]), spriteQueue=SpriteQueue(index=-1, name=null), spoutQueue=SpoutQueue(index=-1, name=null), spout=Spout(index=-1, label=null), spriteFX=SpriteFX(autoChange=false, blendMode=false, index=-1, toggles=[]), bpmSync=BpmSync(enabled=false, multiplier=4), strobe=Strobe(enabled=false))
2024-06-16 23:44:50.100 INFO nestcontrol.deck.DeckConfigKt : after preset config: DeckConfig(triggerTime=0.25, transitionTime=1.0, presetQueue=PresetQueue(index=-1, name=uninitialized, autoChange=false, toggles=[]), preset=Preset(autoChange=false), sprite=Sprite(autoChange=false, index=-1, name=null, toggles=[]), spriteQueue=SpriteQueue(index=-1, name=null), spoutQueue=SpoutQueue(index=-1, name=null), spout=Spout(index=-1, label=null), spriteFX=SpriteFX(autoChange=false, blendMode=false, index=-1, toggles=[]), bpmSync=BpmSync(enabled=false, multiplier=4), strobe=Strobe(enabled=false))
2024-06-16 23:44:50.100 INFO nestcontrol.deck.DeckConfigKt : after preset config: DeckConfig(triggerTime=0.25, transitionTime=1.0, presetQueue=PresetQueue(index=-1, name=uninitialized, autoChange=false, toggles=[]), preset=Preset(autoChange=false), sprite=Sprite(autoChange=false, index=-1, name=null, toggles=[]), spriteQueue=SpriteQueue(index=-1, name=null), spoutQueue=SpoutQueue(index=-1, name=null), spout=Spout(index=-1, label=null), spriteFX=SpriteFX(autoChange=false, blendMode=false, index=-1, toggles=[]), bpmSync=BpmSync(enabled=false, multiplier=4), strobe=Strobe(enabled=false))
2024-06-16 23:44:50.100 INFO nestcontrol.deck.DeckConfigKt : after sprite queue config: DeckConfig(triggerTime=0.75, transitionTime=1.0, presetQueue=PresetQueue(index=12, name=uninitialized, autoChange=false, toggles=[]), preset=Preset(autoChange=false), sprite=Sprite(autoChange=false, index=-1, name=null, toggles=[]), spriteQueue=SpriteQueue(index=4, name=uninitialized), spoutQueue=SpoutQueue(index=-1, name=null), spout=Spout(index=-1, label=null), spriteFX=SpriteFX(autoChange=false, blendMode=false, index=-1, toggles=[]), bpmSync=BpmSync(enabled=false, multiplier=4), strobe=Strobe(enabled=false))
2024-06-16 23:44:50.100 INFO nestdrop.deck.PresetQueues : combining queues with deck switches
2024-06-16 23:44:50.100 INFO nestcontrol.deck.DeckConfigKt : after presetQueues config: DeckConfig(triggerTime=0.75, transitionTime=1.0, presetQueue=PresetQueue(index=12, name=uninitialized, autoChange=false, toggles=[]), preset=Preset(autoChange=false), sprite=Sprite(autoChange=false, index=-1, name=null, toggles=[]), spriteQueue=SpriteQueue(index=-1, name=null), spoutQueue=SpoutQueue(index=-1, name=null), spout=Spout(index=-1, label=null), spriteFX=SpriteFX(autoChange=false, blendMode=false, index=-1, toggles=[]), bpmSync=BpmSync(enabled=false, multiplier=4), strobe=Strobe(enabled=false))
2024-06-16 23:44:50.100 INFO nestcontrol.deck.DeckConfigKt : after sprite queue config: DeckConfig(triggerTime=0.25, transitionTime=1.0, presetQueue=PresetQueue(index=-1, name=uninitialized, autoChange=false, toggles=[]), preset=Preset(autoChange=false), sprite=Sprite(autoChange=false, index=-1, name=null, toggles=[]), spriteQueue=SpriteQueue(index=6, name=uninitialized), spoutQueue=SpoutQueue(index=-1, name=null), spout=Spout(index=-1, label=null), spriteFX=SpriteFX(autoChange=false, blendMode=false, index=-1, toggles=[]), bpmSync=BpmSync(enabled=false, multiplier=4), strobe=Strobe(enabled=false))
2024-06-16 23:44:50.100 INFO nestcontrol.deck.DeckConfigKt : after sprite queue config: DeckConfig(triggerTime=0.75, transitionTime=1.0, presetQueue=PresetQueue(index=12, name=uninitialized, autoChange=false, toggles=[]), preset=Preset(autoChange=false), sprite=Sprite(autoChange=false, index=-1, name=null, toggles=[]), spriteQueue=SpriteQueue(index=4, name=uninitialized), spoutQueue=SpoutQueue(index=-1, name=null), spout=Spout(index=-1, label=null), spriteFX=SpriteFX(autoChange=false, blendMode=false, index=-1, toggles=[]), bpmSync=BpmSync(enabled=false, multiplier=4), strobe=Strobe(enabled=false))
2024-06-16 23:44:50.100 INFO nestcontrol.deck.DeckConfigKt : after preset config: DeckConfig(triggerTime=0.25, transitionTime=1.0, presetQueue=PresetQueue(index=-1, name=uninitialized, autoChange=false, toggles=[]), preset=Preset(autoChange=false), sprite=Sprite(autoChange=false, index=-1, name=null, toggles=[]), spriteQueue=SpriteQueue(index=-1, name=null), spoutQueue=SpoutQueue(index=-1, name=null), spout=Spout(index=-1, label=null), spriteFX=SpriteFX(autoChange=false, blendMode=false, index=-1, toggles=[]), bpmSync=BpmSync(enabled=false, multiplier=4), strobe=Strobe(enabled=false))
2024-06-16 23:44:50.100 INFO nestcontrol.deck.DeckConfigKt : after preset config: DeckConfig(triggerTime=0.75, transitionTime=1.0, presetQueue=PresetQueue(index=12, name=uninitialized, autoChange=false, toggles=[]), preset=Preset(autoChange=false), sprite=Sprite(autoChange=false, index=-1, name=null, toggles=[]), spriteQueue=SpriteQueue(index=-1, name=null), spoutQueue=SpoutQueue(index=-1, name=null), spout=Spout(index=-1, label=null), spriteFX=SpriteFX(autoChange=false, blendMode=false, index=-1, toggles=[]), bpmSync=BpmSync(enabled=false, multiplier=4), strobe=Strobe(enabled=false))
2024-06-16 23:44:50.100 INFO nestdrop.deck.PresetQueues : combining queues with deck switches
2024-06-16 23:44:50.100 INFO nestcontrol.deck.DeckConfigKt : after presetQueues config: DeckConfig(triggerTime=0.25, transitionTime=1.0, presetQueue=PresetQueue(index=-1, name=uninitialized, autoChange=false, toggles=[]), preset=Preset(autoChange=false), sprite=Sprite(autoChange=false, index=-1, name=null, toggles=[]), spriteQueue=SpriteQueue(index=-1, name=null), spoutQueue=SpoutQueue(index=-1, name=null), spout=Spout(index=-1, label=null), spriteFX=SpriteFX(autoChange=false, blendMode=false, index=-1, toggles=[]), bpmSync=BpmSync(enabled=false, multiplier=4), strobe=Strobe(enabled=false))
2024-06-16 23:44:50.100 INFO nestcontrol.deck.DeckConfigKt : after sprite queue config: DeckConfig(triggerTime=0.25, transitionTime=1.0, presetQueue=PresetQueue(index=-1, name=uninitialized, autoChange=false, toggles=[]), preset=Preset(autoChange=false), sprite=Sprite(autoChange=false, index=-1, name=null, toggles=[]), spriteQueue=SpriteQueue(index=6, name=uninitialized), spoutQueue=SpoutQueue(index=-1, name=null), spout=Spout(index=-1, label=null), spriteFX=SpriteFX(autoChange=false, blendMode=false, index=-1, toggles=[]), bpmSync=BpmSync(enabled=false, multiplier=4), strobe=Strobe(enabled=false))
2024-06-16 23:44:50.100 INFO nestdrop.deck.PresetQueues : queues updated
2024-06-16 23:44:50.100 INFO nestcontrol.deck.DeckConfigKt : after sprite queue config: DeckConfig(triggerTime=0.75, transitionTime=1.0, presetQueue=PresetQueue(index=12, name=uninitialized, autoChange=false, toggles=[]), preset=Preset(autoChange=false), sprite=Sprite(autoChange=false, index=-1, name=null, toggles=[]), spriteQueue=SpriteQueue(index=4, name=uninitialized), spoutQueue=SpoutQueue(index=-1, name=null), spout=Spout(index=-1, label=null), spriteFX=SpriteFX(autoChange=false, blendMode=false, index=-1, toggles=[]), bpmSync=BpmSync(enabled=false, multiplier=4), strobe=Strobe(enabled=false))
2024-06-16 23:44:50.101 INFO nestdrop.deck.Deck : initializing deck1
2024-06-16 23:44:50.125 INFO nestdrop.deck.Deck : initializing deck1 preset queue
2024-06-16 23:44:50.128 INFO nestdrop.deck.Deck : initializing deck1 preset
2024-06-16 23:44:50.129 INFO nestdrop.deck.Deck : deck1 queue: null
2024-06-16 23:44:50.129 INFO nestcontrol.deck.DeckConfigKt : preset queue: PresetQueue(index=12, name=disabled, autoChange=false, toggles=[])
2024-06-16 23:44:50.129 INFO nestcontrol.deck.DeckConfigKt : after presetQueues config: DeckConfig(triggerTime=0.75, transitionTime=1.0, presetQueue=PresetQueue(index=12, name=disabled, autoChange=false, toggles=[]), preset=Preset(autoChange=false), sprite=Sprite(autoChange=false, index=-1, name=null, toggles=[]), spriteQueue=SpriteQueue(index=-1, name=null), spoutQueue=SpoutQueue(index=-1, name=null), spout=Spout(index=-1, label=null), spriteFX=SpriteFX(autoChange=false, blendMode=false, index=-1, toggles=[]), bpmSync=BpmSync(enabled=false, multiplier=4), strobe=Strobe(enabled=false))
2024-06-16 23:44:50.130 INFO nestcontrol.deck.DeckConfigKt : after preset config: DeckConfig(triggerTime=0.75, transitionTime=1.0, presetQueue=PresetQueue(index=12, name=disabled, autoChange=false, toggles=[]), preset=Preset(autoChange=false), sprite=Sprite(autoChange=false, index=-1, name=null, toggles=[]), spriteQueue=SpriteQueue(index=-1, name=null), spoutQueue=SpoutQueue(index=-1, name=null), spout=Spout(index=-1, label=null), spriteFX=SpriteFX(autoChange=false, blendMode=false, index=-1, toggles=[]), bpmSync=BpmSync(enabled=false, multiplier=4), strobe=Strobe(enabled=false))
2024-06-16 23:44:50.130 INFO nestcontrol.deck.DeckConfigKt : after sprite queue config: DeckConfig(triggerTime=0.75, transitionTime=1.0, presetQueue=PresetQueue(index=12, name=disabled, autoChange=false, toggles=[]), preset=Preset(autoChange=false), sprite=Sprite(autoChange=false, index=-1, name=null, toggles=[]), spriteQueue=SpriteQueue(index=4, name=uninitialized), spoutQueue=SpoutQueue(index=-1, name=null), spout=Spout(index=-1, label=null), spriteFX=SpriteFX(autoChange=false, blendMode=false, index=-1, toggles=[]), bpmSync=BpmSync(enabled=false, multiplier=4), strobe=Strobe(enabled=false))
2024-06-16 23:44:50.133 INFO nestdrop.deck.Deck : initializing deck1 sprite queues
2024-06-16 23:44:50.138 INFO nestdrop.deck.Deck : initializing deck1 sprite queue
2024-06-16 23:44:50.140 INFO nestcontrol.deck.DeckConfigKt : after sprite queue config: DeckConfig(triggerTime=0.75, transitionTime=1.0, presetQueue=PresetQueue(index=12, name=disabled, autoChange=false, toggles=[]), preset=Preset(autoChange=false), sprite=Sprite(autoChange=false, index=-1, name=null, toggles=[]), spriteQueue=SpriteQueue(index=4, name=unset), spoutQueue=SpoutQueue(index=-1, name=null), spout=Spout(index=-1, label=null), spriteFX=SpriteFX(autoChange=false, blendMode=false, index=-1, toggles=[]), bpmSync=BpmSync(enabled=false, multiplier=4), strobe=Strobe(enabled=false))
2024-06-16 23:44:50.147 INFO nestdrop.deck.Deck : initializing deck1 sprite
2024-06-16 23:44:50.152 INFO nestdrop.deck.Deck : initializing deck1 sprite fx
2024-06-16 23:44:50.153 INFO nestdrop.deck.Deck : initializing deck1 spout queue
2024-06-16 23:44:50.154 INFO nestdrop.deck.Deck : setting deck1 FX to 0
2024-06-16 23:44:50.156 INFO nestdrop.deck.Deck : initializing deck1 spout
2024-06-16 23:44:50.157 INFO nestdrop.deck.Deck : deck1 spout name null
2024-06-16 23:44:50.158 INFO nestdrop.deck.Deck : initializing deck2
2024-06-16 23:44:50.159 INFO nestdrop.deck.Deck : initializing deck2 preset queue
2024-06-16 23:44:50.159 INFO nestdrop.deck.Deck : deck2 queue: null
2024-06-16 23:44:50.159 INFO nestdrop.deck.Deck : initializing deck2 sprite queues
2024-06-16 23:44:50.159 INFO nestdrop.deck.Deck : initializing deck2 preset
2024-06-16 23:44:50.159 INFO nestcontrol.deck.DeckConfigKt : preset queue: PresetQueue(index=-1, name=disabled, autoChange=false, toggles=[])
2024-06-16 23:44:50.159 INFO nestdrop.deck.Deck : initializing deck2 sprite
2024-06-16 23:44:50.159 INFO nestdrop.deck.Deck : initializing deck2 spout queue
2024-06-16 23:44:50.159 INFO nestdrop.deck.Deck : initializing deck2 sprite queue
2024-06-16 23:44:50.159 INFO nestdrop.deck.Deck : initializing deck2 spout
2024-06-16 23:44:50.159 INFO nestcontrol.deck.DeckConfigKt : after preset config: DeckConfig(triggerTime=0.25, transitionTime=1.0, presetQueue=PresetQueue(index=-1, name=disabled, autoChange=false, toggles=[]), preset=Preset(autoChange=false), sprite=Sprite(autoChange=false, index=-1, name=null, toggles=[]), spriteQueue=SpriteQueue(index=-1, name=null), spoutQueue=SpoutQueue(index=-1, name=null), spout=Spout(index=-1, label=null), spriteFX=SpriteFX(autoChange=false, blendMode=false, index=-1, toggles=[]), bpmSync=BpmSync(enabled=false, multiplier=4), strobe=Strobe(enabled=false))
2024-06-16 23:44:50.159 INFO nestcontrol.deck.DeckConfigKt : after sprite queue config: DeckConfig(triggerTime=0.25, transitionTime=1.0, presetQueue=PresetQueue(index=-1, name=disabled, autoChange=false, toggles=[]), preset=Preset(autoChange=false), sprite=Sprite(autoChange=false, index=-1, name=null, toggles=[]), spriteQueue=SpriteQueue(index=6, name=unset), spoutQueue=SpoutQueue(index=-1, name=null), spout=Spout(index=-1, label=null), spriteFX=SpriteFX(autoChange=false, blendMode=false, index=-1, toggles=[]), bpmSync=BpmSync(enabled=false, multiplier=4), strobe=Strobe(enabled=false))
2024-06-16 23:44:50.159 INFO nestdrop.deck.Deck : setting deck2 FX to 0
2024-06-16 23:44:50.159 INFO nestdrop.deck.Deck : spout sync triggered
2024-06-16 23:44:50.159 INFO nestdrop.deck.Deck : deck2 spout name null
2024-06-16 23:44:50.159 INFO nestdrop.deck.Deck : initializing deck2 sprite fx
2024-06-16 23:44:50.159 INFO nestcontrol.deck.DeckConfigKt : after presetQueues config: DeckConfig(triggerTime=0.25, transitionTime=1.0, presetQueue=PresetQueue(index=-1, name=disabled, autoChange=false, toggles=[]), preset=Preset(autoChange=false), sprite=Sprite(autoChange=false, index=-1, name=null, toggles=[]), spriteQueue=SpriteQueue(index=-1, name=null), spoutQueue=SpoutQueue(index=-1, name=null), spout=Spout(index=-1, label=null), spriteFX=SpriteFX(autoChange=false, blendMode=false, index=-1, toggles=[]), bpmSync=BpmSync(enabled=false, multiplier=4), strobe=Strobe(enabled=false))
2024-06-16 23:44:50.159 INFO nestcontrol.deck.DeckConfigKt : after sprite queue config: DeckConfig(triggerTime=0.25, transitionTime=1.0, presetQueue=PresetQueue(index=-1, name=uninitialized, autoChange=false, toggles=[]), preset=Preset(autoChange=false), sprite=Sprite(autoChange=false, index=-1, name=null, toggles=[]), spriteQueue=SpriteQueue(index=6, name=unset), spoutQueue=SpoutQueue(index=-1, name=null), spout=Spout(index=-1, label=null), spriteFX=SpriteFX(autoChange=false, blendMode=false, index=-1, toggles=[]), bpmSync=BpmSync(enabled=false, multiplier=4), strobe=Strobe(enabled=false))
2024-06-16 23:44:50.159 INFO nestdrop.deck.Deck : spout sync triggered
2024-06-16 23:44:50.160 INFO nestdrop.deck.Deck : deck1 spout index changed: -1
2024-06-16 23:44:50.161 INFO nestdrop.deck.Deck : deck2 spout index changed: -1
2024-06-16 23:44:50.161 INFO nestdrop.deck.Deck : deck1 spout queue changed: null
2024-06-16 23:44:50.161 INFO nestdrop.deck.Deck : deck2 spout queue changed: null
2024-06-16 23:44:50.164 INFO nestdrop.deck.loadDeckSettingsKt : loading settings from deck1
2024-06-16 23:44:50.236 INFO nestdrop.deck.loadDeckSettingsKt : loading settings from deck2
2024-06-16 23:44:50.236 INFO nestdrop.deck.loadDeckSettingsKt : DeckSettings(deckPanelsIsOpen=StringValue(value=0,0,0,0,0,0), transitTime=FloatValue(value=3.6), fps=IntValue(value=30), animationSpeed=FloatValue(value=0.5190856), zoomSpeed=FloatValue(value=0.9), ZoomExp=FloatValue(value=1.0), rotationSpeed=FloatValue(value=0.9), wrapSpeed=FloatValue(value=0.8), horizontalMotion=FloatValue(value=0.0), verticalMotion=FloatValue(value=0.0), stretchSpeed=FloatValue(value=1.0), waveMode=FloatValue(value=1.0), negative=FloatValue(value=0.0), red=FloatValue(value=1.0), green=FloatValue(value=1.0), blue=FloatValue(value=1.0), brightness=FloatValue(value=1.0), contrast=FloatValue(value=1.0), gamma=FloatValue(value=1.0), hue=FloatValue(value=0.0), saturation=FloatValue(value=1.0), lumaKey=RangeValue(min=0.0, max=1.0), alpha=FloatValue(value=1.0), strobe=Strobe(effectIndex=14, color=4294967295, effectSpanMin=0.0, effectSpanMax=1.0, triggerIndex=0, speed=0.26, pulseWidth=1.0, waveFormIndex=2), audio=Audio(channel=3, bass=1.0, mid=1.0, treble=1.0), spout=Spout(width=1920, height=1080), videoDeck=VideoDeck(preview=4, topMost=false), outputMonitor=IntValue(value=0), ndi=BooleanValue(value=false))
2024-06-16 23:44:50.262 INFO nestdrop.deck.Deck : deck2 spout change: -1 in null
2024-06-16 23:44:50.262 INFO nestdrop.deck.Deck : deck1 spout change: -1 in null
2024-06-16 23:44:50.277 INFO nestdrop.deck.loadDeckSettingsKt : DeckSettings(deckPanelsIsOpen=StringValue(value=0,0,0,0,0,0), transitTime=FloatValue(value=3.2), fps=IntValue(value=30), animationSpeed=FloatValue(value=0.5190856), zoomSpeed=FloatValue(value=1.0), ZoomExp=FloatValue(value=1.0), rotationSpeed=FloatValue(value=1.0), wrapSpeed=FloatValue(value=1.0), horizontalMotion=FloatValue(value=0.0), verticalMotion=FloatValue(value=0.0), stretchSpeed=FloatValue(value=1.0), waveMode=FloatValue(value=0.0), negative=FloatValue(value=0.0), red=FloatValue(value=1.0), green=FloatValue(value=1.0), blue=FloatValue(value=1.0), brightness=FloatValue(value=1.0), contrast=FloatValue(value=1.0), gamma=FloatValue(value=1.0), hue=FloatValue(value=0.0), saturation=FloatValue(value=1.0), lumaKey=RangeValue(min=0.0, max=1.0), alpha=FloatValue(value=1.0), strobe=Strobe(effectIndex=14, color=4294967295, effectSpanMin=0.0, effectSpanMax=1.0, triggerIndex=0, speed=0.26, pulseWidth=1.0, waveFormIndex=2), audio=Audio(channel=3, bass=1.0, mid=1.0, treble=1.0), spout=Spout(width=1920, height=1080), videoDeck=VideoDeck(preview=4, topMost=false), outputMonitor=IntValue(value=0), ndi=BooleanValue(value=false))
2024-06-16 23:44:50.278 INFO Main : initializing OSC
2024-06-16 23:44:50.542 INFO Config : saving config Config(beats=64, deck1=DeckConfig(triggerTime=0.75, transitionTime=1.0, presetQueue=PresetQueue(index=12, name=better_nested, autoChange=false, toggles=[]), preset=Preset(autoChange=false), sprite=Sprite(autoChange=false, index=-1, name=null, toggles=[]), spriteQueue=SpriteQueue(index=4, name=unset), spoutQueue=SpoutQueue(index=-1, name=unset), spout=Spout(index=-1, label=unset), spriteFX=SpriteFX(autoChange=false, blendMode=false, index=0, toggles=[]), bpmSync=BpmSync(enabled=false, multiplier=4), strobe=Strobe(enabled=false)), deck2=DeckConfig(triggerTime=0.25, transitionTime=1.0, presetQueue=PresetQueue(index=-1, name=disabled, autoChange=false, toggles=[]), preset=Preset(autoChange=false), sprite=Sprite(autoChange=false, index=-1, name=null, toggles=[]), spriteQueue=SpriteQueue(index=-1, name=unset), spoutQueue=SpoutQueue(index=6, name=unset), spout=Spout(index=-1, label=unset), spriteFX=SpriteFX(autoChange=false, blendMode=false, index=0, toggles=[]), bpmSync=BpmSync(enabled=false, multiplier=4), strobe=Strobe(enabled=false)))
2024-06-16 23:44:50.818 INFO Main : re-emitting all values
2024-06-16 23:44:50.822 INFO Main : await application
