2024-06-16 23:35:25.964 WARN Main : WARN
2024-06-16 23:35:25.971 ERROR Main : ERROR
2024-06-16 23:35:25.972 FATAL Main : FATAL
2024-06-16 23:35:25.979 INFO osc.OscSynced : creating synced value for /bpm
2024-06-16 23:35:25.976 INFO osc.OscSynced : creating synced value for /linkConnected
2024-06-16 23:35:25.979 INFO osc.OscSynced : creating synced value for /peers
2024-06-16 23:35:25.985 WARN Main : waiting for link to connect
2024-06-16 23:35:26.088 INFO Link : connecting to ableton link...
2024-06-16 23:35:26.535 INFO osc.OscSynced : creating synced value for /composition/groups/1/video/effects/motionextraction/bypassed
2024-06-16 23:35:26.535 INFO osc.OscSynced : creating synced value for /composition/groups/1/video/effects/motionextraction/effect/delay
2024-06-16 23:35:26.535 INFO osc.OscSynced : creating synced value for /composition/groups/1/video/effects/automask/bypassed
2024-06-16 23:35:26.536 INFO osc.OscSynced : creating synced value for /resolume/1/motion_extraction/enabled
2024-06-16 23:35:26.542 INFO osc.OscSynced : creating synced value for /resolume/1/motion_extraction/delay
2024-06-16 23:35:26.545 INFO osc.OscSynced : creating synced value for /resolume/1/auto_mask
2024-06-16 23:35:26.550 INFO osc.OscSynced : creating synced value for /composition/groups/2/video/effects/motionextraction/bypassed
2024-06-16 23:35:26.551 INFO osc.OscSynced : creating synced value for /composition/groups/2/video/effects/motionextraction/effect/delay
2024-06-16 23:35:26.551 INFO osc.OscSynced : creating synced value for /resolume/2/motion_extraction/enabled
2024-06-16 23:35:26.551 INFO osc.OscSynced : creating synced value for /composition/groups/2/video/effects/automask/bypassed
2024-06-16 23:35:26.551 INFO osc.OscSynced : creating synced value for /resolume/2/motion_extraction/delay
2024-06-16 23:35:26.551 INFO osc.OscSynced : creating synced value for /resolume/2/auto_mask
2024-06-16 23:35:26.551 INFO osc.OscSynced : creating synced value for /composition/groups/3/video/effects/motionextraction/bypassed
2024-06-16 23:35:26.551 INFO osc.OscSynced : creating synced value for /composition/groups/3/video/effects/motionextraction/effect/delay
2024-06-16 23:35:26.552 INFO osc.OscSynced : creating synced value for /composition/groups/3/video/effects/automask/bypassed
2024-06-16 23:35:26.552 INFO osc.OscSynced : creating synced value for /resolume/3/motion_extraction/enabled
2024-06-16 23:35:26.552 INFO osc.OscSynced : creating synced value for /resolume/3/motion_extraction/delay
2024-06-16 23:35:26.552 INFO osc.OscSynced : creating synced value for /composition/groups/4/video/effects/motionextraction/bypassed
2024-06-16 23:35:26.552 INFO osc.OscSynced : creating synced value for /resolume/3/auto_mask
2024-06-16 23:35:26.552 INFO osc.OscSynced : creating synced value for /composition/groups/4/video/effects/motionextraction/effect/delay
2024-06-16 23:35:26.552 INFO osc.OscSynced : creating synced value for /composition/groups/4/video/effects/automask/bypassed
2024-06-16 23:35:26.553 INFO osc.OscSynced : creating synced value for /resolume/4/motion_extraction/enabled
2024-06-16 23:35:26.553 INFO osc.OscSynced : creating synced value for /resolume/4/motion_extraction/delay
2024-06-16 23:35:26.553 INFO osc.OscSynced : creating synced value for /resolume/4/auto_mask
2024-06-16 23:35:26.602 INFO osc.OSCUtil : creating buttons for group 1 layer 1 (1)
2024-06-16 23:35:26.603 INFO osc.OscSynced : creating synced value for /composition/layers/1/connectspecificclip
2024-06-16 23:35:26.605 INFO osc.OSCUtil : creating buttons for group 1 layer 2 (2)
2024-06-16 23:35:26.605 INFO osc.OscSynced : creating synced value for /composition/layers/2/connectspecificclip
2024-06-16 23:35:26.605 INFO osc.OSCUtil : creating buttons for group 1 layer 3 (3)
2024-06-16 23:35:26.606 INFO osc.OscSynced : creating synced value for /composition/layers/3/connectspecificclip
2024-06-16 23:35:26.606 INFO osc.OscSynced : creating synced value for /composition/layers/4/connectspecificclip
2024-06-16 23:35:26.606 INFO osc.OSCUtil : creating buttons for group 2 layer 2 (5)
2024-06-16 23:35:26.606 INFO osc.OscSynced : creating synced value for /composition/layers/5/connectspecificclip
2024-06-16 23:35:26.606 INFO osc.OSCUtil : creating buttons for group 2 layer 1 (4)
2024-06-16 23:35:26.606 INFO osc.OSCUtil : resolume group 1 layer 2 connectSpecificClip index -1
2024-06-16 23:35:26.606 INFO osc.OSCUtil : resolume group 1 layer 1 connectSpecificClip index -1
2024-06-16 23:35:26.606 INFO osc.OSCUtil : creating buttons for group 3 layer 1 (7)
2024-06-16 23:35:26.607 INFO osc.OscSynced : creating synced value for /composition/layers/7/connectspecificclip
2024-06-16 23:35:26.607 INFO osc.OSCUtil : resolume group 2 layer 3 connectSpecificClip index -1
2024-06-16 23:35:26.607 INFO osc.OSCUtil : creating buttons for group 3 layer 2 (8)
2024-06-16 23:35:26.607 INFO osc.OSCUtil : resolume group 3 layer 1 connectSpecificClip index -1
2024-06-16 23:35:26.607 INFO osc.OscSynced : creating synced value for /composition/layers/8/connectspecificclip
2024-06-16 23:35:26.606 INFO osc.OSCUtil : resolume group 1 layer 3 connectSpecificClip index -1
2024-06-16 23:35:26.606 INFO osc.OSCUtil : resolume group 2 layer 1 connectSpecificClip index -1
2024-06-16 23:35:26.606 INFO osc.OSCUtil : resolume group 2 layer 2 connectSpecificClip index -1
2024-06-16 23:35:26.607 INFO osc.OSCUtil : creating buttons for group 3 layer 3 (9)
2024-06-16 23:35:26.607 INFO osc.OscSynced : creating synced value for /composition/layers/9/connectspecificclip
2024-06-16 23:35:26.607 INFO osc.OSCUtil : resolume group 3 layer 2 connectSpecificClip index -1
2024-06-16 23:35:26.606 INFO osc.OSCUtil : creating buttons for group 2 layer 3 (6)
2024-06-16 23:35:26.606 INFO osc.OscSynced : creating synced value for /composition/layers/6/connectspecificclip
2024-06-16 23:35:26.607 INFO osc.OscSynced : creating synced value for /composition/layers/11/connectspecificclip
2024-06-16 23:35:26.607 INFO osc.OSCUtil : creating buttons for group 4 layer 1 (10)
2024-06-16 23:35:26.607 INFO osc.OscSynced : creating synced value for /composition/layers/10/connectspecificclip
2024-06-16 23:35:26.607 INFO osc.OSCUtil : creating buttons for group 4 layer 2 (11)
2024-06-16 23:35:26.607 INFO osc.OSCUtil : creating buttons for group 4 layer 3 (12)
2024-06-16 23:35:26.608 INFO osc.OscSynced : creating synced value for /composition/layers/12/connectspecificclip
2024-06-16 23:35:26.608 INFO osc.OSCUtil : resolume group 3 layer 3 connectSpecificClip index -1
2024-06-16 23:35:26.608 INFO osc.OSCUtil : creating buttons for group 5 layer 1 (13)
2024-06-16 23:35:26.608 INFO osc.OSCUtil : resolume group 4 layer 1 connectSpecificClip index -1
2024-06-16 23:35:26.608 INFO osc.OSCUtil : resolume group 4 layer 2 connectSpecificClip index -1
2024-06-16 23:35:26.608 INFO osc.OscSynced : creating synced value for /composition/layers/14/connectspecificclip
2024-06-16 23:35:26.608 INFO osc.OscSynced : creating synced value for /composition/layers/13/connectspecificclip
2024-06-16 23:35:26.608 INFO osc.OSCUtil : creating buttons for group 5 layer 2 (14)
2024-06-16 23:35:26.608 INFO osc.OSCUtil : resolume group 4 layer 3 connectSpecificClip index -1
2024-06-16 23:35:26.608 INFO osc.OSCUtil : creating buttons for group 5 layer 3 (15)
2024-06-16 23:35:26.608 INFO osc.OscSynced : creating synced value for /composition/layers/15/connectspecificclip
2024-06-16 23:35:26.608 INFO osc.OSCUtil : creating buttons for group 5 layer 4 (16)
2024-06-16 23:35:26.608 INFO osc.OscSynced : creating synced value for /composition/layers/16/connectspecificclip
2024-06-16 23:35:26.608 INFO osc.OSCUtil : creating buttons for group 5 layer 5 (17)
2024-06-16 23:35:26.608 INFO osc.OscSynced : creating synced value for /composition/layers/17/connectspecificclip
2024-06-16 23:35:26.609 INFO osc.OSCUtil : creating buttons for group 6 layer 1 (18)
2024-06-16 23:35:26.609 INFO osc.OscSynced : creating synced value for /composition/layers/18/connectspecificclip
2024-06-16 23:35:26.609 INFO osc.OSCUtil : creating buttons for group 6 layer 2 (19)
2024-06-16 23:35:26.609 INFO osc.OscSynced : creating synced value for /composition/layers/19/connectspecificclip
2024-06-16 23:35:26.609 INFO osc.OSCUtil : creating buttons for group 6 layer 3 (20)
2024-06-16 23:35:26.609 INFO osc.OscSynced : creating synced value for /composition/layers/20/connectspecificclip
2024-06-16 23:35:26.609 INFO osc.OSCUtil : creating buttons for group 6 layer 4 (21)
2024-06-16 23:35:26.609 INFO osc.OSCUtil : creating buttons for group 6 layer 5 (22)
2024-06-16 23:35:26.609 INFO osc.OscSynced : creating synced value for /composition/layers/21/connectspecificclip
2024-06-16 23:35:26.610 INFO osc.OscSynced : creating synced value for /composition/layers/24/connectspecificclip
2024-06-16 23:35:26.610 INFO osc.OSCUtil : creating buttons for group 6 layer 7 (24)
2024-06-16 23:35:26.609 INFO osc.OscSynced : creating synced value for /composition/layers/22/connectspecificclip
2024-06-16 23:35:26.610 INFO osc.OSCUtil : resolume group 5 layer 1 connectSpecificClip index -1
2024-06-16 23:35:26.610 INFO osc.OSCUtil : creating buttons for group 6 layer 6 (23)
2024-06-16 23:35:26.610 INFO osc.OSCUtil : resolume group 5 layer 2 connectSpecificClip index -1
2024-06-16 23:35:26.610 INFO osc.OscSynced : creating synced value for /composition/layers/23/connectspecificclip
2024-06-16 23:35:26.610 INFO osc.OSCUtil : creating buttons for group 6 layer 8 (25)
2024-06-16 23:35:26.610 INFO osc.OscSynced : creating synced value for /composition/layers/25/connectspecificclip
2024-06-16 23:35:26.611 INFO osc.OSCUtil : creating buttons for group 6 layer 9 (26)
2024-06-16 23:35:26.611 INFO osc.OscSynced : creating synced value for /composition/layers/26/connectspecificclip
2024-06-16 23:35:26.611 INFO osc.OSCUtil : creating buttons for group 7 layer 1 (27)
2024-06-16 23:35:26.611 INFO osc.OscSynced : creating synced value for /composition/layers/27/connectspecificclip
2024-06-16 23:35:26.611 INFO osc.OSCUtil : resolume group 5 layer 3 connectSpecificClip index -1
2024-06-16 23:35:26.624 INFO osc.OSCUtil : resolume group 5 layer 3 changed to null
2024-06-16 23:35:26.624 INFO osc.OSCUtil : resolume group 4 layer 1 changed to null
2024-06-16 23:35:26.624 INFO osc.OSCUtil : resolume group 2 layer 2 changed to null
2024-06-16 23:35:26.624 INFO osc.OSCUtil : resolume group 3 layer 3 changed to null
2024-06-16 23:35:26.624 INFO osc.OSCUtil : resolume group 5 layer 5 changed to null
2024-06-16 23:35:26.624 INFO osc.OSCUtil : resolume group 6 layer 1 changed to null
2024-06-16 23:35:26.624 INFO osc.OSCUtil : resolume group 6 layer 1 connectSpecificClip index -1
2024-06-16 23:35:26.624 INFO osc.OSCUtil : resolume group 2 layer 1 changed to null
2024-06-16 23:35:26.624 INFO osc.OSCUtil : resolume group 6 layer 2 connectSpecificClip index -1
2024-06-16 23:35:26.624 INFO osc.OSCUtil : resolume group 6 layer 2 changed to null
2024-06-16 23:35:26.624 INFO osc.OSCUtil : resolume group 5 layer 4 connectSpecificClip index -1
2024-06-16 23:35:26.624 INFO osc.OSCUtil : resolume group 3 layer 1 changed to null
2024-06-16 23:35:26.624 INFO osc.OSCUtil : resolume group 5 layer 5 connectSpecificClip index -1
2024-06-16 23:35:26.624 INFO osc.OSCUtil : resolume group 4 layer 3 changed to null
2024-06-16 23:35:26.624 INFO osc.OSCUtil : resolume group 6 layer 3 connectSpecificClip index -1
2024-06-16 23:35:26.624 INFO osc.OSCUtil : resolume group 6 layer 3 changed to null
2024-06-16 23:35:26.625 INFO osc.OSCUtil : resolume group 6 layer 4 changed to null
2024-06-16 23:35:26.624 INFO osc.OSCUtil : resolume group 5 layer 2 changed to null
2024-06-16 23:35:26.625 INFO osc.OSCUtil : resolume group 6 layer 4 connectSpecificClip index -1
2024-06-16 23:35:26.625 INFO osc.OSCUtil : resolume group 6 layer 5 connectSpecificClip index -1
2024-06-16 23:35:26.625 INFO osc.OSCUtil : resolume group 4 layer 2 changed to null
2024-06-16 23:35:26.625 INFO osc.OSCUtil : resolume group 6 layer 8 changed to null
2024-06-16 23:35:26.625 INFO osc.OSCUtil : resolume group 6 layer 7 changed to null
2024-06-16 23:35:26.625 INFO osc.OSCUtil : resolume group 6 layer 8 connectSpecificClip index -1
2024-06-16 23:35:26.625 INFO osc.OSCUtil : resolume group 6 layer 9 connectSpecificClip index -1
2024-06-16 23:35:26.625 INFO osc.OSCUtil : resolume group 6 layer 9 changed to null
2024-06-16 23:35:26.625 INFO osc.OSCUtil : resolume group 5 layer 1 changed to null
2024-06-16 23:35:26.625 INFO osc.OSCUtil : resolume group 3 layer 2 changed to null
2024-06-16 23:35:26.625 INFO osc.OSCUtil : resolume group 7 layer 1 changed to null
2024-06-16 23:35:26.625 INFO osc.OSCUtil : resolume group 1 layer 1 changed to null
2024-06-16 23:35:26.625 INFO osc.OSCUtil : resolume group 7 layer 1 connectSpecificClip index -1
2024-06-16 23:35:26.625 INFO osc.OSCUtil : resolume group 5 layer 4 changed to null
2024-06-16 23:35:26.625 INFO osc.OSCUtil : resolume group 6 layer 6 changed to null
2024-06-16 23:35:26.625 INFO osc.OSCUtil : resolume group 2 layer 3 changed to null
2024-06-16 23:35:26.625 INFO osc.OSCUtil : resolume group 1 layer 2 changed to null
2024-06-16 23:35:26.625 INFO osc.OSCUtil : resolume group 6 layer 6 connectSpecificClip index -1
2024-06-16 23:35:26.625 INFO osc.OSCUtil : resolume group 6 layer 7 connectSpecificClip index -1
2024-06-16 23:35:26.627 INFO osc.OSCUtil : resolume group 1 layer 3 changed to null
2024-06-16 23:35:26.625 INFO osc.OSCUtil : resolume group 6 layer 5 changed to null
2024-06-16 23:35:26.650 INFO osc.OSCUtil : {}
2024-06-16 23:35:27.613 INFO osc.OscSynced : creating synced value for /beats
2024-06-16 23:35:27.613 INFO osc.OscSynced : creating synced value for /bpmRounded
2024-06-16 23:35:27.613 INFO osc.OscSynced : creating synced value for /beatProgress
2024-06-16 23:35:27.626 INFO nestdrop.loadQueuesKt : loading queues from C:\Users\nikky\VJ\NestDropProV2\DefaultUserProfile.xml
2024-06-16 23:35:29.060 INFO nestcontrol.deck.DeckConfigKt : preset queue: PresetQueue(index=-1, name=uninitialized, autoChange=false, toggles=[])
2024-06-16 23:35:29.060 INFO nestcontrol.deck.DeckConfigKt : preset queue: PresetQueue(index=-1, name=uninitialized, autoChange=false, toggles=[])
2024-06-16 23:35:29.069 INFO nestcontrol.deck.DeckConfigKt : after presetQueues config: DeckConfig(triggerTime=0.75, transitionTime=1.0, presetQueue=PresetQueue(index=-1, name=uninitialized, autoChange=false, toggles=[]), preset=Preset(autoChange=false), sprite=Sprite(autoChange=false, index=-1, name=null, toggles=[]), spriteQueue=SpriteQueue(index=-1, name=null), spoutQueue=SpoutQueue(index=-1, name=null), spout=Spout(index=-1, label=null), spriteFX=SpriteFX(autoChange=false, blendMode=false, index=-1, toggles=[]), bpmSync=BpmSync(enabled=false, multiplier=4), strobe=Strobe(enabled=false))
2024-06-16 23:35:29.069 INFO nestcontrol.deck.DeckConfigKt : after presetQueues config: DeckConfig(triggerTime=0.75, transitionTime=1.0, presetQueue=PresetQueue(index=-1, name=uninitialized, autoChange=false, toggles=[]), preset=Preset(autoChange=false), sprite=Sprite(autoChange=false, index=-1, name=null, toggles=[]), spriteQueue=SpriteQueue(index=-1, name=null), spoutQueue=SpoutQueue(index=-1, name=null), spout=Spout(index=-1, label=null), spriteFX=SpriteFX(autoChange=false, blendMode=false, index=-1, toggles=[]), bpmSync=BpmSync(enabled=false, multiplier=4), strobe=Strobe(enabled=false))
2024-06-16 23:35:29.070 INFO Config : loaded Config(beats=64, deck1=DeckConfig(triggerTime=0.75, transitionTime=1.0, presetQueue=PresetQueue(index=12, name=better_nested, autoChange=false, toggles=[]), preset=Preset(autoChange=false), sprite=Sprite(autoChange=false, index=-1, name=null, toggles=[]), spriteQueue=SpriteQueue(index=-1, name=unset), spoutQueue=SpoutQueue(index=-1, name=unset), spout=Spout(index=-1, label=unset), spriteFX=SpriteFX(autoChange=false, blendMode=false, index=0, toggles=[]), bpmSync=BpmSync(enabled=false, multiplier=4), strobe=Strobe(enabled=false)), deck2=DeckConfig(triggerTime=0.25, transitionTime=1.0, presetQueue=PresetQueue(index=-1, name=disabled, autoChange=false, toggles=[]), preset=Preset(autoChange=false), sprite=Sprite(autoChange=false, index=-1, name=null, toggles=[]), spriteQueue=SpriteQueue(index=-1, name=unset), spoutQueue=SpoutQueue(index=-1, name=unset), spout=Spout(index=-1, label=unset), spriteFX=SpriteFX(autoChange=false, blendMode=false, index=0, toggles=[]), bpmSync=BpmSync(enabled=false, multiplier=4), strobe=Strobe(enabled=false)))
2024-06-16 23:35:29.071 INFO nestcontrol.deck.DeckConfigKt : after preset config: DeckConfig(triggerTime=0.75, transitionTime=1.0, presetQueue=PresetQueue(index=-1, name=uninitialized, autoChange=false, toggles=[]), preset=Preset(autoChange=false), sprite=Sprite(autoChange=false, index=-1, name=null, toggles=[]), spriteQueue=SpriteQueue(index=-1, name=null), spoutQueue=SpoutQueue(index=-1, name=null), spout=Spout(index=-1, label=null), spriteFX=SpriteFX(autoChange=false, blendMode=false, index=-1, toggles=[]), bpmSync=BpmSync(enabled=false, multiplier=4), strobe=Strobe(enabled=false))
2024-06-16 23:35:29.071 INFO nestcontrol.deck.DeckConfigKt : after preset config: DeckConfig(triggerTime=0.75, transitionTime=1.0, presetQueue=PresetQueue(index=-1, name=uninitialized, autoChange=false, toggles=[]), preset=Preset(autoChange=false), sprite=Sprite(autoChange=false, index=-1, name=null, toggles=[]), spriteQueue=SpriteQueue(index=-1, name=null), spoutQueue=SpoutQueue(index=-1, name=null), spout=Spout(index=-1, label=null), spriteFX=SpriteFX(autoChange=false, blendMode=false, index=-1, toggles=[]), bpmSync=BpmSync(enabled=false, multiplier=4), strobe=Strobe(enabled=false))
2024-06-16 23:35:29.072 INFO nestcontrol.deck.DeckConfigKt : preset queue: PresetQueue(index=12, name=uninitialized, autoChange=false, toggles=[])
2024-06-16 23:35:29.072 INFO nestcontrol.deck.DeckConfigKt : after presetQueues config: DeckConfig(triggerTime=0.75, transitionTime=1.0, presetQueue=PresetQueue(index=12, name=uninitialized, autoChange=false, toggles=[]), preset=Preset(autoChange=false), sprite=Sprite(autoChange=false, index=-1, name=null, toggles=[]), spriteQueue=SpriteQueue(index=-1, name=null), spoutQueue=SpoutQueue(index=-1, name=null), spout=Spout(index=-1, label=null), spriteFX=SpriteFX(autoChange=false, blendMode=false, index=-1, toggles=[]), bpmSync=BpmSync(enabled=false, multiplier=4), strobe=Strobe(enabled=false))
2024-06-16 23:35:29.072 INFO nestcontrol.deck.DeckConfigKt : after preset config: DeckConfig(triggerTime=0.75, transitionTime=1.0, presetQueue=PresetQueue(index=12, name=uninitialized, autoChange=false, toggles=[]), preset=Preset(autoChange=false), sprite=Sprite(autoChange=false, index=-1, name=null, toggles=[]), spriteQueue=SpriteQueue(index=-1, name=null), spoutQueue=SpoutQueue(index=-1, name=null), spout=Spout(index=-1, label=null), spriteFX=SpriteFX(autoChange=false, blendMode=false, index=-1, toggles=[]), bpmSync=BpmSync(enabled=false, multiplier=4), strobe=Strobe(enabled=false))
2024-06-16 23:35:29.073 INFO nestcontrol.deck.DeckConfigKt : after sprite queue config: DeckConfig(triggerTime=0.75, transitionTime=1.0, presetQueue=PresetQueue(index=-1, name=uninitialized, autoChange=false, toggles=[]), preset=Preset(autoChange=false), sprite=Sprite(autoChange=false, index=-1, name=null, toggles=[]), spriteQueue=SpriteQueue(index=-1, name=uninitialized), spoutQueue=SpoutQueue(index=-1, name=null), spout=Spout(index=-1, label=null), spriteFX=SpriteFX(autoChange=false, blendMode=false, index=-1, toggles=[]), bpmSync=BpmSync(enabled=false, multiplier=4), strobe=Strobe(enabled=false))
2024-06-16 23:35:29.073 INFO nestcontrol.deck.DeckConfigKt : after sprite queue config: DeckConfig(triggerTime=0.75, transitionTime=1.0, presetQueue=PresetQueue(index=-1, name=uninitialized, autoChange=false, toggles=[]), preset=Preset(autoChange=false), sprite=Sprite(autoChange=false, index=-1, name=null, toggles=[]), spriteQueue=SpriteQueue(index=-1, name=uninitialized), spoutQueue=SpoutQueue(index=-1, name=null), spout=Spout(index=-1, label=null), spriteFX=SpriteFX(autoChange=false, blendMode=false, index=-1, toggles=[]), bpmSync=BpmSync(enabled=false, multiplier=4), strobe=Strobe(enabled=false))
2024-06-16 23:35:29.074 INFO nestcontrol.deck.DeckConfigKt : after sprite queue config: DeckConfig(triggerTime=0.75, transitionTime=1.0, presetQueue=PresetQueue(index=12, name=uninitialized, autoChange=false, toggles=[]), preset=Preset(autoChange=false), sprite=Sprite(autoChange=false, index=-1, name=null, toggles=[]), spriteQueue=SpriteQueue(index=-1, name=uninitialized), spoutQueue=SpoutQueue(index=-1, name=null), spout=Spout(index=-1, label=null), spriteFX=SpriteFX(autoChange=false, blendMode=false, index=-1, toggles=[]), bpmSync=BpmSync(enabled=false, multiplier=4), strobe=Strobe(enabled=false))
2024-06-16 23:35:29.079 INFO nestcontrol.deck.DeckConfigKt : after sprite queue config: DeckConfig(triggerTime=0.75, transitionTime=1.0, presetQueue=PresetQueue(index=12, name=uninitialized, autoChange=false, toggles=[]), preset=Preset(autoChange=false), sprite=Sprite(autoChange=false, index=-1, name=null, toggles=[]), spriteQueue=SpriteQueue(index=4, name=uninitialized), spoutQueue=SpoutQueue(index=-1, name=null), spout=Spout(index=-1, label=null), spriteFX=SpriteFX(autoChange=false, blendMode=false, index=-1, toggles=[]), bpmSync=BpmSync(enabled=false, multiplier=4), strobe=Strobe(enabled=false))
2024-06-16 23:35:29.080 INFO nestcontrol.deck.DeckConfigKt : loading presets from queue
2024-06-16 23:35:29.081 INFO nestcontrol.deck.DeckConfigKt : loaded deck1 []
2024-06-16 23:35:29.082 INFO nestcontrol.deck.DeckConfigKt : loading presets from queue
2024-06-16 23:35:29.083 INFO nestcontrol.deck.DeckConfigKt : after presetQueues config: DeckConfig(triggerTime=0.25, transitionTime=1.0, presetQueue=PresetQueue(index=-1, name=uninitialized, autoChange=false, toggles=[]), preset=Preset(autoChange=false), sprite=Sprite(autoChange=false, index=-1, name=null, toggles=[]), spriteQueue=SpriteQueue(index=-1, name=null), spoutQueue=SpoutQueue(index=-1, name=null), spout=Spout(index=-1, label=null), spriteFX=SpriteFX(autoChange=false, blendMode=false, index=-1, toggles=[]), bpmSync=BpmSync(enabled=false, multiplier=4), strobe=Strobe(enabled=false))
2024-06-16 23:35:29.083 INFO nestcontrol.deck.DeckConfigKt : loading presets from queue
2024-06-16 23:35:29.083 INFO nestcontrol.deck.DeckConfigKt : loaded deck2 []
2024-06-16 23:35:29.083 INFO nestcontrol.deck.DeckConfigKt : after preset config: DeckConfig(triggerTime=0.25, transitionTime=1.0, presetQueue=PresetQueue(index=-1, name=uninitialized, autoChange=false, toggles=[]), preset=Preset(autoChange=false), sprite=Sprite(autoChange=false, index=-1, name=null, toggles=[]), spriteQueue=SpriteQueue(index=-1, name=null), spoutQueue=SpoutQueue(index=-1, name=null), spout=Spout(index=-1, label=null), spriteFX=SpriteFX(autoChange=false, blendMode=false, index=-1, toggles=[]), bpmSync=BpmSync(enabled=false, multiplier=4), strobe=Strobe(enabled=false))
2024-06-16 23:35:29.083 INFO nestcontrol.deck.DeckConfigKt : after sprite queue config: DeckConfig(triggerTime=0.75, transitionTime=1.0, presetQueue=PresetQueue(index=-1, name=uninitialized, autoChange=false, toggles=[]), preset=Preset(autoChange=false), sprite=Sprite(autoChange=false, index=-1, name=null, toggles=[]), spriteQueue=SpriteQueue(index=6, name=uninitialized), spoutQueue=SpoutQueue(index=-1, name=null), spout=Spout(index=-1, label=null), spriteFX=SpriteFX(autoChange=false, blendMode=false, index=-1, toggles=[]), bpmSync=BpmSync(enabled=false, multiplier=4), strobe=Strobe(enabled=false))
2024-06-16 23:35:29.084 INFO nestcontrol.deck.DeckConfigKt : after sprite queue config: DeckConfig(triggerTime=0.25, transitionTime=1.0, presetQueue=PresetQueue(index=-1, name=uninitialized, autoChange=false, toggles=[]), preset=Preset(autoChange=false), sprite=Sprite(autoChange=false, index=-1, name=null, toggles=[]), spriteQueue=SpriteQueue(index=6, name=uninitialized), spoutQueue=SpoutQueue(index=-1, name=null), spout=Spout(index=-1, label=null), spriteFX=SpriteFX(autoChange=false, blendMode=false, index=-1, toggles=[]), bpmSync=BpmSync(enabled=false, multiplier=4), strobe=Strobe(enabled=false))
2024-06-16 23:35:29.084 INFO nestcontrol.deck.DeckConfigKt : loading presets from queue
2024-06-16 23:35:29.585 INFO nestdrop.deck.PresetQueues : initializing preset queues
2024-06-16 23:35:29.586 INFO nestdrop.deck.PresetQueues : queues updated
2024-06-16 23:35:29.589 INFO nestdrop.deck.PresetQueues : combining queues with deck switches
2024-06-16 23:35:29.590 INFO nestdrop.deck.PresetQueues : queues updated
2024-06-16 23:35:29.590 INFO nestdrop.deck.PresetQueues : combining queues with deck switches
2024-06-16 23:35:29.591 INFO nestdrop.deck.PresetQueues : queues updated
2024-06-16 23:35:29.591 INFO nestcontrol.deck.DeckConfigKt : preset queue: PresetQueue(index=12, name=uninitialized, autoChange=false, toggles=[])
2024-06-16 23:35:29.591 INFO nestcontrol.deck.DeckConfigKt : preset queue: PresetQueue(index=-1, name=uninitialized, autoChange=false, toggles=[])
2024-06-16 23:35:29.591 INFO nestdrop.deck.PresetQueues : combining queues with deck switches
2024-06-16 23:35:29.591 INFO nestdrop.deck.PresetQueues : queues updated
2024-06-16 23:35:29.591 INFO nestcontrol.deck.DeckConfigKt : after presetQueues config: DeckConfig(triggerTime=0.25, transitionTime=1.0, presetQueue=PresetQueue(index=-1, name=uninitialized, autoChange=false, toggles=[]), preset=Preset(autoChange=false), sprite=Sprite(autoChange=false, index=-1, name=null, toggles=[]), spriteQueue=SpriteQueue(index=-1, name=null), spoutQueue=SpoutQueue(index=-1, name=null), spout=Spout(index=-1, label=null), spriteFX=SpriteFX(autoChange=false, blendMode=false, index=-1, toggles=[]), bpmSync=BpmSync(enabled=false, multiplier=4), strobe=Strobe(enabled=false))
2024-06-16 23:35:29.591 INFO nestcontrol.deck.DeckConfigKt : preset queue: PresetQueue(index=-1, name=uninitialized, autoChange=false, toggles=[])
2024-06-16 23:35:29.591 INFO nestcontrol.deck.DeckConfigKt : after presetQueues config: DeckConfig(triggerTime=0.75, transitionTime=1.0, presetQueue=PresetQueue(index=12, name=uninitialized, autoChange=false, toggles=[]), preset=Preset(autoChange=false), sprite=Sprite(autoChange=false, index=-1, name=null, toggles=[]), spriteQueue=SpriteQueue(index=-1, name=null), spoutQueue=SpoutQueue(index=-1, name=null), spout=Spout(index=-1, label=null), spriteFX=SpriteFX(autoChange=false, blendMode=false, index=-1, toggles=[]), bpmSync=BpmSync(enabled=false, multiplier=4), strobe=Strobe(enabled=false))
2024-06-16 23:35:29.591 INFO nestcontrol.deck.DeckConfigKt : preset queue: PresetQueue(index=12, name=uninitialized, autoChange=false, toggles=[])
2024-06-16 23:35:29.592 INFO nestcontrol.deck.DeckConfigKt : after sprite queue config: DeckConfig(triggerTime=0.25, transitionTime=1.0, presetQueue=PresetQueue(index=-1, name=uninitialized, autoChange=false, toggles=[]), preset=Preset(autoChange=false), sprite=Sprite(autoChange=false, index=-1, name=null, toggles=[]), spriteQueue=SpriteQueue(index=6, name=uninitialized), spoutQueue=SpoutQueue(index=-1, name=null), spout=Spout(index=-1, label=null), spriteFX=SpriteFX(autoChange=false, blendMode=false, index=-1, toggles=[]), bpmSync=BpmSync(enabled=false, multiplier=4), strobe=Strobe(enabled=false))
2024-06-16 23:35:29.592 INFO nestcontrol.deck.DeckConfigKt : after preset config: DeckConfig(triggerTime=0.25, transitionTime=1.0, presetQueue=PresetQueue(index=-1, name=uninitialized, autoChange=false, toggles=[]), preset=Preset(autoChange=false), sprite=Sprite(autoChange=false, index=-1, name=null, toggles=[]), spriteQueue=SpriteQueue(index=-1, name=null), spoutQueue=SpoutQueue(index=-1, name=null), spout=Spout(index=-1, label=null), spriteFX=SpriteFX(autoChange=false, blendMode=false, index=-1, toggles=[]), bpmSync=BpmSync(enabled=false, multiplier=4), strobe=Strobe(enabled=false))
2024-06-16 23:35:29.591 INFO nestcontrol.deck.DeckConfigKt : preset queue: PresetQueue(index=-1, name=uninitialized, autoChange=false, toggles=[])
2024-06-16 23:35:29.592 INFO nestcontrol.deck.DeckConfigKt : after presetQueues config: DeckConfig(triggerTime=0.75, transitionTime=1.0, presetQueue=PresetQueue(index=12, name=uninitialized, autoChange=false, toggles=[]), preset=Preset(autoChange=false), sprite=Sprite(autoChange=false, index=-1, name=null, toggles=[]), spriteQueue=SpriteQueue(index=-1, name=null), spoutQueue=SpoutQueue(index=-1, name=null), spout=Spout(index=-1, label=null), spriteFX=SpriteFX(autoChange=false, blendMode=false, index=-1, toggles=[]), bpmSync=BpmSync(enabled=false, multiplier=4), strobe=Strobe(enabled=false))
2024-06-16 23:35:29.592 INFO nestcontrol.deck.DeckConfigKt : after sprite queue config: DeckConfig(triggerTime=0.75, transitionTime=1.0, presetQueue=PresetQueue(index=12, name=uninitialized, autoChange=false, toggles=[]), preset=Preset(autoChange=false), sprite=Sprite(autoChange=false, index=-1, name=null, toggles=[]), spriteQueue=SpriteQueue(index=4, name=uninitialized), spoutQueue=SpoutQueue(index=-1, name=null), spout=Spout(index=-1, label=null), spriteFX=SpriteFX(autoChange=false, blendMode=false, index=-1, toggles=[]), bpmSync=BpmSync(enabled=false, multiplier=4), strobe=Strobe(enabled=false))
2024-06-16 23:35:29.592 INFO nestcontrol.deck.DeckConfigKt : after presetQueues config: DeckConfig(triggerTime=0.25, transitionTime=1.0, presetQueue=PresetQueue(index=-1, name=uninitialized, autoChange=false, toggles=[]), preset=Preset(autoChange=false), sprite=Sprite(autoChange=false, index=-1, name=null, toggles=[]), spriteQueue=SpriteQueue(index=-1, name=null), spoutQueue=SpoutQueue(index=-1, name=null), spout=Spout(index=-1, label=null), spriteFX=SpriteFX(autoChange=false, blendMode=false, index=-1, toggles=[]), bpmSync=BpmSync(enabled=false, multiplier=4), strobe=Strobe(enabled=false))
2024-06-16 23:35:29.592 INFO nestcontrol.deck.DeckConfigKt : after presetQueues config: DeckConfig(triggerTime=0.75, transitionTime=1.0, presetQueue=PresetQueue(index=12, name=uninitialized, autoChange=false, toggles=[]), preset=Preset(autoChange=false), sprite=Sprite(autoChange=false, index=-1, name=null, toggles=[]), spriteQueue=SpriteQueue(index=-1, name=null), spoutQueue=SpoutQueue(index=-1, name=null), spout=Spout(index=-1, label=null), spriteFX=SpriteFX(autoChange=false, blendMode=false, index=-1, toggles=[]), bpmSync=BpmSync(enabled=false, multiplier=4), strobe=Strobe(enabled=false))
2024-06-16 23:35:29.591 INFO nestcontrol.deck.DeckConfigKt : after preset config: DeckConfig(triggerTime=0.25, transitionTime=1.0, presetQueue=PresetQueue(index=-1, name=uninitialized, autoChange=false, toggles=[]), preset=Preset(autoChange=false), sprite=Sprite(autoChange=false, index=-1, name=null, toggles=[]), spriteQueue=SpriteQueue(index=-1, name=null), spoutQueue=SpoutQueue(index=-1, name=null), spout=Spout(index=-1, label=null), spriteFX=SpriteFX(autoChange=false, blendMode=false, index=-1, toggles=[]), bpmSync=BpmSync(enabled=false, multiplier=4), strobe=Strobe(enabled=false))
2024-06-16 23:35:29.591 INFO nestcontrol.deck.DeckConfigKt : after presetQueues config: DeckConfig(triggerTime=0.25, transitionTime=1.0, presetQueue=PresetQueue(index=-1, name=uninitialized, autoChange=false, toggles=[]), preset=Preset(autoChange=false), sprite=Sprite(autoChange=false, index=-1, name=null, toggles=[]), spriteQueue=SpriteQueue(index=-1, name=null), spoutQueue=SpoutQueue(index=-1, name=null), spout=Spout(index=-1, label=null), spriteFX=SpriteFX(autoChange=false, blendMode=false, index=-1, toggles=[]), bpmSync=BpmSync(enabled=false, multiplier=4), strobe=Strobe(enabled=false))
2024-06-16 23:35:29.592 INFO nestcontrol.deck.DeckConfigKt : after sprite queue config: DeckConfig(triggerTime=0.25, transitionTime=1.0, presetQueue=PresetQueue(index=-1, name=uninitialized, autoChange=false, toggles=[]), preset=Preset(autoChange=false), sprite=Sprite(autoChange=false, index=-1, name=null, toggles=[]), spriteQueue=SpriteQueue(index=6, name=uninitialized), spoutQueue=SpoutQueue(index=-1, name=null), spout=Spout(index=-1, label=null), spriteFX=SpriteFX(autoChange=false, blendMode=false, index=-1, toggles=[]), bpmSync=BpmSync(enabled=false, multiplier=4), strobe=Strobe(enabled=false))
2024-06-16 23:35:29.591 INFO nestcontrol.deck.DeckConfigKt : after preset config: DeckConfig(triggerTime=0.75, transitionTime=1.0, presetQueue=PresetQueue(index=12, name=uninitialized, autoChange=false, toggles=[]), preset=Preset(autoChange=false), sprite=Sprite(autoChange=false, index=-1, name=null, toggles=[]), spriteQueue=SpriteQueue(index=-1, name=null), spoutQueue=SpoutQueue(index=-1, name=null), spout=Spout(index=-1, label=null), spriteFX=SpriteFX(autoChange=false, blendMode=false, index=-1, toggles=[]), bpmSync=BpmSync(enabled=false, multiplier=4), strobe=Strobe(enabled=false))
2024-06-16 23:35:29.591 INFO nestcontrol.deck.DeckConfigKt : preset queue: PresetQueue(index=12, name=uninitialized, autoChange=false, toggles=[])
2024-06-16 23:35:29.592 INFO nestcontrol.deck.DeckConfigKt : after preset config: DeckConfig(triggerTime=0.75, transitionTime=1.0, presetQueue=PresetQueue(index=12, name=uninitialized, autoChange=false, toggles=[]), preset=Preset(autoChange=false), sprite=Sprite(autoChange=false, index=-1, name=null, toggles=[]), spriteQueue=SpriteQueue(index=-1, name=null), spoutQueue=SpoutQueue(index=-1, name=null), spout=Spout(index=-1, label=null), spriteFX=SpriteFX(autoChange=false, blendMode=false, index=-1, toggles=[]), bpmSync=BpmSync(enabled=false, multiplier=4), strobe=Strobe(enabled=false))
2024-06-16 23:35:29.592 INFO nestcontrol.deck.DeckConfigKt : after preset config: DeckConfig(triggerTime=0.25, transitionTime=1.0, presetQueue=PresetQueue(index=-1, name=uninitialized, autoChange=false, toggles=[]), preset=Preset(autoChange=false), sprite=Sprite(autoChange=false, index=-1, name=null, toggles=[]), spriteQueue=SpriteQueue(index=-1, name=null), spoutQueue=SpoutQueue(index=-1, name=null), spout=Spout(index=-1, label=null), spriteFX=SpriteFX(autoChange=false, blendMode=false, index=-1, toggles=[]), bpmSync=BpmSync(enabled=false, multiplier=4), strobe=Strobe(enabled=false))
2024-06-16 23:35:29.592 INFO nestcontrol.deck.DeckConfigKt : after sprite queue config: DeckConfig(triggerTime=0.75, transitionTime=1.0, presetQueue=PresetQueue(index=12, name=uninitialized, autoChange=false, toggles=[]), preset=Preset(autoChange=false), sprite=Sprite(autoChange=false, index=-1, name=null, toggles=[]), spriteQueue=SpriteQueue(index=4, name=uninitialized), spoutQueue=SpoutQueue(index=-1, name=null), spout=Spout(index=-1, label=null), spriteFX=SpriteFX(autoChange=false, blendMode=false, index=-1, toggles=[]), bpmSync=BpmSync(enabled=false, multiplier=4), strobe=Strobe(enabled=false))
2024-06-16 23:35:29.592 INFO nestcontrol.deck.DeckConfigKt : after sprite queue config: DeckConfig(triggerTime=0.25, transitionTime=1.0, presetQueue=PresetQueue(index=-1, name=uninitialized, autoChange=false, toggles=[]), preset=Preset(autoChange=false), sprite=Sprite(autoChange=false, index=-1, name=null, toggles=[]), spriteQueue=SpriteQueue(index=6, name=uninitialized), spoutQueue=SpoutQueue(index=-1, name=null), spout=Spout(index=-1, label=null), spriteFX=SpriteFX(autoChange=false, blendMode=false, index=-1, toggles=[]), bpmSync=BpmSync(enabled=false, multiplier=4), strobe=Strobe(enabled=false))
2024-06-16 23:35:29.592 INFO nestcontrol.deck.DeckConfigKt : after sprite queue config: DeckConfig(triggerTime=0.75, transitionTime=1.0, presetQueue=PresetQueue(index=12, name=uninitialized, autoChange=false, toggles=[]), preset=Preset(autoChange=false), sprite=Sprite(autoChange=false, index=-1, name=null, toggles=[]), spriteQueue=SpriteQueue(index=4, name=uninitialized), spoutQueue=SpoutQueue(index=-1, name=null), spout=Spout(index=-1, label=null), spriteFX=SpriteFX(autoChange=false, blendMode=false, index=-1, toggles=[]), bpmSync=BpmSync(enabled=false, multiplier=4), strobe=Strobe(enabled=false))
2024-06-16 23:35:29.592 INFO nestcontrol.deck.DeckConfigKt : after preset config: DeckConfig(triggerTime=0.75, transitionTime=1.0, presetQueue=PresetQueue(index=12, name=uninitialized, autoChange=false, toggles=[]), preset=Preset(autoChange=false), sprite=Sprite(autoChange=false, index=-1, name=null, toggles=[]), spriteQueue=SpriteQueue(index=-1, name=null), spoutQueue=SpoutQueue(index=-1, name=null), spout=Spout(index=-1, label=null), spriteFX=SpriteFX(autoChange=false, blendMode=false, index=-1, toggles=[]), bpmSync=BpmSync(enabled=false, multiplier=4), strobe=Strobe(enabled=false))
2024-06-16 23:35:29.592 INFO nestdrop.deck.PresetQueues : combining queues with deck switches
2024-06-16 23:35:29.593 INFO nestdrop.deck.PresetQueues : queues updated
2024-06-16 23:35:29.593 INFO nestcontrol.deck.DeckConfigKt : preset queue: PresetQueue(index=12, name=uninitialized, autoChange=false, toggles=[])
2024-06-16 23:35:29.593 INFO nestcontrol.deck.DeckConfigKt : preset queue: PresetQueue(index=-1, name=uninitialized, autoChange=false, toggles=[])
2024-06-16 23:35:29.593 INFO nestcontrol.deck.DeckConfigKt : after presetQueues config: DeckConfig(triggerTime=0.75, transitionTime=1.0, presetQueue=PresetQueue(index=12, name=uninitialized, autoChange=false, toggles=[]), preset=Preset(autoChange=false), sprite=Sprite(autoChange=false, index=-1, name=null, toggles=[]), spriteQueue=SpriteQueue(index=-1, name=null), spoutQueue=SpoutQueue(index=-1, name=null), spout=Spout(index=-1, label=null), spriteFX=SpriteFX(autoChange=false, blendMode=false, index=-1, toggles=[]), bpmSync=BpmSync(enabled=false, multiplier=4), strobe=Strobe(enabled=false))
2024-06-16 23:35:29.593 INFO nestcontrol.deck.DeckConfigKt : after preset config: DeckConfig(triggerTime=0.75, transitionTime=1.0, presetQueue=PresetQueue(index=12, name=uninitialized, autoChange=false, toggles=[]), preset=Preset(autoChange=false), sprite=Sprite(autoChange=false, index=-1, name=null, toggles=[]), spriteQueue=SpriteQueue(index=-1, name=null), spoutQueue=SpoutQueue(index=-1, name=null), spout=Spout(index=-1, label=null), spriteFX=SpriteFX(autoChange=false, blendMode=false, index=-1, toggles=[]), bpmSync=BpmSync(enabled=false, multiplier=4), strobe=Strobe(enabled=false))
2024-06-16 23:35:29.593 INFO nestcontrol.deck.DeckConfigKt : after presetQueues config: DeckConfig(triggerTime=0.25, transitionTime=1.0, presetQueue=PresetQueue(index=-1, name=uninitialized, autoChange=false, toggles=[]), preset=Preset(autoChange=false), sprite=Sprite(autoChange=false, index=-1, name=null, toggles=[]), spriteQueue=SpriteQueue(index=-1, name=null), spoutQueue=SpoutQueue(index=-1, name=null), spout=Spout(index=-1, label=null), spriteFX=SpriteFX(autoChange=false, blendMode=false, index=-1, toggles=[]), bpmSync=BpmSync(enabled=false, multiplier=4), strobe=Strobe(enabled=false))
2024-06-16 23:35:29.593 INFO nestcontrol.deck.DeckConfigKt : after sprite queue config: DeckConfig(triggerTime=0.75, transitionTime=1.0, presetQueue=PresetQueue(index=12, name=uninitialized, autoChange=false, toggles=[]), preset=Preset(autoChange=false), sprite=Sprite(autoChange=false, index=-1, name=null, toggles=[]), spriteQueue=SpriteQueue(index=4, name=uninitialized), spoutQueue=SpoutQueue(index=-1, name=null), spout=Spout(index=-1, label=null), spriteFX=SpriteFX(autoChange=false, blendMode=false, index=-1, toggles=[]), bpmSync=BpmSync(enabled=false, multiplier=4), strobe=Strobe(enabled=false))
2024-06-16 23:35:29.594 INFO nestcontrol.deck.DeckConfigKt : after preset config: DeckConfig(triggerTime=0.25, transitionTime=1.0, presetQueue=PresetQueue(index=-1, name=uninitialized, autoChange=false, toggles=[]), preset=Preset(autoChange=false), sprite=Sprite(autoChange=false, index=-1, name=null, toggles=[]), spriteQueue=SpriteQueue(index=-1, name=null), spoutQueue=SpoutQueue(index=-1, name=null), spout=Spout(index=-1, label=null), spriteFX=SpriteFX(autoChange=false, blendMode=false, index=-1, toggles=[]), bpmSync=BpmSync(enabled=false, multiplier=4), strobe=Strobe(enabled=false))
2024-06-16 23:35:29.594 INFO nestdrop.deck.PresetQueues : combining queues with deck switches
2024-06-16 23:35:29.594 INFO nestdrop.deck.PresetQueues : queues updated
2024-06-16 23:35:29.594 INFO nestcontrol.deck.DeckConfigKt : after sprite queue config: DeckConfig(triggerTime=0.25, transitionTime=1.0, presetQueue=PresetQueue(index=-1, name=uninitialized, autoChange=false, toggles=[]), preset=Preset(autoChange=false), sprite=Sprite(autoChange=false, index=-1, name=null, toggles=[]), spriteQueue=SpriteQueue(index=6, name=uninitialized), spoutQueue=SpoutQueue(index=-1, name=null), spout=Spout(index=-1, label=null), spriteFX=SpriteFX(autoChange=false, blendMode=false, index=-1, toggles=[]), bpmSync=BpmSync(enabled=false, multiplier=4), strobe=Strobe(enabled=false))
2024-06-16 23:35:29.594 INFO nestdrop.deck.PresetQueues : combining queues with deck switches
2024-06-16 23:35:29.594 INFO nestdrop.deck.PresetQueues : queues updated
2024-06-16 23:35:29.594 INFO nestcontrol.deck.DeckConfigKt : preset queue: PresetQueue(index=-1, name=uninitialized, autoChange=false, toggles=[])
2024-06-16 23:35:29.594 INFO nestcontrol.deck.DeckConfigKt : after presetQueues config: DeckConfig(triggerTime=0.25, transitionTime=1.0, presetQueue=PresetQueue(index=-1, name=uninitialized, autoChange=false, toggles=[]), preset=Preset(autoChange=false), sprite=Sprite(autoChange=false, index=-1, name=null, toggles=[]), spriteQueue=SpriteQueue(index=-1, name=null), spoutQueue=SpoutQueue(index=-1, name=null), spout=Spout(index=-1, label=null), spriteFX=SpriteFX(autoChange=false, blendMode=false, index=-1, toggles=[]), bpmSync=BpmSync(enabled=false, multiplier=4), strobe=Strobe(enabled=false))
2024-06-16 23:35:29.594 INFO nestcontrol.deck.DeckConfigKt : preset queue: PresetQueue(index=12, name=uninitialized, autoChange=false, toggles=[])
2024-06-16 23:35:29.594 INFO nestcontrol.deck.DeckConfigKt : after preset config: DeckConfig(triggerTime=0.25, transitionTime=1.0, presetQueue=PresetQueue(index=-1, name=uninitialized, autoChange=false, toggles=[]), preset=Preset(autoChange=false), sprite=Sprite(autoChange=false, index=-1, name=null, toggles=[]), spriteQueue=SpriteQueue(index=-1, name=null), spoutQueue=SpoutQueue(index=-1, name=null), spout=Spout(index=-1, label=null), spriteFX=SpriteFX(autoChange=false, blendMode=false, index=-1, toggles=[]), bpmSync=BpmSync(enabled=false, multiplier=4), strobe=Strobe(enabled=false))
2024-06-16 23:35:29.594 INFO nestcontrol.deck.DeckConfigKt : after presetQueues config: DeckConfig(triggerTime=0.75, transitionTime=1.0, presetQueue=PresetQueue(index=12, name=uninitialized, autoChange=false, toggles=[]), preset=Preset(autoChange=false), sprite=Sprite(autoChange=false, index=-1, name=null, toggles=[]), spriteQueue=SpriteQueue(index=-1, name=null), spoutQueue=SpoutQueue(index=-1, name=null), spout=Spout(index=-1, label=null), spriteFX=SpriteFX(autoChange=false, blendMode=false, index=-1, toggles=[]), bpmSync=BpmSync(enabled=false, multiplier=4), strobe=Strobe(enabled=false))
2024-06-16 23:35:29.594 INFO nestcontrol.deck.DeckConfigKt : after preset config: DeckConfig(triggerTime=0.75, transitionTime=1.0, presetQueue=PresetQueue(index=12, name=uninitialized, autoChange=false, toggles=[]), preset=Preset(autoChange=false), sprite=Sprite(autoChange=false, index=-1, name=null, toggles=[]), spriteQueue=SpriteQueue(index=-1, name=null), spoutQueue=SpoutQueue(index=-1, name=null), spout=Spout(index=-1, label=null), spriteFX=SpriteFX(autoChange=false, blendMode=false, index=-1, toggles=[]), bpmSync=BpmSync(enabled=false, multiplier=4), strobe=Strobe(enabled=false))
2024-06-16 23:35:29.594 INFO nestcontrol.deck.DeckConfigKt : after sprite queue config: DeckConfig(triggerTime=0.25, transitionTime=1.0, presetQueue=PresetQueue(index=-1, name=uninitialized, autoChange=false, toggles=[]), preset=Preset(autoChange=false), sprite=Sprite(autoChange=false, index=-1, name=null, toggles=[]), spriteQueue=SpriteQueue(index=6, name=uninitialized), spoutQueue=SpoutQueue(index=-1, name=null), spout=Spout(index=-1, label=null), spriteFX=SpriteFX(autoChange=false, blendMode=false, index=-1, toggles=[]), bpmSync=BpmSync(enabled=false, multiplier=4), strobe=Strobe(enabled=false))
2024-06-16 23:35:29.594 INFO nestcontrol.deck.DeckConfigKt : after sprite queue config: DeckConfig(triggerTime=0.75, transitionTime=1.0, presetQueue=PresetQueue(index=12, name=uninitialized, autoChange=false, toggles=[]), preset=Preset(autoChange=false), sprite=Sprite(autoChange=false, index=-1, name=null, toggles=[]), spriteQueue=SpriteQueue(index=4, name=uninitialized), spoutQueue=SpoutQueue(index=-1, name=null), spout=Spout(index=-1, label=null), spriteFX=SpriteFX(autoChange=false, blendMode=false, index=-1, toggles=[]), bpmSync=BpmSync(enabled=false, multiplier=4), strobe=Strobe(enabled=false))
2024-06-16 23:35:29.595 INFO nestdrop.deck.Deck : initializing deck1
2024-06-16 23:35:29.598 INFO nestdrop.deck.PresetQueues : combining queues with deck switches
2024-06-16 23:35:29.598 INFO nestdrop.deck.PresetQueues : queues updated
2024-06-16 23:35:29.598 INFO nestdrop.deck.PresetQueues : combining queues with deck switches
2024-06-16 23:35:29.598 INFO nestdrop.deck.PresetQueues : queues updated
2024-06-16 23:35:29.615 INFO nestdrop.deck.Deck : initializing deck1 preset queue
2024-06-16 23:35:29.616 INFO nestdrop.deck.Deck : initializing deck1 preset
2024-06-16 23:35:29.617 INFO nestdrop.deck.Deck : deck1 queue: better_nested
2024-06-16 23:35:29.617 INFO nestcontrol.deck.DeckConfigKt : preset queue: PresetQueue(index=12, name=better_nested, autoChange=false, toggles=[])
2024-06-16 23:35:29.617 INFO nestcontrol.deck.DeckConfigKt : after presetQueues config: DeckConfig(triggerTime=0.75, transitionTime=1.0, presetQueue=PresetQueue(index=12, name=better_nested, autoChange=false, toggles=[]), preset=Preset(autoChange=false), sprite=Sprite(autoChange=false, index=-1, name=null, toggles=[]), spriteQueue=SpriteQueue(index=-1, name=null), spoutQueue=SpoutQueue(index=-1, name=null), spout=Spout(index=-1, label=null), spriteFX=SpriteFX(autoChange=false, blendMode=false, index=-1, toggles=[]), bpmSync=BpmSync(enabled=false, multiplier=4), strobe=Strobe(enabled=false))
2024-06-16 23:35:29.617 INFO nestcontrol.deck.DeckConfigKt : after preset config: DeckConfig(triggerTime=0.75, transitionTime=1.0, presetQueue=PresetQueue(index=12, name=better_nested, autoChange=false, toggles=[]), preset=Preset(autoChange=false), sprite=Sprite(autoChange=false, index=-1, name=null, toggles=[]), spriteQueue=SpriteQueue(index=-1, name=null), spoutQueue=SpoutQueue(index=-1, name=null), spout=Spout(index=-1, label=null), spriteFX=SpriteFX(autoChange=false, blendMode=false, index=-1, toggles=[]), bpmSync=BpmSync(enabled=false, multiplier=4), strobe=Strobe(enabled=false))
2024-06-16 23:35:29.617 INFO nestcontrol.deck.DeckConfigKt : after sprite queue config: DeckConfig(triggerTime=0.75, transitionTime=1.0, presetQueue=PresetQueue(index=12, name=better_nested, autoChange=false, toggles=[]), preset=Preset(autoChange=false), sprite=Sprite(autoChange=false, index=-1, name=null, toggles=[]), spriteQueue=SpriteQueue(index=4, name=uninitialized), spoutQueue=SpoutQueue(index=-1, name=null), spout=Spout(index=-1, label=null), spriteFX=SpriteFX(autoChange=false, blendMode=false, index=-1, toggles=[]), bpmSync=BpmSync(enabled=false, multiplier=4), strobe=Strobe(enabled=false))
2024-06-16 23:35:29.619 INFO nestdrop.deck.Deck : initializing deck1 sprite queues
2024-06-16 23:35:29.624 INFO nestdrop.deck.Deck : initializing deck1 sprite queue
2024-06-16 23:35:29.625 INFO nestcontrol.deck.DeckConfigKt : after sprite queue config: DeckConfig(triggerTime=0.75, transitionTime=1.0, presetQueue=PresetQueue(index=12, name=better_nested, autoChange=false, toggles=[]), preset=Preset(autoChange=false), sprite=Sprite(autoChange=false, index=-1, name=null, toggles=[]), spriteQueue=SpriteQueue(index=4, name=unset), spoutQueue=SpoutQueue(index=-1, name=null), spout=Spout(index=-1, label=null), spriteFX=SpriteFX(autoChange=false, blendMode=false, index=-1, toggles=[]), bpmSync=BpmSync(enabled=false, multiplier=4), strobe=Strobe(enabled=false))
2024-06-16 23:35:29.632 INFO nestdrop.deck.Deck : initializing deck1 sprite
2024-06-16 23:35:29.638 INFO nestdrop.deck.Deck : initializing deck1 sprite fx
2024-06-16 23:35:29.639 INFO nestdrop.deck.Deck : initializing deck1 spout queue
2024-06-16 23:35:29.640 INFO nestdrop.deck.Deck : setting deck1 FX to 0
2024-06-16 23:35:29.642 INFO nestdrop.deck.Deck : initializing deck1 spout
2024-06-16 23:35:29.643 INFO nestdrop.deck.Deck : deck1 spout name null
2024-06-16 23:35:29.644 INFO nestdrop.deck.Deck : initializing deck2
2024-06-16 23:35:29.645 INFO nestdrop.deck.Deck : initializing deck2 preset queue
2024-06-16 23:35:29.645 INFO nestdrop.deck.Deck : initializing deck2 sprite queues
2024-06-16 23:35:29.645 INFO nestdrop.deck.Deck : initializing deck2 preset
2024-06-16 23:35:29.646 INFO nestdrop.deck.Deck : initializing deck2 sprite fx
2024-06-16 23:35:29.645 INFO nestcontrol.deck.DeckConfigKt : preset queue: PresetQueue(index=-1, name=disabled, autoChange=false, toggles=[])
2024-06-16 23:35:29.645 INFO nestdrop.deck.Deck : deck2 queue: null
2024-06-16 23:35:29.645 INFO nestdrop.deck.Deck : initializing deck2 sprite queue
2024-06-16 23:35:29.645 INFO nestdrop.deck.Deck : initializing deck2 sprite
2024-06-16 23:35:29.646 INFO nestcontrol.deck.DeckConfigKt : after presetQueues config: DeckConfig(triggerTime=0.25, transitionTime=1.0, presetQueue=PresetQueue(index=-1, name=disabled, autoChange=false, toggles=[]), preset=Preset(autoChange=false), sprite=Sprite(autoChange=false, index=-1, name=null, toggles=[]), spriteQueue=SpriteQueue(index=-1, name=null), spoutQueue=SpoutQueue(index=-1, name=null), spout=Spout(index=-1, label=null), spriteFX=SpriteFX(autoChange=false, blendMode=false, index=-1, toggles=[]), bpmSync=BpmSync(enabled=false, multiplier=4), strobe=Strobe(enabled=false))
2024-06-16 23:35:29.646 INFO nestcontrol.deck.DeckConfigKt : after sprite queue config: DeckConfig(triggerTime=0.25, transitionTime=1.0, presetQueue=PresetQueue(index=-1, name=uninitialized, autoChange=false, toggles=[]), preset=Preset(autoChange=false), sprite=Sprite(autoChange=false, index=-1, name=null, toggles=[]), spriteQueue=SpriteQueue(index=6, name=unset), spoutQueue=SpoutQueue(index=-1, name=null), spout=Spout(index=-1, label=null), spriteFX=SpriteFX(autoChange=false, blendMode=false, index=-1, toggles=[]), bpmSync=BpmSync(enabled=false, multiplier=4), strobe=Strobe(enabled=false))
2024-06-16 23:35:29.646 INFO nestdrop.deck.Deck : initializing deck2 spout queue
2024-06-16 23:35:29.646 INFO nestdrop.deck.Deck : initializing deck2 spout
2024-06-16 23:35:29.646 INFO nestcontrol.deck.DeckConfigKt : after preset config: DeckConfig(triggerTime=0.25, transitionTime=1.0, presetQueue=PresetQueue(index=-1, name=disabled, autoChange=false, toggles=[]), preset=Preset(autoChange=false), sprite=Sprite(autoChange=false, index=-1, name=null, toggles=[]), spriteQueue=SpriteQueue(index=-1, name=null), spoutQueue=SpoutQueue(index=-1, name=null), spout=Spout(index=-1, label=null), spriteFX=SpriteFX(autoChange=false, blendMode=false, index=-1, toggles=[]), bpmSync=BpmSync(enabled=false, multiplier=4), strobe=Strobe(enabled=false))
2024-06-16 23:35:29.646 INFO nestdrop.deck.Deck : setting deck2 FX to 0
2024-06-16 23:35:29.646 INFO nestcontrol.deck.DeckConfigKt : after sprite queue config: DeckConfig(triggerTime=0.25, transitionTime=1.0, presetQueue=PresetQueue(index=-1, name=disabled, autoChange=false, toggles=[]), preset=Preset(autoChange=false), sprite=Sprite(autoChange=false, index=-1, name=null, toggles=[]), spriteQueue=SpriteQueue(index=6, name=unset), spoutQueue=SpoutQueue(index=-1, name=null), spout=Spout(index=-1, label=null), spriteFX=SpriteFX(autoChange=false, blendMode=false, index=-1, toggles=[]), bpmSync=BpmSync(enabled=false, multiplier=4), strobe=Strobe(enabled=false))
2024-06-16 23:35:29.646 INFO nestdrop.deck.Deck : deck2 spout name null
2024-06-16 23:35:29.647 INFO nestdrop.deck.Deck : spout sync triggered
2024-06-16 23:35:29.647 INFO nestdrop.deck.Deck : spout sync triggered
2024-06-16 23:35:29.648 INFO nestdrop.deck.Deck : deck1 spout queue changed: null
2024-06-16 23:35:29.648 INFO nestdrop.deck.Deck : deck2 spout queue changed: null
2024-06-16 23:35:29.648 INFO nestdrop.deck.Deck : deck2 spout index changed: -1
2024-06-16 23:35:29.648 INFO nestdrop.deck.Deck : deck1 spout index changed: -1
2024-06-16 23:35:29.651 INFO nestdrop.deck.loadDeckSettingsKt : loading settings from deck1
2024-06-16 23:35:29.727 INFO nestdrop.deck.loadDeckSettingsKt : loading settings from deck2
2024-06-16 23:35:29.727 INFO nestdrop.deck.loadDeckSettingsKt : DeckSettings(deckPanelsIsOpen=StringValue(value=0,0,0,0,0,0), transitTime=FloatValue(value=3.6), fps=IntValue(value=30), animationSpeed=FloatValue(value=0.5190856), zoomSpeed=FloatValue(value=0.9), ZoomExp=FloatValue(value=1.0), rotationSpeed=FloatValue(value=0.9), wrapSpeed=FloatValue(value=0.8), horizontalMotion=FloatValue(value=0.0), verticalMotion=FloatValue(value=0.0), stretchSpeed=FloatValue(value=1.0), waveMode=FloatValue(value=1.0), negative=FloatValue(value=0.0), red=FloatValue(value=1.0), green=FloatValue(value=1.0), blue=FloatValue(value=1.0), brightness=FloatValue(value=1.0), contrast=FloatValue(value=1.0), gamma=FloatValue(value=1.0), hue=FloatValue(value=0.0), saturation=FloatValue(value=1.0), lumaKey=RangeValue(min=0.0, max=1.0), alpha=FloatValue(value=1.0), strobe=Strobe(effectIndex=14, color=4294967295, effectSpanMin=0.0, effectSpanMax=1.0, triggerIndex=0, speed=0.26, pulseWidth=1.0, waveFormIndex=2), audio=Audio(channel=3, bass=1.0, mid=1.0, treble=1.0), spout=Spout(width=1920, height=1080), videoDeck=VideoDeck(preview=4, topMost=false), outputMonitor=IntValue(value=0), ndi=BooleanValue(value=false))
2024-06-16 23:35:29.748 INFO nestdrop.deck.Deck : deck1 spout change: -1 in null
2024-06-16 23:35:29.748 INFO nestdrop.deck.Deck : deck2 spout change: -1 in null
2024-06-16 23:35:29.768 INFO nestdrop.deck.loadDeckSettingsKt : DeckSettings(deckPanelsIsOpen=StringValue(value=0,0,0,0,0,0), transitTime=FloatValue(value=3.2), fps=IntValue(value=30), animationSpeed=FloatValue(value=0.5190856), zoomSpeed=FloatValue(value=1.0), ZoomExp=FloatValue(value=1.0), rotationSpeed=FloatValue(value=1.0), wrapSpeed=FloatValue(value=1.0), horizontalMotion=FloatValue(value=0.0), verticalMotion=FloatValue(value=0.0), stretchSpeed=FloatValue(value=1.0), waveMode=FloatValue(value=0.0), negative=FloatValue(value=0.0), red=FloatValue(value=1.0), green=FloatValue(value=1.0), blue=FloatValue(value=1.0), brightness=FloatValue(value=1.0), contrast=FloatValue(value=1.0), gamma=FloatValue(value=1.0), hue=FloatValue(value=0.0), saturation=FloatValue(value=1.0), lumaKey=RangeValue(min=0.0, max=1.0), alpha=FloatValue(value=1.0), strobe=Strobe(effectIndex=14, color=4294967295, effectSpanMin=0.0, effectSpanMax=1.0, triggerIndex=0, speed=0.26, pulseWidth=1.0, waveFormIndex=2), audio=Audio(channel=3, bass=1.0, mid=1.0, treble=1.0), spout=Spout(width=1920, height=1080), videoDeck=VideoDeck(preview=4, topMost=false), outputMonitor=IntValue(value=0), ndi=BooleanValue(value=false))
2024-06-16 23:35:29.768 INFO Main : initializing OSC
2024-06-16 23:35:30.036 INFO Config : saving config Config(beats=64, deck1=DeckConfig(triggerTime=0.75, transitionTime=1.0, presetQueue=PresetQueue(index=12, name=better_nested, autoChange=false, toggles=[]), preset=Preset(autoChange=false), sprite=Sprite(autoChange=false, index=-1, name=null, toggles=[]), spriteQueue=SpriteQueue(index=-1, name=unset), spoutQueue=SpoutQueue(index=-1, name=unset), spout=Spout(index=-1, label=unset), spriteFX=SpriteFX(autoChange=false, blendMode=false, index=0, toggles=[]), bpmSync=BpmSync(enabled=false, multiplier=4), strobe=Strobe(enabled=false)), deck2=DeckConfig(triggerTime=0.25, transitionTime=1.0, presetQueue=PresetQueue(index=-1, name=disabled, autoChange=false, toggles=[]), preset=Preset(autoChange=false), sprite=Sprite(autoChange=false, index=-1, name=null, toggles=[]), spriteQueue=SpriteQueue(index=-1, name=unset), spoutQueue=SpoutQueue(index=-1, name=unset), spout=Spout(index=-1, label=unset), spriteFX=SpriteFX(autoChange=false, blendMode=false, index=0, toggles=[]), bpmSync=BpmSync(enabled=false, multiplier=4), strobe=Strobe(enabled=false)))
2024-06-16 23:35:30.305 INFO Main : re-emitting all values
2024-06-16 23:35:30.311 INFO Main : await application
2024-06-16 23:35:35.073 INFO nestdrop.deck.Deck : triggered at 16.130276879882818, 16.0
2024-06-16 23:35:42.879 INFO nestcontrol.deck.DeckConfigKt : preset queue: PresetQueue(index=7, name=motion_bg, autoChange=false, toggles=[])
2024-06-16 23:35:42.879 INFO nestdrop.deck.Deck : deck2 queue: motion_bg
2024-06-16 23:35:42.879 INFO nestcontrol.deck.DeckConfigKt : preset queue: PresetQueue(index=7, name=disabled, autoChange=false, toggles=[])
2024-06-16 23:35:42.879 INFO nestcontrol.deck.DeckConfigKt : after preset config: DeckConfig(triggerTime=0.25, transitionTime=1.0, presetQueue=PresetQueue(index=7, name=disabled, autoChange=false, toggles=[]), preset=Preset(autoChange=false), sprite=Sprite(autoChange=false, index=-1, name=null, toggles=[]), spriteQueue=SpriteQueue(index=-1, name=null), spoutQueue=SpoutQueue(index=-1, name=null), spout=Spout(index=-1, label=null), spriteFX=SpriteFX(autoChange=false, blendMode=false, index=-1, toggles=[]), bpmSync=BpmSync(enabled=false, multiplier=4), strobe=Strobe(enabled=false))
2024-06-16 23:35:42.879 INFO nestcontrol.deck.DeckConfigKt : after sprite queue config: DeckConfig(triggerTime=0.25, transitionTime=1.0, presetQueue=PresetQueue(index=7, name=disabled, autoChange=false, toggles=[]), preset=Preset(autoChange=false), sprite=Sprite(autoChange=false, index=-1, name=null, toggles=[]), spriteQueue=SpriteQueue(index=6, name=unset), spoutQueue=SpoutQueue(index=-1, name=null), spout=Spout(index=-1, label=null), spriteFX=SpriteFX(autoChange=false, blendMode=false, index=-1, toggles=[]), bpmSync=BpmSync(enabled=false, multiplier=4), strobe=Strobe(enabled=false))
2024-06-16 23:35:42.879 INFO nestcontrol.deck.DeckConfigKt : after presetQueues config: DeckConfig(triggerTime=0.25, transitionTime=1.0, presetQueue=PresetQueue(index=7, name=disabled, autoChange=false, toggles=[]), preset=Preset(autoChange=false), sprite=Sprite(autoChange=false, index=-1, name=null, toggles=[]), spriteQueue=SpriteQueue(index=-1, name=null), spoutQueue=SpoutQueue(index=-1, name=null), spout=Spout(index=-1, label=null), spriteFX=SpriteFX(autoChange=false, blendMode=false, index=-1, toggles=[]), bpmSync=BpmSync(enabled=false, multiplier=4), strobe=Strobe(enabled=false))
2024-06-16 23:35:42.879 INFO nestcontrol.deck.DeckConfigKt : after presetQueues config: DeckConfig(triggerTime=0.25, transitionTime=1.0, presetQueue=PresetQueue(index=7, name=motion_bg, autoChange=false, toggles=[]), preset=Preset(autoChange=false), sprite=Sprite(autoChange=false, index=-1, name=null, toggles=[]), spriteQueue=SpriteQueue(index=-1, name=null), spoutQueue=SpoutQueue(index=-1, name=null), spout=Spout(index=-1, label=null), spriteFX=SpriteFX(autoChange=false, blendMode=false, index=-1, toggles=[]), bpmSync=BpmSync(enabled=false, multiplier=4), strobe=Strobe(enabled=false))
2024-06-16 23:35:42.880 INFO nestcontrol.deck.DeckConfigKt : after sprite queue config: DeckConfig(triggerTime=0.25, transitionTime=1.0, presetQueue=PresetQueue(index=7, name=motion_bg, autoChange=false, toggles=[]), preset=Preset(autoChange=false), sprite=Sprite(autoChange=false, index=-1, name=null, toggles=[]), spriteQueue=SpriteQueue(index=6, name=unset), spoutQueue=SpoutQueue(index=-1, name=null), spout=Spout(index=-1, label=null), spriteFX=SpriteFX(autoChange=false, blendMode=false, index=-1, toggles=[]), bpmSync=BpmSync(enabled=false, multiplier=4), strobe=Strobe(enabled=false))
2024-06-16 23:35:42.880 INFO nestcontrol.deck.DeckConfigKt : after preset config: DeckConfig(triggerTime=0.25, transitionTime=1.0, presetQueue=PresetQueue(index=7, name=motion_bg, autoChange=false, toggles=[]), preset=Preset(autoChange=false), sprite=Sprite(autoChange=false, index=-1, name=null, toggles=[]), spriteQueue=SpriteQueue(index=-1, name=null), spoutQueue=SpoutQueue(index=-1, name=null), spout=Spout(index=-1, label=null), spriteFX=SpriteFX(autoChange=false, blendMode=false, index=-1, toggles=[]), bpmSync=BpmSync(enabled=false, multiplier=4), strobe=Strobe(enabled=false))
2024-06-16 23:35:49.539 INFO nestcontrol.deck.DeckConfigKt : preset queue: PresetQueue(index=9, name=better_nested, autoChange=false, toggles=[])
2024-06-16 23:35:49.539 INFO nestdrop.deck.Deck : deck1 queue: nested_calm_fg
2024-06-16 23:35:49.539 INFO nestcontrol.deck.DeckConfigKt : preset queue: PresetQueue(index=9, name=nested_calm_fg, autoChange=false, toggles=[])
2024-06-16 23:35:49.539 INFO nestcontrol.deck.DeckConfigKt : after presetQueues config: DeckConfig(triggerTime=0.75, transitionTime=1.0, presetQueue=PresetQueue(index=9, name=better_nested, autoChange=false, toggles=[]), preset=Preset(autoChange=false), sprite=Sprite(autoChange=false, index=-1, name=null, toggles=[]), spriteQueue=SpriteQueue(index=-1, name=null), spoutQueue=SpoutQueue(index=-1, name=null), spout=Spout(index=-1, label=null), spriteFX=SpriteFX(autoChange=false, blendMode=false, index=-1, toggles=[]), bpmSync=BpmSync(enabled=false, multiplier=4), strobe=Strobe(enabled=false))
2024-06-16 23:35:49.539 INFO nestcontrol.deck.DeckConfigKt : after preset config: DeckConfig(triggerTime=0.75, transitionTime=1.0, presetQueue=PresetQueue(index=9, name=better_nested, autoChange=false, toggles=[]), preset=Preset(autoChange=false), sprite=Sprite(autoChange=false, index=-1, name=null, toggles=[]), spriteQueue=SpriteQueue(index=-1, name=null), spoutQueue=SpoutQueue(index=-1, name=null), spout=Spout(index=-1, label=null), spriteFX=SpriteFX(autoChange=false, blendMode=false, index=-1, toggles=[]), bpmSync=BpmSync(enabled=false, multiplier=4), strobe=Strobe(enabled=false))
2024-06-16 23:35:49.539 INFO nestcontrol.deck.DeckConfigKt : after presetQueues config: DeckConfig(triggerTime=0.75, transitionTime=1.0, presetQueue=PresetQueue(index=9, name=nested_calm_fg, autoChange=false, toggles=[]), preset=Preset(autoChange=false), sprite=Sprite(autoChange=false, index=-1, name=null, toggles=[]), spriteQueue=SpriteQueue(index=-1, name=null), spoutQueue=SpoutQueue(index=-1, name=null), spout=Spout(index=-1, label=null), spriteFX=SpriteFX(autoChange=false, blendMode=false, index=-1, toggles=[]), bpmSync=BpmSync(enabled=false, multiplier=4), strobe=Strobe(enabled=false))
2024-06-16 23:35:49.540 INFO nestcontrol.deck.DeckConfigKt : after preset config: DeckConfig(triggerTime=0.75, transitionTime=1.0, presetQueue=PresetQueue(index=9, name=nested_calm_fg, autoChange=false, toggles=[]), preset=Preset(autoChange=false), sprite=Sprite(autoChange=false, index=-1, name=null, toggles=[]), spriteQueue=SpriteQueue(index=-1, name=null), spoutQueue=SpoutQueue(index=-1, name=null), spout=Spout(index=-1, label=null), spriteFX=SpriteFX(autoChange=false, blendMode=false, index=-1, toggles=[]), bpmSync=BpmSync(enabled=false, multiplier=4), strobe=Strobe(enabled=false))
2024-06-16 23:35:49.540 INFO nestcontrol.deck.DeckConfigKt : after sprite queue config: DeckConfig(triggerTime=0.75, transitionTime=1.0, presetQueue=PresetQueue(index=9, name=better_nested, autoChange=false, toggles=[]), preset=Preset(autoChange=false), sprite=Sprite(autoChange=false, index=-1, name=null, toggles=[]), spriteQueue=SpriteQueue(index=4, name=unset), spoutQueue=SpoutQueue(index=-1, name=null), spout=Spout(index=-1, label=null), spriteFX=SpriteFX(autoChange=false, blendMode=false, index=-1, toggles=[]), bpmSync=BpmSync(enabled=false, multiplier=4), strobe=Strobe(enabled=false))
2024-06-16 23:35:49.540 INFO nestcontrol.deck.DeckConfigKt : after sprite queue config: DeckConfig(triggerTime=0.75, transitionTime=1.0, presetQueue=PresetQueue(index=9, name=nested_calm_fg, autoChange=false, toggles=[]), preset=Preset(autoChange=false), sprite=Sprite(autoChange=false, index=-1, name=null, toggles=[]), spriteQueue=SpriteQueue(index=4, name=unset), spoutQueue=SpoutQueue(index=-1, name=null), spout=Spout(index=-1, label=null), spriteFX=SpriteFX(autoChange=false, blendMode=false, index=-1, toggles=[]), bpmSync=BpmSync(enabled=false, multiplier=4), strobe=Strobe(enabled=false))
2024-06-16 23:35:49.892 INFO nestdrop.deck.Deck : triggered at 48.2093980415344, 48.0
2024-06-16 23:35:51.836 INFO nestcontrol.deck.DeckConfigKt : preset queue: PresetQueue(index=12, name=nested_calm_fg, autoChange=false, toggles=[])
2024-06-16 23:35:51.836 INFO nestdrop.deck.Deck : deck1 queue: better_nested
2024-06-16 23:35:51.836 INFO nestcontrol.deck.DeckConfigKt : preset queue: PresetQueue(index=12, name=better_nested, autoChange=false, toggles=[])
2024-06-16 23:35:51.837 INFO nestcontrol.deck.DeckConfigKt : after presetQueues config: DeckConfig(triggerTime=0.75, transitionTime=1.0, presetQueue=PresetQueue(index=12, name=nested_calm_fg, autoChange=false, toggles=[]), preset=Preset(autoChange=false), sprite=Sprite(autoChange=false, index=-1, name=null, toggles=[]), spriteQueue=SpriteQueue(index=-1, name=null), spoutQueue=SpoutQueue(index=-1, name=null), spout=Spout(index=-1, label=null), spriteFX=SpriteFX(autoChange=false, blendMode=false, index=-1, toggles=[]), bpmSync=BpmSync(enabled=false, multiplier=4), strobe=Strobe(enabled=false))
2024-06-16 23:35:51.837 INFO nestcontrol.deck.DeckConfigKt : after preset config: DeckConfig(triggerTime=0.75, transitionTime=1.0, presetQueue=PresetQueue(index=12, name=nested_calm_fg, autoChange=false, toggles=[]), preset=Preset(autoChange=false), sprite=Sprite(autoChange=false, index=-1, name=null, toggles=[]), spriteQueue=SpriteQueue(index=-1, name=null), spoutQueue=SpoutQueue(index=-1, name=null), spout=Spout(index=-1, label=null), spriteFX=SpriteFX(autoChange=false, blendMode=false, index=-1, toggles=[]), bpmSync=BpmSync(enabled=false, multiplier=4), strobe=Strobe(enabled=false))
2024-06-16 23:35:51.837 INFO nestcontrol.deck.DeckConfigKt : after presetQueues config: DeckConfig(triggerTime=0.75, transitionTime=1.0, presetQueue=PresetQueue(index=12, name=better_nested, autoChange=false, toggles=[]), preset=Preset(autoChange=false), sprite=Sprite(autoChange=false, index=-1, name=null, toggles=[]), spriteQueue=SpriteQueue(index=-1, name=null), spoutQueue=SpoutQueue(index=-1, name=null), spout=Spout(index=-1, label=null), spriteFX=SpriteFX(autoChange=false, blendMode=false, index=-1, toggles=[]), bpmSync=BpmSync(enabled=false, multiplier=4), strobe=Strobe(enabled=false))
2024-06-16 23:35:51.837 INFO nestcontrol.deck.DeckConfigKt : after sprite queue config: DeckConfig(triggerTime=0.75, transitionTime=1.0, presetQueue=PresetQueue(index=12, name=nested_calm_fg, autoChange=false, toggles=[]), preset=Preset(autoChange=false), sprite=Sprite(autoChange=false, index=-1, name=null, toggles=[]), spriteQueue=SpriteQueue(index=4, name=unset), spoutQueue=SpoutQueue(index=-1, name=null), spout=Spout(index=-1, label=null), spriteFX=SpriteFX(autoChange=false, blendMode=false, index=-1, toggles=[]), bpmSync=BpmSync(enabled=false, multiplier=4), strobe=Strobe(enabled=false))
2024-06-16 23:35:51.837 INFO nestcontrol.deck.DeckConfigKt : after preset config: DeckConfig(triggerTime=0.75, transitionTime=1.0, presetQueue=PresetQueue(index=12, name=better_nested, autoChange=false, toggles=[]), preset=Preset(autoChange=false), sprite=Sprite(autoChange=false, index=-1, name=null, toggles=[]), spriteQueue=SpriteQueue(index=-1, name=null), spoutQueue=SpoutQueue(index=-1, name=null), spout=Spout(index=-1, label=null), spriteFX=SpriteFX(autoChange=false, blendMode=false, index=-1, toggles=[]), bpmSync=BpmSync(enabled=false, multiplier=4), strobe=Strobe(enabled=false))
2024-06-16 23:35:51.837 INFO nestcontrol.deck.DeckConfigKt : after sprite queue config: DeckConfig(triggerTime=0.75, transitionTime=1.0, presetQueue=PresetQueue(index=12, name=better_nested, autoChange=false, toggles=[]), preset=Preset(autoChange=false), sprite=Sprite(autoChange=false, index=-1, name=null, toggles=[]), spriteQueue=SpriteQueue(index=4, name=unset), spoutQueue=SpoutQueue(index=-1, name=null), spout=Spout(index=-1, label=null), spriteFX=SpriteFX(autoChange=false, blendMode=false, index=-1, toggles=[]), bpmSync=BpmSync(enabled=false, multiplier=4), strobe=Strobe(enabled=false))
2024-06-16 23:36:04.516 INFO nestdrop.deck.Deck : triggered at 16.02619678090409, 16.0
2024-06-16 23:36:19.334 INFO nestdrop.deck.Deck : triggered at 48.11815638758336, 48.0
2024-06-16 23:36:34.141 INFO nestdrop.deck.Deck : triggered at 16.13992131220497, 16.0
2024-06-16 23:36:48.921 INFO nestdrop.deck.Deck : triggered at 48.18284538574214, 48.0
2024-06-16 23:37:03.735 INFO nestdrop.deck.Deck : triggered at 16.169958348337744, 16.0
2024-06-16 23:37:18.461 INFO nestdrop.deck.Deck : triggered at 48.01398935724889, 48.0
2024-06-16 23:37:33.275 INFO nestdrop.deck.Deck : triggered at 16.076417863718575, 16.0
2024-06-16 23:37:48.099 INFO nestdrop.deck.Deck : triggered at 48.19070351053875, 48.0
2024-06-16 23:38:02.814 INFO nestdrop.deck.Deck : triggered at 16.112814841715497, 16.0
2024-06-16 23:38:17.824 INFO nestdrop.deck.Deck : triggered at 48.036403243891414, 48.0
2024-06-16 23:38:32.935 INFO nestdrop.deck.Deck : triggered at 16.040290714136738, 16.0
2024-06-16 23:38:48.062 INFO nestdrop.deck.Deck : triggered at 48.029203129704804, 48.0
2024-06-16 23:39:03.228 INFO nestdrop.deck.Deck : triggered at 16.200963611348506, 16.0
