2024-06-16 23:23:43.881 WARN Main : WARN
2024-06-16 23:23:43.885 ERROR Main : ERROR
2024-06-16 23:23:43.887 FATAL Main : FATAL
2024-06-16 23:23:43.889 INFO osc.OscSynced : creating synced value for /linkConnected
2024-06-16 23:23:43.893 WARN Main : waiting for link to connect
2024-06-16 23:23:43.891 INFO osc.OscSynced : creating synced value for /bpm
2024-06-16 23:23:43.891 INFO osc.OscSynced : creating synced value for /peers
2024-06-16 23:23:43.988 INFO Link : connecting to ableton link...
2024-06-16 23:23:44.449 INFO osc.OscSynced : creating synced value for /composition/groups/1/video/effects/motionextraction/bypassed
2024-06-16 23:23:44.450 INFO osc.OscSynced : creating synced value for /composition/groups/1/video/effects/motionextraction/effect/delay
2024-06-16 23:23:44.450 INFO osc.OscSynced : creating synced value for /composition/groups/1/video/effects/automask/bypassed
2024-06-16 23:23:44.450 INFO osc.OscSynced : creating synced value for /resolume/1/motion_extraction/enabled
2024-06-16 23:23:44.454 INFO osc.OscSynced : creating synced value for /resolume/1/motion_extraction/delay
2024-06-16 23:23:44.458 INFO osc.OscSynced : creating synced value for /resolume/1/auto_mask
2024-06-16 23:23:44.463 INFO osc.OscSynced : creating synced value for /composition/groups/2/video/effects/motionextraction/bypassed
2024-06-16 23:23:44.463 INFO osc.OscSynced : creating synced value for /composition/groups/2/video/effects/motionextraction/effect/delay
2024-06-16 23:23:44.463 INFO osc.OscSynced : creating synced value for /composition/groups/2/video/effects/automask/bypassed
2024-06-16 23:23:44.463 INFO osc.OscSynced : creating synced value for /resolume/2/motion_extraction/enabled
2024-06-16 23:23:44.463 INFO osc.OscSynced : creating synced value for /resolume/2/auto_mask
2024-06-16 23:23:44.463 INFO osc.OscSynced : creating synced value for /resolume/2/motion_extraction/delay
2024-06-16 23:23:44.464 INFO osc.OscSynced : creating synced value for /composition/groups/3/video/effects/motionextraction/bypassed
2024-06-16 23:23:44.464 INFO osc.OscSynced : creating synced value for /composition/groups/3/video/effects/motionextraction/effect/delay
2024-06-16 23:23:44.464 INFO osc.OscSynced : creating synced value for /composition/groups/3/video/effects/automask/bypassed
2024-06-16 23:23:44.464 INFO osc.OscSynced : creating synced value for /resolume/3/motion_extraction/enabled
2024-06-16 23:23:44.465 INFO osc.OscSynced : creating synced value for /resolume/4/motion_extraction/enabled
2024-06-16 23:23:44.464 INFO osc.OscSynced : creating synced value for /resolume/3/motion_extraction/delay
2024-06-16 23:23:44.465 INFO osc.OscSynced : creating synced value for /composition/groups/4/video/effects/automask/bypassed
2024-06-16 23:23:44.465 INFO osc.OscSynced : creating synced value for /composition/groups/4/video/effects/motionextraction/effect/delay
2024-06-16 23:23:44.465 INFO osc.OscSynced : creating synced value for /composition/groups/4/video/effects/motionextraction/bypassed
2024-06-16 23:23:44.464 INFO osc.OscSynced : creating synced value for /resolume/3/auto_mask
2024-06-16 23:23:44.465 INFO osc.OscSynced : creating synced value for /resolume/4/auto_mask
2024-06-16 23:23:44.465 INFO osc.OscSynced : creating synced value for /resolume/4/motion_extraction/delay
2024-06-16 23:23:44.512 INFO osc.OSCUtil : creating buttons for group 1 layer 1 (1)
2024-06-16 23:23:44.514 INFO osc.OscSynced : creating synced value for /composition/layers/1/connectspecificclip
2024-06-16 23:23:44.516 INFO osc.OSCUtil : creating buttons for group 1 layer 2 (2)
2024-06-16 23:23:44.516 INFO osc.OscSynced : creating synced value for /composition/layers/2/connectspecificclip
2024-06-16 23:23:44.516 INFO osc.OSCUtil : creating buttons for group 1 layer 3 (3)
2024-06-16 23:23:44.517 INFO osc.OscSynced : creating synced value for /composition/layers/3/connectspecificclip
2024-06-16 23:23:44.517 INFO osc.OSCUtil : creating buttons for group 2 layer 1 (4)
2024-06-16 23:23:44.517 INFO osc.OscSynced : creating synced value for /composition/layers/4/connectspecificclip
2024-06-16 23:23:44.517 INFO osc.OSCUtil : creating buttons for group 2 layer 2 (5)
2024-06-16 23:23:44.517 INFO osc.OscSynced : creating synced value for /composition/layers/5/connectspecificclip
2024-06-16 23:23:44.517 INFO osc.OscSynced : creating synced value for /composition/layers/6/connectspecificclip
2024-06-16 23:23:44.517 INFO osc.OSCUtil : creating buttons for group 2 layer 3 (6)
2024-06-16 23:23:44.518 INFO osc.OSCUtil : creating buttons for group 3 layer 1 (7)
2024-06-16 23:23:44.518 INFO osc.OscSynced : creating synced value for /composition/layers/7/connectspecificclip
2024-06-16 23:23:44.518 INFO osc.OscSynced : creating synced value for /composition/layers/8/connectspecificclip
2024-06-16 23:23:44.518 INFO osc.OSCUtil : creating buttons for group 3 layer 2 (8)
2024-06-16 23:23:44.518 INFO osc.OSCUtil : creating buttons for group 3 layer 3 (9)
2024-06-16 23:23:44.518 INFO osc.OscSynced : creating synced value for /composition/layers/9/connectspecificclip
2024-06-16 23:23:44.519 INFO osc.OSCUtil : creating buttons for group 4 layer 1 (10)
2024-06-16 23:23:44.519 INFO osc.OscSynced : creating synced value for /composition/layers/10/connectspecificclip
2024-06-16 23:23:44.519 INFO osc.OSCUtil : creating buttons for group 4 layer 2 (11)
2024-06-16 23:23:44.519 INFO osc.OscSynced : creating synced value for /composition/layers/11/connectspecificclip
2024-06-16 23:23:44.519 INFO osc.OSCUtil : creating buttons for group 4 layer 3 (12)
2024-06-16 23:23:44.519 INFO osc.OSCUtil : creating buttons for group 5 layer 1 (13)
2024-06-16 23:23:44.519 INFO osc.OscSynced : creating synced value for /composition/layers/12/connectspecificclip
2024-06-16 23:23:44.519 INFO osc.OscSynced : creating synced value for /composition/layers/13/connectspecificclip
2024-06-16 23:23:44.520 INFO osc.OSCUtil : creating buttons for group 5 layer 2 (14)
2024-06-16 23:23:44.520 INFO osc.OscSynced : creating synced value for /composition/layers/14/connectspecificclip
2024-06-16 23:23:44.520 INFO osc.OSCUtil : creating buttons for group 5 layer 3 (15)
2024-06-16 23:23:44.520 INFO osc.OscSynced : creating synced value for /composition/layers/15/connectspecificclip
2024-06-16 23:23:44.520 INFO osc.OSCUtil : creating buttons for group 5 layer 4 (16)
2024-06-16 23:23:44.520 INFO osc.OscSynced : creating synced value for /composition/layers/16/connectspecificclip
2024-06-16 23:23:44.520 INFO osc.OSCUtil : creating buttons for group 5 layer 5 (17)
2024-06-16 23:23:44.520 INFO osc.OscSynced : creating synced value for /composition/layers/17/connectspecificclip
2024-06-16 23:23:44.521 INFO osc.OSCUtil : creating buttons for group 6 layer 1 (18)
2024-06-16 23:23:44.521 INFO osc.OscSynced : creating synced value for /composition/layers/18/connectspecificclip
2024-06-16 23:23:44.521 INFO osc.OSCUtil : creating buttons for group 6 layer 2 (19)
2024-06-16 23:23:44.521 INFO osc.OSCUtil : creating buttons for group 6 layer 3 (20)
2024-06-16 23:23:44.521 INFO osc.OscSynced : creating synced value for /composition/layers/19/connectspecificclip
2024-06-16 23:23:44.521 INFO osc.OscSynced : creating synced value for /composition/layers/20/connectspecificclip
2024-06-16 23:23:44.521 INFO osc.OSCUtil : creating buttons for group 6 layer 4 (21)
2024-06-16 23:23:44.521 INFO osc.OscSynced : creating synced value for /composition/layers/21/connectspecificclip
2024-06-16 23:23:44.522 INFO osc.OSCUtil : creating buttons for group 6 layer 5 (22)
2024-06-16 23:23:44.522 INFO osc.OscSynced : creating synced value for /composition/layers/22/connectspecificclip
2024-06-16 23:23:44.522 INFO osc.OSCUtil : creating buttons for group 6 layer 6 (23)
2024-06-16 23:23:44.522 INFO osc.OscSynced : creating synced value for /composition/layers/23/connectspecificclip
2024-06-16 23:23:44.522 INFO osc.OSCUtil : creating buttons for group 6 layer 7 (24)
2024-06-16 23:23:44.522 INFO osc.OscSynced : creating synced value for /composition/layers/24/connectspecificclip
2024-06-16 23:23:44.522 INFO osc.OSCUtil : creating buttons for group 6 layer 8 (25)
2024-06-16 23:23:44.522 INFO osc.OscSynced : creating synced value for /composition/layers/25/connectspecificclip
2024-06-16 23:23:44.523 INFO osc.OSCUtil : creating buttons for group 6 layer 9 (26)
2024-06-16 23:23:44.523 INFO osc.OscSynced : creating synced value for /composition/layers/26/connectspecificclip
2024-06-16 23:23:44.523 INFO osc.OSCUtil : creating buttons for group 7 layer 1 (27)
2024-06-16 23:23:44.523 INFO osc.OscSynced : creating synced value for /composition/layers/27/connectspecificclip
2024-06-16 23:23:44.524 INFO osc.OSCUtil : resolume group 2 layer 2 connectSpecificClip index -1
2024-06-16 23:23:44.524 INFO osc.OSCUtil : resolume group 3 layer 1 connectSpecificClip index -1
2024-06-16 23:23:44.524 INFO osc.OSCUtil : resolume group 2 layer 3 connectSpecificClip index -1
2024-06-16 23:23:44.524 INFO osc.OSCUtil : resolume group 1 layer 1 connectSpecificClip index -1
2024-06-16 23:23:44.524 INFO osc.OSCUtil : resolume group 2 layer 1 connectSpecificClip index -1
2024-06-16 23:23:44.524 INFO osc.OSCUtil : resolume group 3 layer 2 connectSpecificClip index -1
2024-06-16 23:23:44.524 INFO osc.OSCUtil : resolume group 4 layer 1 connectSpecificClip index -1
2024-06-16 23:23:44.525 INFO osc.OSCUtil : resolume group 3 layer 3 connectSpecificClip index -1
2024-06-16 23:23:44.525 INFO osc.OSCUtil : resolume group 4 layer 2 connectSpecificClip index -1
2024-06-16 23:23:44.525 INFO osc.OSCUtil : resolume group 4 layer 3 connectSpecificClip index -1
2024-06-16 23:23:44.525 INFO osc.OSCUtil : resolume group 1 layer 3 connectSpecificClip index -1
2024-06-16 23:23:44.525 INFO osc.OSCUtil : resolume group 1 layer 2 connectSpecificClip index -1
2024-06-16 23:23:44.525 INFO osc.OSCUtil : resolume group 5 layer 1 connectSpecificClip index -1
2024-06-16 23:23:44.525 INFO osc.OSCUtil : resolume group 5 layer 2 connectSpecificClip index -1
2024-06-16 23:23:44.530 INFO osc.OSCUtil : resolume group 5 layer 3 connectSpecificClip index -1
2024-06-16 23:23:44.543 INFO osc.OSCUtil : resolume group 2 layer 1 changed to null
2024-06-16 23:23:44.543 INFO osc.OSCUtil : resolume group 1 layer 2 changed to null
2024-06-16 23:23:44.543 INFO osc.OSCUtil : resolume group 1 layer 1 changed to null
2024-06-16 23:23:44.543 INFO osc.OSCUtil : resolume group 3 layer 1 changed to null
2024-06-16 23:23:44.543 INFO osc.OSCUtil : resolume group 5 layer 5 changed to null
2024-06-16 23:23:44.543 INFO osc.OSCUtil : resolume group 4 layer 3 changed to null
2024-06-16 23:23:44.543 INFO osc.OSCUtil : resolume group 5 layer 4 connectSpecificClip index -1
2024-06-16 23:23:44.543 INFO osc.OSCUtil : resolume group 3 layer 3 changed to null
2024-06-16 23:23:44.543 INFO osc.OSCUtil : resolume group 5 layer 5 connectSpecificClip index -1
2024-06-16 23:23:44.543 INFO osc.OSCUtil : resolume group 6 layer 1 connectSpecificClip index -1
2024-06-16 23:23:44.543 INFO osc.OSCUtil : resolume group 6 layer 2 connectSpecificClip index -1
2024-06-16 23:23:44.543 INFO osc.OSCUtil : resolume group 6 layer 3 changed to null
2024-06-16 23:23:44.543 INFO osc.OSCUtil : resolume group 6 layer 1 changed to null
2024-06-16 23:23:44.543 INFO osc.OSCUtil : resolume group 2 layer 2 changed to null
2024-06-16 23:23:44.543 INFO osc.OSCUtil : resolume group 6 layer 2 changed to null
2024-06-16 23:23:44.543 INFO osc.OSCUtil : resolume group 6 layer 3 connectSpecificClip index -1
2024-06-16 23:23:44.543 INFO osc.OSCUtil : resolume group 5 layer 4 changed to null
2024-06-16 23:23:44.543 INFO osc.OSCUtil : resolume group 6 layer 4 changed to null
2024-06-16 23:23:44.543 INFO osc.OSCUtil : resolume group 6 layer 4 connectSpecificClip index -1
2024-06-16 23:23:44.543 INFO osc.OSCUtil : resolume group 2 layer 3 changed to null
2024-06-16 23:23:44.543 INFO osc.OSCUtil : resolume group 3 layer 2 changed to null
2024-06-16 23:23:44.543 INFO osc.OSCUtil : resolume group 6 layer 5 changed to null
2024-06-16 23:23:44.543 INFO osc.OSCUtil : resolume group 6 layer 5 connectSpecificClip index -1
2024-06-16 23:23:44.543 INFO osc.OSCUtil : resolume group 6 layer 6 connectSpecificClip index -1
2024-06-16 23:23:44.543 INFO osc.OSCUtil : resolume group 6 layer 7 connectSpecificClip index -1
2024-06-16 23:23:44.543 INFO osc.OSCUtil : resolume group 6 layer 6 changed to null
2024-06-16 23:23:44.543 INFO osc.OSCUtil : resolume group 6 layer 7 changed to null
2024-06-16 23:23:44.543 INFO osc.OSCUtil : resolume group 6 layer 8 changed to null
2024-06-16 23:23:44.543 INFO osc.OSCUtil : resolume group 6 layer 9 connectSpecificClip index -1
2024-06-16 23:23:44.543 INFO osc.OSCUtil : resolume group 6 layer 8 connectSpecificClip index -1
2024-06-16 23:23:44.543 INFO osc.OSCUtil : resolume group 6 layer 9 changed to null
2024-06-16 23:23:44.543 INFO osc.OSCUtil : resolume group 7 layer 1 connectSpecificClip index -1
2024-06-16 23:23:44.543 INFO osc.OSCUtil : resolume group 7 layer 1 changed to null
2024-06-16 23:23:44.543 INFO osc.OSCUtil : resolume group 5 layer 1 changed to null
2024-06-16 23:23:44.543 INFO osc.OSCUtil : resolume group 1 layer 3 changed to null
2024-06-16 23:23:44.544 INFO osc.OSCUtil : resolume group 4 layer 1 changed to null
2024-06-16 23:23:44.544 INFO osc.OSCUtil : resolume group 4 layer 2 changed to null
2024-06-16 23:23:44.545 INFO osc.OSCUtil : resolume group 5 layer 3 changed to null
2024-06-16 23:23:44.546 INFO osc.OSCUtil : resolume group 5 layer 2 changed to null
2024-06-16 23:23:44.562 INFO osc.OSCUtil : {}
2024-06-16 23:23:45.526 INFO osc.OscSynced : creating synced value for /beats
2024-06-16 23:23:45.526 INFO osc.OscSynced : creating synced value for /bpmRounded
2024-06-16 23:23:45.526 INFO osc.OscSynced : creating synced value for /beatProgress
2024-06-16 23:23:45.538 INFO nestdrop.loadQueuesKt : loading queues from C:\Users\nikky\VJ\NestDropProV2\DefaultUserProfile.xml
2024-06-16 23:23:46.921 INFO nestcontrol.deck.DeckConfigKt : preset queue: PresetQueue(index=-1, name=uninitialized, autoChange=false, toggles=[])
2024-06-16 23:23:46.921 INFO nestcontrol.deck.DeckConfigKt : preset queue: PresetQueue(index=-1, name=uninitialized, autoChange=false, toggles=[])
2024-06-16 23:23:46.932 INFO nestcontrol.deck.DeckConfigKt : after presetQueues config: DeckConfig(triggerTime=0.75, transitionTime=1.0, presetQueue=PresetQueue(index=-1, name=uninitialized, autoChange=false, toggles=[]), preset=Preset(autoChange=false), sprite=Sprite(autoChange=false, index=-1, name=null, toggles=[]), spriteQueue=SpriteQueue(index=-1, name=null), spoutQueue=SpoutQueue(index=-1, name=null), spout=Spout(index=-1, label=null), spriteFX=SpriteFX(autoChange=false, blendMode=false, index=-1, toggles=[]), bpmSync=BpmSync(enabled=false, multiplier=4), strobe=Strobe(enabled=false))
2024-06-16 23:23:46.933 INFO Config : loaded Config(beats=64, deck1=DeckConfig(triggerTime=0.75, transitionTime=5.0, presetQueue=PresetQueue(index=-1, name=null, autoChange=false, toggles=[]), preset=Preset(autoChange=false), sprite=Sprite(autoChange=false, index=-1, name=null, toggles=[]), spriteQueue=SpriteQueue(index=-1, name=null), spoutQueue=SpoutQueue(index=-1, name=null), spout=Spout(index=-1, label=null), spriteFX=SpriteFX(autoChange=false, blendMode=false, index=-1, toggles=[]), bpmSync=BpmSync(enabled=false, multiplier=4), strobe=Strobe(enabled=false)), deck2=DeckConfig(triggerTime=0.25, transitionTime=5.0, presetQueue=PresetQueue(index=-1, name=null, autoChange=false, toggles=[]), preset=Preset(autoChange=false), sprite=Sprite(autoChange=false, index=-1, name=null, toggles=[]), spriteQueue=SpriteQueue(index=-1, name=null), spoutQueue=SpoutQueue(index=-1, name=null), spout=Spout(index=-1, label=null), spriteFX=SpriteFX(autoChange=false, blendMode=false, index=-1, toggles=[]), bpmSync=BpmSync(enabled=false, multiplier=4), strobe=Strobe(enabled=false)))
2024-06-16 23:23:46.933 INFO nestcontrol.deck.DeckConfigKt : after presetQueues config: DeckConfig(triggerTime=0.75, transitionTime=1.0, presetQueue=PresetQueue(index=-1, name=uninitialized, autoChange=false, toggles=[]), preset=Preset(autoChange=false), sprite=Sprite(autoChange=false, index=-1, name=null, toggles=[]), spriteQueue=SpriteQueue(index=-1, name=null), spoutQueue=SpoutQueue(index=-1, name=null), spout=Spout(index=-1, label=null), spriteFX=SpriteFX(autoChange=false, blendMode=false, index=-1, toggles=[]), bpmSync=BpmSync(enabled=false, multiplier=4), strobe=Strobe(enabled=false))
2024-06-16 23:23:46.935 INFO nestcontrol.deck.DeckConfigKt : after preset config: DeckConfig(triggerTime=0.75, transitionTime=1.0, presetQueue=PresetQueue(index=-1, name=uninitialized, autoChange=false, toggles=[]), preset=Preset(autoChange=false), sprite=Sprite(autoChange=false, index=-1, name=null, toggles=[]), spriteQueue=SpriteQueue(index=-1, name=null), spoutQueue=SpoutQueue(index=-1, name=null), spout=Spout(index=-1, label=null), spriteFX=SpriteFX(autoChange=false, blendMode=false, index=-1, toggles=[]), bpmSync=BpmSync(enabled=false, multiplier=4), strobe=Strobe(enabled=false))
2024-06-16 23:23:46.935 INFO nestcontrol.deck.DeckConfigKt : after preset config: DeckConfig(triggerTime=0.75, transitionTime=1.0, presetQueue=PresetQueue(index=-1, name=uninitialized, autoChange=false, toggles=[]), preset=Preset(autoChange=false), sprite=Sprite(autoChange=false, index=-1, name=null, toggles=[]), spriteQueue=SpriteQueue(index=-1, name=null), spoutQueue=SpoutQueue(index=-1, name=null), spout=Spout(index=-1, label=null), spriteFX=SpriteFX(autoChange=false, blendMode=false, index=-1, toggles=[]), bpmSync=BpmSync(enabled=false, multiplier=4), strobe=Strobe(enabled=false))
2024-06-16 23:23:46.941 INFO nestcontrol.deck.DeckConfigKt : loading presets from queue
2024-06-16 23:23:46.942 INFO nestcontrol.deck.DeckConfigKt : loaded deck1 []
2024-06-16 23:23:46.943 INFO nestcontrol.deck.DeckConfigKt : loading presets from queue
2024-06-16 23:23:46.943 INFO nestcontrol.deck.DeckConfigKt : after presetQueues config: DeckConfig(triggerTime=0.25, transitionTime=1.0, presetQueue=PresetQueue(index=-1, name=uninitialized, autoChange=false, toggles=[]), preset=Preset(autoChange=false), sprite=Sprite(autoChange=false, index=-1, name=null, toggles=[]), spriteQueue=SpriteQueue(index=-1, name=null), spoutQueue=SpoutQueue(index=-1, name=null), spout=Spout(index=-1, label=null), spriteFX=SpriteFX(autoChange=false, blendMode=false, index=-1, toggles=[]), bpmSync=BpmSync(enabled=false, multiplier=4), strobe=Strobe(enabled=false))
2024-06-16 23:23:46.944 INFO nestcontrol.deck.DeckConfigKt : loading presets from queue
2024-06-16 23:23:46.944 INFO nestcontrol.deck.DeckConfigKt : loaded deck2 []
2024-06-16 23:23:46.944 INFO nestcontrol.deck.DeckConfigKt : after preset config: DeckConfig(triggerTime=0.25, transitionTime=1.0, presetQueue=PresetQueue(index=-1, name=uninitialized, autoChange=false, toggles=[]), preset=Preset(autoChange=false), sprite=Sprite(autoChange=false, index=-1, name=null, toggles=[]), spriteQueue=SpriteQueue(index=-1, name=null), spoutQueue=SpoutQueue(index=-1, name=null), spout=Spout(index=-1, label=null), spriteFX=SpriteFX(autoChange=false, blendMode=false, index=-1, toggles=[]), bpmSync=BpmSync(enabled=false, multiplier=4), strobe=Strobe(enabled=false))
2024-06-16 23:23:46.944 INFO nestcontrol.deck.DeckConfigKt : loading presets from queue
2024-06-16 23:23:47.445 INFO nestdrop.deck.PresetQueues : initializing preset queues
2024-06-16 23:23:47.446 INFO nestdrop.deck.PresetQueues : queues updated
2024-06-16 23:23:47.448 INFO nestdrop.deck.PresetQueues : combining queues with deck switches
2024-06-16 23:23:47.449 INFO nestdrop.deck.PresetQueues : queues updated
2024-06-16 23:23:47.450 INFO nestcontrol.deck.DeckConfigKt : preset queue: PresetQueue(index=-1, name=uninitialized, autoChange=false, toggles=[])
2024-06-16 23:23:47.450 INFO nestdrop.deck.PresetQueues : combining queues with deck switches
2024-06-16 23:23:47.450 INFO nestcontrol.deck.DeckConfigKt : after presetQueues config: DeckConfig(triggerTime=0.25, transitionTime=1.0, presetQueue=PresetQueue(index=-1, name=uninitialized, autoChange=false, toggles=[]), preset=Preset(autoChange=false), sprite=Sprite(autoChange=false, index=-1, name=null, toggles=[]), spriteQueue=SpriteQueue(index=-1, name=null), spoutQueue=SpoutQueue(index=-1, name=null), spout=Spout(index=-1, label=null), spriteFX=SpriteFX(autoChange=false, blendMode=false, index=-1, toggles=[]), bpmSync=BpmSync(enabled=false, multiplier=4), strobe=Strobe(enabled=false))
2024-06-16 23:23:47.450 INFO nestdrop.deck.PresetQueues : queues updated
2024-06-16 23:23:47.450 INFO nestcontrol.deck.DeckConfigKt : preset queue: PresetQueue(index=-1, name=uninitialized, autoChange=false, toggles=[])
2024-06-16 23:23:47.450 INFO nestcontrol.deck.DeckConfigKt : after presetQueues config: DeckConfig(triggerTime=0.75, transitionTime=1.0, presetQueue=PresetQueue(index=-1, name=uninitialized, autoChange=false, toggles=[]), preset=Preset(autoChange=false), sprite=Sprite(autoChange=false, index=-1, name=null, toggles=[]), spriteQueue=SpriteQueue(index=-1, name=null), spoutQueue=SpoutQueue(index=-1, name=null), spout=Spout(index=-1, label=null), spriteFX=SpriteFX(autoChange=false, blendMode=false, index=-1, toggles=[]), bpmSync=BpmSync(enabled=false, multiplier=4), strobe=Strobe(enabled=false))
2024-06-16 23:23:47.450 INFO nestcontrol.deck.DeckConfigKt : after preset config: DeckConfig(triggerTime=0.25, transitionTime=1.0, presetQueue=PresetQueue(index=-1, name=uninitialized, autoChange=false, toggles=[]), preset=Preset(autoChange=false), sprite=Sprite(autoChange=false, index=-1, name=null, toggles=[]), spriteQueue=SpriteQueue(index=-1, name=null), spoutQueue=SpoutQueue(index=-1, name=null), spout=Spout(index=-1, label=null), spriteFX=SpriteFX(autoChange=false, blendMode=false, index=-1, toggles=[]), bpmSync=BpmSync(enabled=false, multiplier=4), strobe=Strobe(enabled=false))
2024-06-16 23:23:47.450 INFO nestcontrol.deck.DeckConfigKt : after preset config: DeckConfig(triggerTime=0.75, transitionTime=1.0, presetQueue=PresetQueue(index=-1, name=uninitialized, autoChange=false, toggles=[]), preset=Preset(autoChange=false), sprite=Sprite(autoChange=false, index=-1, name=null, toggles=[]), spriteQueue=SpriteQueue(index=-1, name=null), spoutQueue=SpoutQueue(index=-1, name=null), spout=Spout(index=-1, label=null), spriteFX=SpriteFX(autoChange=false, blendMode=false, index=-1, toggles=[]), bpmSync=BpmSync(enabled=false, multiplier=4), strobe=Strobe(enabled=false))
2024-06-16 23:23:47.450 INFO nestdrop.deck.Deck : initializing deck1
2024-06-16 23:23:47.453 INFO nestdrop.deck.PresetQueues : combining queues with deck switches
2024-06-16 23:23:47.453 INFO nestdrop.deck.PresetQueues : queues updated
2024-06-16 23:23:47.453 INFO nestdrop.deck.PresetQueues : queues updated
2024-06-16 23:23:47.453 INFO nestdrop.deck.PresetQueues : combining queues with deck switches
2024-06-16 23:23:47.467 INFO nestdrop.deck.Deck : initializing deck1 preset queue
2024-06-16 23:23:47.470 INFO nestdrop.deck.Deck : initializing deck1 preset
2024-06-16 23:23:47.471 INFO nestdrop.deck.Deck : deck1 queue: null
2024-06-16 23:23:47.471 INFO nestcontrol.deck.DeckConfigKt : preset queue: PresetQueue(index=-1, name=disabled, autoChange=false, toggles=[])
2024-06-16 23:23:47.471 INFO nestcontrol.deck.DeckConfigKt : after presetQueues config: DeckConfig(triggerTime=0.75, transitionTime=1.0, presetQueue=PresetQueue(index=-1, name=disabled, autoChange=false, toggles=[]), preset=Preset(autoChange=false), sprite=Sprite(autoChange=false, index=-1, name=null, toggles=[]), spriteQueue=SpriteQueue(index=-1, name=null), spoutQueue=SpoutQueue(index=-1, name=null), spout=Spout(index=-1, label=null), spriteFX=SpriteFX(autoChange=false, blendMode=false, index=-1, toggles=[]), bpmSync=BpmSync(enabled=false, multiplier=4), strobe=Strobe(enabled=false))
2024-06-16 23:23:47.472 INFO nestcontrol.deck.DeckConfigKt : after preset config: DeckConfig(triggerTime=0.75, transitionTime=1.0, presetQueue=PresetQueue(index=-1, name=disabled, autoChange=false, toggles=[]), preset=Preset(autoChange=false), sprite=Sprite(autoChange=false, index=-1, name=null, toggles=[]), spriteQueue=SpriteQueue(index=-1, name=null), spoutQueue=SpoutQueue(index=-1, name=null), spout=Spout(index=-1, label=null), spriteFX=SpriteFX(autoChange=false, blendMode=false, index=-1, toggles=[]), bpmSync=BpmSync(enabled=false, multiplier=4), strobe=Strobe(enabled=false))
2024-06-16 23:23:47.474 INFO nestdrop.deck.Deck : initializing deck1 sprite queues
2024-06-16 23:23:47.477 INFO nestdrop.deck.Deck : initializing deck1 sprite queue
2024-06-16 23:23:47.484 INFO nestdrop.deck.Deck : initializing deck1 sprite
2024-06-16 23:23:47.488 INFO nestdrop.deck.Deck : initializing deck1 sprite fx
2024-06-16 23:23:47.492 INFO nestdrop.deck.Deck : initializing deck1 spout queue
2024-06-16 23:23:47.492 INFO nestdrop.deck.Deck : setting deck1 FX to 0
2024-06-16 23:23:47.493 INFO nestdrop.deck.Deck : initializing deck1 spout
2024-06-16 23:23:47.494 INFO nestdrop.deck.Deck : deck1 spout name null
2024-06-16 23:23:47.495 INFO nestdrop.deck.Deck : initializing deck2
2024-06-16 23:23:47.496 INFO nestdrop.deck.Deck : initializing deck2 preset queue
2024-06-16 23:23:47.496 INFO nestdrop.deck.Deck : initializing deck2 preset
2024-06-16 23:23:47.496 INFO nestdrop.deck.Deck : initializing deck2 sprite queues
2024-06-16 23:23:47.496 INFO nestdrop.deck.Deck : initializing deck2 sprite queue
2024-06-16 23:23:47.496 INFO nestdrop.deck.Deck : initializing deck2 sprite
2024-06-16 23:23:47.496 INFO nestdrop.deck.Deck : deck2 queue: null
2024-06-16 23:23:47.496 INFO nestcontrol.deck.DeckConfigKt : preset queue: PresetQueue(index=-1, name=disabled, autoChange=false, toggles=[])
2024-06-16 23:23:47.496 INFO nestdrop.deck.Deck : initializing deck2 spout queue
2024-06-16 23:23:47.496 INFO nestdrop.deck.Deck : initializing deck2 sprite fx
2024-06-16 23:23:47.496 INFO nestdrop.deck.Deck : initializing deck2 spout
2024-06-16 23:23:47.496 INFO nestcontrol.deck.DeckConfigKt : after presetQueues config: DeckConfig(triggerTime=0.25, transitionTime=1.0, presetQueue=PresetQueue(index=-1, name=disabled, autoChange=false, toggles=[]), preset=Preset(autoChange=false), sprite=Sprite(autoChange=false, index=-1, name=null, toggles=[]), spriteQueue=SpriteQueue(index=-1, name=null), spoutQueue=SpoutQueue(index=-1, name=null), spout=Spout(index=-1, label=null), spriteFX=SpriteFX(autoChange=false, blendMode=false, index=-1, toggles=[]), bpmSync=BpmSync(enabled=false, multiplier=4), strobe=Strobe(enabled=false))
2024-06-16 23:23:47.496 INFO nestdrop.deck.Deck : setting deck2 FX to 0
2024-06-16 23:23:47.496 INFO nestcontrol.deck.DeckConfigKt : after preset config: DeckConfig(triggerTime=0.25, transitionTime=1.0, presetQueue=PresetQueue(index=-1, name=disabled, autoChange=false, toggles=[]), preset=Preset(autoChange=false), sprite=Sprite(autoChange=false, index=-1, name=null, toggles=[]), spriteQueue=SpriteQueue(index=-1, name=null), spoutQueue=SpoutQueue(index=-1, name=null), spout=Spout(index=-1, label=null), spriteFX=SpriteFX(autoChange=false, blendMode=false, index=-1, toggles=[]), bpmSync=BpmSync(enabled=false, multiplier=4), strobe=Strobe(enabled=false))
2024-06-16 23:23:47.496 INFO nestdrop.deck.Deck : deck2 spout name null
2024-06-16 23:23:47.498 INFO nestdrop.deck.Deck : spout sync triggered
2024-06-16 23:23:47.498 INFO nestdrop.deck.Deck : spout sync triggered
2024-06-16 23:23:47.499 INFO nestdrop.deck.Deck : deck1 spout queue changed: null
2024-06-16 23:23:47.499 INFO nestdrop.deck.Deck : deck1 spout index changed: -1
2024-06-16 23:23:47.499 INFO nestdrop.deck.Deck : deck2 spout queue changed: null
2024-06-16 23:23:47.499 INFO nestdrop.deck.Deck : deck2 spout index changed: -1
2024-06-16 23:23:47.501 INFO nestdrop.deck.loadDeckSettingsKt : loading settings from deck1
2024-06-16 23:23:47.573 INFO nestdrop.deck.loadDeckSettingsKt : DeckSettings(deckPanelsIsOpen=StringValue(value=0,0,0,0,0,0), transitTime=FloatValue(value=3.6), fps=IntValue(value=30), animationSpeed=FloatValue(value=0.5190856), zoomSpeed=FloatValue(value=0.9), ZoomExp=FloatValue(value=1.0), rotationSpeed=FloatValue(value=0.9), wrapSpeed=FloatValue(value=0.8), horizontalMotion=FloatValue(value=0.0), verticalMotion=FloatValue(value=0.0), stretchSpeed=FloatValue(value=1.0), waveMode=FloatValue(value=1.0), negative=FloatValue(value=0.0), red=FloatValue(value=1.0), green=FloatValue(value=1.0), blue=FloatValue(value=1.0), brightness=FloatValue(value=1.0), contrast=FloatValue(value=1.0), gamma=FloatValue(value=1.0), hue=FloatValue(value=0.0), saturation=FloatValue(value=1.0), lumaKey=RangeValue(min=0.0, max=1.0), alpha=FloatValue(value=1.0), strobe=Strobe(effectIndex=14, color=4294967295, effectSpanMin=0.0, effectSpanMax=1.0, triggerIndex=0, speed=0.26, pulseWidth=1.0, waveFormIndex=2), audio=Audio(channel=3, bass=1.0, mid=1.0, treble=1.0), spout=Spout(width=1920, height=1080), videoDeck=VideoDeck(preview=4, topMost=false), outputMonitor=IntValue(value=0), ndi=BooleanValue(value=false))
2024-06-16 23:23:47.573 INFO nestdrop.deck.loadDeckSettingsKt : loading settings from deck2
2024-06-16 23:23:47.599 INFO nestdrop.deck.Deck : deck2 spout change: -1 in null
2024-06-16 23:23:47.599 INFO nestdrop.deck.Deck : deck1 spout change: -1 in null
2024-06-16 23:23:47.614 INFO nestdrop.deck.loadDeckSettingsKt : DeckSettings(deckPanelsIsOpen=StringValue(value=0,0,0,0,0,0), transitTime=FloatValue(value=3.2), fps=IntValue(value=30), animationSpeed=FloatValue(value=0.5190856), zoomSpeed=FloatValue(value=1.0), ZoomExp=FloatValue(value=1.0), rotationSpeed=FloatValue(value=1.0), wrapSpeed=FloatValue(value=1.0), horizontalMotion=FloatValue(value=0.0), verticalMotion=FloatValue(value=0.0), stretchSpeed=FloatValue(value=1.0), waveMode=FloatValue(value=0.0), negative=FloatValue(value=0.0), red=FloatValue(value=1.0), green=FloatValue(value=1.0), blue=FloatValue(value=1.0), brightness=FloatValue(value=1.0), contrast=FloatValue(value=1.0), gamma=FloatValue(value=1.0), hue=FloatValue(value=0.0), saturation=FloatValue(value=1.0), lumaKey=RangeValue(min=0.0, max=1.0), alpha=FloatValue(value=1.0), strobe=Strobe(effectIndex=14, color=4294967295, effectSpanMin=0.0, effectSpanMax=1.0, triggerIndex=0, speed=0.26, pulseWidth=1.0, waveFormIndex=2), audio=Audio(channel=3, bass=1.0, mid=1.0, treble=1.0), spout=Spout(width=1920, height=1080), videoDeck=VideoDeck(preview=4, topMost=false), outputMonitor=IntValue(value=0), ndi=BooleanValue(value=false))
2024-06-16 23:23:47.616 INFO Main : initializing OSC
2024-06-16 23:23:47.898 INFO Config : saving config Config(beats=64, deck1=DeckConfig(triggerTime=0.75, transitionTime=5.0, presetQueue=PresetQueue(index=-1, name=null, autoChange=false, toggles=[]), preset=Preset(autoChange=false), sprite=Sprite(autoChange=false, index=-1, name=null, toggles=[]), spriteQueue=SpriteQueue(index=-1, name=null), spoutQueue=SpoutQueue(index=-1, name=null), spout=Spout(index=-1, label=null), spriteFX=SpriteFX(autoChange=false, blendMode=false, index=-1, toggles=[]), bpmSync=BpmSync(enabled=false, multiplier=4), strobe=Strobe(enabled=false)), deck2=DeckConfig(triggerTime=0.25, transitionTime=5.0, presetQueue=PresetQueue(index=-1, name=null, autoChange=false, toggles=[]), preset=Preset(autoChange=false), sprite=Sprite(autoChange=false, index=-1, name=null, toggles=[]), spriteQueue=SpriteQueue(index=-1, name=null), spoutQueue=SpoutQueue(index=-1, name=null), spout=Spout(index=-1, label=null), spriteFX=SpriteFX(autoChange=false, blendMode=false, index=-1, toggles=[]), bpmSync=BpmSync(enabled=false, multiplier=4), strobe=Strobe(enabled=false)))
2024-06-16 23:23:48.151 INFO Main : re-emitting all values
2024-06-16 23:23:48.154 INFO Main : await application
2024-06-16 23:23:51.469 INFO nestdrop.deck.Deck : deck1 queue: better_nested
2024-06-16 23:23:51.469 INFO nestcontrol.deck.DeckConfigKt : preset queue: PresetQueue(index=12, name=disabled, autoChange=false, toggles=[])
2024-06-16 23:23:51.469 INFO nestcontrol.deck.DeckConfigKt : after presetQueues config: DeckConfig(triggerTime=0.75, transitionTime=1.0, presetQueue=PresetQueue(index=12, name=disabled, autoChange=false, toggles=[]), preset=Preset(autoChange=false), sprite=Sprite(autoChange=false, index=-1, name=null, toggles=[]), spriteQueue=SpriteQueue(index=-1, name=null), spoutQueue=SpoutQueue(index=-1, name=null), spout=Spout(index=-1, label=null), spriteFX=SpriteFX(autoChange=false, blendMode=false, index=-1, toggles=[]), bpmSync=BpmSync(enabled=false, multiplier=4), strobe=Strobe(enabled=false))
2024-06-16 23:23:51.469 INFO nestcontrol.deck.DeckConfigKt : preset queue: PresetQueue(index=12, name=better_nested, autoChange=false, toggles=[])
2024-06-16 23:23:51.469 INFO nestcontrol.deck.DeckConfigKt : after preset config: DeckConfig(triggerTime=0.75, transitionTime=1.0, presetQueue=PresetQueue(index=12, name=disabled, autoChange=false, toggles=[]), preset=Preset(autoChange=false), sprite=Sprite(autoChange=false, index=-1, name=null, toggles=[]), spriteQueue=SpriteQueue(index=-1, name=null), spoutQueue=SpoutQueue(index=-1, name=null), spout=Spout(index=-1, label=null), spriteFX=SpriteFX(autoChange=false, blendMode=false, index=-1, toggles=[]), bpmSync=BpmSync(enabled=false, multiplier=4), strobe=Strobe(enabled=false))
2024-06-16 23:23:51.469 INFO nestcontrol.deck.DeckConfigKt : after presetQueues config: DeckConfig(triggerTime=0.75, transitionTime=1.0, presetQueue=PresetQueue(index=12, name=better_nested, autoChange=false, toggles=[]), preset=Preset(autoChange=false), sprite=Sprite(autoChange=false, index=-1, name=null, toggles=[]), spriteQueue=SpriteQueue(index=-1, name=null), spoutQueue=SpoutQueue(index=-1, name=null), spout=Spout(index=-1, label=null), spriteFX=SpriteFX(autoChange=false, blendMode=false, index=-1, toggles=[]), bpmSync=BpmSync(enabled=false, multiplier=4), strobe=Strobe(enabled=false))
2024-06-16 23:23:51.469 INFO nestcontrol.deck.DeckConfigKt : after preset config: DeckConfig(triggerTime=0.75, transitionTime=1.0, presetQueue=PresetQueue(index=12, name=better_nested, autoChange=false, toggles=[]), preset=Preset(autoChange=false), sprite=Sprite(autoChange=false, index=-1, name=null, toggles=[]), spriteQueue=SpriteQueue(index=-1, name=null), spoutQueue=SpoutQueue(index=-1, name=null), spout=Spout(index=-1, label=null), spriteFX=SpriteFX(autoChange=false, blendMode=false, index=-1, toggles=[]), bpmSync=BpmSync(enabled=false, multiplier=4), strobe=Strobe(enabled=false))
2024-06-16 23:23:52.679 INFO nestdrop.deck.Deck : triggered at 16.16498752721152, 16.0
2024-06-16 23:24:05.424 INFO nestdrop.deck.Deck : deck2 queue: motion_bg
2024-06-16 23:24:05.424 INFO nestcontrol.deck.DeckConfigKt : preset queue: PresetQueue(index=7, name=motion_bg, autoChange=false, toggles=[])
2024-06-16 23:24:05.424 INFO nestcontrol.deck.DeckConfigKt : preset queue: PresetQueue(index=7, name=disabled, autoChange=false, toggles=[])
2024-06-16 23:24:05.424 INFO nestcontrol.deck.DeckConfigKt : after presetQueues config: DeckConfig(triggerTime=0.25, transitionTime=1.0, presetQueue=PresetQueue(index=7, name=disabled, autoChange=false, toggles=[]), preset=Preset(autoChange=false), sprite=Sprite(autoChange=false, index=-1, name=null, toggles=[]), spriteQueue=SpriteQueue(index=-1, name=null), spoutQueue=SpoutQueue(index=-1, name=null), spout=Spout(index=-1, label=null), spriteFX=SpriteFX(autoChange=false, blendMode=false, index=-1, toggles=[]), bpmSync=BpmSync(enabled=false, multiplier=4), strobe=Strobe(enabled=false))
2024-06-16 23:24:05.424 INFO nestcontrol.deck.DeckConfigKt : after preset config: DeckConfig(triggerTime=0.25, transitionTime=1.0, presetQueue=PresetQueue(index=7, name=disabled, autoChange=false, toggles=[]), preset=Preset(autoChange=false), sprite=Sprite(autoChange=false, index=-1, name=null, toggles=[]), spriteQueue=SpriteQueue(index=-1, name=null), spoutQueue=SpoutQueue(index=-1, name=null), spout=Spout(index=-1, label=null), spriteFX=SpriteFX(autoChange=false, blendMode=false, index=-1, toggles=[]), bpmSync=BpmSync(enabled=false, multiplier=4), strobe=Strobe(enabled=false))
2024-06-16 23:24:05.424 INFO nestcontrol.deck.DeckConfigKt : after presetQueues config: DeckConfig(triggerTime=0.25, transitionTime=1.0, presetQueue=PresetQueue(index=7, name=motion_bg, autoChange=false, toggles=[]), preset=Preset(autoChange=false), sprite=Sprite(autoChange=false, index=-1, name=null, toggles=[]), spriteQueue=SpriteQueue(index=-1, name=null), spoutQueue=SpoutQueue(index=-1, name=null), spout=Spout(index=-1, label=null), spriteFX=SpriteFX(autoChange=false, blendMode=false, index=-1, toggles=[]), bpmSync=BpmSync(enabled=false, multiplier=4), strobe=Strobe(enabled=false))
2024-06-16 23:24:05.424 INFO nestcontrol.deck.DeckConfigKt : after preset config: DeckConfig(triggerTime=0.25, transitionTime=1.0, presetQueue=PresetQueue(index=7, name=motion_bg, autoChange=false, toggles=[]), preset=Preset(autoChange=false), sprite=Sprite(autoChange=false, index=-1, name=null, toggles=[]), spriteQueue=SpriteQueue(index=-1, name=null), spoutQueue=SpoutQueue(index=-1, name=null), spout=Spout(index=-1, label=null), spriteFX=SpriteFX(autoChange=false, blendMode=false, index=-1, toggles=[]), bpmSync=BpmSync(enabled=false, multiplier=4), strobe=Strobe(enabled=false))
2024-06-16 23:24:06.776 INFO nestdrop.deck.Deck : triggered at 48.122900091807054, 48.0
2024-06-16 23:24:20.887 INFO nestdrop.deck.Deck : triggered at 16.12041784489946, 16.0
2024-06-16 23:24:34.987 INFO nestdrop.deck.Deck : triggered at 48.02577488250728, 48.0
2024-06-16 23:24:49.190 INFO nestdrop.deck.Deck : triggered at 16.179572993469225, 16.0
2024-06-16 23:25:03.291 INFO nestdrop.deck.Deck : triggered at 48.05761323191322, 48.0
2024-06-16 23:25:17.424 INFO nestdrop.deck.Deck : triggered at 16.05773392257688, 16.0
2024-06-16 23:25:31.532 INFO nestdrop.deck.Deck : triggered at 48.00024822362264, 48.0
2024-06-16 23:25:45.744 INFO nestdrop.deck.Deck : triggered at 16.166542258453354, 16.0
2024-06-16 23:25:59.873 INFO nestdrop.deck.Deck : triggered at 48.16290854568477, 48.0
