2024-06-16 19:48:45.415 WARN Main : WARN
2024-06-16 19:48:45.425 ERROR Main : ERROR
2024-06-16 19:48:45.425 FATAL Main : FATAL
2024-06-16 19:48:45.436 WARN Main : waiting for link to connect
2024-06-16 19:48:45.434 INFO osc.OscSynced : creating synced value for /linkConnected
2024-06-16 19:48:45.435 INFO osc.OscSynced : creating synced value for /bpm
2024-06-16 19:48:45.436 INFO osc.OscSynced : creating synced value for /peers
2024-06-16 19:48:45.532 INFO Link : connecting to ableton link...
2024-06-16 19:48:45.963 INFO osc.OscSynced : creating synced value for /sprite_FX/label/0
2024-06-16 19:48:45.963 INFO osc.OscSynced : creating synced value for /sprite_FX/label/3
2024-06-16 19:48:45.963 INFO osc.OscSynced : creating synced value for /sprite_FX/label/2
2024-06-16 19:48:45.963 INFO osc.OscSynced : creating synced value for /sprite_FX/label/1
2024-06-16 19:48:45.963 INFO osc.OscSynced : creating synced value for /sprite_FX/label/4
2024-06-16 19:48:45.968 INFO osc.OscSynced : creating synced value for /sprite_FX/label/5
2024-06-16 19:48:45.968 INFO osc.OscSynced : creating synced value for /sprite_FX/label/6
2024-06-16 19:48:45.968 INFO osc.OscSynced : creating synced value for /sprite_FX/label/7
2024-06-16 19:48:45.968 INFO osc.OscSynced : creating synced value for /sprite_FX/label/8
2024-06-16 19:48:45.968 INFO osc.OscSynced : creating synced value for /sprite_FX/label/9
2024-06-16 19:48:45.968 INFO osc.OscSynced : creating synced value for /sprite_FX/label/10
2024-06-16 19:48:45.969 INFO osc.OscSynced : creating synced value for /sprite_FX/label/11
2024-06-16 19:48:45.969 INFO osc.OscSynced : creating synced value for /sprite_FX/label/12
2024-06-16 19:48:45.969 INFO osc.OscSynced : creating synced value for /sprite_FX/label/13
2024-06-16 19:48:45.969 INFO osc.OscSynced : creating synced value for /sprite_FX/label/14
2024-06-16 19:48:45.969 INFO osc.OscSynced : creating synced value for /sprite_FX/label/15
2024-06-16 19:48:45.969 INFO osc.OscSynced : creating synced value for /sprite_FX/label/16
2024-06-16 19:48:45.969 INFO osc.OscSynced : creating synced value for /sprite_FX/label/17
2024-06-16 19:48:45.969 INFO osc.OscSynced : creating synced value for /sprite_FX/label/18
2024-06-16 19:48:45.969 INFO osc.OscSynced : creating synced value for /sprite_FX/label/20
2024-06-16 19:48:45.969 INFO osc.OscSynced : creating synced value for /sprite_FX/label/19
2024-06-16 19:48:45.970 INFO osc.OscSynced : creating synced value for /sprite_FX/label/21
2024-06-16 19:48:45.970 INFO osc.OscSynced : creating synced value for /sprite_FX/label/22
2024-06-16 19:48:45.970 INFO osc.OscSynced : creating synced value for /sprite_FX/label/23
2024-06-16 19:48:45.970 INFO osc.OscSynced : creating synced value for /sprite_FX/label/24
2024-06-16 19:48:45.970 INFO osc.OscSynced : creating synced value for /sprite_FX/label/26
2024-06-16 19:48:45.970 INFO osc.OscSynced : creating synced value for /sprite_FX/label/25
2024-06-16 19:48:45.970 INFO osc.OscSynced : creating synced value for /sprite_FX/label/27
2024-06-16 19:48:45.976 INFO osc.OscSynced : creating synced value for /sprite_FX/label/28
2024-06-16 19:48:45.976 INFO osc.OscSynced : creating synced value for /sprite_FX/label/29
2024-06-16 19:48:45.976 INFO osc.OscSynced : creating synced value for /sprite_FX/label/30
2024-06-16 19:48:45.976 INFO osc.OscSynced : creating synced value for /sprite_FX/label/31
2024-06-16 19:48:45.976 INFO osc.OscSynced : creating synced value for /sprite_FX/label/32
2024-06-16 19:48:45.976 INFO osc.OscSynced : creating synced value for /sprite_FX/label/33
2024-06-16 19:48:45.976 INFO osc.OscSynced : creating synced value for /sprite_FX/label/34
2024-06-16 19:48:45.976 INFO osc.OscSynced : creating synced value for /sprite_FX/label/35
2024-06-16 19:48:45.976 INFO osc.OscSynced : creating synced value for /sprite_FX/label/36
2024-06-16 19:48:45.976 INFO osc.OscSynced : creating synced value for /sprite_FX/label/37
2024-06-16 19:48:45.977 INFO osc.OscSynced : creating synced value for /sprite_FX/label/38
2024-06-16 19:48:45.977 INFO osc.OscSynced : creating synced value for /sprite_FX/label/41
2024-06-16 19:48:45.977 INFO osc.OscSynced : creating synced value for /sprite_FX/label/39
2024-06-16 19:48:45.977 INFO osc.OscSynced : creating synced value for /sprite_FX/label/40
2024-06-16 19:48:45.977 INFO osc.OscSynced : creating synced value for /sprite_FX/label/43
2024-06-16 19:48:45.977 INFO osc.OscSynced : creating synced value for /sprite_FX/label/42
2024-06-16 19:48:45.977 INFO osc.OscSynced : creating synced value for /sprite_FX/label/44
2024-06-16 19:48:45.977 INFO osc.OscSynced : creating synced value for /sprite_FX/label/46
2024-06-16 19:48:45.977 INFO osc.OscSynced : creating synced value for /sprite_FX/label/45
2024-06-16 19:48:45.977 INFO osc.OscSynced : creating synced value for /sprite_FX/label/47
2024-06-16 19:48:45.977 INFO osc.OscSynced : creating synced value for /sprite_FX/label/48
2024-06-16 19:48:45.977 INFO osc.OscSynced : creating synced value for /sprite_FX/label/49
2024-06-16 19:48:45.977 INFO osc.OscSynced : creating synced value for /sprite_FX/label/50
2024-06-16 19:48:45.977 INFO osc.OscSynced : creating synced value for /sprite_FX/label/51
2024-06-16 19:48:45.978 INFO osc.OscSynced : creating synced value for /sprite_FX/label/52
2024-06-16 19:48:45.978 INFO osc.OscSynced : creating synced value for /sprite_FX/label/54
2024-06-16 19:48:45.978 INFO osc.OscSynced : creating synced value for /sprite_FX/label/55
2024-06-16 19:48:45.978 INFO osc.OscSynced : creating synced value for /sprite_FX/label/56
2024-06-16 19:48:45.978 INFO osc.OscSynced : creating synced value for /sprite_FX/label/57
2024-06-16 19:48:45.978 INFO osc.OscSynced : creating synced value for /sprite_FX/label/58
2024-06-16 19:48:45.978 INFO osc.OscSynced : creating synced value for /sprite_FX/label/59
2024-06-16 19:48:45.978 INFO osc.OscSynced : creating synced value for /sprite_FX/label/60
2024-06-16 19:48:45.978 INFO osc.OscSynced : creating synced value for /sprite_FX/label/53
2024-06-16 19:48:45.978 INFO osc.OscSynced : creating synced value for /sprite_FX/label/61
2024-06-16 19:48:45.978 INFO osc.OscSynced : creating synced value for /sprite_FX/label/62
2024-06-16 19:48:45.978 INFO osc.OscSynced : creating synced value for /sprite_FX/label/63
2024-06-16 19:48:45.978 INFO osc.OscSynced : creating synced value for /sprite_FX/label/64
2024-06-16 19:48:45.979 INFO osc.OscSynced : creating synced value for /sprite_FX/label/65
2024-06-16 19:48:45.979 INFO osc.OscSynced : creating synced value for /sprite_FX/label/66
2024-06-16 19:48:45.979 INFO osc.OscSynced : creating synced value for /sprite_FX/label/67
2024-06-16 19:48:45.979 INFO osc.OscSynced : creating synced value for /sprite_FX/label/68
2024-06-16 19:48:45.979 INFO osc.OscSynced : creating synced value for /sprite_FX/label/69
2024-06-16 19:48:45.979 INFO osc.OscSynced : creating synced value for /sprite_FX/label/70
2024-06-16 19:48:45.979 INFO osc.OscSynced : creating synced value for /sprite_FX/label/71
2024-06-16 19:48:45.979 INFO osc.OscSynced : creating synced value for /sprite_FX/label/72
2024-06-16 19:48:45.979 INFO osc.OscSynced : creating synced value for /sprite_FX/label/73
2024-06-16 19:48:45.980 INFO osc.OscSynced : creating synced value for /sprite_FX/label/74
2024-06-16 19:48:45.980 INFO osc.OscSynced : creating synced value for /sprite_FX/label/75
2024-06-16 19:48:45.980 INFO osc.OscSynced : creating synced value for /sprite_FX/label/77
2024-06-16 19:48:45.980 INFO osc.OscSynced : creating synced value for /sprite_FX/label/76
2024-06-16 19:48:45.981 INFO osc.OscSynced : creating synced value for /sprite_FX/label/78
2024-06-16 19:48:45.983 INFO osc.OscSynced : creating synced value for /sprite_FX/label/79
2024-06-16 19:48:45.984 INFO osc.OscSynced : creating synced value for /sprite_FX/label/80
2024-06-16 19:48:45.984 INFO osc.OscSynced : creating synced value for /sprite_FX/label/81
2024-06-16 19:48:45.984 INFO osc.OscSynced : creating synced value for /sprite_FX/label/82
2024-06-16 19:48:45.984 INFO osc.OscSynced : creating synced value for /sprite_FX/label/83
2024-06-16 19:48:45.984 INFO osc.OscSynced : creating synced value for /sprite_FX/label/84
2024-06-16 19:48:45.984 INFO osc.OscSynced : creating synced value for /sprite_FX/label/85
2024-06-16 19:48:45.984 INFO osc.OscSynced : creating synced value for /sprite_FX/label/86
2024-06-16 19:48:45.984 INFO osc.OscSynced : creating synced value for /sprite_FX/label/87
2024-06-16 19:48:45.984 INFO osc.OscSynced : creating synced value for /sprite_FX/label/88
2024-06-16 19:48:45.985 INFO osc.OscSynced : creating synced value for /sprite_FX/label/89
2024-06-16 19:48:45.987 INFO osc.OscSynced : creating synced value for /sprite_FX/label/91
2024-06-16 19:48:45.987 INFO osc.OscSynced : creating synced value for /sprite_FX/label/90
2024-06-16 19:48:45.987 INFO osc.OscSynced : creating synced value for /sprite_FX/label/92
2024-06-16 19:48:45.987 INFO osc.OscSynced : creating synced value for /sprite_FX/label/93
2024-06-16 19:48:45.987 INFO osc.OscSynced : creating synced value for /sprite_FX/label/94
2024-06-16 19:48:45.988 INFO osc.OscSynced : creating synced value for /sprite_FX/label/96
2024-06-16 19:48:45.988 INFO osc.OscSynced : creating synced value for /sprite_FX/label/95
2024-06-16 19:48:45.988 INFO osc.OscSynced : creating synced value for /sprite_FX/label/97
2024-06-16 19:48:45.988 INFO osc.OscSynced : creating synced value for /sprite_FX/label/98
2024-06-16 19:48:45.988 INFO osc.OscSynced : creating synced value for /sprite_FX/label/99
2024-06-16 19:48:46.052 INFO osc.OscSynced : creating synced value for /composition/groups/1/video/effects/motionextraction/bypassed
2024-06-16 19:48:46.052 INFO osc.OscSynced : creating synced value for /composition/groups/1/video/effects/motionextraction/effect/delay
2024-06-16 19:48:46.052 INFO osc.OscSynced : creating synced value for /composition/groups/1/video/effects/automask/bypassed
2024-06-16 19:48:46.052 INFO osc.OscSynced : creating synced value for /resolume/1/motion_extraction/enabled
2024-06-16 19:48:46.052 DEBUG moe.nikky.nestcontrol.osc.OSCUtil : constructed OSC port
2024-06-16 19:48:46.054 DEBUG moe.nikky.nestcontrol.osc.OSCUtil : constructed OSC port
2024-06-16 19:48:46.054 DEBUG moe.nikky.nestcontrol.osc.OSCUtil : constructed OSC port
2024-06-16 19:48:46.059 INFO osc.OscSynced : creating synced value for /resolume/1/motion_extraction/delay
2024-06-16 19:48:46.063 INFO osc.OscSynced : creating synced value for /resolume/1/auto_mask
2024-06-16 19:48:46.068 INFO osc.OscSynced : creating synced value for /composition/groups/2/video/effects/motionextraction/effect/delay
2024-06-16 19:48:46.068 INFO osc.OscSynced : creating synced value for /composition/groups/2/video/effects/motionextraction/bypassed
2024-06-16 19:48:46.069 INFO osc.OscSynced : creating synced value for /composition/groups/2/video/effects/automask/bypassed
2024-06-16 19:48:46.069 INFO osc.OscSynced : creating synced value for /resolume/2/motion_extraction/delay
2024-06-16 19:48:46.069 INFO osc.OscSynced : creating synced value for /resolume/2/motion_extraction/enabled
2024-06-16 19:48:46.069 INFO osc.OscSynced : creating synced value for /resolume/2/auto_mask
2024-06-16 19:48:46.069 INFO osc.OscSynced : creating synced value for /composition/groups/3/video/effects/motionextraction/bypassed
2024-06-16 19:48:46.069 INFO osc.OscSynced : creating synced value for /composition/groups/3/video/effects/motionextraction/effect/delay
2024-06-16 19:48:46.069 INFO osc.OscSynced : creating synced value for /resolume/3/motion_extraction/enabled
2024-06-16 19:48:46.069 INFO osc.OscSynced : creating synced value for /composition/groups/3/video/effects/automask/bypassed
2024-06-16 19:48:46.069 INFO osc.OscSynced : creating synced value for /resolume/3/motion_extraction/delay
2024-06-16 19:48:46.070 INFO osc.OscSynced : creating synced value for /resolume/4/auto_mask
2024-06-16 19:48:46.069 INFO osc.OscSynced : creating synced value for /resolume/3/auto_mask
2024-06-16 19:48:46.070 INFO osc.OscSynced : creating synced value for /composition/groups/4/video/effects/motionextraction/bypassed
2024-06-16 19:48:46.070 INFO osc.OscSynced : creating synced value for /composition/groups/4/video/effects/motionextraction/effect/delay
2024-06-16 19:48:46.070 INFO osc.OscSynced : creating synced value for /composition/groups/4/video/effects/automask/bypassed
2024-06-16 19:48:46.070 INFO osc.OscSynced : creating synced value for /resolume/4/motion_extraction/enabled
2024-06-16 19:48:46.070 INFO osc.OscSynced : creating synced value for /resolume/4/motion_extraction/delay
2024-06-16 19:48:46.128 INFO moe.nikky.nestcontrol.osc.OSCUtil : creating buttons for group 1 layer 1 (1)
2024-06-16 19:48:46.129 INFO osc.OscSynced : creating synced value for /composition/layers/1/connectspecificclip
2024-06-16 19:48:46.140 INFO moe.nikky.nestcontrol.osc.OSCUtil : creating buttons for group 1 layer 2 (2)
2024-06-16 19:48:46.140 INFO moe.nikky.nestcontrol.osc.OSCUtil : creating buttons for group 1 layer 3 (3)
2024-06-16 19:48:46.140 INFO osc.OscSynced : creating synced value for /composition/layers/2/connectspecificclip
2024-06-16 19:48:46.140 INFO osc.OscSynced : creating synced value for /composition/layers/3/connectspecificclip
2024-06-16 19:48:46.140 INFO osc.OscSynced : creating synced value for /composition/layers/4/connectspecificclip
2024-06-16 19:48:46.140 INFO moe.nikky.nestcontrol.osc.OSCUtil : creating buttons for group 2 layer 1 (4)
2024-06-16 19:48:46.140 INFO moe.nikky.nestcontrol.osc.OSCUtil : creating buttons for group 2 layer 2 (5)
2024-06-16 19:48:46.140 INFO osc.OscSynced : creating synced value for /composition/layers/5/connectspecificclip
2024-06-16 19:48:46.140 INFO moe.nikky.nestcontrol.osc.OSCUtil : creating buttons for group 2 layer 3 (6)
2024-06-16 19:48:46.141 INFO moe.nikky.nestcontrol.osc.OSCUtil : creating buttons for group 3 layer 2 (8)
2024-06-16 19:48:46.140 INFO osc.OscSynced : creating synced value for /composition/layers/7/connectspecificclip
2024-06-16 19:48:46.140 INFO osc.OscSynced : creating synced value for /composition/layers/6/connectspecificclip
2024-06-16 19:48:46.140 INFO moe.nikky.nestcontrol.osc.OSCUtil : creating buttons for group 3 layer 1 (7)
2024-06-16 19:48:46.141 INFO osc.OscSynced : creating synced value for /composition/layers/8/connectspecificclip
2024-06-16 19:48:46.141 INFO moe.nikky.nestcontrol.osc.OSCUtil : creating buttons for group 3 layer 3 (9)
2024-06-16 19:48:46.141 INFO osc.OscSynced : creating synced value for /composition/layers/9/connectspecificclip
2024-06-16 19:48:46.141 INFO moe.nikky.nestcontrol.osc.OSCUtil : creating buttons for group 4 layer 1 (10)
2024-06-16 19:48:46.141 INFO osc.OscSynced : creating synced value for /composition/layers/10/connectspecificclip
2024-06-16 19:48:46.141 INFO moe.nikky.nestcontrol.osc.OSCUtil : creating buttons for group 4 layer 2 (11)
2024-06-16 19:48:46.141 INFO osc.OscSynced : creating synced value for /composition/layers/11/connectspecificclip
2024-06-16 19:48:46.141 INFO moe.nikky.nestcontrol.osc.OSCUtil : resolume group 3 layer 1 connectSpecificClip index -1
2024-06-16 19:48:46.141 INFO moe.nikky.nestcontrol.osc.OSCUtil : resolume group 2 layer 3 connectSpecificClip index -1
2024-06-16 19:48:46.141 INFO moe.nikky.nestcontrol.osc.OSCUtil : resolume group 1 layer 2 connectSpecificClip index -1
2024-06-16 19:48:46.141 INFO osc.OscSynced : creating synced value for /composition/layers/12/connectspecificclip
2024-06-16 19:48:46.141 INFO moe.nikky.nestcontrol.osc.OSCUtil : creating buttons for group 4 layer 3 (12)
2024-06-16 19:48:46.141 INFO moe.nikky.nestcontrol.osc.OSCUtil : resolume group 2 layer 1 connectSpecificClip index -1
2024-06-16 19:48:46.142 INFO moe.nikky.nestcontrol.osc.OSCUtil : resolume group 3 layer 2 connectSpecificClip index -1
2024-06-16 19:48:46.141 INFO moe.nikky.nestcontrol.osc.OSCUtil : resolume group 2 layer 2 connectSpecificClip index -1
2024-06-16 19:48:46.142 INFO moe.nikky.nestcontrol.osc.OSCUtil : creating buttons for group 5 layer 1 (13)
2024-06-16 19:48:46.142 INFO moe.nikky.nestcontrol.osc.OSCUtil : resolume group 4 layer 1 connectSpecificClip index -1
2024-06-16 19:48:46.142 INFO moe.nikky.nestcontrol.osc.OSCUtil : resolume group 3 layer 3 connectSpecificClip index -1
2024-06-16 19:48:46.142 INFO moe.nikky.nestcontrol.osc.OSCUtil : resolume group 4 layer 2 connectSpecificClip index -1
2024-06-16 19:48:46.142 INFO osc.OscSynced : creating synced value for /composition/layers/13/connectspecificclip
2024-06-16 19:48:46.142 INFO moe.nikky.nestcontrol.osc.OSCUtil : creating buttons for group 5 layer 2 (14)
2024-06-16 19:48:46.142 INFO osc.OscSynced : creating synced value for /composition/layers/14/connectspecificclip
2024-06-16 19:48:46.142 INFO moe.nikky.nestcontrol.osc.OSCUtil : creating buttons for group 5 layer 3 (15)
2024-06-16 19:48:46.144 INFO moe.nikky.nestcontrol.osc.OSCUtil : creating buttons for group 6 layer 3 (20)
2024-06-16 19:48:46.144 INFO osc.OscSynced : creating synced value for /composition/layers/20/connectspecificclip
2024-06-16 19:48:46.144 INFO moe.nikky.nestcontrol.osc.OSCUtil : resolume group 4 layer 3 connectSpecificClip index -1
2024-06-16 19:48:46.144 INFO moe.nikky.nestcontrol.osc.OSCUtil : creating buttons for group 6 layer 4 (21)
2024-06-16 19:48:46.144 INFO osc.OscSynced : creating synced value for /composition/layers/21/connectspecificclip
2024-06-16 19:48:46.142 INFO osc.OscSynced : creating synced value for /composition/layers/15/connectspecificclip
2024-06-16 19:48:46.142 INFO moe.nikky.nestcontrol.osc.OSCUtil : creating buttons for group 5 layer 5 (17)
2024-06-16 19:48:46.144 INFO moe.nikky.nestcontrol.osc.OSCUtil : resolume group 1 layer 3 connectSpecificClip index -1
2024-06-16 19:48:46.142 INFO moe.nikky.nestcontrol.osc.OSCUtil : creating buttons for group 5 layer 4 (16)
2024-06-16 19:48:46.142 INFO osc.OscSynced : creating synced value for /composition/layers/16/connectspecificclip
2024-06-16 19:48:46.144 INFO moe.nikky.nestcontrol.osc.OSCUtil : creating buttons for group 6 layer 5 (22)
2024-06-16 19:48:46.144 INFO moe.nikky.nestcontrol.osc.OSCUtil : resolume group 5 layer 1 connectSpecificClip index -1
2024-06-16 19:48:46.144 INFO moe.nikky.nestcontrol.osc.OSCUtil : resolume group 1 layer 1 connectSpecificClip index -1
2024-06-16 19:48:46.142 INFO osc.OscSynced : creating synced value for /composition/layers/17/connectspecificclip
2024-06-16 19:48:46.142 INFO moe.nikky.nestcontrol.osc.OSCUtil : creating buttons for group 6 layer 1 (18)
2024-06-16 19:48:46.142 INFO osc.OscSynced : creating synced value for /composition/layers/18/connectspecificclip
2024-06-16 19:48:46.143 INFO moe.nikky.nestcontrol.osc.OSCUtil : creating buttons for group 6 layer 2 (19)
2024-06-16 19:48:46.144 INFO osc.OscSynced : creating synced value for /composition/layers/19/connectspecificclip
2024-06-16 19:48:46.144 INFO osc.OscSynced : creating synced value for /composition/layers/22/connectspecificclip
2024-06-16 19:48:46.144 INFO moe.nikky.nestcontrol.osc.OSCUtil : creating buttons for group 6 layer 6 (23)
2024-06-16 19:48:46.144 INFO osc.OscSynced : creating synced value for /composition/layers/23/connectspecificclip
2024-06-16 19:48:46.144 INFO moe.nikky.nestcontrol.osc.OSCUtil : creating buttons for group 6 layer 7 (24)
2024-06-16 19:48:46.144 INFO osc.OscSynced : creating synced value for /composition/layers/24/connectspecificclip
2024-06-16 19:48:46.145 INFO moe.nikky.nestcontrol.osc.OSCUtil : creating buttons for group 6 layer 8 (25)
2024-06-16 19:48:46.145 INFO osc.OscSynced : creating synced value for /composition/layers/26/connectspecificclip
2024-06-16 19:48:46.145 INFO moe.nikky.nestcontrol.osc.OSCUtil : creating buttons for group 6 layer 9 (26)
2024-06-16 19:48:46.145 INFO osc.OscSynced : creating synced value for /composition/layers/25/connectspecificclip
2024-06-16 19:48:46.145 INFO moe.nikky.nestcontrol.osc.OSCUtil : creating buttons for group 7 layer 1 (27)
2024-06-16 19:48:46.145 INFO osc.OscSynced : creating synced value for /composition/layers/27/connectspecificclip
2024-06-16 19:48:46.146 INFO moe.nikky.nestcontrol.osc.OSCUtil : resolume group 5 layer 2 connectSpecificClip index -1
2024-06-16 19:48:46.147 INFO moe.nikky.nestcontrol.osc.OSCUtil : resolume group 5 layer 3 connectSpecificClip index -1
2024-06-16 19:48:46.162 INFO moe.nikky.nestcontrol.osc.OSCUtil : resolume group 4 layer 2 changed to null
2024-06-16 19:48:46.163 INFO moe.nikky.nestcontrol.osc.OSCUtil : resolume group 5 layer 4 connectSpecificClip index -1
2024-06-16 19:48:46.163 INFO moe.nikky.nestcontrol.osc.OSCUtil : resolume group 2 layer 3 changed to null
2024-06-16 19:48:46.163 INFO moe.nikky.nestcontrol.osc.OSCUtil : resolume group 5 layer 5 connectSpecificClip index -1
2024-06-16 19:48:46.163 INFO moe.nikky.nestcontrol.osc.OSCUtil : resolume group 5 layer 4 changed to null
2024-06-16 19:48:46.163 INFO moe.nikky.nestcontrol.osc.OSCUtil : resolume group 5 layer 5 changed to null
2024-06-16 19:48:46.163 INFO moe.nikky.nestcontrol.osc.OSCUtil : resolume group 4 layer 3 changed to null
2024-06-16 19:48:46.163 INFO moe.nikky.nestcontrol.osc.OSCUtil : resolume group 5 layer 3 changed to null
2024-06-16 19:48:46.163 INFO moe.nikky.nestcontrol.osc.OSCUtil : resolume group 2 layer 2 changed to null
2024-06-16 19:48:46.163 INFO moe.nikky.nestcontrol.osc.OSCUtil : resolume group 6 layer 1 changed to null
2024-06-16 19:48:46.163 INFO moe.nikky.nestcontrol.osc.OSCUtil : resolume group 6 layer 1 connectSpecificClip index -1
2024-06-16 19:48:46.163 INFO moe.nikky.nestcontrol.osc.OSCUtil : resolume group 6 layer 2 changed to null
2024-06-16 19:48:46.163 INFO moe.nikky.nestcontrol.osc.OSCUtil : resolume group 6 layer 3 connectSpecificClip index -1
2024-06-16 19:48:46.163 INFO moe.nikky.nestcontrol.osc.OSCUtil : resolume group 6 layer 3 changed to null
2024-06-16 19:48:46.163 INFO moe.nikky.nestcontrol.osc.OSCUtil : resolume group 4 layer 1 changed to null
2024-06-16 19:48:46.163 INFO moe.nikky.nestcontrol.osc.OSCUtil : resolume group 3 layer 2 changed to null
2024-06-16 19:48:46.163 INFO moe.nikky.nestcontrol.osc.OSCUtil : resolume group 6 layer 2 connectSpecificClip index -1
2024-06-16 19:48:46.163 INFO moe.nikky.nestcontrol.osc.OSCUtil : resolume group 6 layer 4 connectSpecificClip index -1
2024-06-16 19:48:46.163 INFO moe.nikky.nestcontrol.osc.OSCUtil : resolume group 6 layer 4 changed to null
2024-06-16 19:48:46.163 INFO moe.nikky.nestcontrol.osc.OSCUtil : resolume group 6 layer 5 changed to null
2024-06-16 19:48:46.163 INFO moe.nikky.nestcontrol.osc.OSCUtil : resolume group 6 layer 6 connectSpecificClip index -1
2024-06-16 19:48:46.163 INFO moe.nikky.nestcontrol.osc.OSCUtil : resolume group 6 layer 6 changed to null
2024-06-16 19:48:46.163 INFO moe.nikky.nestcontrol.osc.OSCUtil : resolume group 6 layer 7 connectSpecificClip index -1
2024-06-16 19:48:46.163 INFO moe.nikky.nestcontrol.osc.OSCUtil : resolume group 6 layer 7 changed to null
2024-06-16 19:48:46.163 INFO moe.nikky.nestcontrol.osc.OSCUtil : resolume group 6 layer 8 changed to null
2024-06-16 19:48:46.163 INFO moe.nikky.nestcontrol.osc.OSCUtil : resolume group 6 layer 8 connectSpecificClip index -1
2024-06-16 19:48:46.163 INFO moe.nikky.nestcontrol.osc.OSCUtil : resolume group 5 layer 1 changed to null
2024-06-16 19:48:46.163 INFO moe.nikky.nestcontrol.osc.OSCUtil : resolume group 6 layer 5 connectSpecificClip index -1
2024-06-16 19:48:46.164 INFO moe.nikky.nestcontrol.osc.OSCUtil : resolume group 7 layer 1 connectSpecificClip index -1
2024-06-16 19:48:46.164 INFO moe.nikky.nestcontrol.osc.OSCUtil : resolume group 7 layer 1 changed to null
2024-06-16 19:48:46.164 INFO moe.nikky.nestcontrol.osc.OSCUtil : resolume group 3 layer 1 changed to null
2024-06-16 19:48:46.163 INFO moe.nikky.nestcontrol.osc.OSCUtil : resolume group 6 layer 9 changed to null
2024-06-16 19:48:46.164 INFO moe.nikky.nestcontrol.osc.OSCUtil : resolume group 1 layer 2 changed to null
2024-06-16 19:48:46.165 INFO moe.nikky.nestcontrol.osc.OSCUtil : resolume group 3 layer 3 changed to null
2024-06-16 19:48:46.163 INFO moe.nikky.nestcontrol.osc.OSCUtil : resolume group 6 layer 9 connectSpecificClip index -1
2024-06-16 19:48:46.165 INFO moe.nikky.nestcontrol.osc.OSCUtil : resolume group 2 layer 1 changed to null
2024-06-16 19:48:46.168 INFO moe.nikky.nestcontrol.osc.OSCUtil : resolume group 1 layer 3 changed to null
2024-06-16 19:48:46.163 INFO moe.nikky.nestcontrol.osc.OSCUtil : resolume group 5 layer 2 changed to null
2024-06-16 19:48:46.168 INFO moe.nikky.nestcontrol.osc.OSCUtil : resolume group 1 layer 1 changed to null
2024-06-16 19:48:46.178 INFO moe.nikky.nestcontrol.osc.OSCUtil : {}
2024-06-16 19:48:47.147 INFO osc.OscSynced : creating synced value for /beats
2024-06-16 19:48:47.148 INFO osc.OscSynced : creating synced value for /beatProgress
2024-06-16 19:48:47.148 INFO osc.OscSynced : creating synced value for /bpmRounded
2024-06-16 19:48:47.159 INFO nestdrop.loadQueuesKt : loading queues from C:\Users\nikky\VJ\NestDropProV2\DefaultUserProfile.xml
2024-06-16 19:48:49.362 INFO Config : loaded Config(beats=64, deck1=DeckConfig(triggerTime=0.75, transitionTime=5.0, presetQueue=PresetQueue(index=-1, name=null, autoChange=false, toggles=[]), preset=Preset(autoChange=false), sprite=Sprite(autoChange=false, index=-1, name=null, toggles=[]), spriteQueue=SpriteQueue(index=-1, name=null), spoutQueue=SpoutQueue(index=-1, name=null), spout=Spout(index=-1, label=null), spriteFX=SpriteFX(autoChange=false, blendMode=false, index=-1, toggles=[]), bpmSync=BpmSync(enabled=false, multiplier=4), strobe=Strobe(enabled=false)), deck2=DeckConfig(triggerTime=0.25, transitionTime=5.0, presetQueue=PresetQueue(index=-1, name=null, autoChange=false, toggles=[]), preset=Preset(autoChange=false), sprite=Sprite(autoChange=false, index=-1, name=null, toggles=[]), spriteQueue=SpriteQueue(index=-1, name=null), spoutQueue=SpoutQueue(index=-1, name=null), spout=Spout(index=-1, label=null), spriteFX=SpriteFX(autoChange=false, blendMode=false, index=-1, toggles=[]), bpmSync=BpmSync(enabled=false, multiplier=4), strobe=Strobe(enabled=false)))
2024-06-16 19:48:49.377 DEBUG moe.nikky.nestcontrol.moe.nikky.nestcontrol.deck.DeckConfig : [Queue(index=4, name=sprites_fg, type=Sprite, open=true, deck=1, presets=[Preset(index=0, name=transpower.png, effects=84, overlay=false), Preset(index=1, name=estrogen.png, effects=52, overlay=false), Preset(index=2, name=lsd.jpg, effects=52, overlay=false), Preset(index=3, name=psilocybin.jpg, effects=52, overlay=false), Preset(index=4, name=NEST LOGO_4K.jpg, effects=54, overlay=false), Preset(index=5, name=impossible-161955.png, effects=56, overlay=false), Preset(index=6, name=glowing cat.jpg, effects=94, overlay=false), Preset(index=7, name=red eyes.jpg, effects=52, overlay=false), Preset(index=8, name=Recursion Hexagon - Jason Fletcher.png, effects=84, overlay=false), Preset(index=9, name=radiation-646212.png, effects=54, overlay=false), Preset(index=10, name=biohazard-148696.png, effects=52, overlay=false), Preset(index=11, name=under-construction-2408062.png, effects=52, overlay=false), Preset(index=12, name=warning-44458.png, effects=52, overlay=false), Preset(index=13, name=nezulie-icon.png, effects=54, overlay=false), Preset(index=14, name=nezulie-N.png, effects=50, overlay=false), Preset(index=15, name=nezulie-E.png, effects=52, overlay=false), Preset(index=16, name=nezulie-Z.png, effects=94, overlay=false), Preset(index=17, name=nezulie-U.png, effects=52, overlay=false), Preset(index=18, name=nezulie-L.png, effects=95, overlay=false), Preset(index=19, name=chaosdorf_green.png, effects=96, overlay=false), Preset(index=20, name=chaosdorf_monochrome.png, effects=0, overlay=false), Preset(index=21, name=nik_the_dusky.png, effects=56, overlay=false), Preset(index=22, name=tinybrainplayzX4.png, effects=50, overlay=true)]), Queue(index=5, name=spout_fg, type=Sprite, open=true, deck=1, presets=[Preset(index=0, name=NestDrop Deck 2, effects=0, overlay=false), Preset(index=1, name=Group1, effects=0, overlay=false), Preset(index=2, name=Group2, effects=0, overlay=false), Preset(index=3, name=Group3, effects=0, overlay=false), Preset(index=4, name=Group4, effects=0, overlay=false), Preset(index=5, name=Group1, effects=51, overlay=false), Preset(index=6, name=Group2, effects=51, overlay=false), Preset(index=7, name=Group3, effects=51, overlay=false), Preset(index=8, name=Group4, effects=51, overlay=false), Preset(index=9, name=Arena - 1, effects=0, overlay=false), Preset(index=10, name=Arena - 2, effects=0, overlay=false), Preset(index=11, name=Arena - 3, effects=0, overlay=false), Preset(index=12, name=Arena - 4, effects=0, overlay=false), Preset(index=13, name=Arena - 1, effects=51, overlay=false), Preset(index=14, name=Arena - 2, effects=51, overlay=false), Preset(index=15, name=Arena - 3, effects=51, overlay=false), Preset(index=16, name=Arena - 4, effects=51, overlay=false)])]
2024-06-16 19:48:49.378 INFO moe.nikky.nestcontrol.moe.nikky.nestcontrol.deck.DeckConfig : loading presets from queue
2024-06-16 19:48:49.379 INFO moe.nikky.nestcontrol.moe.nikky.nestcontrol.deck.DeckConfig : loaded deck1 []
2024-06-16 19:48:49.380 DEBUG moe.nikky.nestcontrol.moe.nikky.nestcontrol.deck.DeckConfig : loading spout queue null from [Queue(index=4, name=sprites_fg, type=Sprite, open=true, deck=1, presets=[Preset(index=0, name=transpower.png, effects=84, overlay=false), Preset(index=1, name=estrogen.png, effects=52, overlay=false), Preset(index=2, name=lsd.jpg, effects=52, overlay=false), Preset(index=3, name=psilocybin.jpg, effects=52, overlay=false), Preset(index=4, name=NEST LOGO_4K.jpg, effects=54, overlay=false), Preset(index=5, name=impossible-161955.png, effects=56, overlay=false), Preset(index=6, name=glowing cat.jpg, effects=94, overlay=false), Preset(index=7, name=red eyes.jpg, effects=52, overlay=false), Preset(index=8, name=Recursion Hexagon - Jason Fletcher.png, effects=84, overlay=false), Preset(index=9, name=radiation-646212.png, effects=54, overlay=false), Preset(index=10, name=biohazard-148696.png, effects=52, overlay=false), Preset(index=11, name=under-construction-2408062.png, effects=52, overlay=false), Preset(index=12, name=warning-44458.png, effects=52, overlay=false), Preset(index=13, name=nezulie-icon.png, effects=54, overlay=false), Preset(index=14, name=nezulie-N.png, effects=50, overlay=false), Preset(index=15, name=nezulie-E.png, effects=52, overlay=false), Preset(index=16, name=nezulie-Z.png, effects=94, overlay=false), Preset(index=17, name=nezulie-U.png, effects=52, overlay=false), Preset(index=18, name=nezulie-L.png, effects=95, overlay=false), Preset(index=19, name=chaosdorf_green.png, effects=96, overlay=false), Preset(index=20, name=chaosdorf_monochrome.png, effects=0, overlay=false), Preset(index=21, name=nik_the_dusky.png, effects=56, overlay=false), Preset(index=22, name=tinybrainplayzX4.png, effects=50, overlay=true)]), Queue(index=5, name=spout_fg, type=Sprite, open=true, deck=1, presets=[Preset(index=0, name=NestDrop Deck 2, effects=0, overlay=false), Preset(index=1, name=Group1, effects=0, overlay=false), Preset(index=2, name=Group2, effects=0, overlay=false), Preset(index=3, name=Group3, effects=0, overlay=false), Preset(index=4, name=Group4, effects=0, overlay=false), Preset(index=5, name=Group1, effects=51, overlay=false), Preset(index=6, name=Group2, effects=51, overlay=false), Preset(index=7, name=Group3, effects=51, overlay=false), Preset(index=8, name=Group4, effects=51, overlay=false), Preset(index=9, name=Arena - 1, effects=0, overlay=false), Preset(index=10, name=Arena - 2, effects=0, overlay=false), Preset(index=11, name=Arena - 3, effects=0, overlay=false), Preset(index=12, name=Arena - 4, effects=0, overlay=false), Preset(index=13, name=Arena - 1, effects=51, overlay=false), Preset(index=14, name=Arena - 2, effects=51, overlay=false), Preset(index=15, name=Arena - 3, effects=51, overlay=false), Preset(index=16, name=Arena - 4, effects=51, overlay=false)])]
2024-06-16 19:48:49.381 INFO moe.nikky.nestcontrol.moe.nikky.nestcontrol.deck.DeckConfig : loading presets from queue
2024-06-16 19:48:49.383 DEBUG moe.nikky.nestcontrol.moe.nikky.nestcontrol.deck.DeckConfig : [Queue(index=6, name=sprites_bg, type=Sprite, open=true, deck=2, presets=[Preset(index=0, name=transpower.png, effects=94, overlay=false), Preset(index=1, name=estrogen.png, effects=50, overlay=false), Preset(index=2, name=lsd.jpg, effects=50, overlay=false), Preset(index=3, name=psilocybin.jpg, effects=52, overlay=false), Preset(index=4, name=NEST LOGO_4K.jpg, effects=50, overlay=false), Preset(index=5, name=impossible-161955.png, effects=54, overlay=false), Preset(index=6, name=glowing cat.jpg, effects=54, overlay=false), Preset(index=7, name=red eyes.jpg, effects=52, overlay=false), Preset(index=8, name=Recursion Hexagon - Jason Fletcher.png, effects=32, overlay=false), Preset(index=9, name=radiation-646212.png, effects=94, overlay=false), Preset(index=10, name=biohazard-148696.png, effects=94, overlay=false), Preset(index=11, name=under-construction-2408062.png, effects=52, overlay=false), Preset(index=12, name=warning-44458.png, effects=50, overlay=false), Preset(index=13, name=nezulie-icon.png, effects=56, overlay=false), Preset(index=14, name=nezulie-N.png, effects=95, overlay=false), Preset(index=15, name=nezulie-E.png, effects=95, overlay=false), Preset(index=16, name=nezulie-Z.png, effects=52, overlay=false), Preset(index=17, name=nezulie-U.png, effects=95, overlay=false), Preset(index=18, name=nezulie-L.png, effects=52, overlay=false), Preset(index=19, name=chaosdorf_green.png, effects=50, overlay=false), Preset(index=20, name=chaosdorf_monochrome.png, effects=0, overlay=false), Preset(index=21, name=nik_the_dusky.png, effects=50, overlay=false), Preset(index=22, name=tinybrainplayzX4.png, effects=54, overlay=false)]), Queue(index=7, name=spout_bg, type=Sprite, open=true, deck=2, presets=[Preset(index=0, name=NestDrop Deck 1, effects=0, overlay=false), Preset(index=1, name=Group1, effects=0, overlay=false), Preset(index=2, name=Group2, effects=0, overlay=false), Preset(index=3, name=Group3, effects=0, overlay=false), Preset(index=4, name=Group4, effects=0, overlay=false), Preset(index=5, name=Group1, effects=51, overlay=false), Preset(index=6, name=Group2, effects=51, overlay=false), Preset(index=7, name=Group3, effects=51, overlay=false), Preset(index=8, name=Group4, effects=51, overlay=false), Preset(index=9, name=Arena - 1, effects=0, overlay=false), Preset(index=10, name=Arena - 2, effects=0, overlay=false), Preset(index=11, name=Arena - 3, effects=0, overlay=false), Preset(index=12, name=Arena - 4, effects=0, overlay=false), Preset(index=13, name=Arena - 1, effects=51, overlay=false), Preset(index=14, name=Arena - 2, effects=51, overlay=false), Preset(index=15, name=Arena - 3, effects=51, overlay=false), Preset(index=16, name=Arena - 4, effects=51, overlay=false)])]
2024-06-16 19:48:49.383 INFO moe.nikky.nestcontrol.moe.nikky.nestcontrol.deck.DeckConfig : loading presets from queue
2024-06-16 19:48:49.383 INFO moe.nikky.nestcontrol.moe.nikky.nestcontrol.deck.DeckConfig : loaded deck2 []
2024-06-16 19:48:49.384 DEBUG moe.nikky.nestcontrol.moe.nikky.nestcontrol.deck.DeckConfig : loading spout queue null from [Queue(index=6, name=sprites_bg, type=Sprite, open=true, deck=2, presets=[Preset(index=0, name=transpower.png, effects=94, overlay=false), Preset(index=1, name=estrogen.png, effects=50, overlay=false), Preset(index=2, name=lsd.jpg, effects=50, overlay=false), Preset(index=3, name=psilocybin.jpg, effects=52, overlay=false), Preset(index=4, name=NEST LOGO_4K.jpg, effects=50, overlay=false), Preset(index=5, name=impossible-161955.png, effects=54, overlay=false), Preset(index=6, name=glowing cat.jpg, effects=54, overlay=false), Preset(index=7, name=red eyes.jpg, effects=52, overlay=false), Preset(index=8, name=Recursion Hexagon - Jason Fletcher.png, effects=32, overlay=false), Preset(index=9, name=radiation-646212.png, effects=94, overlay=false), Preset(index=10, name=biohazard-148696.png, effects=94, overlay=false), Preset(index=11, name=under-construction-2408062.png, effects=52, overlay=false), Preset(index=12, name=warning-44458.png, effects=50, overlay=false), Preset(index=13, name=nezulie-icon.png, effects=56, overlay=false), Preset(index=14, name=nezulie-N.png, effects=95, overlay=false), Preset(index=15, name=nezulie-E.png, effects=95, overlay=false), Preset(index=16, name=nezulie-Z.png, effects=52, overlay=false), Preset(index=17, name=nezulie-U.png, effects=95, overlay=false), Preset(index=18, name=nezulie-L.png, effects=52, overlay=false), Preset(index=19, name=chaosdorf_green.png, effects=50, overlay=false), Preset(index=20, name=chaosdorf_monochrome.png, effects=0, overlay=false), Preset(index=21, name=nik_the_dusky.png, effects=50, overlay=false), Preset(index=22, name=tinybrainplayzX4.png, effects=54, overlay=false)]), Queue(index=7, name=spout_bg, type=Sprite, open=true, deck=2, presets=[Preset(index=0, name=NestDrop Deck 1, effects=0, overlay=false), Preset(index=1, name=Group1, effects=0, overlay=false), Preset(index=2, name=Group2, effects=0, overlay=false), Preset(index=3, name=Group3, effects=0, overlay=false), Preset(index=4, name=Group4, effects=0, overlay=false), Preset(index=5, name=Group1, effects=51, overlay=false), Preset(index=6, name=Group2, effects=51, overlay=false), Preset(index=7, name=Group3, effects=51, overlay=false), Preset(index=8, name=Group4, effects=51, overlay=false), Preset(index=9, name=Arena - 1, effects=0, overlay=false), Preset(index=10, name=Arena - 2, effects=0, overlay=false), Preset(index=11, name=Arena - 3, effects=0, overlay=false), Preset(index=12, name=Arena - 4, effects=0, overlay=false), Preset(index=13, name=Arena - 1, effects=51, overlay=false), Preset(index=14, name=Arena - 2, effects=51, overlay=false), Preset(index=15, name=Arena - 3, effects=51, overlay=false), Preset(index=16, name=Arena - 4, effects=51, overlay=false)])]
2024-06-16 19:48:49.384 INFO moe.nikky.nestcontrol.moe.nikky.nestcontrol.deck.DeckConfig : loading presets from queue
2024-06-16 19:48:49.885 INFO nestdrop.deck.PresetQueues : initializing preset queues
2024-06-16 19:48:49.886 INFO nestdrop.deck.PresetQueues : queues updated
2024-06-16 19:48:49.890 INFO nestdrop.deck.PresetQueues : combining queues with deck switches
2024-06-16 19:48:49.891 INFO nestdrop.deck.PresetQueues : queues updated
2024-06-16 19:48:49.891 INFO nestdrop.deck.PresetQueues : combining queues with deck switches
2024-06-16 19:48:49.891 INFO nestdrop.deck.PresetQueues : queues updated
2024-06-16 19:48:49.891 INFO nestdrop.deck.PresetQueues : combining queues with deck switches
2024-06-16 19:48:49.891 INFO nestdrop.deck.PresetQueues : queues updated
2024-06-16 19:48:49.893 INFO nestdrop.deck.Deck : initializing deck1
2024-06-16 19:48:49.894 INFO nestdrop.deck.PresetQueues : combining queues with deck switches
2024-06-16 19:48:49.894 INFO nestdrop.deck.PresetQueues : combining queues with deck switches
2024-06-16 19:48:49.894 INFO nestdrop.deck.PresetQueues : queues updated
2024-06-16 19:48:49.894 INFO nestdrop.deck.PresetQueues : queues updated
2024-06-16 19:48:49.894 INFO nestdrop.deck.PresetQueues : queues updated
2024-06-16 19:48:49.894 INFO nestdrop.deck.PresetQueues : combining queues with deck switches
2024-06-16 19:48:49.894 INFO nestdrop.deck.PresetQueues : combining queues with deck switches
2024-06-16 19:48:49.894 INFO nestdrop.deck.PresetQueues : queues updated
2024-06-16 19:48:49.895 INFO nestdrop.deck.PresetQueues : combining queues with deck switches
2024-06-16 19:48:49.895 INFO nestdrop.deck.PresetQueues : queues updated
2024-06-16 19:48:49.895 INFO nestdrop.deck.PresetQueues : queues updated
2024-06-16 19:48:49.895 INFO nestdrop.deck.PresetQueues : combining queues with deck switches
2024-06-16 19:48:49.926 INFO nestdrop.deck.Deck : initializing deck1 preset queue
2024-06-16 19:48:49.935 INFO nestdrop.deck.Deck : initializing deck1 preset
2024-06-16 19:48:49.938 INFO nestdrop.deck.Deck : deck1 queue: null
2024-06-16 19:48:49.940 INFO nestdrop.deck.Deck : initializing deck1 sprite queues
2024-06-16 19:48:49.946 INFO nestdrop.deck.Deck : initializing deck1 sprite queue
2024-06-16 19:48:49.953 INFO nestdrop.deck.Deck : initializing deck1 sprite
2024-06-16 19:48:49.960 INFO nestdrop.deck.Deck : initializing deck1 sprite fx
2024-06-16 19:48:49.963 INFO nestdrop.deck.Deck : initializing deck1 spout queue
2024-06-16 19:48:49.964 INFO nestdrop.deck.Deck : setting deck1 FX to 0
2024-06-16 19:48:49.968 INFO nestdrop.deck.Deck : initializing deck1 spout
2024-06-16 19:48:49.970 INFO nestdrop.deck.Deck : deck1 spout name null
2024-06-16 19:48:49.970 INFO nestdrop.deck.Deck : initializing deck2
2024-06-16 19:48:49.971 INFO nestdrop.deck.Deck : initializing deck2 preset
2024-06-16 19:48:49.970 INFO nestdrop.deck.Deck : initializing deck2 preset queue
2024-06-16 19:48:49.971 INFO nestdrop.deck.Deck : initializing deck2 sprite queues
2024-06-16 19:48:49.971 INFO nestdrop.deck.Deck : initializing deck2 sprite queue
2024-06-16 19:48:49.971 INFO nestdrop.deck.Deck : initializing deck2 sprite
2024-06-16 19:48:49.971 INFO nestdrop.deck.Deck : deck2 queue: null
2024-06-16 19:48:49.971 INFO nestdrop.deck.Deck : initializing deck2 sprite fx
2024-06-16 19:48:49.971 INFO nestdrop.deck.Deck : initializing deck2 spout queue
2024-06-16 19:48:49.971 INFO nestdrop.deck.Deck : initializing deck2 spout
2024-06-16 19:48:49.971 INFO nestdrop.deck.Deck : setting deck2 FX to 0
2024-06-16 19:48:49.971 INFO nestdrop.deck.Deck : deck2 spout name null
2024-06-16 19:48:49.971 INFO nestdrop.deck.Deck : spout sync triggered
2024-06-16 19:48:49.971 INFO nestdrop.deck.Deck : spout sync triggered
2024-06-16 19:48:49.973 INFO nestdrop.deck.Deck : deck2 spout queue changed: null
2024-06-16 19:48:49.974 INFO nestdrop.deck.Deck : deck2 spout index changed: -1
2024-06-16 19:48:49.974 INFO nestdrop.deck.Deck : deck1 spout queue changed: null
2024-06-16 19:48:49.974 INFO nestdrop.deck.Deck : deck1 spout index changed: -1
2024-06-16 19:48:49.977 INFO nestdrop.deck.loadDeckSettingsKt : loading settings from deck1
2024-06-16 19:48:50.010 DEBUG moe.nikky.nestcontrol.nestdrop.NestdropSpriteQueue : not switching after initializing program
2024-06-16 19:48:50.022 DEBUG moe.nikky.nestcontrol.nestdrop.NestdropSpriteQueue : not switching after initializing program
2024-06-16 19:48:50.077 DEBUG moe.nikky.nestcontrol.nestdrop.NestdropSpriteQueue : not switching after initializing program
2024-06-16 19:48:50.077 INFO nestdrop.deck.Deck : deck2 spout change: -1 in null
2024-06-16 19:48:50.077 INFO nestdrop.deck.Deck : deck1 spout change: -1 in null
2024-06-16 19:48:50.077 DEBUG moe.nikky.nestcontrol.nestdrop.NestdropSpriteQueue : not switching after initializing program
2024-06-16 19:48:50.081 INFO nestdrop.deck.loadDeckSettingsKt : DeckSettings(deckPanelsIsOpen=StringValue(value=0,0,0,0,0,0), transitTime=FloatValue(value=3.6), fps=IntValue(value=30), animationSpeed=FloatValue(value=0.5217391), zoomSpeed=FloatValue(value=0.9), ZoomExp=FloatValue(value=1.0), rotationSpeed=FloatValue(value=0.9), wrapSpeed=FloatValue(value=0.8), horizontalMotion=FloatValue(value=0.0), verticalMotion=FloatValue(value=0.0), stretchSpeed=FloatValue(value=1.0), waveMode=FloatValue(value=1.0), negative=FloatValue(value=0.0), red=FloatValue(value=1.0), green=FloatValue(value=1.0), blue=FloatValue(value=1.0), brightness=FloatValue(value=1.0), contrast=FloatValue(value=1.160816), gamma=FloatValue(value=1.210332), hue=FloatValue(value=0.0), saturation=FloatValue(value=1.0), lumaKey=RangeValue(min=0.0, max=1.0), alpha=FloatValue(value=1.0), strobe=Strobe(effectIndex=14, color=4294967295, effectSpanMin=0.0, effectSpanMax=1.0, triggerIndex=0, speed=0.26, pulseWidth=1.0, waveFormIndex=2), audio=Audio(channel=3, bass=1.0, mid=1.0, treble=1.0), spout=Spout(width=1920, height=1080), videoDeck=VideoDeck(preview=4, topMost=false), outputMonitor=IntValue(value=0), ndi=BooleanValue(value=false))
2024-06-16 19:48:50.081 INFO nestdrop.deck.loadDeckSettingsKt : loading settings from deck2
2024-06-16 19:48:50.139 INFO nestdrop.deck.loadDeckSettingsKt : DeckSettings(deckPanelsIsOpen=StringValue(value=0,0,0,0,0,0), transitTime=FloatValue(value=3.2), fps=IntValue(value=30), animationSpeed=FloatValue(value=0.5217391), zoomSpeed=FloatValue(value=1.0), ZoomExp=FloatValue(value=1.0), rotationSpeed=FloatValue(value=1.0), wrapSpeed=FloatValue(value=1.0), horizontalMotion=FloatValue(value=0.0), verticalMotion=FloatValue(value=0.0), stretchSpeed=FloatValue(value=1.0), waveMode=FloatValue(value=0.0), negative=FloatValue(value=0.0), red=FloatValue(value=1.0), green=FloatValue(value=1.0), blue=FloatValue(value=1.0), brightness=FloatValue(value=1.0), contrast=FloatValue(value=1.236419), gamma=FloatValue(value=1.085513), hue=FloatValue(value=0.0), saturation=FloatValue(value=1.0), lumaKey=RangeValue(min=0.0, max=1.0), alpha=FloatValue(value=1.0), strobe=Strobe(effectIndex=14, color=4294967295, effectSpanMin=0.0, effectSpanMax=1.0, triggerIndex=0, speed=0.26, pulseWidth=1.0, waveFormIndex=2), audio=Audio(channel=3, bass=1.0, mid=1.0, treble=1.0), spout=Spout(width=1920, height=1080), videoDeck=VideoDeck(preview=4, topMost=false), outputMonitor=IntValue(value=0), ndi=BooleanValue(value=false))
2024-06-16 19:48:50.139 INFO Main : initializing OSC
2024-06-16 19:48:50.672 INFO Main : re-emitting all values
2024-06-16 19:48:50.677 INFO Main : await application
2024-06-16 19:48:57.244 INFO nestdrop.deck.Deck : triggered at 16.19999999999998, 16.0
2024-06-16 19:49:13.241 INFO nestdrop.deck.Deck : triggered at 48.05600000000013, 48.0
2024-06-16 19:49:29.337 INFO nestdrop.deck.Deck : triggered at 16.102000000000256, 16.0
2024-06-16 19:49:45.439 INFO nestdrop.deck.Deck : triggered at 48.14600000000039, 48.0
2024-06-16 19:50:01.534 INFO nestdrop.deck.Deck : triggered at 16.192000000000547, 16.0
2024-06-16 19:50:17.535 INFO nestdrop.deck.Deck : triggered at 48.05000000000069, 48.0
2024-06-16 19:50:33.632 INFO nestdrop.deck.Deck : triggered at 16.09200000000084, 16.0
2024-06-16 19:50:49.728 INFO nestdrop.deck.Deck : triggered at 48.14600000000096, 48.0
2024-06-16 19:51:05.823 INFO nestdrop.deck.Deck : triggered at 16.184000000001106, 16.0
2024-06-16 19:51:21.823 INFO nestdrop.deck.Deck : triggered at 48.052000000001286, 48.0
