2024-06-16 17:38:03.195 WARN Main : WARN
2024-06-16 17:38:03.207 ERROR Main : ERROR
2024-06-16 17:38:03.211 FATAL Main : FATAL
2024-06-16 17:38:03.217 INFO osc.OscSynced : creating synced value for /linkConnected
2024-06-16 17:38:03.220 INFO osc.OscSynced : creating synced value for /bpm
2024-06-16 17:38:03.228 INFO osc.OscSynced : creating synced value for /peers
2024-06-16 17:38:03.232 WARN Main : waiting for link to connect
2024-06-16 17:38:03.318 INFO Link : connecting to ableton link...
2024-06-16 17:38:03.753 INFO osc.OscSynced : creating synced value for /sprite_FX/label/0
2024-06-16 17:38:03.755 INFO osc.OscSynced : creating synced value for /sprite_FX/label/1
2024-06-16 17:38:03.755 INFO osc.OscSynced : creating synced value for /sprite_FX/label/2
2024-06-16 17:38:03.757 INFO osc.OscSynced : creating synced value for /sprite_FX/label/3
2024-06-16 17:38:03.759 INFO osc.OscSynced : creating synced value for /sprite_FX/label/4
2024-06-16 17:38:03.760 INFO osc.OscSynced : creating synced value for /sprite_FX/label/5
2024-06-16 17:38:03.761 INFO osc.OscSynced : creating synced value for /sprite_FX/label/6
2024-06-16 17:38:03.762 INFO osc.OscSynced : creating synced value for /sprite_FX/label/7
2024-06-16 17:38:03.763 INFO osc.OscSynced : creating synced value for /sprite_FX/label/8
2024-06-16 17:38:03.765 INFO osc.OscSynced : creating synced value for /sprite_FX/label/9
2024-06-16 17:38:03.766 INFO osc.OscSynced : creating synced value for /sprite_FX/label/10
2024-06-16 17:38:03.767 INFO osc.OscSynced : creating synced value for /sprite_FX/label/11
2024-06-16 17:38:03.769 INFO osc.OscSynced : creating synced value for /sprite_FX/label/12
2024-06-16 17:38:03.770 INFO osc.OscSynced : creating synced value for /sprite_FX/label/13
2024-06-16 17:38:03.771 INFO osc.OscSynced : creating synced value for /sprite_FX/label/14
2024-06-16 17:38:03.772 INFO osc.OscSynced : creating synced value for /sprite_FX/label/15
2024-06-16 17:38:03.773 INFO osc.OscSynced : creating synced value for /sprite_FX/label/16
2024-06-16 17:38:03.774 INFO osc.OscSynced : creating synced value for /sprite_FX/label/17
2024-06-16 17:38:03.776 INFO osc.OscSynced : creating synced value for /sprite_FX/label/18
2024-06-16 17:38:03.777 INFO osc.OscSynced : creating synced value for /sprite_FX/label/19
2024-06-16 17:38:03.778 INFO osc.OscSynced : creating synced value for /sprite_FX/label/20
2024-06-16 17:38:03.779 INFO osc.OscSynced : creating synced value for /sprite_FX/label/21
2024-06-16 17:38:03.780 INFO osc.OscSynced : creating synced value for /sprite_FX/label/22
2024-06-16 17:38:03.782 INFO osc.OscSynced : creating synced value for /sprite_FX/label/23
2024-06-16 17:38:03.784 INFO osc.OscSynced : creating synced value for /sprite_FX/label/24
2024-06-16 17:38:03.785 INFO osc.OscSynced : creating synced value for /sprite_FX/label/25
2024-06-16 17:38:03.785 INFO osc.OscSynced : creating synced value for /sprite_FX/label/26
2024-06-16 17:38:03.786 INFO osc.OscSynced : creating synced value for /sprite_FX/label/27
2024-06-16 17:38:03.787 INFO osc.OscSynced : creating synced value for /sprite_FX/label/28
2024-06-16 17:38:03.789 INFO osc.OscSynced : creating synced value for /sprite_FX/label/29
2024-06-16 17:38:03.790 INFO osc.OscSynced : creating synced value for /sprite_FX/label/30
2024-06-16 17:38:03.791 INFO osc.OscSynced : creating synced value for /sprite_FX/label/31
2024-06-16 17:38:03.792 INFO osc.OscSynced : creating synced value for /sprite_FX/label/32
2024-06-16 17:38:03.793 INFO osc.OscSynced : creating synced value for /sprite_FX/label/33
2024-06-16 17:38:03.794 INFO osc.OscSynced : creating synced value for /sprite_FX/label/34
2024-06-16 17:38:03.795 INFO osc.OscSynced : creating synced value for /sprite_FX/label/35
2024-06-16 17:38:03.796 INFO osc.OscSynced : creating synced value for /sprite_FX/label/36
2024-06-16 17:38:03.797 INFO osc.OscSynced : creating synced value for /sprite_FX/label/37
2024-06-16 17:38:03.798 INFO osc.OscSynced : creating synced value for /sprite_FX/label/38
2024-06-16 17:38:03.799 INFO osc.OscSynced : creating synced value for /sprite_FX/label/39
2024-06-16 17:38:03.799 INFO osc.OscSynced : creating synced value for /sprite_FX/label/40
2024-06-16 17:38:03.801 INFO osc.OscSynced : creating synced value for /sprite_FX/label/41
2024-06-16 17:38:03.801 INFO osc.OscSynced : creating synced value for /sprite_FX/label/42
2024-06-16 17:38:03.803 INFO osc.OscSynced : creating synced value for /sprite_FX/label/43
2024-06-16 17:38:03.804 INFO osc.OscSynced : creating synced value for /sprite_FX/label/44
2024-06-16 17:38:03.805 INFO osc.OscSynced : creating synced value for /sprite_FX/label/45
2024-06-16 17:38:03.806 INFO osc.OscSynced : creating synced value for /sprite_FX/label/46
2024-06-16 17:38:03.807 INFO osc.OscSynced : creating synced value for /sprite_FX/label/47
2024-06-16 17:38:03.808 INFO osc.OscSynced : creating synced value for /sprite_FX/label/48
2024-06-16 17:38:03.809 INFO osc.OscSynced : creating synced value for /sprite_FX/label/49
2024-06-16 17:38:03.810 INFO osc.OscSynced : creating synced value for /sprite_FX/label/50
2024-06-16 17:38:03.811 INFO osc.OscSynced : creating synced value for /sprite_FX/label/51
2024-06-16 17:38:03.812 INFO osc.OscSynced : creating synced value for /sprite_FX/label/52
2024-06-16 17:38:03.812 INFO osc.OscSynced : creating synced value for /sprite_FX/label/53
2024-06-16 17:38:03.813 INFO osc.OscSynced : creating synced value for /sprite_FX/label/54
2024-06-16 17:38:03.814 INFO osc.OscSynced : creating synced value for /sprite_FX/label/55
2024-06-16 17:38:03.815 INFO osc.OscSynced : creating synced value for /sprite_FX/label/56
2024-06-16 17:38:03.816 INFO osc.OscSynced : creating synced value for /sprite_FX/label/57
2024-06-16 17:38:03.817 INFO osc.OscSynced : creating synced value for /sprite_FX/label/58
2024-06-16 17:38:03.818 INFO osc.OscSynced : creating synced value for /sprite_FX/label/59
2024-06-16 17:38:03.819 INFO osc.OscSynced : creating synced value for /sprite_FX/label/60
2024-06-16 17:38:03.820 INFO osc.OscSynced : creating synced value for /sprite_FX/label/61
2024-06-16 17:38:03.822 INFO osc.OscSynced : creating synced value for /sprite_FX/label/62
2024-06-16 17:38:03.823 INFO osc.OscSynced : creating synced value for /sprite_FX/label/63
2024-06-16 17:38:03.824 INFO osc.OscSynced : creating synced value for /sprite_FX/label/64
2024-06-16 17:38:03.824 INFO osc.OscSynced : creating synced value for /sprite_FX/label/65
2024-06-16 17:38:03.825 INFO osc.OscSynced : creating synced value for /sprite_FX/label/66
2024-06-16 17:38:03.826 INFO osc.OscSynced : creating synced value for /sprite_FX/label/67
2024-06-16 17:38:03.827 INFO osc.OscSynced : creating synced value for /sprite_FX/label/68
2024-06-16 17:38:03.828 INFO osc.OscSynced : creating synced value for /sprite_FX/label/69
2024-06-16 17:38:03.829 INFO osc.OscSynced : creating synced value for /sprite_FX/label/70
2024-06-16 17:38:03.830 INFO osc.OscSynced : creating synced value for /sprite_FX/label/71
2024-06-16 17:38:03.831 INFO osc.OscSynced : creating synced value for /sprite_FX/label/72
2024-06-16 17:38:03.832 INFO osc.OscSynced : creating synced value for /sprite_FX/label/73
2024-06-16 17:38:03.833 INFO osc.OscSynced : creating synced value for /sprite_FX/label/74
2024-06-16 17:38:03.834 INFO osc.OscSynced : creating synced value for /sprite_FX/label/75
2024-06-16 17:38:03.835 INFO osc.OscSynced : creating synced value for /sprite_FX/label/76
2024-06-16 17:38:03.836 INFO osc.OscSynced : creating synced value for /sprite_FX/label/77
2024-06-16 17:38:03.837 INFO osc.OscSynced : creating synced value for /sprite_FX/label/78
2024-06-16 17:38:03.838 INFO osc.OscSynced : creating synced value for /sprite_FX/label/79
2024-06-16 17:38:03.839 INFO osc.OscSynced : creating synced value for /sprite_FX/label/80
2024-06-16 17:38:03.840 INFO osc.OscSynced : creating synced value for /sprite_FX/label/81
2024-06-16 17:38:03.841 INFO osc.OscSynced : creating synced value for /sprite_FX/label/82
2024-06-16 17:38:03.842 INFO osc.OscSynced : creating synced value for /sprite_FX/label/83
2024-06-16 17:38:03.843 INFO osc.OscSynced : creating synced value for /sprite_FX/label/84
2024-06-16 17:38:03.844 INFO osc.OscSynced : creating synced value for /sprite_FX/label/85
2024-06-16 17:38:03.845 INFO osc.OscSynced : creating synced value for /sprite_FX/label/86
2024-06-16 17:38:03.846 INFO osc.OscSynced : creating synced value for /sprite_FX/label/87
2024-06-16 17:38:03.848 INFO osc.OscSynced : creating synced value for /sprite_FX/label/88
2024-06-16 17:38:03.848 INFO osc.OscSynced : creating synced value for /sprite_FX/label/89
2024-06-16 17:38:03.849 INFO osc.OscSynced : creating synced value for /sprite_FX/label/90
2024-06-16 17:38:03.851 INFO osc.OscSynced : creating synced value for /sprite_FX/label/91
2024-06-16 17:38:03.851 INFO osc.OscSynced : creating synced value for /sprite_FX/label/92
2024-06-16 17:38:03.852 INFO osc.OscSynced : creating synced value for /sprite_FX/label/93
2024-06-16 17:38:03.853 INFO osc.OscSynced : creating synced value for /sprite_FX/label/94
2024-06-16 17:38:03.854 INFO osc.OscSynced : creating synced value for /sprite_FX/label/95
2024-06-16 17:38:03.855 INFO osc.OscSynced : creating synced value for /sprite_FX/label/96
2024-06-16 17:38:03.858 INFO osc.OscSynced : creating synced value for /sprite_FX/label/97
2024-06-16 17:38:03.859 INFO osc.OscSynced : creating synced value for /sprite_FX/label/98
2024-06-16 17:38:03.860 INFO osc.OscSynced : creating synced value for /sprite_FX/label/99
2024-06-16 17:38:03.927 DEBUG moe.nikky.nestcontrol.osc.OSCUtil : constructed OSC port
2024-06-16 17:38:03.928 DEBUG moe.nikky.nestcontrol.osc.OSCUtil : constructed OSC port
2024-06-16 17:38:03.927 DEBUG moe.nikky.nestcontrol.osc.OSCUtil : constructed OSC port
2024-06-16 17:38:03.931 INFO osc.OscSynced : creating synced value for /composition/groups/1/video/effects/motionextraction/bypassed
2024-06-16 17:38:03.932 INFO osc.OscSynced : creating synced value for /composition/groups/1/video/effects/motionextraction/effect/delay
2024-06-16 17:38:03.933 INFO osc.OscSynced : creating synced value for /composition/groups/1/video/effects/automask/bypassed
2024-06-16 17:38:03.934 INFO osc.OscSynced : creating synced value for /resolume/1/motion_extraction/enabled
2024-06-16 17:38:03.940 INFO osc.OscSynced : creating synced value for /resolume/1/motion_extraction/delay
2024-06-16 17:38:03.943 INFO osc.OscSynced : creating synced value for /resolume/1/auto_mask
2024-06-16 17:38:03.950 INFO osc.OscSynced : creating synced value for /composition/groups/2/video/effects/motionextraction/bypassed
2024-06-16 17:38:03.950 INFO osc.OscSynced : creating synced value for /composition/groups/2/video/effects/motionextraction/effect/delay
2024-06-16 17:38:03.951 INFO osc.OscSynced : creating synced value for /composition/groups/2/video/effects/automask/bypassed
2024-06-16 17:38:03.952 INFO osc.OscSynced : creating synced value for /resolume/2/motion_extraction/enabled
2024-06-16 17:38:03.953 INFO osc.OscSynced : creating synced value for /resolume/2/motion_extraction/delay
2024-06-16 17:38:03.955 INFO osc.OscSynced : creating synced value for /resolume/2/auto_mask
2024-06-16 17:38:03.956 INFO osc.OscSynced : creating synced value for /composition/groups/3/video/effects/motionextraction/bypassed
2024-06-16 17:38:03.957 INFO osc.OscSynced : creating synced value for /composition/groups/3/video/effects/motionextraction/effect/delay
2024-06-16 17:38:03.958 INFO osc.OscSynced : creating synced value for /composition/groups/3/video/effects/automask/bypassed
2024-06-16 17:38:03.959 INFO osc.OscSynced : creating synced value for /resolume/3/motion_extraction/enabled
2024-06-16 17:38:03.960 INFO osc.OscSynced : creating synced value for /resolume/3/motion_extraction/delay
2024-06-16 17:38:03.962 INFO osc.OscSynced : creating synced value for /resolume/3/auto_mask
2024-06-16 17:38:03.963 INFO osc.OscSynced : creating synced value for /composition/groups/4/video/effects/motionextraction/bypassed
2024-06-16 17:38:03.965 INFO osc.OscSynced : creating synced value for /composition/groups/4/video/effects/automask/bypassed
2024-06-16 17:38:03.964 INFO osc.OscSynced : creating synced value for /composition/groups/4/video/effects/motionextraction/effect/delay
2024-06-16 17:38:03.967 INFO osc.OscSynced : creating synced value for /resolume/4/motion_extraction/enabled
2024-06-16 17:38:03.968 INFO osc.OscSynced : creating synced value for /resolume/4/motion_extraction/delay
2024-06-16 17:38:03.970 INFO osc.OscSynced : creating synced value for /resolume/4/auto_mask
2024-06-16 17:38:04.129 INFO moe.nikky.nestcontrol.osc.OSCUtil : creating buttons for group 1 layer 1 (1)
2024-06-16 17:38:04.133 INFO osc.OscSynced : creating synced value for /composition/layers/1/connectspecificclip
2024-06-16 17:38:04.145 INFO moe.nikky.nestcontrol.osc.OSCUtil : creating buttons for group 1 layer 2 (2)
2024-06-16 17:38:04.146 INFO osc.OscSynced : creating synced value for /composition/layers/2/connectspecificclip
2024-06-16 17:38:04.147 INFO moe.nikky.nestcontrol.osc.OSCUtil : creating buttons for group 1 layer 3 (3)
2024-06-16 17:38:04.148 INFO osc.OscSynced : creating synced value for /composition/layers/3/connectspecificclip
2024-06-16 17:38:04.149 INFO moe.nikky.nestcontrol.osc.OSCUtil : resolume group 1 layer 2 connectSpecificClip index -1
2024-06-16 17:38:04.149 INFO moe.nikky.nestcontrol.osc.OSCUtil : creating buttons for group 2 layer 1 (4)
2024-06-16 17:38:04.149 INFO moe.nikky.nestcontrol.osc.OSCUtil : resolume group 1 layer 1 connectSpecificClip index -1
2024-06-16 17:38:04.149 INFO moe.nikky.nestcontrol.osc.OSCUtil : resolume group 1 layer 3 connectSpecificClip index -1
2024-06-16 17:38:04.150 INFO osc.OscSynced : creating synced value for /composition/layers/4/connectspecificclip
2024-06-16 17:38:04.150 INFO moe.nikky.nestcontrol.osc.OSCUtil : creating buttons for group 2 layer 2 (5)
2024-06-16 17:38:04.150 INFO moe.nikky.nestcontrol.osc.OSCUtil : resolume group 2 layer 1 connectSpecificClip index -1
2024-06-16 17:38:04.151 INFO osc.OscSynced : creating synced value for /composition/layers/5/connectspecificclip
2024-06-16 17:38:04.153 INFO moe.nikky.nestcontrol.osc.OSCUtil : creating buttons for group 2 layer 3 (6)
2024-06-16 17:38:04.153 INFO moe.nikky.nestcontrol.osc.OSCUtil : resolume group 2 layer 2 connectSpecificClip index -1
2024-06-16 17:38:04.154 INFO osc.OscSynced : creating synced value for /composition/layers/6/connectspecificclip
2024-06-16 17:38:04.155 INFO moe.nikky.nestcontrol.osc.OSCUtil : resolume group 2 layer 3 connectSpecificClip index -1
2024-06-16 17:38:04.155 INFO moe.nikky.nestcontrol.osc.OSCUtil : creating buttons for group 3 layer 1 (7)
2024-06-16 17:38:04.156 INFO osc.OscSynced : creating synced value for /composition/layers/7/connectspecificclip
2024-06-16 17:38:04.157 INFO moe.nikky.nestcontrol.osc.OSCUtil : resolume group 3 layer 1 connectSpecificClip index -1
2024-06-16 17:38:04.157 INFO moe.nikky.nestcontrol.osc.OSCUtil : creating buttons for group 3 layer 2 (8)
2024-06-16 17:38:04.159 INFO osc.OscSynced : creating synced value for /composition/layers/8/connectspecificclip
2024-06-16 17:38:04.160 INFO moe.nikky.nestcontrol.osc.OSCUtil : resolume group 3 layer 2 connectSpecificClip index -1
2024-06-16 17:38:04.160 INFO moe.nikky.nestcontrol.osc.OSCUtil : creating buttons for group 3 layer 3 (9)
2024-06-16 17:38:04.162 INFO osc.OscSynced : creating synced value for /composition/layers/9/connectspecificclip
2024-06-16 17:38:04.163 INFO moe.nikky.nestcontrol.osc.OSCUtil : resolume group 3 layer 3 connectSpecificClip index -1
2024-06-16 17:38:04.163 INFO moe.nikky.nestcontrol.osc.OSCUtil : creating buttons for group 4 layer 1 (10)
2024-06-16 17:38:04.165 INFO osc.OscSynced : creating synced value for /composition/layers/10/connectspecificclip
2024-06-16 17:38:04.166 INFO moe.nikky.nestcontrol.osc.OSCUtil : creating buttons for group 4 layer 2 (11)
2024-06-16 17:38:04.167 INFO moe.nikky.nestcontrol.osc.OSCUtil : resolume group 4 layer 1 connectSpecificClip index -1
2024-06-16 17:38:04.167 INFO moe.nikky.nestcontrol.osc.OSCUtil : resolume group 2 layer 1 changed to null
2024-06-16 17:38:04.167 INFO moe.nikky.nestcontrol.osc.OSCUtil : resolume group 3 layer 3 changed to null
2024-06-16 17:38:04.167 INFO moe.nikky.nestcontrol.osc.OSCUtil : resolume group 1 layer 2 changed to null
2024-06-16 17:38:04.167 INFO moe.nikky.nestcontrol.osc.OSCUtil : resolume group 2 layer 2 changed to null
2024-06-16 17:38:04.167 INFO moe.nikky.nestcontrol.osc.OSCUtil : resolume group 3 layer 1 changed to null
2024-06-16 17:38:04.167 INFO moe.nikky.nestcontrol.osc.OSCUtil : resolume group 4 layer 1 changed to null
2024-06-16 17:38:04.167 INFO moe.nikky.nestcontrol.osc.OSCUtil : resolume group 3 layer 2 changed to null
2024-06-16 17:38:04.168 INFO moe.nikky.nestcontrol.osc.OSCUtil : resolume group 2 layer 3 changed to null
2024-06-16 17:38:04.168 INFO osc.OscSynced : creating synced value for /composition/layers/11/connectspecificclip
2024-06-16 17:38:04.167 INFO moe.nikky.nestcontrol.osc.OSCUtil : resolume group 1 layer 3 changed to null
2024-06-16 17:38:04.169 INFO moe.nikky.nestcontrol.osc.OSCUtil : resolume group 4 layer 2 connectSpecificClip index -1
2024-06-16 17:38:04.169 INFO moe.nikky.nestcontrol.osc.OSCUtil : resolume group 4 layer 2 changed to null
2024-06-16 17:38:04.169 INFO moe.nikky.nestcontrol.osc.OSCUtil : creating buttons for group 4 layer 3 (12)
2024-06-16 17:38:04.170 INFO osc.OscSynced : creating synced value for /composition/layers/12/connectspecificclip
2024-06-16 17:38:04.170 INFO moe.nikky.nestcontrol.osc.OSCUtil : resolume group 1 layer 1 changed to null
2024-06-16 17:38:04.171 INFO moe.nikky.nestcontrol.osc.OSCUtil : resolume group 4 layer 3 connectSpecificClip index -1
2024-06-16 17:38:04.170 INFO moe.nikky.nestcontrol.osc.OSCUtil : resolume group 4 layer 3 changed to null
2024-06-16 17:38:04.171 INFO moe.nikky.nestcontrol.osc.OSCUtil : creating buttons for group 5 layer 1 (13)
2024-06-16 17:38:04.172 INFO osc.OscSynced : creating synced value for /composition/layers/13/connectspecificclip
2024-06-16 17:38:04.173 INFO moe.nikky.nestcontrol.osc.OSCUtil : creating buttons for group 5 layer 2 (14)
2024-06-16 17:38:04.173 INFO moe.nikky.nestcontrol.osc.OSCUtil : resolume group 5 layer 1 connectSpecificClip index -1
2024-06-16 17:38:04.173 INFO moe.nikky.nestcontrol.osc.OSCUtil : resolume group 5 layer 1 changed to null
2024-06-16 17:38:04.174 INFO osc.OscSynced : creating synced value for /composition/layers/14/connectspecificclip
2024-06-16 17:38:04.174 INFO moe.nikky.nestcontrol.osc.OSCUtil : {}
2024-06-16 17:38:04.175 INFO moe.nikky.nestcontrol.osc.OSCUtil : resolume group 5 layer 2 changed to null
2024-06-16 17:38:04.175 INFO moe.nikky.nestcontrol.osc.OSCUtil : resolume group 5 layer 2 connectSpecificClip index -1
2024-06-16 17:38:04.176 INFO moe.nikky.nestcontrol.osc.OSCUtil : creating buttons for group 5 layer 3 (15)
2024-06-16 17:38:04.176 INFO osc.OscSynced : creating synced value for /composition/layers/15/connectspecificclip
2024-06-16 17:38:04.178 INFO moe.nikky.nestcontrol.osc.OSCUtil : resolume group 5 layer 3 changed to null
2024-06-16 17:38:04.178 INFO moe.nikky.nestcontrol.osc.OSCUtil : creating buttons for group 5 layer 4 (16)
2024-06-16 17:38:04.178 INFO moe.nikky.nestcontrol.osc.OSCUtil : resolume group 5 layer 3 connectSpecificClip index -1
2024-06-16 17:38:04.179 INFO osc.OscSynced : creating synced value for /composition/layers/16/connectspecificclip
2024-06-16 17:38:04.180 INFO moe.nikky.nestcontrol.osc.OSCUtil : creating buttons for group 5 layer 5 (17)
2024-06-16 17:38:04.181 INFO moe.nikky.nestcontrol.osc.OSCUtil : resolume group 5 layer 4 changed to null
2024-06-16 17:38:04.181 INFO moe.nikky.nestcontrol.osc.OSCUtil : resolume group 5 layer 4 connectSpecificClip index -1
2024-06-16 17:38:04.182 INFO osc.OscSynced : creating synced value for /composition/layers/17/connectspecificclip
2024-06-16 17:38:04.183 INFO moe.nikky.nestcontrol.osc.OSCUtil : resolume group 5 layer 5 changed to null
2024-06-16 17:38:04.182 INFO moe.nikky.nestcontrol.osc.OSCUtil : creating buttons for group 6 layer 1 (18)
2024-06-16 17:38:04.183 INFO moe.nikky.nestcontrol.osc.OSCUtil : resolume group 5 layer 5 connectSpecificClip index -1
2024-06-16 17:38:04.183 INFO osc.OscSynced : creating synced value for /composition/layers/18/connectspecificclip
2024-06-16 17:38:04.184 INFO moe.nikky.nestcontrol.osc.OSCUtil : resolume group 6 layer 1 changed to null
2024-06-16 17:38:04.184 INFO moe.nikky.nestcontrol.osc.OSCUtil : creating buttons for group 6 layer 2 (19)
2024-06-16 17:38:04.185 INFO moe.nikky.nestcontrol.osc.OSCUtil : resolume group 6 layer 1 connectSpecificClip index -1
2024-06-16 17:38:04.185 INFO osc.OscSynced : creating synced value for /composition/layers/19/connectspecificclip
2024-06-16 17:38:04.186 INFO moe.nikky.nestcontrol.osc.OSCUtil : resolume group 6 layer 2 connectSpecificClip index -1
2024-06-16 17:38:04.186 INFO moe.nikky.nestcontrol.osc.OSCUtil : resolume group 6 layer 2 changed to null
2024-06-16 17:38:04.186 INFO moe.nikky.nestcontrol.osc.OSCUtil : creating buttons for group 6 layer 3 (20)
2024-06-16 17:38:04.188 INFO osc.OscSynced : creating synced value for /composition/layers/20/connectspecificclip
2024-06-16 17:38:04.189 INFO moe.nikky.nestcontrol.osc.OSCUtil : resolume group 6 layer 3 changed to null
2024-06-16 17:38:04.189 INFO moe.nikky.nestcontrol.osc.OSCUtil : resolume group 6 layer 3 connectSpecificClip index -1
2024-06-16 17:38:04.189 INFO moe.nikky.nestcontrol.osc.OSCUtil : creating buttons for group 6 layer 4 (21)
2024-06-16 17:38:04.190 INFO osc.OscSynced : creating synced value for /composition/layers/21/connectspecificclip
2024-06-16 17:38:04.191 INFO moe.nikky.nestcontrol.osc.OSCUtil : resolume group 6 layer 4 changed to null
2024-06-16 17:38:04.191 INFO moe.nikky.nestcontrol.osc.OSCUtil : creating buttons for group 6 layer 5 (22)
2024-06-16 17:38:04.191 INFO moe.nikky.nestcontrol.osc.OSCUtil : resolume group 6 layer 4 connectSpecificClip index -1
2024-06-16 17:38:04.192 INFO osc.OscSynced : creating synced value for /composition/layers/22/connectspecificclip
2024-06-16 17:38:04.194 INFO moe.nikky.nestcontrol.osc.OSCUtil : creating buttons for group 6 layer 6 (23)
2024-06-16 17:38:04.194 INFO moe.nikky.nestcontrol.osc.OSCUtil : resolume group 6 layer 5 connectSpecificClip index -1
2024-06-16 17:38:04.194 INFO moe.nikky.nestcontrol.osc.OSCUtil : resolume group 6 layer 5 changed to null
2024-06-16 17:38:04.194 INFO osc.OscSynced : creating synced value for /composition/layers/23/connectspecificclip
2024-06-16 17:38:04.195 INFO moe.nikky.nestcontrol.osc.OSCUtil : resolume group 6 layer 6 changed to null
2024-06-16 17:38:04.196 INFO moe.nikky.nestcontrol.osc.OSCUtil : creating buttons for group 6 layer 7 (24)
2024-06-16 17:38:04.196 INFO moe.nikky.nestcontrol.osc.OSCUtil : resolume group 6 layer 6 connectSpecificClip index -1
2024-06-16 17:38:04.197 INFO osc.OscSynced : creating synced value for /composition/layers/24/connectspecificclip
2024-06-16 17:38:04.198 INFO moe.nikky.nestcontrol.osc.OSCUtil : resolume group 6 layer 7 connectSpecificClip index -1
2024-06-16 17:38:04.198 INFO moe.nikky.nestcontrol.osc.OSCUtil : creating buttons for group 6 layer 8 (25)
2024-06-16 17:38:04.198 INFO moe.nikky.nestcontrol.osc.OSCUtil : resolume group 6 layer 7 changed to null
2024-06-16 17:38:04.199 INFO osc.OscSynced : creating synced value for /composition/layers/25/connectspecificclip
2024-06-16 17:38:04.200 INFO moe.nikky.nestcontrol.osc.OSCUtil : resolume group 6 layer 8 changed to null
2024-06-16 17:38:04.206 INFO moe.nikky.nestcontrol.osc.OSCUtil : creating buttons for group 6 layer 9 (26)
2024-06-16 17:38:04.206 INFO moe.nikky.nestcontrol.osc.OSCUtil : resolume group 6 layer 8 connectSpecificClip index -1
2024-06-16 17:38:04.207 INFO osc.OscSynced : creating synced value for /composition/layers/26/connectspecificclip
2024-06-16 17:38:04.207 INFO moe.nikky.nestcontrol.osc.OSCUtil : resolume group 6 layer 9 changed to null
2024-06-16 17:38:04.208 INFO moe.nikky.nestcontrol.osc.OSCUtil : creating buttons for group 7 layer 1 (27)
2024-06-16 17:38:04.208 INFO moe.nikky.nestcontrol.osc.OSCUtil : resolume group 6 layer 9 connectSpecificClip index -1
2024-06-16 17:38:04.208 INFO osc.OscSynced : creating synced value for /composition/layers/27/connectspecificclip
2024-06-16 17:38:04.209 INFO moe.nikky.nestcontrol.osc.OSCUtil : resolume group 7 layer 1 connectSpecificClip index -1
2024-06-16 17:38:04.210 INFO moe.nikky.nestcontrol.osc.OSCUtil : resolume group 7 layer 1 changed to null
2024-06-16 17:38:05.210 INFO osc.OscSynced : creating synced value for /beats
2024-06-16 17:38:05.211 INFO osc.OscSynced : creating synced value for /beatProgress
2024-06-16 17:38:05.212 INFO osc.OscSynced : creating synced value for /bpmRounded
2024-06-16 17:38:05.223 INFO nestdrop.loadQueuesKt : loading queues from C:\Users\nikky\VJ\NestDropProV2\DefaultUserProfile.xml
2024-06-16 17:38:07.156 ERROR nestdrop.loadQueuesKt : failed to parse queue 24
nl.adaptivity.xmlutil.serialization.UnknownXmlFieldException: Could not find a field for name (nestdrop.XmlDataClasses.Preset) Preset/Type (Attribute)
  candidates: Name (Attribute), Effects (Attribute), Overlay (Attribute), Sprite0 (Attribute), Sprite1 (Attribute), Sprite2 (Attribute), HotKey (Attribute), SettingCapture (Attribute), SettingCaptureValues (Attribute) at position Line number = 3
Column number = 38
System Id = null
Public Id = null
Location Uri= null
CharacterOffset = 167

	at nl.adaptivity.xmlutil.serialization.XmlConfig.DEFAULT_UNKNOWN_CHILD_HANDLER$lambda$2(XmlConfig.kt:433)
	at nl.adaptivity.xmlutil.serialization.DefaultXmlSerializationPolicy.handleUnknownContentRecovering(XmlSerializationPolicy.kt:609)
	at nl.adaptivity.xmlutil.serialization.XmlDecoderBase$TagDecoderBase.indexOf(XMLDecoder.kt:769)
	at nl.adaptivity.xmlutil.serialization.XmlDecoderBase$TagDecoderBase.decodeElementIndex(XMLDecoder.kt:935)
	at nestdrop.XmlDataClasses$Preset$$serializer.deserialize(XmlDataClasses.kt:75)
	at nestdrop.XmlDataClasses$Preset$$serializer.deserialize(XmlDataClasses.kt:75)
	at nl.adaptivity.xmlutil.serialization.XmlDecoderBase$AnonymousListDecoder.decodeSerializableElement(XMLDecoder.kt:1356)
	at kotlinx.serialization.encoding.CompositeDecoder$DefaultImpls.decodeSerializableElement$default(Decoding.kt:538)
	at kotlinx.serialization.internal.CollectionLikeSerializer.readElement(CollectionSerializers.kt:80)
	at kotlinx.serialization.internal.AbstractCollectionSerializer.readElement$default(CollectionSerializers.kt:51)
	at kotlinx.serialization.internal.AbstractCollectionSerializer.merge(CollectionSerializers.kt:36)
	at nl.adaptivity.xmlutil.serialization.XmlDecoderBase$TagDecoderBase.decodeSerializableElement(XMLDecoder.kt:629)
	at nestdrop.XmlDataClasses$Presets$$serializer.deserialize(XmlDataClasses.kt:68)
	at nestdrop.XmlDataClasses$Presets$$serializer.deserialize(XmlDataClasses.kt:68)
	at nl.adaptivity.xmlutil.serialization.XmlDecoderBase$TagDecoderBase.decodeSerializableElement(XMLDecoder.kt:631)
	at nestdrop.XmlDataClasses$QueueWindow$$serializer.deserialize(XmlDataClasses.kt:41)
	at nestdrop.XmlDataClasses$QueueWindow$$serializer.deserialize(XmlDataClasses.kt:41)
	at nl.adaptivity.xmlutil.serialization.XmlDecoderBase$XmlDecoder.decodeSerializableValue(XMLDecoder.kt:254)
	at nl.adaptivity.xmlutil.serialization.XML.decodeFromReader(XML.kt:441)
	at nl.adaptivity.xmlutil.serialization.XML.decodeFromReader$default(XML.kt:407)
	at nl.adaptivity.xmlutil.serialization.XML.decodeFromString(XML.kt:354)
	at nestdrop.LoadQueuesKt.loadQueue(loadQueues.kt:48)
	at nestdrop.LoadQueuesKt.loadQueues(loadQueues.kt:30)
	at ComposableSingletons$MainKt$lambda-1$1$1.invokeSuspend(main.kt:496)
	at kotlin.coroutines.jvm.internal.BaseContinuationImpl.resumeWith(ContinuationImpl.kt:33)
	at kotlinx.coroutines.DispatchedTaskKt.resume(DispatchedTask.kt:231)
	at kotlinx.coroutines.DispatchedTaskKt.dispatch(DispatchedTask.kt:164)
	at kotlinx.coroutines.CancellableContinuationImpl.dispatchResume(CancellableContinuationImpl.kt:470)
	at kotlinx.coroutines.CancellableContinuationImpl.resumeImpl(CancellableContinuationImpl.kt:504)
	at kotlinx.coroutines.CancellableContinuationImpl.resumeImpl$default(CancellableContinuationImpl.kt:493)
	at kotlinx.coroutines.CancellableContinuationImpl.resumeUndispatched(CancellableContinuationImpl.kt:591)
	at kotlinx.coroutines.EventLoopImplBase$DelayedResumeTask.run(EventLoop.common.kt:490)
	at kotlinx.coroutines.EventLoopImplBase.processNextEvent(EventLoop.common.kt:277)
	at kotlinx.coroutines.BlockingCoroutine.joinBlocking(Builders.kt:95)
	at kotlinx.coroutines.BuildersKt__BuildersKt.runBlocking(Builders.kt:69)
	at kotlinx.coroutines.BuildersKt.runBlocking(Unknown Source)
	at kotlinx.coroutines.BuildersKt__BuildersKt.runBlocking$default(Builders.kt:48)
	at kotlinx.coroutines.BuildersKt.runBlocking$default(Unknown Source)
	at ComposableSingletons$MainKt$lambda-1$1.invoke(main.kt:88)
	at ComposableSingletons$MainKt$lambda-1$1.invoke(main.kt:70)
	at androidx.compose.runtime.internal.ComposableLambdaImpl.invoke(ComposableLambda.jb.kt:116)
	at androidx.compose.runtime.internal.ComposableLambdaImpl.invoke(ComposableLambda.jb.kt:33)
	at androidx.compose.ui.window.Application_desktopKt$awaitApplication$2$1$2$1$1.invoke(Application.desktop.kt:233)
	at androidx.compose.ui.window.Application_desktopKt$awaitApplication$2$1$2$1$1.invoke(Application.desktop.kt:232)
	at androidx.compose.runtime.internal.ComposableLambdaImpl.invoke(ComposableLambda.jb.kt:107)
	at androidx.compose.runtime.internal.ComposableLambdaImpl.invoke(ComposableLambda.jb.kt:33)
	at androidx.compose.runtime.CompositionLocalKt.CompositionLocalProvider(CompositionLocal.kt:228)
	at androidx.compose.ui.window.Application_desktopKt$awaitApplication$2$1$2$1.invoke(Application.desktop.kt:223)
	at androidx.compose.ui.window.Application_desktopKt$awaitApplication$2$1$2$1.invoke(Application.desktop.kt:221)
	at androidx.compose.runtime.internal.ComposableLambdaImpl.invoke(ComposableLambda.jb.kt:107)
	at androidx.compose.runtime.internal.ComposableLambdaImpl.invoke(ComposableLambda.jb.kt:33)
	at androidx.compose.runtime.ActualJvm_jvmKt.invokeComposable(ActualJvm.jvm.kt:33)
	at androidx.compose.runtime.ComposerImpl.doCompose(Composer.kt:3303)
	at androidx.compose.runtime.ComposerImpl.composeContent$runtime(Composer.kt:3236)
	at androidx.compose.runtime.CompositionImpl.composeContent(Composition.kt:725)
	at androidx.compose.runtime.Recomposer.composeInitial$runtime(Recomposer.kt:1071)
	at androidx.compose.runtime.CompositionImpl.composeInitial(Composition.kt:633)
	at androidx.compose.runtime.CompositionImpl.setContent(Composition.kt:619)
	at androidx.compose.ui.window.Application_desktopKt$awaitApplication$2$1$2.invokeSuspend(Application.desktop.kt:221)
	at kotlin.coroutines.jvm.internal.BaseContinuationImpl.resumeWith(ContinuationImpl.kt:33)
	at kotlinx.coroutines.DispatchedTask.run(DispatchedTask.kt:104)
	at java.desktop/java.awt.event.InvocationEvent.dispatch(InvocationEvent.java:318)
	at java.desktop/java.awt.EventQueue.dispatchEventImpl(EventQueue.java:773)
	at java.desktop/java.awt.EventQueue$4.run(EventQueue.java:720)
	at java.desktop/java.awt.EventQueue$4.run(EventQueue.java:714)
	at java.base/java.security.AccessController.doPrivileged(AccessController.java:399)
	at java.base/java.security.ProtectionDomain$JavaSecurityAccessImpl.doIntersectionPrivilege(ProtectionDomain.java:86)
	at java.desktop/java.awt.EventQueue.dispatchEvent(EventQueue.java:742)
	at java.desktop/java.awt.EventDispatchThread.pumpOneEventForFilters(EventDispatchThread.java:203)
	at java.desktop/java.awt.EventDispatchThread.pumpEventsForFilter(EventDispatchThread.java:124)
	at java.desktop/java.awt.EventDispatchThread.pumpEventsForHierarchy(EventDispatchThread.java:113)
	at java.desktop/java.awt.EventDispatchThread.pumpEvents(EventDispatchThread.java:109)
	at java.desktop/java.awt.EventDispatchThread.pumpEvents(EventDispatchThread.java:101)
	at java.desktop/java.awt.EventDispatchThread.run(EventDispatchThread.java:90)

