2024-06-17 01:57:18.069 WARN Main : WARN
2024-06-17 01:57:18.073 ERROR Main : ERROR
2024-06-17 01:57:18.075 FATAL Main : FATAL
2024-06-17 01:57:18.078 INFO osc.OscSynced : creating synced value for /linkConnected
2024-06-17 01:57:18.081 INFO osc.OscSynced : creating synced value for /bpm
2024-06-17 01:57:18.081 INFO osc.OscSynced : creating synced value for /peers
2024-06-17 01:57:18.084 WARN Main : waiting for link to connect
2024-06-17 01:57:18.180 INFO Link : connecting to ableton link...
2024-06-17 01:57:18.641 INFO osc.OscSynced : creating synced value for /composition/groups/1/video/effects/motionextraction/bypassed
2024-06-17 01:57:18.641 INFO osc.OscSynced : creating synced value for /composition/groups/1/video/effects/motionextraction/effect/delay
2024-06-17 01:57:18.642 INFO osc.OscSynced : creating synced value for /composition/groups/1/video/effects/automask/bypassed
2024-06-17 01:57:18.642 INFO osc.OscSynced : creating synced value for /resolume/1/motion_extraction/enabled
2024-06-17 01:57:18.649 INFO osc.OscSynced : creating synced value for /resolume/1/motion_extraction/delay
2024-06-17 01:57:18.654 INFO osc.OscSynced : creating synced value for /resolume/1/auto_mask
2024-06-17 01:57:18.660 INFO osc.OscSynced : creating synced value for /composition/groups/2/video/effects/motionextraction/bypassed
2024-06-17 01:57:18.660 INFO osc.OscSynced : creating synced value for /composition/groups/2/video/effects/motionextraction/effect/delay
2024-06-17 01:57:18.660 INFO osc.OscSynced : creating synced value for /composition/groups/2/video/effects/automask/bypassed
2024-06-17 01:57:18.660 INFO osc.OscSynced : creating synced value for /resolume/2/motion_extraction/enabled
2024-06-17 01:57:18.660 INFO osc.OscSynced : creating synced value for /resolume/2/motion_extraction/delay
2024-06-17 01:57:18.660 INFO osc.OscSynced : creating synced value for /resolume/2/auto_mask
2024-06-17 01:57:18.660 INFO osc.OscSynced : creating synced value for /composition/groups/3/video/effects/motionextraction/bypassed
2024-06-17 01:57:18.660 INFO osc.OscSynced : creating synced value for /composition/groups/3/video/effects/motionextraction/effect/delay
2024-06-17 01:57:18.660 INFO osc.OscSynced : creating synced value for /resolume/3/motion_extraction/enabled
2024-06-17 01:57:18.660 INFO osc.OscSynced : creating synced value for /composition/groups/3/video/effects/automask/bypassed
2024-06-17 01:57:18.661 INFO osc.OscSynced : creating synced value for /resolume/3/motion_extraction/delay
2024-06-17 01:57:18.661 INFO osc.OscSynced : creating synced value for /resolume/3/auto_mask
2024-06-17 01:57:18.661 INFO osc.OscSynced : creating synced value for /composition/groups/4/video/effects/motionextraction/bypassed
2024-06-17 01:57:18.662 INFO osc.OscSynced : creating synced value for /composition/groups/4/video/effects/motionextraction/effect/delay
2024-06-17 01:57:18.662 INFO osc.OscSynced : creating synced value for /composition/groups/4/video/effects/automask/bypassed
2024-06-17 01:57:18.662 INFO osc.OscSynced : creating synced value for /resolume/4/motion_extraction/enabled
2024-06-17 01:57:18.662 INFO osc.OscSynced : creating synced value for /resolume/4/motion_extraction/delay
2024-06-17 01:57:18.662 INFO osc.OscSynced : creating synced value for /resolume/4/auto_mask
2024-06-17 01:57:18.713 INFO osc.OSCUtil : creating buttons for group 1 layer 1 (1)
2024-06-17 01:57:18.715 INFO osc.OscSynced : creating synced value for /composition/layers/1/connectspecificclip
2024-06-17 01:57:18.725 INFO osc.OSCUtil : creating buttons for group 1 layer 2 (2)
2024-06-17 01:57:18.725 INFO osc.OscSynced : creating synced value for /composition/layers/3/connectspecificclip
2024-06-17 01:57:18.725 INFO osc.OscSynced : creating synced value for /composition/layers/2/connectspecificclip
2024-06-17 01:57:18.725 INFO osc.OSCUtil : creating buttons for group 1 layer 3 (3)
2024-06-17 01:57:18.725 INFO osc.OSCUtil : creating buttons for group 2 layer 1 (4)
2024-06-17 01:57:18.725 INFO osc.OscSynced : creating synced value for /composition/layers/4/connectspecificclip
2024-06-17 01:57:18.726 INFO osc.OSCUtil : creating buttons for group 2 layer 2 (5)
2024-06-17 01:57:18.726 INFO osc.OscSynced : creating synced value for /composition/layers/5/connectspecificclip
2024-06-17 01:57:18.726 INFO osc.OSCUtil : creating buttons for group 2 layer 3 (6)
2024-06-17 01:57:18.726 INFO osc.OSCUtil : creating buttons for group 3 layer 1 (7)
2024-06-17 01:57:18.726 INFO osc.OscSynced : creating synced value for /composition/layers/6/connectspecificclip
2024-06-17 01:57:18.726 INFO osc.OscSynced : creating synced value for /composition/layers/7/connectspecificclip
2024-06-17 01:57:18.726 INFO osc.OSCUtil : creating buttons for group 3 layer 2 (8)
2024-06-17 01:57:18.726 INFO osc.OscSynced : creating synced value for /composition/layers/8/connectspecificclip
2024-06-17 01:57:18.727 INFO osc.OSCUtil : creating buttons for group 3 layer 3 (9)
2024-06-17 01:57:18.727 INFO osc.OscSynced : creating synced value for /composition/layers/9/connectspecificclip
2024-06-17 01:57:18.727 INFO osc.OSCUtil : creating buttons for group 4 layer 1 (10)
2024-06-17 01:57:18.727 INFO osc.OscSynced : creating synced value for /composition/layers/10/connectspecificclip
2024-06-17 01:57:18.727 INFO osc.OSCUtil : creating buttons for group 4 layer 2 (11)
2024-06-17 01:57:18.727 INFO osc.OscSynced : creating synced value for /composition/layers/11/connectspecificclip
2024-06-17 01:57:18.728 INFO osc.OSCUtil : creating buttons for group 4 layer 3 (12)
2024-06-17 01:57:18.728 INFO osc.OscSynced : creating synced value for /composition/layers/12/connectspecificclip
2024-06-17 01:57:18.728 INFO osc.OSCUtil : creating buttons for group 5 layer 2 (14)
2024-06-17 01:57:18.728 INFO osc.OscSynced : creating synced value for /composition/layers/14/connectspecificclip
2024-06-17 01:57:18.728 INFO osc.OSCUtil : creating buttons for group 5 layer 3 (15)
2024-06-17 01:57:18.728 INFO osc.OscSynced : creating synced value for /composition/layers/15/connectspecificclip
2024-06-17 01:57:18.728 INFO osc.OscSynced : creating synced value for /composition/layers/13/connectspecificclip
2024-06-17 01:57:18.729 INFO osc.OSCUtil : creating buttons for group 5 layer 4 (16)
2024-06-17 01:57:18.728 INFO osc.OSCUtil : creating buttons for group 5 layer 1 (13)
2024-06-17 01:57:18.729 INFO osc.OscSynced : creating synced value for /composition/layers/16/connectspecificclip
2024-06-17 01:57:18.729 INFO osc.OSCUtil : resolume group 3 layer 2 connectSpecificClip index -1
2024-06-17 01:57:18.729 INFO osc.OSCUtil : resolume group 3 layer 1 connectSpecificClip index -1
2024-06-17 01:57:18.729 INFO osc.OSCUtil : resolume group 2 layer 2 connectSpecificClip index -1
2024-06-17 01:57:18.729 INFO osc.OSCUtil : resolume group 1 layer 3 connectSpecificClip index -1
2024-06-17 01:57:18.729 INFO osc.OSCUtil : resolume group 3 layer 3 connectSpecificClip index -1
2024-06-17 01:57:18.729 INFO osc.OSCUtil : creating buttons for group 5 layer 5 (17)
2024-06-17 01:57:18.729 INFO osc.OscSynced : creating synced value for /composition/layers/17/connectspecificclip
2024-06-17 01:57:18.729 INFO osc.OSCUtil : creating buttons for group 6 layer 1 (18)
2024-06-17 01:57:18.729 INFO osc.OscSynced : creating synced value for /composition/layers/18/connectspecificclip
2024-06-17 01:57:18.729 INFO osc.OSCUtil : resolume group 4 layer 1 connectSpecificClip index -1
2024-06-17 01:57:18.729 INFO osc.OSCUtil : creating buttons for group 6 layer 2 (19)
2024-06-17 01:57:18.730 INFO osc.OscSynced : creating synced value for /composition/layers/19/connectspecificclip
2024-06-17 01:57:18.730 INFO osc.OSCUtil : creating buttons for group 6 layer 3 (20)
2024-06-17 01:57:18.730 INFO osc.OscSynced : creating synced value for /composition/layers/20/connectspecificclip
2024-06-17 01:57:18.730 INFO osc.OSCUtil : resolume group 1 layer 1 connectSpecificClip index -1
2024-06-17 01:57:18.730 INFO osc.OSCUtil : resolume group 1 layer 2 connectSpecificClip index -1
2024-06-17 01:57:18.730 INFO osc.OSCUtil : resolume group 2 layer 3 connectSpecificClip index -1
2024-06-17 01:57:18.730 INFO osc.OSCUtil : resolume group 2 layer 1 connectSpecificClip index -1
2024-06-17 01:57:18.730 INFO osc.OSCUtil : resolume group 4 layer 2 connectSpecificClip index -1
2024-06-17 01:57:18.730 INFO osc.OSCUtil : creating buttons for group 6 layer 4 (21)
2024-06-17 01:57:18.730 INFO osc.OSCUtil : resolume group 4 layer 3 connectSpecificClip index -1
2024-06-17 01:57:18.730 INFO osc.OscSynced : creating synced value for /composition/layers/21/connectspecificclip
2024-06-17 01:57:18.730 INFO osc.OSCUtil : resolume group 5 layer 1 connectSpecificClip index -1
2024-06-17 01:57:18.730 INFO osc.OSCUtil : resolume group 5 layer 2 connectSpecificClip index -1
2024-06-17 01:57:18.730 INFO osc.OSCUtil : creating buttons for group 6 layer 5 (22)
2024-06-17 01:57:18.730 INFO osc.OscSynced : creating synced value for /composition/layers/22/connectspecificclip
2024-06-17 01:57:18.730 INFO osc.OSCUtil : creating buttons for group 6 layer 6 (23)
2024-06-17 01:57:18.730 INFO osc.OscSynced : creating synced value for /composition/layers/23/connectspecificclip
2024-06-17 01:57:18.730 INFO osc.OSCUtil : creating buttons for group 6 layer 7 (24)
2024-06-17 01:57:18.730 INFO osc.OscSynced : creating synced value for /composition/layers/24/connectspecificclip
2024-06-17 01:57:18.731 INFO osc.OSCUtil : creating buttons for group 6 layer 8 (25)
2024-06-17 01:57:18.731 INFO osc.OscSynced : creating synced value for /composition/layers/25/connectspecificclip
2024-06-17 01:57:18.731 INFO osc.OSCUtil : creating buttons for group 6 layer 9 (26)
2024-06-17 01:57:18.731 INFO osc.OscSynced : creating synced value for /composition/layers/26/connectspecificclip
2024-06-17 01:57:18.731 INFO osc.OSCUtil : creating buttons for group 7 layer 1 (27)
2024-06-17 01:57:18.731 INFO osc.OscSynced : creating synced value for /composition/layers/27/connectspecificclip
2024-06-17 01:57:18.735 INFO osc.OSCUtil : resolume group 5 layer 3 connectSpecificClip index -1
2024-06-17 01:57:18.751 INFO osc.OSCUtil : resolume group 2 layer 2 changed to null
2024-06-17 01:57:18.751 INFO osc.OSCUtil : resolume group 4 layer 2 changed to null
2024-06-17 01:57:18.751 INFO osc.OSCUtil : resolume group 1 layer 1 changed to null
2024-06-17 01:57:18.751 INFO osc.OSCUtil : resolume group 5 layer 4 changed to null
2024-06-17 01:57:18.751 INFO osc.OSCUtil : resolume group 1 layer 2 changed to null
2024-06-17 01:57:18.751 INFO osc.OSCUtil : resolume group 5 layer 4 connectSpecificClip index -1
2024-06-17 01:57:18.751 INFO osc.OSCUtil : resolume group 4 layer 3 changed to null
2024-06-17 01:57:18.751 INFO osc.OSCUtil : resolume group 5 layer 5 changed to null
2024-06-17 01:57:18.751 INFO osc.OSCUtil : resolume group 2 layer 1 changed to null
2024-06-17 01:57:18.751 INFO osc.OSCUtil : resolume group 5 layer 5 connectSpecificClip index -1
2024-06-17 01:57:18.751 INFO osc.OSCUtil : resolume group 6 layer 1 connectSpecificClip index -1
2024-06-17 01:57:18.751 INFO osc.OSCUtil : resolume group 6 layer 1 changed to null
2024-06-17 01:57:18.751 INFO osc.OSCUtil : resolume group 6 layer 2 changed to null
2024-06-17 01:57:18.752 INFO osc.OSCUtil : resolume group 6 layer 4 changed to null
2024-06-17 01:57:18.751 INFO osc.OSCUtil : resolume group 6 layer 2 connectSpecificClip index -1
2024-06-17 01:57:18.752 INFO osc.OSCUtil : resolume group 6 layer 3 changed to null
2024-06-17 01:57:18.752 INFO osc.OSCUtil : resolume group 6 layer 5 connectSpecificClip index -1
2024-06-17 01:57:18.752 INFO osc.OSCUtil : resolume group 6 layer 4 connectSpecificClip index -1
2024-06-17 01:57:18.752 INFO osc.OSCUtil : resolume group 6 layer 3 connectSpecificClip index -1
2024-06-17 01:57:18.752 INFO osc.OSCUtil : resolume group 3 layer 1 changed to null
2024-06-17 01:57:18.752 INFO osc.OSCUtil : resolume group 4 layer 1 changed to null
2024-06-17 01:57:18.752 INFO osc.OSCUtil : resolume group 6 layer 5 changed to null
2024-06-17 01:57:18.752 INFO osc.OSCUtil : resolume group 5 layer 3 changed to null
2024-06-17 01:57:18.752 INFO osc.OSCUtil : resolume group 6 layer 6 connectSpecificClip index -1
2024-06-17 01:57:18.752 INFO osc.OSCUtil : resolume group 2 layer 3 changed to null
2024-06-17 01:57:18.752 INFO osc.OSCUtil : resolume group 6 layer 7 connectSpecificClip index -1
2024-06-17 01:57:18.752 INFO osc.OSCUtil : resolume group 6 layer 8 connectSpecificClip index -1
2024-06-17 01:57:18.752 INFO osc.OSCUtil : resolume group 3 layer 2 changed to null
2024-06-17 01:57:18.752 INFO osc.OSCUtil : resolume group 6 layer 9 connectSpecificClip index -1
2024-06-17 01:57:18.752 INFO osc.OSCUtil : resolume group 6 layer 9 changed to null
2024-06-17 01:57:18.752 INFO osc.OSCUtil : resolume group 7 layer 1 changed to null
2024-06-17 01:57:18.752 INFO osc.OSCUtil : resolume group 7 layer 1 connectSpecificClip index -1
2024-06-17 01:57:18.752 INFO osc.OSCUtil : resolume group 6 layer 7 changed to null
2024-06-17 01:57:18.752 INFO osc.OSCUtil : resolume group 6 layer 6 changed to null
2024-06-17 01:57:18.752 INFO osc.OSCUtil : resolume group 6 layer 8 changed to null
2024-06-17 01:57:18.752 INFO osc.OSCUtil : resolume group 5 layer 1 changed to null
2024-06-17 01:57:18.752 INFO osc.OSCUtil : resolume group 3 layer 3 changed to null
2024-06-17 01:57:18.753 INFO osc.OSCUtil : resolume group 1 layer 3 changed to null
2024-06-17 01:57:18.759 INFO osc.OSCUtil : resolume group 5 layer 2 changed to null
2024-06-17 01:57:18.761 INFO osc.OSCUtil : {}
2024-06-17 01:57:19.733 INFO osc.OscSynced : creating synced value for /beats
2024-06-17 01:57:19.734 INFO osc.OscSynced : creating synced value for /beatProgress
2024-06-17 01:57:19.734 INFO osc.OscSynced : creating synced value for /bpmRounded
2024-06-17 01:57:19.754 INFO nestdrop.loadQueuesKt : loading queues from C:\Users\nikky\VJ\NestDropProV2\DefaultUserProfile.xml
2024-06-17 01:57:21.384 INFO Config : loaded Config(beats=64, deck1=DeckConfig(triggerTime=0.75, transitionTime=1.0, presetQueue=PresetQueue(index=12, name=better_nested, autoChange=true, toggles=[]), preset=Preset(autoChange=true), sprite=Sprite(autoChange=false, index=-1, name=unset, toggles=[]), spriteQueue=SpriteQueue(index=0, name=sprites_fg), spoutQueue=SpoutQueue(index=1, name=spout_fg), spout=Spout(index=-1, label=unset), spriteFX=SpriteFX(autoChange=false, blendMode=false, index=0, toggles=[]), bpmSync=BpmSync(enabled=false, multiplier=4), strobe=Strobe(enabled=false)), deck2=DeckConfig(triggerTime=0.25, transitionTime=1.0, presetQueue=PresetQueue(index=6, name=fill_color_calm, autoChange=true, toggles=[]), preset=Preset(autoChange=true), sprite=Sprite(autoChange=false, index=0, name=transpower.png, toggles=[]), spriteQueue=SpriteQueue(index=0, name=sprites_bg), spoutQueue=SpoutQueue(index=1, name=spout_bg), spout=Spout(index=-1, label=unset), spriteFX=SpriteFX(autoChange=false, blendMode=false, index=0, toggles=[]), bpmSync=BpmSync(enabled=false, multiplier=4), strobe=Strobe(enabled=false)))
2024-06-17 01:57:21.387 INFO nestcontrol.deck.DeckConfigKt : loading presets from queue
2024-06-17 01:57:21.390 INFO nestcontrol.deck.DeckConfigKt : loaded deck1 [Preset(index=0, name=transpower.png, effects=84, overlay=false), Preset(index=1, name=estrogen.png, effects=52, overlay=false), Preset(index=2, name=lsd.jpg, effects=52, overlay=false), Preset(index=3, name=psilocybin.jpg, effects=52, overlay=false), Preset(index=4, name=NEST LOGO_4K.jpg, effects=54, overlay=false), Preset(index=5, name=impossible-161955.png, effects=56, overlay=false), Preset(index=6, name=glowing cat.jpg, effects=94, overlay=false), Preset(index=7, name=red eyes.jpg, effects=52, overlay=false), Preset(index=8, name=Recursion Hexagon - Jason Fletcher.png, effects=84, overlay=false), Preset(index=9, name=radiation-646212.png, effects=54, overlay=false), Preset(index=10, name=biohazard-148696.png, effects=52, overlay=false), Preset(index=11, name=under-construction-2408062.png, effects=52, overlay=false), Preset(index=12, name=warning-44458.png, effects=52, overlay=false), Preset(index=13, name=nezulie-icon.png, effects=54, overlay=false), Preset(index=14, name=nezulie-N.png, effects=50, overlay=false), Preset(index=15, name=nezulie-E.png, effects=52, overlay=false), Preset(index=16, name=nezulie-Z.png, effects=94, overlay=false), Preset(index=17, name=nezulie-U.png, effects=52, overlay=false), Preset(index=18, name=nezulie-L.png, effects=95, overlay=false), Preset(index=19, name=chaosdorf_green.png, effects=96, overlay=false), Preset(index=20, name=chaosdorf_monochrome.png, effects=0, overlay=false), Preset(index=21, name=nik_the_dusky.png, effects=56, overlay=false), Preset(index=22, name=tinybrainplayzX4.png, effects=50, overlay=true)]
2024-06-17 01:57:21.391 INFO nestcontrol.deck.DeckConfigKt : loading presets from queue
2024-06-17 01:57:21.391 INFO nestcontrol.deck.DeckConfigKt : loading presets from queue
2024-06-17 01:57:21.391 INFO nestcontrol.deck.DeckConfigKt : loaded deck2 [Preset(index=0, name=transpower.png, effects=94, overlay=false), Preset(index=1, name=estrogen.png, effects=50, overlay=false), Preset(index=2, name=lsd.jpg, effects=50, overlay=false), Preset(index=3, name=psilocybin.jpg, effects=52, overlay=false), Preset(index=4, name=NEST LOGO_4K.jpg, effects=50, overlay=false), Preset(index=5, name=impossible-161955.png, effects=54, overlay=false), Preset(index=6, name=glowing cat.jpg, effects=54, overlay=false), Preset(index=7, name=red eyes.jpg, effects=52, overlay=false), Preset(index=8, name=Recursion Hexagon - Jason Fletcher.png, effects=32, overlay=false), Preset(index=9, name=radiation-646212.png, effects=94, overlay=false), Preset(index=10, name=biohazard-148696.png, effects=94, overlay=false), Preset(index=11, name=under-construction-2408062.png, effects=52, overlay=false), Preset(index=12, name=warning-44458.png, effects=50, overlay=false), Preset(index=13, name=nezulie-icon.png, effects=56, overlay=false), Preset(index=14, name=nezulie-N.png, effects=95, overlay=false), Preset(index=15, name=nezulie-E.png, effects=95, overlay=false), Preset(index=16, name=nezulie-Z.png, effects=52, overlay=false), Preset(index=17, name=nezulie-U.png, effects=95, overlay=false), Preset(index=18, name=nezulie-L.png, effects=52, overlay=false), Preset(index=19, name=chaosdorf_green.png, effects=50, overlay=false), Preset(index=20, name=chaosdorf_monochrome.png, effects=0, overlay=false), Preset(index=21, name=nik_the_dusky.png, effects=50, overlay=false), Preset(index=22, name=tinybrainplayzX4.png, effects=54, overlay=false)]
2024-06-17 01:57:21.393 INFO nestcontrol.deck.DeckConfigKt : loading presets from queue
2024-06-17 01:57:21.894 INFO nestdrop.deck.PresetQueues : initializing preset queues
2024-06-17 01:57:21.895 INFO nestdrop.deck.PresetQueues : queues updated
2024-06-17 01:57:21.898 INFO nestdrop.deck.PresetQueues : combining queues with deck switches
2024-06-17 01:57:21.898 INFO nestdrop.deck.PresetQueues : queues updated
2024-06-17 01:57:21.899 INFO nestdrop.deck.PresetQueues : queues updated
2024-06-17 01:57:21.899 INFO nestdrop.deck.PresetQueues : combining queues with deck switches
2024-06-17 01:57:21.900 INFO nestdrop.deck.Deck : initializing deck1
2024-06-17 01:57:21.900 INFO nestdrop.deck.PresetQueues : combining queues with deck switches
2024-06-17 01:57:21.900 INFO nestdrop.deck.PresetQueues : queues updated
2024-06-17 01:57:21.900 INFO nestdrop.deck.PresetQueues : queues updated
2024-06-17 01:57:21.900 INFO nestdrop.deck.PresetQueues : combining queues with deck switches
2024-06-17 01:57:21.911 INFO nestdrop.deck.Deck : initializing deck1 preset queue
2024-06-17 01:57:21.916 INFO nestdrop.deck.Deck : initializing deck1 preset
2024-06-17 01:57:21.917 INFO nestdrop.deck.Deck : deck1 queue: better_nested
2024-06-17 01:57:21.920 INFO nestdrop.deck.Deck : initializing deck1 sprite queues
2024-06-17 01:57:21.923 INFO nestdrop.deck.Deck : initializing deck1 sprite queue
2024-06-17 01:57:21.928 INFO nestcontrol.deck.DeckConfigKt : SPRITE
2024-06-17 01:57:21.931 INFO nestdrop.deck.Deck : initializing deck1 sprite
2024-06-17 01:57:21.933 INFO nestcontrol.deck.DeckConfigKt : SPRITE
2024-06-17 01:57:21.936 INFO nestdrop.deck.Deck : initializing deck1 sprite fx
2024-06-17 01:57:21.938 INFO nestdrop.deck.Deck : initializing deck1 spout queue
2024-06-17 01:57:21.938 INFO nestdrop.deck.Deck : setting deck1 FX to 0
2024-06-17 01:57:21.942 INFO nestdrop.deck.Deck : initializing deck1 spout
2024-06-17 01:57:21.945 INFO nestdrop.deck.Deck : deck1 spout name null
2024-06-17 01:57:21.946 INFO nestdrop.deck.Deck : initializing deck2
2024-06-17 01:57:21.946 INFO nestdrop.deck.Deck : initializing deck2 preset queue
2024-06-17 01:57:21.946 INFO nestdrop.deck.Deck : deck2 queue: fill_color_calm
2024-06-17 01:57:21.946 INFO nestdrop.deck.Deck : initializing deck2 sprite queue
2024-06-17 01:57:21.946 INFO nestdrop.deck.Deck : initializing deck2 sprite
2024-06-17 01:57:21.946 INFO nestdrop.deck.Deck : initializing deck2 spout
2024-06-17 01:57:21.947 INFO nestdrop.deck.Deck : setting deck2 FX to 0
2024-06-17 01:57:21.946 INFO nestdrop.deck.Deck : initializing deck2 sprite fx
2024-06-17 01:57:21.946 INFO nestdrop.deck.Deck : initializing deck2 spout queue
2024-06-17 01:57:21.946 INFO nestdrop.deck.Deck : initializing deck2 preset
2024-06-17 01:57:21.946 INFO nestdrop.deck.Deck : initializing deck2 sprite queues
2024-06-17 01:57:21.946 INFO nestdrop.deck.Deck : deck2 queue: null
2024-06-17 01:57:21.947 INFO nestcontrol.deck.DeckConfigKt : SPRITE
2024-06-17 01:57:21.947 INFO nestcontrol.deck.DeckConfigKt : SPRITE
2024-06-17 01:57:21.947 INFO nestdrop.deck.Deck : deck2 spout name null
2024-06-17 01:57:21.947 INFO nestdrop.deck.Deck : spout sync triggered
2024-06-17 01:57:21.947 INFO nestdrop.deck.Deck : spout sync triggered
2024-06-17 01:57:21.948 INFO nestdrop.deck.Deck : deck1 spout queue changed: spout_fg
2024-06-17 01:57:21.949 INFO nestdrop.deck.Deck : deck2 spout index changed: -1
2024-06-17 01:57:21.949 INFO nestdrop.deck.Deck : deck2 spout queue changed: spout_bg
2024-06-17 01:57:21.949 INFO nestdrop.deck.Deck : deck1 spout index changed: -1
2024-06-17 01:57:21.951 INFO nestdrop.deck.loadDeckSettingsKt : loading settings from deck1
2024-06-17 01:57:22.029 INFO nestdrop.deck.loadDeckSettingsKt : DeckSettings(deckPanelsIsOpen=StringValue(value=1,1,0,0,0,1), transitTime=FloatValue(value=3.6), fps=IntValue(value=30), animationSpeed=FloatValue(value=0.5431015), zoomSpeed=FloatValue(value=0.9), ZoomExp=FloatValue(value=1.0), rotationSpeed=FloatValue(value=0.9), wrapSpeed=FloatValue(value=0.8), horizontalMotion=FloatValue(value=0.0), verticalMotion=FloatValue(value=0.0), stretchSpeed=FloatValue(value=1.0), waveMode=FloatValue(value=1.0), negative=FloatValue(value=0.0), red=FloatValue(value=1.0), green=FloatValue(value=1.0), blue=FloatValue(value=1.0), brightness=FloatValue(value=1.0), contrast=FloatValue(value=1.0), gamma=FloatValue(value=1.0), hue=FloatValue(value=0.0), saturation=FloatValue(value=1.0), lumaKey=RangeValue(min=0.0, max=1.0), alpha=FloatValue(value=1.0), strobe=Strobe(effectIndex=14, color=4294967295, effectSpanMin=0.0, effectSpanMax=1.0, triggerIndex=0, speed=0.3, pulseWidth=1.0, waveFormIndex=2), audio=Audio(channel=3, bass=1.0, mid=1.0, treble=1.0), spout=Spout(width=1920, height=1080), videoDeck=VideoDeck(preview=4, topMost=false), outputMonitor=IntValue(value=0), ndi=BooleanValue(value=false))
2024-06-17 01:57:22.029 INFO nestdrop.deck.loadDeckSettingsKt : loading settings from deck2
2024-06-17 01:57:22.051 INFO nestdrop.deck.Deck : deck1 spout change: -1 in spout_fg
2024-06-17 01:57:22.051 INFO nestdrop.deck.Deck : deck2 spout change: -1 in spout_bg
2024-06-17 01:57:22.077 INFO nestdrop.deck.loadDeckSettingsKt : DeckSettings(deckPanelsIsOpen=StringValue(value=1,1,0,0,0,0), transitTime=FloatValue(value=3.2), fps=IntValue(value=30), animationSpeed=FloatValue(value=0.5431015), zoomSpeed=FloatValue(value=1.0), ZoomExp=FloatValue(value=1.0), rotationSpeed=FloatValue(value=1.0), wrapSpeed=FloatValue(value=1.0), horizontalMotion=FloatValue(value=0.0), verticalMotion=FloatValue(value=0.0), stretchSpeed=FloatValue(value=1.0), waveMode=FloatValue(value=0.0), negative=FloatValue(value=0.0), red=FloatValue(value=1.0), green=FloatValue(value=1.0), blue=FloatValue(value=1.0), brightness=FloatValue(value=1.0), contrast=FloatValue(value=1.0), gamma=FloatValue(value=1.0), hue=FloatValue(value=0.0), saturation=FloatValue(value=1.0), lumaKey=RangeValue(min=0.0, max=1.0), alpha=FloatValue(value=1.0), strobe=Strobe(effectIndex=14, color=4294967295, effectSpanMin=0.0, effectSpanMax=1.0, triggerIndex=0, speed=0.3, pulseWidth=1.0, waveFormIndex=2), audio=Audio(channel=3, bass=1.0, mid=1.0, treble=1.0), spout=Spout(width=1920, height=1080), videoDeck=VideoDeck(preview=4, topMost=false), outputMonitor=IntValue(value=0), ndi=BooleanValue(value=false))
2024-06-17 01:57:22.077 INFO nestcontrol.deck.DeckConfigKt : SPRITE
2024-06-17 01:57:22.077 INFO nestcontrol.deck.DeckConfigKt : SPRITE
2024-06-17 01:57:22.077 INFO nestcontrol.deck.DeckConfigKt : SPRITE
2024-06-17 01:57:22.078 INFO nestcontrol.deck.DeckConfigKt : SPRITE
2024-06-17 01:57:22.078 INFO nestcontrol.deck.DeckConfigKt : SPRITE
2024-06-17 01:57:22.078 INFO Main : initializing OSC
2024-06-17 01:57:22.104 INFO nestdrop.NestdropSpriteQueue : ND: received same preset id again, resetting sprites_bg to Preset(index=0, name=transpower.png, effects=94, overlay=false)
2024-06-17 01:57:22.160 INFO nestdrop.deck.Deck : setting deck2 FX to 0
2024-06-17 01:57:22.160 INFO nestdrop.deck.Deck : setting deck2 FX to 50
2024-06-17 01:57:22.336 INFO Config : saving config Config(beats=64, deck1=DeckConfig(triggerTime=0.75, transitionTime=1.0, presetQueue=PresetQueue(index=12, name=better_nested, autoChange=true, toggles=[]), preset=Preset(autoChange=true), sprite=Sprite(autoChange=false, index=-1, name=unset, toggles=[]), spriteQueue=SpriteQueue(index=0, name=sprites_fg), spoutQueue=SpoutQueue(index=1, name=spout_fg), spout=Spout(index=-1, label=unset), spriteFX=SpriteFX(autoChange=false, blendMode=false, index=0, toggles=[]), bpmSync=BpmSync(enabled=false, multiplier=4), strobe=Strobe(enabled=false)), deck2=DeckConfig(triggerTime=0.25, transitionTime=1.0, presetQueue=PresetQueue(index=6, name=fill_color_calm, autoChange=true, toggles=[]), preset=Preset(autoChange=true), sprite=Sprite(autoChange=false, index=0, name=transpower.png, toggles=[]), spriteQueue=SpriteQueue(index=0, name=sprites_bg), spoutQueue=SpoutQueue(index=1, name=spout_bg), spout=Spout(index=-1, label=unset), spriteFX=SpriteFX(autoChange=false, blendMode=false, index=0, toggles=[]), bpmSync=BpmSync(enabled=false, multiplier=4), strobe=Strobe(enabled=false)))
2024-06-17 01:57:22.605 INFO Main : re-emitting all values
2024-06-17 01:57:22.609 INFO Main : await application
2024-06-17 01:57:27.599 INFO nestdrop.deck.Deck : triggered at 16.196164454015104, 16.0
2024-06-17 01:57:27.600 INFO nestdrop.deck.Deck : deck2.presetQueue.next()
2024-06-17 01:57:27.601 INFO nestdrop.deck.Deck : deck2.preset.next()
2024-06-17 01:57:27.602 INFO nestdrop.deck.Deck : switching fill_color_calm to 8 'Preset(index=8, name=BDRV Aderrasi - Potion of Resurrection BDRV et  AL  rmx2 [flexis quasi-psychose mix].milk, effects=0, overlay=null)'
2024-06-17 01:57:43.057 INFO nestdrop.deck.Deck : deck1.presetQueue.next()
2024-06-17 01:57:43.057 INFO nestdrop.deck.Deck : triggered at 48.038358817672716, 48.0
2024-06-17 01:57:43.057 INFO nestdrop.deck.Deck : deck1.preset.next()
2024-06-17 01:57:43.057 INFO nestdrop.deck.Deck : switching better_nested to 103 'Preset(index=103, name=LuxXx - SickSticks wid It v02alpha.milk, effects=0, overlay=null)'
2024-06-17 01:57:58.591 INFO nestdrop.deck.Deck : triggered at 16.017330592727653, 16.0
2024-06-17 01:57:58.591 INFO nestdrop.deck.Deck : deck2.preset.next()
2024-06-17 01:57:58.591 INFO nestdrop.deck.Deck : deck2.presetQueue.next()
2024-06-17 01:57:58.591 INFO nestdrop.deck.Deck : switching fill_color_calm to 1 'Preset(index=1, name=Tripgnosis - Dark Matter Glowstix - cattle mutilator - 25 years of selectricitai nz+.milk, effects=0, overlay=null)'
2024-06-17 01:58:14.144 INFO nestdrop.deck.Deck : deck1.preset.next()
2024-06-17 01:58:14.144 INFO nestdrop.deck.Deck : switching better_nested to 38 'Preset(index=38, name=Geiss - Liquid Beats (Jelly).milk, effects=0, overlay=null)'
2024-06-17 01:58:14.144 INFO nestdrop.deck.Deck : triggered at 48.05409313608808, 48.0
2024-06-17 01:58:14.144 INFO nestdrop.deck.Deck : deck1.presetQueue.next()
2024-06-17 01:58:29.684 INFO nestdrop.deck.Deck : switching fill_color_calm to 7 'Preset(index=7, name=va ultramix - 381.milk, effects=0, overlay=null)'
2024-06-17 01:58:29.684 INFO nestdrop.deck.Deck : triggered at 16.066030812835766, 16.0
2024-06-17 01:58:29.684 INFO nestdrop.deck.Deck : deck2.presetQueue.next()
2024-06-17 01:58:29.684 INFO nestdrop.deck.Deck : deck2.preset.next()
