2024-06-17 00:14:48.669 WARN Main : WARN
2024-06-17 00:14:48.679 ERROR Main : ERROR
2024-06-17 00:14:48.681 FATAL Main : FATAL
2024-06-17 00:14:48.690 INFO osc.OscSynced : creating synced value for /bpm
2024-06-17 00:14:48.690 INFO osc.OscSynced : creating synced value for /peers
2024-06-17 00:14:48.686 INFO osc.OscSynced : creating synced value for /linkConnected
2024-06-17 00:14:48.697 WARN Main : waiting for link to connect
2024-06-17 00:14:48.815 INFO Link : connecting to ableton link...
2024-06-17 00:14:49.263 INFO osc.OscSynced : creating synced value for /composition/groups/1/video/effects/motionextraction/bypassed
2024-06-17 00:14:49.264 INFO osc.OscSynced : creating synced value for /composition/groups/1/video/effects/automask/bypassed
2024-06-17 00:14:49.263 INFO osc.OscSynced : creating synced value for /composition/groups/1/video/effects/motionextraction/effect/delay
2024-06-17 00:14:49.264 INFO osc.OscSynced : creating synced value for /resolume/1/motion_extraction/enabled
2024-06-17 00:14:49.271 INFO osc.OscSynced : creating synced value for /resolume/1/motion_extraction/delay
2024-06-17 00:14:49.275 INFO osc.OscSynced : creating synced value for /resolume/1/auto_mask
2024-06-17 00:14:49.282 INFO osc.OscSynced : creating synced value for /composition/groups/2/video/effects/motionextraction/bypassed
2024-06-17 00:14:49.284 INFO osc.OscSynced : creating synced value for /resolume/2/motion_extraction/delay
2024-06-17 00:14:49.283 INFO osc.OscSynced : creating synced value for /composition/groups/2/video/effects/automask/bypassed
2024-06-17 00:14:49.283 INFO osc.OscSynced : creating synced value for /resolume/2/motion_extraction/enabled
2024-06-17 00:14:49.284 INFO osc.OscSynced : creating synced value for /resolume/2/auto_mask
2024-06-17 00:14:49.283 INFO osc.OscSynced : creating synced value for /composition/groups/2/video/effects/motionextraction/effect/delay
2024-06-17 00:14:49.284 INFO osc.OscSynced : creating synced value for /composition/groups/3/video/effects/motionextraction/bypassed
2024-06-17 00:14:49.284 INFO osc.OscSynced : creating synced value for /composition/groups/3/video/effects/motionextraction/effect/delay
2024-06-17 00:14:49.285 INFO osc.OscSynced : creating synced value for /composition/groups/3/video/effects/automask/bypassed
2024-06-17 00:14:49.285 INFO osc.OscSynced : creating synced value for /resolume/3/motion_extraction/delay
2024-06-17 00:14:49.285 INFO osc.OscSynced : creating synced value for /resolume/4/motion_extraction/enabled
2024-06-17 00:14:49.285 INFO osc.OscSynced : creating synced value for /resolume/3/motion_extraction/enabled
2024-06-17 00:14:49.285 INFO osc.OscSynced : creating synced value for /resolume/3/auto_mask
2024-06-17 00:14:49.285 INFO osc.OscSynced : creating synced value for /composition/groups/4/video/effects/motionextraction/bypassed
2024-06-17 00:14:49.285 INFO osc.OscSynced : creating synced value for /composition/groups/4/video/effects/motionextraction/effect/delay
2024-06-17 00:14:49.285 INFO osc.OscSynced : creating synced value for /composition/groups/4/video/effects/automask/bypassed
2024-06-17 00:14:49.285 INFO osc.OscSynced : creating synced value for /resolume/4/motion_extraction/delay
2024-06-17 00:14:49.285 INFO osc.OscSynced : creating synced value for /resolume/4/auto_mask
2024-06-17 00:14:49.332 INFO osc.OSCUtil : creating buttons for group 1 layer 1 (1)
2024-06-17 00:14:49.333 INFO osc.OscSynced : creating synced value for /composition/layers/1/connectspecificclip
2024-06-17 00:14:49.338 INFO osc.OSCUtil : creating buttons for group 1 layer 2 (2)
2024-06-17 00:14:49.338 INFO osc.OscSynced : creating synced value for /composition/layers/2/connectspecificclip
2024-06-17 00:14:49.338 INFO osc.OSCUtil : creating buttons for group 1 layer 3 (3)
2024-06-17 00:14:49.339 INFO osc.OscSynced : creating synced value for /composition/layers/3/connectspecificclip
2024-06-17 00:14:49.339 INFO osc.OscSynced : creating synced value for /composition/layers/4/connectspecificclip
2024-06-17 00:14:49.339 INFO osc.OSCUtil : creating buttons for group 2 layer 1 (4)
2024-06-17 00:14:49.339 INFO osc.OSCUtil : creating buttons for group 2 layer 2 (5)
2024-06-17 00:14:49.339 INFO osc.OscSynced : creating synced value for /composition/layers/5/connectspecificclip
2024-06-17 00:14:49.340 INFO osc.OSCUtil : creating buttons for group 2 layer 3 (6)
2024-06-17 00:14:49.340 INFO osc.OscSynced : creating synced value for /composition/layers/6/connectspecificclip
2024-06-17 00:14:49.340 INFO osc.OscSynced : creating synced value for /composition/layers/7/connectspecificclip
2024-06-17 00:14:49.340 INFO osc.OSCUtil : creating buttons for group 3 layer 1 (7)
2024-06-17 00:14:49.340 INFO osc.OSCUtil : creating buttons for group 3 layer 2 (8)
2024-06-17 00:14:49.340 INFO osc.OscSynced : creating synced value for /composition/layers/8/connectspecificclip
2024-06-17 00:14:49.340 INFO osc.OSCUtil : creating buttons for group 3 layer 3 (9)
2024-06-17 00:14:49.340 INFO osc.OscSynced : creating synced value for /composition/layers/9/connectspecificclip
2024-06-17 00:14:49.341 INFO osc.OSCUtil : creating buttons for group 4 layer 1 (10)
2024-06-17 00:14:49.341 INFO osc.OscSynced : creating synced value for /composition/layers/10/connectspecificclip
2024-06-17 00:14:49.341 INFO osc.OSCUtil : creating buttons for group 4 layer 2 (11)
2024-06-17 00:14:49.341 INFO osc.OscSynced : creating synced value for /composition/layers/11/connectspecificclip
2024-06-17 00:14:49.341 INFO osc.OSCUtil : creating buttons for group 4 layer 3 (12)
2024-06-17 00:14:49.341 INFO osc.OscSynced : creating synced value for /composition/layers/13/connectspecificclip
2024-06-17 00:14:49.341 INFO osc.OscSynced : creating synced value for /composition/layers/12/connectspecificclip
2024-06-17 00:14:49.341 INFO osc.OSCUtil : creating buttons for group 5 layer 1 (13)
2024-06-17 00:14:49.342 INFO osc.OSCUtil : creating buttons for group 5 layer 2 (14)
2024-06-17 00:14:49.342 INFO osc.OscSynced : creating synced value for /composition/layers/14/connectspecificclip
2024-06-17 00:14:49.342 INFO osc.OSCUtil : creating buttons for group 5 layer 3 (15)
2024-06-17 00:14:49.342 INFO osc.OscSynced : creating synced value for /composition/layers/15/connectspecificclip
2024-06-17 00:14:49.342 INFO osc.OSCUtil : creating buttons for group 5 layer 4 (16)
2024-06-17 00:14:49.342 INFO osc.OscSynced : creating synced value for /composition/layers/16/connectspecificclip
2024-06-17 00:14:49.342 INFO osc.OSCUtil : creating buttons for group 5 layer 5 (17)
2024-06-17 00:14:49.343 INFO osc.OscSynced : creating synced value for /composition/layers/17/connectspecificclip
2024-06-17 00:14:49.343 INFO osc.OSCUtil : resolume group 2 layer 3 connectSpecificClip index -1
2024-06-17 00:14:49.343 INFO osc.OSCUtil : resolume group 1 layer 1 connectSpecificClip index -1
2024-06-17 00:14:49.343 INFO osc.OSCUtil : resolume group 1 layer 3 connectSpecificClip index -1
2024-06-17 00:14:49.343 INFO osc.OSCUtil : resolume group 2 layer 2 connectSpecificClip index -1
2024-06-17 00:14:49.343 INFO osc.OSCUtil : resolume group 3 layer 1 connectSpecificClip index -1
2024-06-17 00:14:49.343 INFO osc.OSCUtil : resolume group 2 layer 1 connectSpecificClip index -1
2024-06-17 00:14:49.343 INFO osc.OSCUtil : creating buttons for group 6 layer 1 (18)
2024-06-17 00:14:49.343 INFO osc.OSCUtil : resolume group 3 layer 2 connectSpecificClip index -1
2024-06-17 00:14:49.343 INFO osc.OscSynced : creating synced value for /composition/layers/18/connectspecificclip
2024-06-17 00:14:49.343 INFO osc.OSCUtil : resolume group 3 layer 3 connectSpecificClip index -1
2024-06-17 00:14:49.343 INFO osc.OSCUtil : resolume group 4 layer 1 connectSpecificClip index -1
2024-06-17 00:14:49.344 INFO osc.OscSynced : creating synced value for /composition/layers/20/connectspecificclip
2024-06-17 00:14:49.343 INFO osc.OSCUtil : creating buttons for group 6 layer 3 (20)
2024-06-17 00:14:49.343 INFO osc.OSCUtil : resolume group 4 layer 2 connectSpecificClip index -1
2024-06-17 00:14:49.343 INFO osc.OscSynced : creating synced value for /composition/layers/19/connectspecificclip
2024-06-17 00:14:49.343 INFO osc.OSCUtil : resolume group 5 layer 1 connectSpecificClip index -1
2024-06-17 00:14:49.343 INFO osc.OSCUtil : resolume group 4 layer 3 connectSpecificClip index -1
2024-06-17 00:14:49.343 INFO osc.OSCUtil : creating buttons for group 6 layer 2 (19)
2024-06-17 00:14:49.344 INFO osc.OSCUtil : creating buttons for group 6 layer 4 (21)
2024-06-17 00:14:49.344 INFO osc.OscSynced : creating synced value for /composition/layers/21/connectspecificclip
2024-06-17 00:14:49.344 INFO osc.OSCUtil : creating buttons for group 6 layer 5 (22)
2024-06-17 00:14:49.344 INFO osc.OscSynced : creating synced value for /composition/layers/22/connectspecificclip
2024-06-17 00:14:49.344 INFO osc.OSCUtil : creating buttons for group 6 layer 6 (23)
2024-06-17 00:14:49.346 INFO osc.OscSynced : creating synced value for /composition/layers/23/connectspecificclip
2024-06-17 00:14:49.346 INFO osc.OSCUtil : creating buttons for group 6 layer 7 (24)
2024-06-17 00:14:49.346 INFO osc.OSCUtil : creating buttons for group 6 layer 8 (25)
2024-06-17 00:14:49.346 INFO osc.OscSynced : creating synced value for /composition/layers/24/connectspecificclip
2024-06-17 00:14:49.346 INFO osc.OSCUtil : resolume group 1 layer 2 connectSpecificClip index -1
2024-06-17 00:14:49.346 INFO osc.OscSynced : creating synced value for /composition/layers/25/connectspecificclip
2024-06-17 00:14:49.346 INFO osc.OSCUtil : resolume group 5 layer 2 connectSpecificClip index -1
2024-06-17 00:14:49.346 INFO osc.OSCUtil : creating buttons for group 6 layer 9 (26)
2024-06-17 00:14:49.346 INFO osc.OscSynced : creating synced value for /composition/layers/26/connectspecificclip
2024-06-17 00:14:49.346 INFO osc.OSCUtil : creating buttons for group 7 layer 1 (27)
2024-06-17 00:14:49.346 INFO osc.OscSynced : creating synced value for /composition/layers/27/connectspecificclip
2024-06-17 00:14:49.347 INFO osc.OSCUtil : resolume group 5 layer 3 connectSpecificClip index -1
2024-06-17 00:14:49.364 INFO osc.OSCUtil : resolume group 3 layer 3 changed to null
2024-06-17 00:14:49.364 INFO osc.OSCUtil : resolume group 2 layer 2 changed to null
2024-06-17 00:14:49.364 INFO osc.OSCUtil : resolume group 5 layer 4 changed to null
2024-06-17 00:14:49.364 INFO osc.OSCUtil : resolume group 2 layer 3 changed to null
2024-06-17 00:14:49.364 INFO osc.OSCUtil : resolume group 3 layer 1 changed to null
2024-06-17 00:14:49.364 INFO osc.OSCUtil : resolume group 5 layer 5 connectSpecificClip index -1
2024-06-17 00:14:49.364 INFO osc.OSCUtil : resolume group 6 layer 1 changed to null
2024-06-17 00:14:49.364 INFO osc.OSCUtil : resolume group 5 layer 4 connectSpecificClip index -1
2024-06-17 00:14:49.364 INFO osc.OSCUtil : resolume group 5 layer 5 changed to null
2024-06-17 00:14:49.364 INFO osc.OSCUtil : resolume group 5 layer 2 changed to null
2024-06-17 00:14:49.364 INFO osc.OSCUtil : resolume group 5 layer 3 changed to null
2024-06-17 00:14:49.364 INFO osc.OSCUtil : resolume group 6 layer 1 connectSpecificClip index -1
2024-06-17 00:14:49.364 INFO osc.OSCUtil : resolume group 6 layer 2 connectSpecificClip index -1
2024-06-17 00:14:49.364 INFO osc.OSCUtil : resolume group 6 layer 3 changed to null
2024-06-17 00:14:49.364 INFO osc.OSCUtil : resolume group 6 layer 2 changed to null
2024-06-17 00:14:49.364 INFO osc.OSCUtil : resolume group 6 layer 4 connectSpecificClip index -1
2024-06-17 00:14:49.364 INFO osc.OSCUtil : resolume group 6 layer 4 changed to null
2024-06-17 00:14:49.364 INFO osc.OSCUtil : resolume group 6 layer 3 connectSpecificClip index -1
2024-06-17 00:14:49.364 INFO osc.OSCUtil : resolume group 6 layer 5 changed to null
2024-06-17 00:14:49.364 INFO osc.OSCUtil : resolume group 6 layer 5 connectSpecificClip index -1
2024-06-17 00:14:49.364 INFO osc.OSCUtil : resolume group 6 layer 6 connectSpecificClip index -1
2024-06-17 00:14:49.364 INFO osc.OSCUtil : resolume group 6 layer 7 changed to null
2024-06-17 00:14:49.364 INFO osc.OSCUtil : resolume group 6 layer 6 changed to null
2024-06-17 00:14:49.364 INFO osc.OSCUtil : resolume group 6 layer 7 connectSpecificClip index -1
2024-06-17 00:14:49.364 INFO osc.OSCUtil : resolume group 6 layer 8 connectSpecificClip index -1
2024-06-17 00:14:49.364 INFO osc.OSCUtil : resolume group 6 layer 9 changed to null
2024-06-17 00:14:49.364 INFO osc.OSCUtil : resolume group 6 layer 9 connectSpecificClip index -1
2024-06-17 00:14:49.364 INFO osc.OSCUtil : resolume group 6 layer 8 changed to null
2024-06-17 00:14:49.364 INFO osc.OSCUtil : resolume group 7 layer 1 changed to null
2024-06-17 00:14:49.364 INFO osc.OSCUtil : resolume group 7 layer 1 connectSpecificClip index -1
2024-06-17 00:14:49.364 INFO osc.OSCUtil : resolume group 4 layer 3 changed to null
2024-06-17 00:14:49.364 INFO osc.OSCUtil : resolume group 1 layer 1 changed to null
2024-06-17 00:14:49.364 INFO osc.OSCUtil : resolume group 1 layer 3 changed to null
2024-06-17 00:14:49.364 INFO osc.OSCUtil : resolume group 3 layer 2 changed to null
2024-06-17 00:14:49.365 INFO osc.OSCUtil : resolume group 5 layer 1 changed to null
2024-06-17 00:14:49.364 INFO osc.OSCUtil : resolume group 2 layer 1 changed to null
2024-06-17 00:14:49.372 INFO osc.OSCUtil : resolume group 4 layer 1 changed to null
2024-06-17 00:14:49.372 INFO osc.OSCUtil : resolume group 1 layer 2 changed to null
2024-06-17 00:14:49.374 INFO osc.OSCUtil : resolume group 4 layer 2 changed to null
2024-06-17 00:14:49.382 INFO osc.OSCUtil : {}
2024-06-17 00:14:50.349 INFO osc.OscSynced : creating synced value for /beats
2024-06-17 00:14:50.350 INFO osc.OscSynced : creating synced value for /bpmRounded
2024-06-17 00:14:50.350 INFO osc.OscSynced : creating synced value for /beatProgress
2024-06-17 00:14:50.360 INFO nestdrop.loadQueuesKt : loading queues from C:\Users\nikky\VJ\NestDropProV2\DefaultUserProfile.xml
2024-06-17 00:14:52.067 INFO Config : loaded Config(beats=64, deck1=DeckConfig(triggerTime=0.75, transitionTime=1.0, presetQueue=PresetQueue(index=17, name=nested_sym, autoChange=true, toggles=[better_nested, nested_sym]), preset=Preset(autoChange=false), sprite=Sprite(autoChange=false, index=-1, name=null, toggles=[]), spriteQueue=SpriteQueue(index=0, name=sprites_fg), spoutQueue=SpoutQueue(index=1, name=spout_fg), spout=Spout(index=-1, label=unset), spriteFX=SpriteFX(autoChange=false, blendMode=false, index=0, toggles=[]), bpmSync=BpmSync(enabled=false, multiplier=4), strobe=Strobe(enabled=false)), deck2=DeckConfig(triggerTime=0.25, transitionTime=1.0, presetQueue=PresetQueue(index=8, name=motion_slow_bg, autoChange=true, toggles=[fill_color_calm, motion_bg, motion_slow_bg]), preset=Preset(autoChange=false), sprite=Sprite(autoChange=false, index=-1, name=null, toggles=[]), spriteQueue=SpriteQueue(index=0, name=sprites_bg), spoutQueue=SpoutQueue(index=1, name=spout_bg), spout=Spout(index=-1, label=unset), spriteFX=SpriteFX(autoChange=false, blendMode=false, index=0, toggles=[]), bpmSync=BpmSync(enabled=false, multiplier=4), strobe=Strobe(enabled=false)))
2024-06-17 00:14:52.071 INFO nestcontrol.deck.DeckConfigKt : loading presets from queue
2024-06-17 00:14:52.074 INFO nestcontrol.deck.DeckConfigKt : loaded deck1 [Preset(index=0, name=transpower.png, effects=84, overlay=false), Preset(index=1, name=estrogen.png, effects=52, overlay=false), Preset(index=2, name=lsd.jpg, effects=52, overlay=false), Preset(index=3, name=psilocybin.jpg, effects=52, overlay=false), Preset(index=4, name=NEST LOGO_4K.jpg, effects=54, overlay=false), Preset(index=5, name=impossible-161955.png, effects=56, overlay=false), Preset(index=6, name=glowing cat.jpg, effects=94, overlay=false), Preset(index=7, name=red eyes.jpg, effects=52, overlay=false), Preset(index=8, name=Recursion Hexagon - Jason Fletcher.png, effects=84, overlay=false), Preset(index=9, name=radiation-646212.png, effects=54, overlay=false), Preset(index=10, name=biohazard-148696.png, effects=52, overlay=false), Preset(index=11, name=under-construction-2408062.png, effects=52, overlay=false), Preset(index=12, name=warning-44458.png, effects=52, overlay=false), Preset(index=13, name=nezulie-icon.png, effects=54, overlay=false), Preset(index=14, name=nezulie-N.png, effects=50, overlay=false), Preset(index=15, name=nezulie-E.png, effects=52, overlay=false), Preset(index=16, name=nezulie-Z.png, effects=94, overlay=false), Preset(index=17, name=nezulie-U.png, effects=52, overlay=false), Preset(index=18, name=nezulie-L.png, effects=95, overlay=false), Preset(index=19, name=chaosdorf_green.png, effects=96, overlay=false), Preset(index=20, name=chaosdorf_monochrome.png, effects=0, overlay=false), Preset(index=21, name=nik_the_dusky.png, effects=56, overlay=false), Preset(index=22, name=tinybrainplayzX4.png, effects=50, overlay=true)]
2024-06-17 00:14:52.075 INFO nestcontrol.deck.DeckConfigKt : loading presets from queue
2024-06-17 00:14:52.076 INFO nestcontrol.deck.DeckConfigKt : loading presets from queue
2024-06-17 00:14:52.076 INFO nestcontrol.deck.DeckConfigKt : loaded deck2 [Preset(index=0, name=transpower.png, effects=94, overlay=false), Preset(index=1, name=estrogen.png, effects=50, overlay=false), Preset(index=2, name=lsd.jpg, effects=50, overlay=false), Preset(index=3, name=psilocybin.jpg, effects=52, overlay=false), Preset(index=4, name=NEST LOGO_4K.jpg, effects=50, overlay=false), Preset(index=5, name=impossible-161955.png, effects=54, overlay=false), Preset(index=6, name=glowing cat.jpg, effects=54, overlay=false), Preset(index=7, name=red eyes.jpg, effects=52, overlay=false), Preset(index=8, name=Recursion Hexagon - Jason Fletcher.png, effects=32, overlay=false), Preset(index=9, name=radiation-646212.png, effects=94, overlay=false), Preset(index=10, name=biohazard-148696.png, effects=94, overlay=false), Preset(index=11, name=under-construction-2408062.png, effects=52, overlay=false), Preset(index=12, name=warning-44458.png, effects=50, overlay=false), Preset(index=13, name=nezulie-icon.png, effects=56, overlay=false), Preset(index=14, name=nezulie-N.png, effects=95, overlay=false), Preset(index=15, name=nezulie-E.png, effects=95, overlay=false), Preset(index=16, name=nezulie-Z.png, effects=52, overlay=false), Preset(index=17, name=nezulie-U.png, effects=95, overlay=false), Preset(index=18, name=nezulie-L.png, effects=52, overlay=false), Preset(index=19, name=chaosdorf_green.png, effects=50, overlay=false), Preset(index=20, name=chaosdorf_monochrome.png, effects=0, overlay=false), Preset(index=21, name=nik_the_dusky.png, effects=50, overlay=false), Preset(index=22, name=tinybrainplayzX4.png, effects=54, overlay=false)]
2024-06-17 00:14:52.077 INFO nestcontrol.deck.DeckConfigKt : loading presets from queue
2024-06-17 00:14:52.578 INFO nestdrop.deck.PresetQueues : initializing preset queues
2024-06-17 00:14:52.579 INFO nestdrop.deck.PresetQueues : queues updated
2024-06-17 00:14:52.582 INFO nestdrop.deck.Deck : initializing deck1
2024-06-17 00:14:52.582 INFO nestdrop.deck.PresetQueues : combining queues with deck switches
2024-06-17 00:14:52.583 INFO nestdrop.deck.PresetQueues : queues updated
2024-06-17 00:14:52.584 INFO nestdrop.deck.PresetQueues : queues updated
2024-06-17 00:14:52.584 INFO nestdrop.deck.PresetQueues : combining queues with deck switches
2024-06-17 00:14:52.584 INFO nestdrop.deck.PresetQueues : queues updated
2024-06-17 00:14:52.584 INFO nestdrop.deck.PresetQueues : combining queues with deck switches
2024-06-17 00:14:52.585 INFO nestdrop.deck.PresetQueues : queues updated
2024-06-17 00:14:52.584 INFO nestdrop.deck.PresetQueues : combining queues with deck switches
2024-06-17 00:14:52.585 INFO nestdrop.deck.PresetQueues : combining queues with deck switches
2024-06-17 00:14:52.585 INFO nestdrop.deck.PresetQueues : queues updated
2024-06-17 00:14:52.586 INFO nestdrop.deck.PresetQueues : combining queues with deck switches
2024-06-17 00:14:52.586 INFO nestdrop.deck.PresetQueues : queues updated
2024-06-17 00:14:52.586 INFO nestdrop.deck.PresetQueues : queues updated
2024-06-17 00:14:52.586 INFO nestdrop.deck.PresetQueues : combining queues with deck switches
2024-06-17 00:14:52.601 INFO nestdrop.deck.Deck : initializing deck1 preset queue
2024-06-17 00:14:52.605 INFO nestdrop.deck.Deck : initializing deck1 preset
2024-06-17 00:14:52.607 INFO nestdrop.deck.Deck : deck1 queue: nested_sym
2024-06-17 00:14:52.609 INFO nestdrop.deck.Deck : initializing deck1 sprite queues
2024-06-17 00:14:52.612 INFO nestdrop.deck.Deck : initializing deck1 sprite queue
2024-06-17 00:14:52.617 INFO nestcontrol.deck.DeckConfigKt : SPRITE
2024-06-17 00:14:52.619 INFO nestdrop.deck.Deck : initializing deck1 sprite
2024-06-17 00:14:52.624 INFO nestcontrol.deck.DeckConfigKt : SPRITE
2024-06-17 00:14:52.627 INFO nestdrop.deck.Deck : initializing deck1 sprite fx
2024-06-17 00:14:52.630 INFO nestdrop.deck.Deck : initializing deck1 spout queue
2024-06-17 00:14:52.630 INFO nestdrop.deck.Deck : setting deck1 FX to 0
2024-06-17 00:14:52.633 INFO nestdrop.deck.Deck : initializing deck1 spout
2024-06-17 00:14:52.634 INFO nestdrop.deck.Deck : deck1 spout name null
2024-06-17 00:14:52.635 INFO nestdrop.deck.Deck : initializing deck2
2024-06-17 00:14:52.636 INFO nestdrop.deck.Deck : spout sync triggered
2024-06-17 00:14:52.636 INFO nestdrop.deck.Deck : initializing deck2 preset queue
2024-06-17 00:14:52.636 INFO nestdrop.deck.Deck : initializing deck2 sprite queue
2024-06-17 00:14:52.636 INFO nestdrop.deck.Deck : deck2 queue: motion_slow_bg
2024-06-17 00:14:52.636 INFO nestdrop.deck.Deck : initializing deck2 sprite
2024-06-17 00:14:52.636 INFO nestdrop.deck.Deck : initializing deck2 preset
2024-06-17 00:14:52.636 INFO nestdrop.deck.Deck : initializing deck2 sprite queues
2024-06-17 00:14:52.636 INFO nestdrop.deck.Deck : deck2 queue: null
2024-06-17 00:14:52.636 INFO nestdrop.deck.Deck : initializing deck2 sprite fx
2024-06-17 00:14:52.636 INFO nestdrop.deck.Deck : initializing deck2 spout queue
2024-06-17 00:14:52.637 INFO nestcontrol.deck.DeckConfigKt : SPRITE
2024-06-17 00:14:52.637 INFO nestdrop.deck.Deck : setting deck2 FX to 0
2024-06-17 00:14:52.637 INFO nestdrop.deck.Deck : initializing deck2 spout
2024-06-17 00:14:52.637 INFO nestdrop.deck.Deck : spout sync triggered
2024-06-17 00:14:52.637 INFO nestdrop.deck.Deck : deck2 spout index changed: -1
2024-06-17 00:14:52.637 INFO nestdrop.deck.Deck : deck2 spout name null
2024-06-17 00:14:52.638 INFO nestdrop.deck.Deck : deck2 spout queue changed: spout_bg
2024-06-17 00:14:52.638 INFO nestdrop.deck.Deck : deck1 spout index changed: -1
2024-06-17 00:14:52.639 INFO nestdrop.deck.Deck : deck1 spout queue changed: spout_fg
2024-06-17 00:14:52.641 INFO nestdrop.deck.loadDeckSettingsKt : loading settings from deck1
2024-06-17 00:14:52.731 INFO nestdrop.deck.loadDeckSettingsKt : DeckSettings(deckPanelsIsOpen=StringValue(value=1,1,0,0,0,1), transitTime=FloatValue(value=3.6), fps=IntValue(value=60), animationSpeed=FloatValue(value=0.5525305), zoomSpeed=FloatValue(value=0.9), ZoomExp=FloatValue(value=1.0), rotationSpeed=FloatValue(value=0.9), wrapSpeed=FloatValue(value=0.8), horizontalMotion=FloatValue(value=0.0), verticalMotion=FloatValue(value=0.0), stretchSpeed=FloatValue(value=1.0), waveMode=FloatValue(value=1.0), negative=FloatValue(value=0.0), red=FloatValue(value=1.0), green=FloatValue(value=1.0), blue=FloatValue(value=1.0), brightness=FloatValue(value=1.0), contrast=FloatValue(value=1.0), gamma=FloatValue(value=1.0), hue=FloatValue(value=0.0), saturation=FloatValue(value=1.0), lumaKey=RangeValue(min=0.0, max=1.0), alpha=FloatValue(value=1.0), strobe=Strobe(effectIndex=14, color=4294967295, effectSpanMin=0.0, effectSpanMax=1.0, triggerIndex=0, speed=0.3, pulseWidth=1.0, waveFormIndex=2), audio=Audio(channel=3, bass=1.0, mid=1.0, treble=1.0), spout=Spout(width=1920, height=1080), videoDeck=VideoDeck(preview=4, topMost=false), outputMonitor=IntValue(value=0), ndi=BooleanValue(value=false))
2024-06-17 00:14:52.731 INFO nestdrop.deck.loadDeckSettingsKt : loading settings from deck2
2024-06-17 00:14:52.739 INFO nestdrop.deck.Deck : deck1 spout change: -1 in spout_fg
2024-06-17 00:14:52.739 INFO nestdrop.deck.Deck : deck2 spout change: -1 in spout_bg
2024-06-17 00:14:52.781 INFO nestdrop.deck.loadDeckSettingsKt : DeckSettings(deckPanelsIsOpen=StringValue(value=1,1,0,0,0,0), transitTime=FloatValue(value=3.2), fps=IntValue(value=60), animationSpeed=FloatValue(value=0.5525305), zoomSpeed=FloatValue(value=1.0), ZoomExp=FloatValue(value=1.0), rotationSpeed=FloatValue(value=1.0), wrapSpeed=FloatValue(value=1.0), horizontalMotion=FloatValue(value=0.0), verticalMotion=FloatValue(value=0.0), stretchSpeed=FloatValue(value=1.0), waveMode=FloatValue(value=0.0), negative=FloatValue(value=0.0), red=FloatValue(value=1.0), green=FloatValue(value=1.0), blue=FloatValue(value=1.0), brightness=FloatValue(value=1.0), contrast=FloatValue(value=1.0), gamma=FloatValue(value=1.0), hue=FloatValue(value=0.0), saturation=FloatValue(value=1.0), lumaKey=RangeValue(min=0.0, max=1.0), alpha=FloatValue(value=1.0), strobe=Strobe(effectIndex=14, color=4294967295, effectSpanMin=0.0, effectSpanMax=1.0, triggerIndex=0, speed=0.3, pulseWidth=1.0, waveFormIndex=2), audio=Audio(channel=3, bass=1.0, mid=1.0, treble=1.0), spout=Spout(width=1920, height=1080), videoDeck=VideoDeck(preview=4, topMost=false), outputMonitor=IntValue(value=0), ndi=BooleanValue(value=false))
2024-06-17 00:14:52.782 INFO nestcontrol.deck.DeckConfigKt : SPRITE
2024-06-17 00:14:52.782 INFO nestcontrol.deck.DeckConfigKt : SPRITE
2024-06-17 00:14:52.783 INFO Main : initializing OSC
2024-06-17 00:14:53.021 INFO Config : saving config Config(beats=64, deck1=DeckConfig(triggerTime=0.75, transitionTime=1.0, presetQueue=PresetQueue(index=17, name=nested_sym, autoChange=true, toggles=[]), preset=Preset(autoChange=false), sprite=Sprite(autoChange=false, index=-1, name=unset, toggles=[]), spriteQueue=SpriteQueue(index=0, name=sprites_fg), spoutQueue=SpoutQueue(index=1, name=spout_fg), spout=Spout(index=-1, label=unset), spriteFX=SpriteFX(autoChange=false, blendMode=false, index=0, toggles=[]), bpmSync=BpmSync(enabled=false, multiplier=4), strobe=Strobe(enabled=false)), deck2=DeckConfig(triggerTime=0.25, transitionTime=1.0, presetQueue=PresetQueue(index=8, name=motion_slow_bg, autoChange=true, toggles=[]), preset=Preset(autoChange=false), sprite=Sprite(autoChange=false, index=-1, name=unset, toggles=[]), spriteQueue=SpriteQueue(index=0, name=sprites_bg), spoutQueue=SpoutQueue(index=1, name=spout_bg), spout=Spout(index=-1, label=unset), spriteFX=SpriteFX(autoChange=false, blendMode=false, index=0, toggles=[]), bpmSync=BpmSync(enabled=false, multiplier=4), strobe=Strobe(enabled=false)))
2024-06-17 00:14:53.309 INFO Main : re-emitting all values
2024-06-17 00:14:53.313 INFO Main : await application
2024-06-17 00:14:58.105 INFO nestdrop.deck.Deck : triggered at 16.018452448908494, 16.0
2024-06-17 00:14:58.106 INFO nestdrop.deck.Deck : deck2.presetQueue.next()
2024-06-17 00:15:13.610 INFO nestdrop.deck.Deck : deck1.presetQueue.next()
2024-06-17 00:15:13.610 INFO nestdrop.deck.Deck : triggered at 48.03346867879227, 48.0
2024-06-17 00:15:29.205 INFO nestdrop.deck.Deck : deck2.presetQueue.next()
2024-06-17 00:15:29.205 INFO nestdrop.deck.Deck : triggered at 16.20555587552377, 16.0
2024-06-17 00:15:44.620 INFO nestdrop.deck.Deck : triggered at 48.04635058008821, 48.0
2024-06-17 00:15:44.620 INFO nestdrop.deck.Deck : deck1.presetQueue.next()
2024-06-17 00:16:00.153 INFO nestdrop.deck.Deck : deck2.presetQueue.next()
2024-06-17 00:16:00.153 INFO nestdrop.deck.Deck : triggered at 16.116169243367445, 16.0
2024-06-17 00:16:15.675 INFO nestdrop.deck.Deck : triggered at 48.158720105997666, 48.0
2024-06-17 00:16:15.675 INFO nestdrop.deck.Deck : deck1.presetQueue.next()
2024-06-17 00:16:31.152 INFO nestdrop.deck.Deck : triggered at 16.127119140370638, 16.0
2024-06-17 00:16:31.152 INFO nestdrop.deck.Deck : deck2.presetQueue.next()
2024-06-17 00:16:46.568 INFO nestdrop.deck.Deck : deck1.presetQueue.next()
2024-06-17 00:16:46.568 INFO nestdrop.deck.Deck : triggered at 48.00170494918818, 48.0
2024-06-17 00:17:02.107 INFO nestdrop.deck.Deck : deck2.presetQueue.next()
2024-06-17 00:17:02.107 INFO nestdrop.deck.Deck : triggered at 16.12159178263347, 16.0
2024-06-17 00:17:17.548 INFO nestdrop.deck.Deck : deck1.presetQueue.next()
2024-06-17 00:17:17.548 INFO nestdrop.deck.Deck : triggered at 48.03043140589397, 48.0
2024-06-17 00:17:33.074 INFO nestdrop.deck.Deck : deck2.presetQueue.next()
2024-06-17 00:17:33.074 INFO nestdrop.deck.Deck : triggered at 16.16704943873086, 16.0
2024-06-17 00:17:48.529 INFO nestdrop.deck.Deck : deck1.presetQueue.next()
2024-06-17 00:17:48.529 INFO nestdrop.deck.Deck : triggered at 48.11699783007303, 48.0
2024-06-17 00:18:03.990 INFO nestdrop.deck.Deck : deck2.presetQueue.next()
2024-06-17 00:18:03.990 INFO nestdrop.deck.Deck : triggered at 16.12562594769793, 16.0
2024-06-17 00:18:19.425 INFO nestdrop.deck.Deck : deck1.presetQueue.next()
2024-06-17 00:18:19.425 INFO nestdrop.deck.Deck : triggered at 48.025348770904564, 48.0
2024-06-17 00:18:34.969 INFO nestdrop.deck.Deck : deck2.presetQueue.next()
2024-06-17 00:18:34.969 INFO nestdrop.deck.Deck : triggered at 16.165218119939222, 16.0
2024-06-17 00:18:50.410 INFO nestdrop.deck.Deck : triggered at 48.07456096814477, 48.0
2024-06-17 00:18:50.410 INFO nestdrop.deck.Deck : deck1.presetQueue.next()
2024-06-17 00:19:05.941 INFO nestdrop.deck.Deck : deck2.presetQueue.next()
2024-06-17 00:19:05.941 INFO nestdrop.deck.Deck : triggered at 16.17747351481123, 16.0
2024-06-17 00:19:21.383 INFO nestdrop.deck.Deck : deck1.presetQueue.next()
2024-06-17 00:19:21.383 INFO nestdrop.deck.Deck : triggered at 48.121854661051515, 48.0
2024-06-17 00:19:36.813 INFO nestdrop.deck.Deck : deck2.presetQueue.next()
2024-06-17 00:19:36.813 INFO nestdrop.deck.Deck : triggered at 16.04383093083709, 16.0
2024-06-17 00:19:52.347 INFO nestdrop.deck.Deck : deck1.presetQueue.next()
2024-06-17 00:19:52.347 INFO nestdrop.deck.Deck : triggered at 48.17332221819569, 48.0
2024-06-17 00:20:07.787 INFO nestdrop.deck.Deck : triggered at 16.063680404281758, 16.0
2024-06-17 00:20:07.787 INFO nestdrop.deck.Deck : deck2.presetQueue.next()
2024-06-17 00:20:23.250 INFO nestdrop.deck.Deck : triggered at 48.01480618642186, 48.0
2024-06-17 00:20:23.250 INFO nestdrop.deck.Deck : deck1.presetQueue.next()
2024-06-17 00:20:38.817 INFO nestdrop.deck.Deck : deck2.presetQueue.next()
2024-06-17 00:20:38.817 INFO nestdrop.deck.Deck : triggered at 16.16773083648696, 16.0
2024-06-17 00:20:54.256 INFO nestdrop.deck.Deck : deck1.presetQueue.next()
2024-06-17 00:20:54.256 INFO nestdrop.deck.Deck : triggered at 48.08833411038737, 48.0
2024-06-17 00:21:09.778 INFO nestdrop.deck.Deck : deck2.presetQueue.next()
2024-06-17 00:21:09.778 INFO nestdrop.deck.Deck : triggered at 16.1128147738141, 16.0
2024-06-17 00:21:25.285 INFO nestdrop.deck.Deck : deck1.presetQueue.next()
2024-06-17 00:21:25.285 INFO nestdrop.deck.Deck : triggered at 48.15263116747559, 48.0
2024-06-17 00:21:40.752 INFO nestdrop.deck.Deck : deck2.presetQueue.next()
2024-06-17 00:21:40.752 INFO nestdrop.deck.Deck : triggered at 16.123206670379858, 16.0
2024-06-17 00:21:56.184 INFO nestdrop.deck.Deck : deck1.presetQueue.next()
2024-06-17 00:21:56.184 INFO nestdrop.deck.Deck : triggered at 48.034012159729265, 48.0
2024-06-17 00:22:11.670 INFO nestdrop.deck.Deck : deck2.presetQueue.next()
2024-06-17 00:22:11.669 INFO nestdrop.deck.Deck : triggered at 16.081647262192046, 16.0
2024-06-17 00:22:27.015 INFO nestdrop.deck.Deck : deck1.presetQueue.next()
2024-06-17 00:22:27.015 INFO nestdrop.deck.Deck : triggered at 48.03840017445911, 48.0
2024-06-17 00:22:42.146 INFO nestdrop.deck.Deck : deck2.presetQueue.next()
2024-06-17 00:22:42.146 INFO nestdrop.deck.Deck : triggered at 16.053904154587077, 16.0
2024-06-17 00:22:57.277 INFO nestdrop.deck.Deck : deck1.presetQueue.next()
2024-06-17 00:22:57.277 INFO nestdrop.deck.Deck : triggered at 48.072839048513025, 48.0
2024-06-17 00:23:12.414 INFO nestdrop.deck.Deck : deck2.presetQueue.next()
2024-06-17 00:23:12.414 INFO nestdrop.deck.Deck : triggered at 16.08641147677129, 16.0
2024-06-17 00:23:27.548 INFO nestdrop.deck.Deck : deck1.presetQueue.next()
2024-06-17 00:23:27.548 INFO nestdrop.deck.Deck : triggered at 48.20289679946925, 48.0
2024-06-17 00:23:42.470 INFO nestdrop.deck.Deck : deck2.presetQueue.next()
2024-06-17 00:23:42.470 INFO nestdrop.deck.Deck : triggered at 16.193712961578616, 16.0
2024-06-17 00:23:57.400 INFO nestdrop.deck.Deck : triggered at 48.17581165822371, 48.0
2024-06-17 00:23:57.400 INFO nestdrop.deck.Deck : deck1.presetQueue.next()
2024-06-17 00:24:12.315 INFO nestdrop.deck.Deck : deck2.presetQueue.next()
2024-06-17 00:24:12.315 INFO nestdrop.deck.Deck : triggered at 16.17043475646998, 16.0
2024-06-17 00:24:27.649 INFO nestdrop.deck.Deck : deck1.presetQueue.next()
2024-06-17 00:24:27.649 INFO nestdrop.deck.Deck : triggered at 48.19886705067975, 48.0
